2023-08-03 13:24:50,534 [INFO] Activator:178 - 


2023-08-03 13:24:50,542 [INFO] Activator:179 - !SESSION log4j initialized
2023-08-03 13:25:15,254 [INFO] ApplicationProperties:181 - Using Application install path: C:\ST\STM32CubeIDE_1.4.0\STM32CubeIDE\plugins\com.st.stm32cube.common.mx_6.0.0.202007160824
2023-08-03 13:25:15,260 [INFO] DbMcusXml:70 - Set database path to: C:\ST\STM32CubeIDE_1.4.0\STM32CubeIDE\plugins\com.st.stm32cube.common.mx_6.0.0.202007160824\\db\/mcu/
2023-08-03 13:25:15,277 [INFO] DbBoardsPdsc:56 - Set plugin database path to: C:\ST\STM32CubeIDE_1.4.0\STM32CubeIDE\plugins\com.st.stm32cube.common.mx_6.0.0.202007160824\\db\/plugins/boardmanager/
2023-08-03 13:25:15,278 [INFO] DbMcus:258 - Set plugin images path to: C:\ST\STM32CubeIDE_1.4.0\STM32CubeIDE\plugins\com.st.stm32cube.common.mx_6.0.0.202007160824\\db\/plugins/mcufinder/images/
2023-08-03 13:25:15,279 [INFO] DbBoards:264 - Set plugin images path to: C:\ST\STM32CubeIDE_1.4.0\STM32CubeIDE\plugins\com.st.stm32cube.common.mx_6.0.0.202007160824\\db\/plugins/mcufinder/images/
2023-08-03 13:25:15,282 [INFO] DbExamples:326 - Set plugin images path to: C:\ST\STM32CubeIDE_1.4.0\STM32CubeIDE\plugins\com.st.stm32cube.common.mx_6.0.0.202007160824\\db\/plugins/mcufinder/images/
2023-08-03 13:25:15,289 [INFO] DbMcusDocs:112 - Set database path to: C:\Users\Nada\.stmcufinder\plugins\mcufinder//mcu/
2023-08-03 13:25:15,291 [INFO] DbMcusJson:63 - Set database path to: C:\Users\Nada\.stmcufinder\plugins\mcufinder//mcu/
2023-08-03 13:25:15,291 [INFO] DbBoardsDocs:112 - Set database path to: C:\Users\Nada\.stmcufinder\plugins\mcufinder//mcu/
2023-08-03 13:25:15,295 [INFO] DbBoardsJson:56 - Set database path to: C:\Users\Nada\.stmcufinder\plugins\mcufinder//mcu/
2023-08-03 13:25:15,320 [INFO] CrossReferenceDbSqlite:196 - Set database path to: C:\Users\Nada\.stmcufinder\plugins\mcufinder//mcu/cs/
2023-08-03 13:25:15,322 [INFO] DbExamplesSqlite:800 - Set database path to: C:\Users\Nada\.stmcufinder\plugins\mcufinder//mcu/
2023-08-03 13:25:15,473 [INFO] RulesReader:52 - Compatibility file has been processed (209 Rules)
2023-08-03 13:25:15,569 [INFO] MicroXplorer:564 - Detected Java Version = 1.8.0_252
2023-08-03 13:25:15,570 [INFO] DbMcusXml:70 - Set database path to: C:\ST\STM32CubeIDE_1.4.0\STM32CubeIDE\plugins\com.st.stm32cube.common.mx_6.0.0.202007160824\\db\/mcu/
2023-08-03 13:25:15,570 [INFO] DbBoardsPdsc:56 - Set plugin database path to: C:\ST\STM32CubeIDE_1.4.0\STM32CubeIDE\plugins\com.st.stm32cube.common.mx_6.0.0.202007160824\\db\/plugins/boardmanager/
2023-08-03 13:25:15,571 [INFO] DbMcus:258 - Set plugin images path to: C:\ST\STM32CubeIDE_1.4.0\STM32CubeIDE\plugins\com.st.stm32cube.common.mx_6.0.0.202007160824\\db\/plugins/mcufinder/images/
2023-08-03 13:25:15,571 [INFO] DbBoards:264 - Set plugin images path to: C:\ST\STM32CubeIDE_1.4.0\STM32CubeIDE\plugins\com.st.stm32cube.common.mx_6.0.0.202007160824\\db\/plugins/mcufinder/images/
2023-08-03 13:25:15,571 [INFO] DbExamples:326 - Set plugin images path to: C:\ST\STM32CubeIDE_1.4.0\STM32CubeIDE\plugins\com.st.stm32cube.common.mx_6.0.0.202007160824\\db\/plugins/mcufinder/images/
2023-08-03 13:25:15,571 [WARN] DbFile:36 - Overriding database path with different value: C:\Users\Nada\.stmcufinder\plugins\mcufinder/ => C:\Users\Nada\.stmcufinder\plugins\mcufinder
2023-08-03 13:25:15,572 [INFO] DbMcusDocs:112 - Set database path to: C:\Users\Nada\.stmcufinder\plugins\mcufinder//mcu/
2023-08-03 13:25:15,572 [WARN] DbFile:36 - Overriding database path with different value: C:\Users\Nada\.stmcufinder\plugins\mcufinder/ => C:\Users\Nada\.stmcufinder\plugins\mcufinder
2023-08-03 13:25:15,572 [INFO] DbMcusJson:63 - Set database path to: C:\Users\Nada\.stmcufinder\plugins\mcufinder//mcu/
2023-08-03 13:25:15,572 [WARN] DbFile:36 - Overriding database path with different value: C:\Users\Nada\.stmcufinder\plugins\mcufinder/ => C:\Users\Nada\.stmcufinder\plugins\mcufinder
2023-08-03 13:25:15,572 [INFO] DbBoardsDocs:112 - Set database path to: C:\Users\Nada\.stmcufinder\plugins\mcufinder//mcu/
2023-08-03 13:25:15,572 [WARN] DbFile:36 - Overriding database path with different value: C:\Users\Nada\.stmcufinder\plugins\mcufinder/ => C:\Users\Nada\.stmcufinder\plugins\mcufinder
2023-08-03 13:25:15,572 [INFO] DbBoardsJson:56 - Set database path to: C:\Users\Nada\.stmcufinder\plugins\mcufinder//mcu/
2023-08-03 13:25:15,572 [WARN] DbFile:36 - Overriding database path with different value: C:\Users\Nada\.stmcufinder\plugins\mcufinder/ => C:\Users\Nada\.stmcufinder\plugins\mcufinder
2023-08-03 13:25:15,572 [WARN] DbFile:36 - Overriding database path with different value: C:\Users\Nada\.stmcufinder\plugins\mcufinder/ => C:\Users\Nada\.stmcufinder\plugins\mcufinder
2023-08-03 13:25:15,574 [INFO] CrossReferenceDbSqlite:196 - Set database path to: C:\Users\Nada\.stmcufinder\plugins\mcufinder//mcu/cs/
2023-08-03 13:25:15,574 [WARN] DbFile:36 - Overriding database path with different value: C:\Users\Nada\.stmcufinder\plugins\mcufinder/ => C:\Users\Nada\.stmcufinder\plugins\mcufinder
2023-08-03 13:25:15,574 [INFO] DbExamplesSqlite:800 - Set database path to: C:\Users\Nada\.stmcufinder\plugins\mcufinder//mcu/
2023-08-03 13:25:15,634 [INFO] MainPanel:189 - HeapMemory: 344981504
2023-08-03 13:25:15,697 [INFO] DbMcusXml:70 - Set database path to: C:\ST\STM32CubeIDE_1.4.0\STM32CubeIDE\plugins\com.st.stm32cube.common.mx_6.0.0.202007160824\\db\/mcu/
2023-08-03 13:25:15,697 [INFO] DbBoardsPdsc:56 - Set plugin database path to: C:\ST\STM32CubeIDE_1.4.0\STM32CubeIDE\plugins\com.st.stm32cube.common.mx_6.0.0.202007160824\\db\/plugins/boardmanager/
2023-08-03 13:25:15,697 [INFO] DbMcus:258 - Set plugin images path to: C:\ST\STM32CubeIDE_1.4.0\STM32CubeIDE\plugins\com.st.stm32cube.common.mx_6.0.0.202007160824\\db\/plugins/mcufinder/images/
2023-08-03 13:25:15,698 [INFO] DbBoards:264 - Set plugin images path to: C:\ST\STM32CubeIDE_1.4.0\STM32CubeIDE\plugins\com.st.stm32cube.common.mx_6.0.0.202007160824\\db\/plugins/mcufinder/images/
2023-08-03 13:25:15,698 [INFO] DbExamples:326 - Set plugin images path to: C:\ST\STM32CubeIDE_1.4.0\STM32CubeIDE\plugins\com.st.stm32cube.common.mx_6.0.0.202007160824\\db\/plugins/mcufinder/images/
2023-08-03 13:25:15,698 [WARN] DbFile:36 - Overriding database path with different value: C:\Users\Nada\.stmcufinder\plugins\mcufinder/ => C:\Users\Nada\.stmcufinder\plugins\mcufinder
2023-08-03 13:25:15,698 [INFO] DbMcusDocs:112 - Set database path to: C:\Users\Nada\.stmcufinder\plugins\mcufinder//mcu/
2023-08-03 13:25:15,698 [WARN] DbFile:36 - Overriding database path with different value: C:\Users\Nada\.stmcufinder\plugins\mcufinder/ => C:\Users\Nada\.stmcufinder\plugins\mcufinder
2023-08-03 13:25:15,698 [INFO] DbMcusJson:63 - Set database path to: C:\Users\Nada\.stmcufinder\plugins\mcufinder//mcu/
2023-08-03 13:25:15,699 [WARN] DbFile:36 - Overriding database path with different value: C:\Users\Nada\.stmcufinder\plugins\mcufinder/ => C:\Users\Nada\.stmcufinder\plugins\mcufinder
2023-08-03 13:25:15,699 [INFO] DbBoardsDocs:112 - Set database path to: C:\Users\Nada\.stmcufinder\plugins\mcufinder//mcu/
2023-08-03 13:25:15,700 [WARN] DbFile:36 - Overriding database path with different value: C:\Users\Nada\.stmcufinder\plugins\mcufinder/ => C:\Users\Nada\.stmcufinder\plugins\mcufinder
2023-08-03 13:25:15,700 [INFO] DbBoardsJson:56 - Set database path to: C:\Users\Nada\.stmcufinder\plugins\mcufinder//mcu/
2023-08-03 13:25:15,700 [WARN] DbFile:36 - Overriding database path with different value: C:\Users\Nada\.stmcufinder\plugins\mcufinder/ => C:\Users\Nada\.stmcufinder\plugins\mcufinder
2023-08-03 13:25:15,700 [WARN] DbFile:36 - Overriding database path with different value: C:\Users\Nada\.stmcufinder\plugins\mcufinder/ => C:\Users\Nada\.stmcufinder\plugins\mcufinder
2023-08-03 13:25:15,700 [INFO] CrossReferenceDbSqlite:196 - Set database path to: C:\Users\Nada\.stmcufinder\plugins\mcufinder//mcu/cs/
2023-08-03 13:25:15,700 [WARN] DbFile:36 - Overriding database path with different value: C:\Users\Nada\.stmcufinder\plugins\mcufinder/ => C:\Users\Nada\.stmcufinder\plugins\mcufinder
2023-08-03 13:25:15,701 [INFO] DbExamplesSqlite:800 - Set database path to: C:\Users\Nada\.stmcufinder\plugins\mcufinder//mcu/
2023-08-03 13:25:15,721 [INFO] ApplicationProperties:181 - Using Application install path: C:\ST\STM32CubeIDE_1.4.0\STM32CubeIDE\plugins\com.st.stm32cube.common.mx_6.0.0.202007160824
2023-08-03 13:25:15,722 [INFO] PluginManage:178 - Search for loadable plugins [exclusion list=, ]
2023-08-03 13:25:15,723 [INFO] PluginManage:292 - Check plugin analytics
2023-08-03 13:25:27,038 [INFO] AnalyticsPlugin:203 - Accepted Software Licenses: 
2023-08-03 13:25:27,038 [INFO] AnalyticsPlugin:205 - Accepted CMSIS Pack Licenses: 
2023-08-03 13:25:27,038 [INFO] AnalyticsPlugin:207 - Accepted Firmware Licenses: 
2023-08-03 13:25:27,038 [INFO] PluginManage:342 - Loaded plugin analytics (category:tool,tabindex:-1)
2023-08-03 13:25:27,038 [INFO] PluginManage:292 - Check plugin clock
2023-08-03 13:25:27,064 [INFO] PluginManage:342 - Loaded plugin clock (category:base,tabindex:2)
2023-08-03 13:25:27,064 [INFO] PluginManage:292 - Check plugin ddr
2023-08-03 13:25:27,064 [INFO] PluginManage:342 - Loaded plugin ddr (category:tool,tabindex:6)
2023-08-03 13:25:27,064 [INFO] PluginManage:292 - Check plugin filemanager
2023-08-03 13:25:27,304 [INFO] PluginManage:342 - Loaded plugin filemanager (category:base,tabindex:10)
2023-08-03 13:25:27,304 [INFO] PluginManage:292 - Check plugin ipmanager
2023-08-03 13:25:27,319 [INFO] PluginManage:342 - Loaded plugin ipmanager (category:base,tabindex:5)
2023-08-03 13:25:27,319 [INFO] PluginManage:292 - Check plugin pinoutandconfiguration
2023-08-03 13:25:27,341 [INFO] PluginManage:342 - Loaded plugin pinoutandconfiguration (category:base,tabindex:1)
2023-08-03 13:25:27,341 [INFO] PluginManage:292 - Check plugin pinoutconfig
2023-08-03 13:25:27,433 [INFO] PluginManage:342 - Loaded plugin pinoutconfig (category:base,tabindex:0)
2023-08-03 13:25:27,433 [INFO] PluginManage:292 - Check plugin power
2023-08-03 13:25:27,450 [INFO] PluginManage:342 - Loaded plugin power (category:power,tabindex:4)
2023-08-03 13:25:27,450 [INFO] PluginManage:292 - Check plugin projectmanager
2023-08-03 13:25:27,486 [INFO] PluginManage:342 - Loaded plugin projectmanager (category:projectmanager,tabindex:3)
2023-08-03 13:25:27,486 [INFO] PluginManage:292 - Check plugin thirdparty
2023-08-03 13:25:27,749 [INFO] ThirdPartyDb:333 - Open Third Party DataBase File (C:/Users/Nada/.stm32cubemx/plugins/thirdparty/db/thirdparties_db.xml) : 166 ms. number of Sw pack : 43
2023-08-03 13:25:27,797 [INFO] PluginManage:342 - Loaded plugin thirdparty (category:base,tabindex:-1)
2023-08-03 13:25:27,797 [INFO] PluginManage:292 - Check plugin tools
2023-08-03 13:25:27,810 [INFO] PluginManage:342 - Loaded plugin tools (category:base,tabindex:7)
2023-08-03 13:25:27,810 [INFO] PluginManage:292 - Check plugin tutovideos
2023-08-03 13:25:28,274 [INFO] PluginManage:342 - Loaded plugin tutovideos (category:base,tabindex:-1)
2023-08-03 13:25:28,274 [INFO] PluginManage:292 - Check plugin updater
2023-08-03 13:25:28,301 [INFO] PluginManage:342 - Loaded plugin updater (category:base,tabindex:12)
2023-08-03 13:25:28,301 [INFO] PluginManage:265 - PluginManage : Loaded plugins [13]
2023-08-03 13:25:28,705 [INFO] PinOutPanel:1418 - setPackage(No Configuration,No Configuration)
2023-08-03 13:25:28,903 [INFO] IPUIPlugin:64 - create IPUIPlugin
2023-08-03 13:25:28,904 [INFO] PluginManager:200 - loadIPPluginJar : add adc
2023-08-03 13:25:28,911 [INFO] IPUIPlugin:64 - create IPUIPlugin
2023-08-03 13:25:28,912 [INFO] PluginManager:200 - loadIPPluginJar : add aes
2023-08-03 13:25:28,917 [INFO] IPUIPlugin:64 - create IPUIPlugin
2023-08-03 13:25:28,918 [INFO] PluginManager:200 - loadIPPluginJar : add can
2023-08-03 13:25:28,921 [INFO] IPUIPlugin:64 - create IPUIPlugin
2023-08-03 13:25:28,922 [INFO] PluginManager:200 - loadIPPluginJar : add comp
2023-08-03 13:25:28,928 [INFO] IPUIPlugin:64 - create IPUIPlugin
2023-08-03 13:25:28,929 [INFO] PluginManager:200 - loadIPPluginJar : add cryp
2023-08-03 13:25:28,934 [INFO] IPUIPlugin:64 - create IPUIPlugin
2023-08-03 13:25:28,934 [INFO] PluginManager:200 - loadIPPluginJar : add dfsdm
2023-08-03 13:25:28,993 [INFO] IPUIPlugin:64 - create IPUIPlugin
2023-08-03 13:25:28,993 [INFO] PluginManager:200 - loadIPPluginJar : add dma
2023-08-03 13:25:29,001 [INFO] IPUIPlugin:64 - create IPUIPlugin
2023-08-03 13:25:29,001 [INFO] PluginManager:200 - loadIPPluginJar : add fatfs
2023-08-03 13:25:29,008 [INFO] IPUIPlugin:64 - create IPUIPlugin
2023-08-03 13:25:29,008 [INFO] PluginManager:200 - loadIPPluginJar : add fmc
2023-08-03 13:25:29,026 [INFO] IPUIPlugin:64 - create IPUIPlugin
2023-08-03 13:25:29,026 [INFO] PluginManager:200 - loadIPPluginJar : add freertos
2023-08-03 13:25:29,034 [INFO] IPUIPlugin:64 - create IPUIPlugin
2023-08-03 13:25:29,034 [INFO] PluginManager:200 - loadIPPluginJar : add genericplugin
2023-08-03 13:25:29,034 [INFO] IPUIPlugin:64 - create IPUIPlugin
2023-08-03 13:25:29,041 [INFO] PluginManager:200 - loadIPPluginJar : add gfxmmu
2023-08-03 13:25:29,050 [INFO] IPUIPlugin:64 - create IPUIPlugin
2023-08-03 13:25:29,050 [INFO] PluginManager:200 - loadIPPluginJar : add gic
2023-08-03 13:25:29,067 [INFO] IPUIPlugin:64 - create IPUIPlugin
2023-08-03 13:25:29,067 [INFO] PluginManager:200 - loadIPPluginJar : add gpio
2023-08-03 13:25:29,067 [INFO] IPUIPlugin:64 - create IPUIPlugin
2023-08-03 13:25:29,074 [INFO] PluginManager:200 - loadIPPluginJar : add gtzc
2023-08-03 13:25:29,075 [INFO] IPUIPlugin:64 - create IPUIPlugin
2023-08-03 13:25:29,075 [INFO] PluginManager:200 - loadIPPluginJar : add hash
2023-08-03 13:25:29,084 [INFO] IPUIPlugin:64 - create IPUIPlugin
2023-08-03 13:25:29,084 [INFO] PluginManager:200 - loadIPPluginJar : add i2c
2023-08-03 13:25:29,096 [INFO] IPUIPlugin:64 - create IPUIPlugin
2023-08-03 13:25:29,096 [INFO] PluginManager:200 - loadIPPluginJar : add i2s
2023-08-03 13:25:29,098 [INFO] IPUIPlugin:64 - create IPUIPlugin
2023-08-03 13:25:29,098 [INFO] PluginManager:200 - loadIPPluginJar : add ipddr
2023-08-03 13:25:29,107 [INFO] IPUIPlugin:64 - create IPUIPlugin
2023-08-03 13:25:29,107 [INFO] PluginManager:200 - loadIPPluginJar : add ltdc
2023-08-03 13:25:29,115 [INFO] IPUIPlugin:64 - create IPUIPlugin
2023-08-03 13:25:29,115 [INFO] PluginManager:200 - loadIPPluginJar : add mdma
2023-08-03 13:25:29,123 [INFO] IPUIPlugin:64 - create IPUIPlugin
2023-08-03 13:25:29,123 [INFO] PluginManager:200 - loadIPPluginJar : add nvic
2023-08-03 13:25:29,131 [INFO] IPUIPlugin:64 - create IPUIPlugin
2023-08-03 13:25:29,131 [INFO] PluginManager:200 - loadIPPluginJar : add opamp
2023-08-03 13:25:29,139 [INFO] IPUIPlugin:64 - create IPUIPlugin
2023-08-03 13:25:29,139 [INFO] PluginManager:200 - loadIPPluginJar : add openamp
2023-08-03 13:25:29,147 [INFO] IPUIPlugin:64 - create IPUIPlugin
2023-08-03 13:25:29,147 [INFO] PluginManager:200 - loadIPPluginJar : add pdm2pcm
2023-08-03 13:25:29,164 [INFO] IPUIPlugin:64 - create IPUIPlugin
2023-08-03 13:25:29,172 [INFO] PluginManager:200 - loadIPPluginJar : add plateformsettings
2023-08-03 13:25:29,172 [INFO] IPUIPlugin:64 - create IPUIPlugin
2023-08-03 13:25:29,172 [INFO] PluginManager:200 - loadIPPluginJar : add quadspi
2023-08-03 13:25:29,180 [INFO] IPUIPlugin:64 - create IPUIPlugin
2023-08-03 13:25:29,180 [INFO] PluginManager:200 - loadIPPluginJar : add resmgrutility
2023-08-03 13:25:29,189 [INFO] IPUIPlugin:64 - create IPUIPlugin
2023-08-03 13:25:29,189 [INFO] PluginManager:200 - loadIPPluginJar : add sai
2023-08-03 13:25:29,198 [INFO] IPUIPlugin:64 - create IPUIPlugin
2023-08-03 13:25:29,198 [INFO] PluginManager:200 - loadIPPluginJar : add spi
2023-08-03 13:25:29,206 [INFO] IPUIPlugin:64 - create IPUIPlugin
2023-08-03 13:25:29,206 [INFO] PluginManager:200 - loadIPPluginJar : add stm32_wpan
2023-08-03 13:25:29,215 [INFO] IPUIPlugin:64 - create IPUIPlugin
2023-08-03 13:25:29,215 [INFO] PluginManager:200 - loadIPPluginJar : add tim
2023-08-03 13:25:29,223 [INFO] IPUIPlugin:64 - create IPUIPlugin
2023-08-03 13:25:29,223 [INFO] PluginManager:200 - loadIPPluginJar : add touchsensing
2023-08-03 13:25:29,223 [INFO] IPUIPlugin:64 - create IPUIPlugin
2023-08-03 13:25:29,223 [INFO] PluginManager:200 - loadIPPluginJar : add tracer_emb
2023-08-03 13:25:29,232 [INFO] IPUIPlugin:64 - create IPUIPlugin
2023-08-03 13:25:29,232 [INFO] PluginManager:200 - loadIPPluginJar : add ts
2023-08-03 13:25:29,232 [INFO] IPUIPlugin:64 - create IPUIPlugin
2023-08-03 13:25:29,232 [INFO] PluginManager:200 - loadIPPluginJar : add tsc
2023-08-03 13:25:29,240 [INFO] IPUIPlugin:64 - create IPUIPlugin
2023-08-03 13:25:29,240 [INFO] PluginManager:200 - loadIPPluginJar : add ucpd
2023-08-03 13:25:29,248 [INFO] IPUIPlugin:64 - create IPUIPlugin
2023-08-03 13:25:29,248 [INFO] PluginManager:200 - loadIPPluginJar : add usart
2023-08-03 13:25:31,699 [INFO] CubeProgrammer:457 - [DDR PANEL] - PathOfProgrammer: null
2023-08-03 13:25:33,742 [FATAL] Updater:282 - Updater called before beeing initialized
2023-08-03 13:25:34,072 [FATAL] Updater:282 - Updater called before beeing initialized
2023-08-03 13:25:34,072 [WARN] ThirdParty:775 - waiting for thirdparty lock release [close project]
2023-08-03 13:25:34,072 [INFO] ThirdParty:777 - entering critical section [close project]
2023-08-03 13:25:34,072 [INFO] ThirdParty:790 - exiting critical section [close project]
2023-08-03 13:25:34,080 [INFO] PinOutPanel:1418 - setPackage(No Configuration,No Configuration)
2023-08-03 13:25:34,080 [FATAL] Updater:282 - Updater called before beeing initialized
2023-08-03 13:25:34,088 [ERROR] Updater:967 - MainUpdater not yet initialized. External WinMGr cannot be set.
2023-08-03 13:25:34,096 [INFO] CubeProgrammer:457 - [DDR PANEL] - PathOfProgrammer: C:\ST\STM32CubeIDE_1.4.0\STM32CubeIDE\plugins\com.st.stm32cube.ide.mcu.externaltools.cubeprogrammer.win32_1.4.0.202007081208\tools\bin
2023-08-03 13:25:34,096 [INFO] ProgrammerExecThread:148 - [ProgrammerAPI] CubeProgrammer command construction: C:\ST\STM32CubeIDE_1.4.0\STM32CubeIDE\plugins\com.st.stm32cube.ide.mcu.externaltools.cubeprogrammer.win32_1.4.0.202007081208\tools\bin\STM32_Programmer_CLI.exe -l
2023-08-03 13:25:34,311 [INFO] MainDdrPanel:49 - [DDR PANEL] SETTER - Set cubeProgrammerPath to: C:\ST\STM32CubeIDE_1.4.0\STM32CubeIDE\plugins\com.st.stm32cube.ide.mcu.externaltools.cubeprogrammer.win32_1.4.0.202007081208\tools\bin
2023-08-03 13:25:34,347 [INFO] Updater:904 - Updater Version found : 6.0.0
2023-08-03 13:25:34,388 [INFO] ApplicationProperties:181 - Using Application install path: C:\ST\STM32CubeIDE_1.4.0\STM32CubeIDE\plugins\com.st.stm32cube.common.mx_6.0.0.202007160824
2023-08-03 13:25:34,762 [INFO] MainUpdater:2268 - connection check result : 10
2023-08-03 13:25:34,763 [INFO] MainUpdater:239 - Updater Check For Update Now.
2023-08-03 13:25:34,763 [INFO] MicroXplorer:414 - Change Database Version : DB.6.0.0
2023-08-03 13:25:34,922 [INFO] CheckServerUpdateThread:102 - End of CheckServer Thread
2023-08-03 13:25:34,993 [INFO] MainUpdater:2268 - connection check result : 10
2023-08-03 13:25:35,352 [INFO] McuFinderGlobals:40 - Set McuFinder mode to 2 (CubeIDE integrated)
2023-08-03 13:25:35,761 [INFO] CrossSelectorPresenter:1330 - Cross Selector saved comparison directory: C:\Users\Nada\.stmcufinder\plugins\mcufinder\mcu\cs_comparisons_mx
2023-08-03 13:25:35,768 [INFO] MultiScanPanel:193 - Auto-refresh data requested => check proxy status ongoing
2023-08-03 13:25:35,770 [INFO] FinderPluginLoader:87 - Searching for filters in installed packs
2023-08-03 13:25:35,772 [INFO] DbMcusXml:100 - Load MCU database from C:\ST\STM32CubeIDE_1.4.0\STM32CubeIDE\plugins\com.st.stm32cube.common.mx_6.0.0.202007160824\\db\/mcu/families.xml
2023-08-03 13:25:36,703 [INFO] DbMcusJson:92 - JSON generation date=Tue Nov 16 18:17:54 EET 2021 (1637079474)
2023-08-03 13:25:36,827 [WARN] IntegrityCheckThread:61 - waiting for thirdparty lock release [integrity check]
2023-08-03 13:25:36,827 [INFO] IntegrityCheckThread:63 - entering critical section [integrity check]
2023-08-03 13:25:37,171 [INFO] ThirdPartyDb:299 - Save Third Party DataBase File (C:/Users/Nada/.stm32cubemx/plugins/thirdparty/db/thirdparties_db.xml) [forced]
2023-08-03 13:25:37,256 [INFO] ThirdPartyDb:299 - Save Third Party DataBase File (C:/Users/Nada/.stm32cubemx/plugins/thirdparty/db/thirdparties_db.xml) [forced]
2023-08-03 13:25:37,285 [INFO] IntegrityCheckThread:76 - exiting critical section [integrity check]
2023-08-03 13:25:37,285 [INFO] IntegrityCheckThread:79 - End integrity checks thread
2023-08-03 13:25:38,536 [INFO] DbMcus:175 - Found 1761 MCUs (1722 are supported by CubeMX, 1911 are visible in CubeMX)
2023-08-03 13:25:38,537 [INFO] ApiDb:201 - Load user favorites file C:\Users\Nada/.stm32cubeide/favorites.mcus.txt: 0 item(s)
2023-08-03 13:25:38,537 [INFO] ApiDb:205 - User favorites MCUs=[]
2023-08-03 13:25:38,537 [INFO] DbMcus:187 - Set 0 / 0 favorites MCUs
2023-08-03 13:25:39,063 [INFO] LoadUrlFilesThread:162 - End of LoadServerUrlFiles without Thread
2023-08-03 13:25:39,101 [INFO] DetailPanel:331 - Set advertising image to C:/Users/Nada/STM32Cube/Repository/\stm32cubemx-promo_image.jpg
2023-08-03 13:25:39,529 [INFO] McuFilterPanel:245 - Update 0 favorites MCUs
2023-08-03 13:25:39,609 [INFO] DbBoardsPdsc:94 - Found 23 items
2023-08-03 13:25:39,615 [INFO] DbBoardsPdsc:94 - Found 9 items
2023-08-03 13:25:39,618 [INFO] DbBoardsPdsc:94 - Found 29 items
2023-08-03 13:25:39,618 [INFO] DbBoardsPdsc:94 - Found 1 items
2023-08-03 13:25:39,628 [INFO] DbBoardsPdsc:94 - Found 44 items
2023-08-03 13:25:39,628 [INFO] DbBoardsPdsc:94 - Found 40 items
2023-08-03 13:25:39,636 [INFO] DbBoardsPdsc:94 - Found 2 items
2023-08-03 13:25:39,636 [INFO] DbBoardsPdsc:94 - Found 4 items
2023-08-03 13:25:39,641 [WARN] DbBoardsPdsc:258 - Board STM32H7B3I-DK: unknown feature type=Audio, name=, username=Audio stereo codec with Headphone Amp (CS42L51-CNZ), n=1
2023-08-03 13:25:39,641 [WARN] DbBoardsPdsc:258 - Board STM32H735G-DK: unknown feature type=Audio, name=, username=Audio stereo codec with Headphone Amp (WM8994ECS/R), n=1
2023-08-03 13:25:39,648 [WARN] DbBoardsPdsc:258 - Board STM32H7B3I-EVAL: unknown feature type=Audio, name=, username=Multi-Channel Audio Codec (CS42L51-CNZ), n=1
2023-08-03 13:25:39,648 [WARN] DbBoardsPdsc:258 - Board STM32H7B3I-EVAL: unknown feature type=Meter, name=, username=Power-metering and Temperature-monitoring with sigma-delta modulators, n=1
2023-08-03 13:25:39,649 [WARN] DbBoardsPdsc:258 - Board STM32H7B3I-EVAL: unknown feature type=Motor, name=, username=Motor Control, n=1
2023-08-03 13:25:39,658 [INFO] DbBoardsJson:85 - JSON generation date=Tue Nov 16 18:17:54 EET 2021 (1637079474)
2023-08-03 13:25:39,668 [INFO] DbBoards:117 - Found 166 boards (149 are supported by CubeMX)
2023-08-03 13:25:39,669 [INFO] DbBoardsDocs:145 - JSON generation date=Tue Nov 16 18:17:54 EET 2021 (1637079474)
2023-08-03 13:25:39,674 [INFO] DbBoardsDocs:81 - Found 209 boards documents
2023-08-03 13:25:39,677 [WARN] DbBoards:127 - board B-L475E-IOT01A2 has no document id list !
2023-08-03 13:25:39,678 [WARN] DbBoards:127 - board NUCLEO-H743ZI has no document id list !
2023-08-03 13:25:39,679 [WARN] DbBoards:127 - board P-NUCLEO-WB55-Nucleo has no document id list !
2023-08-03 13:25:39,679 [WARN] DbBoards:127 - board P-NUCLEO-WB55-USBDongle has no document id list !
2023-08-03 13:25:39,679 [WARN] DbBoards:127 - board STEVAL-BFA001V1B has no document id list !
2023-08-03 13:25:39,679 [WARN] DbBoards:127 - board STEVAL-BFA001V2B has no document id list !
2023-08-03 13:25:39,679 [WARN] DbBoards:127 - board STEVAL-IDP005V1 has no document id list !
2023-08-03 13:25:39,679 [WARN] DbBoards:127 - board STEVAL-IDP005V2 has no document id list !
2023-08-03 13:25:39,679 [WARN] DbBoards:127 - board STEVAL-MKSBOX1V1 has no document id list !
2023-08-03 13:25:39,679 [WARN] DbBoards:127 - board STEVAL-STWINKT1 has no document id list !
2023-08-03 13:25:39,679 [WARN] DbBoards:127 - board STEVAL-STWINKT1B has no document id list !
2023-08-03 13:25:39,679 [WARN] DbBoards:127 - board STM32439I-EVAL2 has no document id list !
2023-08-03 13:25:39,679 [WARN] DbBoards:127 - board STM32F401C-DISCO has no document id list !
2023-08-03 13:25:39,679 [WARN] DbBoards:127 - board STM32F769I-DISC1 has no document id list !
2023-08-03 13:25:39,679 [WARN] DbBoards:127 - board STM32G474E-EVAL1 has no document id list !
2023-08-03 13:25:39,679 [WARN] DbBoards:127 - board STM32H743I-EVAL2 has no document id list !
2023-08-03 13:25:39,679 [WARN] DbBoards:127 - board STM32H747I-DISC1 has no document id list !
2023-08-03 13:25:39,685 [WARN] DbBoards:127 - board STM32H753I-EVAL2 has no document id list !
2023-08-03 13:25:39,685 [WARN] DbBoards:127 - board STM32L-DISCOVERY has no document id list !
2023-08-03 13:25:39,786 [ERROR] DbBoards:189 - Image file not found for board B-L462E-CELL1: C:\ST\STM32CubeIDE_1.4.0\STM32CubeIDE\plugins\com.st.stm32cube.common.mx_6.0.0.202007160824\\db\/plugins/mcufinder/images/boards/B-L462E-CELL1_small.jpg
2023-08-03 13:25:39,845 [ERROR] DbBoards:189 - Image file not found for board B-U585I-IOT02A: C:\ST\STM32CubeIDE_1.4.0\STM32CubeIDE\plugins\com.st.stm32cube.common.mx_6.0.0.202007160824\\db\/plugins/mcufinder/images/boards/B-U585I-IOT02A_small.jpg
2023-08-03 13:25:39,934 [ERROR] DbBoards:189 - Image file not found for board NUCLEO-F413ZH: C:\ST\STM32CubeIDE_1.4.0\STM32CubeIDE\plugins\com.st.stm32cube.common.mx_6.0.0.202007160824\\db\/plugins/mcufinder/images/boards/nucleo-f413zh_small.jpg
2023-08-03 13:25:40,092 [ERROR] DbBoards:189 - Image file not found for board NUCLEO-L552ZE-Q: C:\ST\STM32CubeIDE_1.4.0\STM32CubeIDE\plugins\com.st.stm32cube.common.mx_6.0.0.202007160824\\db\/plugins/mcufinder/images/boards/nucleo_l552ze_q_small.jpg
2023-08-03 13:25:40,092 [ERROR] DbBoards:189 - Image file not found for board NUCLEO-U575ZI-Q: C:\ST\STM32CubeIDE_1.4.0\STM32CubeIDE\plugins\com.st.stm32cube.common.mx_6.0.0.202007160824\\db\/plugins/mcufinder/images/boards/nucleo-u575zi-q_small.jpg
2023-08-03 13:25:40,092 [ERROR] DbBoards:189 - Image file not found for board NUCLEO-WB15CC: C:\ST\STM32CubeIDE_1.4.0\STM32CubeIDE\plugins\com.st.stm32cube.common.mx_6.0.0.202007160824\\db\/plugins/mcufinder/images/boards/nucleo-wb15cc_small.jpg
2023-08-03 13:25:40,092 [ERROR] DbBoards:189 - Image file not found for board NUCLEO-WB55RG: C:\ST\STM32CubeIDE_1.4.0\STM32CubeIDE\plugins\com.st.stm32cube.common.mx_6.0.0.202007160824\\db\/plugins/mcufinder/images/boards/nucleo-wb55rg_small.jpg
2023-08-03 13:25:40,092 [ERROR] DbBoards:189 - Image file not found for board NUCLEO-WL55JC: C:\ST\STM32CubeIDE_1.4.0\STM32CubeIDE\plugins\com.st.stm32cube.common.mx_6.0.0.202007160824\\db\/plugins/mcufinder/images/boards/nucleo-wl55jc-small.jpg
2023-08-03 13:25:40,291 [ERROR] DbBoards:189 - Image file not found for board STEVAL-STWINKT1B: C:\ST\STM32CubeIDE_1.4.0\STM32CubeIDE\plugins\com.st.stm32cube.common.mx_6.0.0.202007160824\\db\/plugins/mcufinder/images/boards/steval-stwinkt1b_small.jpg
2023-08-03 13:25:40,724 [ERROR] DbBoards:189 - Image file not found for board STM32G0C1E-EV: C:\ST\STM32CubeIDE_1.4.0\STM32CubeIDE\plugins\com.st.stm32cube.common.mx_6.0.0.202007160824\\db\/plugins/mcufinder/images/boards/stm32g0c1e-eval_small.jpg
2023-08-03 13:25:40,829 [ERROR] DbBoards:189 - Image file not found for board STM32H7B3I-EVAL: C:\ST\STM32CubeIDE_1.4.0\STM32CubeIDE\plugins\com.st.stm32cube.common.mx_6.0.0.202007160824\\db\/plugins/mcufinder/images/boards/stm32h7b3ieval_small.jpg
2023-08-03 13:25:41,058 [ERROR] DbBoards:189 - Image file not found for board STM32U575I-EV: C:\ST\STM32CubeIDE_1.4.0\STM32CubeIDE\plugins\com.st.stm32cube.common.mx_6.0.0.202007160824\\db\/plugins/mcufinder/images/boards/stm32u575i-ev_small.jpg
2023-08-03 13:25:41,109 [ERROR] DbBoards:189 - Image file not found for board STM32WB5MM-DK: C:\ST\STM32CubeIDE_1.4.0\STM32CubeIDE\plugins\com.st.stm32cube.common.mx_6.0.0.202007160824\\db\/plugins/mcufinder/images/boards/STM32WB5MM-DK_small.jpg
2023-08-03 13:25:41,109 [INFO] ApiDb:201 - Load user favorites file C:\Users\Nada/.stm32cubeide/favorites.boards.txt: 0 item(s)
2023-08-03 13:25:41,109 [INFO] ApiDb:205 - User favorites Boards=[]
2023-08-03 13:25:41,109 [INFO] DbBoards:206 - Set 0 / 0 favorites Boards
2023-08-03 13:25:50,373 [INFO] RetryExec:97 - I/O exception (org.apache.http.NoHttpResponseException) caught when processing request to {s}->https://download.eclipse.org:443: The target server failed to respond
2023-08-03 13:25:50,375 [INFO] RetryExec:113 - Retrying request to {s}->https://download.eclipse.org:443
2023-08-03 13:25:51,208 [INFO] RetryExec:97 - I/O exception (org.apache.http.NoHttpResponseException) caught when processing request to {s}->https://archive.eclipse.org:443: The target server failed to respond
2023-08-03 13:25:51,208 [INFO] RetryExec:113 - Retrying request to {s}->https://archive.eclipse.org:443
2023-08-03 13:25:52,112 [INFO] RetryExec:97 - I/O exception (org.apache.http.NoHttpResponseException) caught when processing request to {s}->https://download.eclipse.org:443: The target server failed to respond
2023-08-03 13:25:52,113 [INFO] RetryExec:113 - Retrying request to {s}->https://download.eclipse.org:443
2023-08-03 13:25:58,204 [INFO] DbMcusDocs:145 - JSON generation date=Tue Nov 16 18:17:54 EET 2021 (1637079474)
2023-08-03 13:25:58,615 [INFO] DbMcusDocs:81 - Found 682 MCUs documents
2023-08-03 13:26:22,080 [INFO] LogOutputStream:76 - [STDOUT_REDIRECT] withoutVersionV1.8.4
2023-08-03 13:26:22,081 [INFO] LogOutputStream:76 - [STDOUT_REDIRECT] withoutVersionV1.8.3
2023-08-03 13:26:22,081 [INFO] LogOutputStream:76 - [STDOUT_REDIRECT] withoutVersionV1.8.2
2023-08-03 13:26:22,082 [INFO] LogOutputStream:76 - [STDOUT_REDIRECT] withoutVersionV1.8.1
2023-08-03 13:26:22,082 [INFO] LogOutputStream:76 - [STDOUT_REDIRECT] withoutVersionV1.8.0
2023-08-03 13:26:24,923 [INFO] ApiDb:226 - Save user favorites file C:\Users\Nada/.stm32cubeide/favorites.mcus.txt: 0 item(s)
2023-08-03 13:26:24,924 [INFO] ApiDb:230 - User favorites MCUs=[]
2023-08-03 13:39:09,269 [INFO] Activator:178 - 


2023-08-03 13:39:09,284 [INFO] Activator:179 - !SESSION log4j initialized
2023-08-03 13:40:53,360 [INFO] RetryExec:97 - I/O exception (org.apache.http.NoHttpResponseException) caught when processing request to {s}->https://download.eclipse.org:443: The target server failed to respond
2023-08-03 13:40:53,362 [INFO] RetryExec:113 - Retrying request to {s}->https://download.eclipse.org:443
2023-08-03 13:40:54,221 [INFO] RetryExec:97 - I/O exception (org.apache.http.NoHttpResponseException) caught when processing request to {s}->https://archive.eclipse.org:443: The target server failed to respond
2023-08-03 13:40:54,222 [INFO] RetryExec:113 - Retrying request to {s}->https://archive.eclipse.org:443
2023-08-03 13:40:55,148 [INFO] RetryExec:97 - I/O exception (org.apache.http.NoHttpResponseException) caught when processing request to {s}->https://download.eclipse.org:443: The target server failed to respond
2023-08-03 13:40:55,151 [INFO] RetryExec:113 - Retrying request to {s}->https://download.eclipse.org:443
2023-08-03 13:53:46,879 [INFO] Activator:178 - 


2023-08-03 13:53:46,882 [INFO] Activator:179 - !SESSION log4j initialized
2023-08-03 14:07:32,670 [INFO] ApplicationProperties:181 - Using Application install path: C:\ST\STM32CubeIDE_1.4.0\STM32CubeIDE\plugins\com.st.stm32cube.common.mx_6.0.0.202007160824
2023-08-03 14:07:32,685 [INFO] DbMcusXml:70 - Set database path to: C:\ST\STM32CubeIDE_1.4.0\STM32CubeIDE\plugins\com.st.stm32cube.common.mx_6.0.0.202007160824\\db\/mcu/
2023-08-03 14:07:32,689 [INFO] DbBoardsPdsc:56 - Set plugin database path to: C:\ST\STM32CubeIDE_1.4.0\STM32CubeIDE\plugins\com.st.stm32cube.common.mx_6.0.0.202007160824\\db\/plugins/boardmanager/
2023-08-03 14:07:32,689 [INFO] DbMcus:258 - Set plugin images path to: C:\ST\STM32CubeIDE_1.4.0\STM32CubeIDE\plugins\com.st.stm32cube.common.mx_6.0.0.202007160824\\db\/plugins/mcufinder/images/
2023-08-03 14:07:32,690 [INFO] DbBoards:264 - Set plugin images path to: C:\ST\STM32CubeIDE_1.4.0\STM32CubeIDE\plugins\com.st.stm32cube.common.mx_6.0.0.202007160824\\db\/plugins/mcufinder/images/
2023-08-03 14:07:32,692 [INFO] DbExamples:326 - Set plugin images path to: C:\ST\STM32CubeIDE_1.4.0\STM32CubeIDE\plugins\com.st.stm32cube.common.mx_6.0.0.202007160824\\db\/plugins/mcufinder/images/
2023-08-03 14:07:32,696 [INFO] DbMcusDocs:112 - Set database path to: C:\Users\Nada\.stmcufinder\plugins\mcufinder//mcu/
2023-08-03 14:07:32,698 [INFO] DbMcusJson:63 - Set database path to: C:\Users\Nada\.stmcufinder\plugins\mcufinder//mcu/
2023-08-03 14:07:32,699 [INFO] DbBoardsDocs:112 - Set database path to: C:\Users\Nada\.stmcufinder\plugins\mcufinder//mcu/
2023-08-03 14:07:32,700 [INFO] DbBoardsJson:56 - Set database path to: C:\Users\Nada\.stmcufinder\plugins\mcufinder//mcu/
2023-08-03 14:07:32,778 [INFO] CrossReferenceDbSqlite:196 - Set database path to: C:\Users\Nada\.stmcufinder\plugins\mcufinder//mcu/cs/
2023-08-03 14:07:32,784 [INFO] DbExamplesSqlite:800 - Set database path to: C:\Users\Nada\.stmcufinder\plugins\mcufinder//mcu/
2023-08-03 14:07:32,876 [INFO] RulesReader:52 - Compatibility file has been processed (209 Rules)
2023-08-03 14:07:32,936 [INFO] MicroXplorer:564 - Detected Java Version = 1.8.0_252
2023-08-03 14:07:32,937 [INFO] DbMcusXml:70 - Set database path to: C:\ST\STM32CubeIDE_1.4.0\STM32CubeIDE\plugins\com.st.stm32cube.common.mx_6.0.0.202007160824\\db\/mcu/
2023-08-03 14:07:32,937 [INFO] DbBoardsPdsc:56 - Set plugin database path to: C:\ST\STM32CubeIDE_1.4.0\STM32CubeIDE\plugins\com.st.stm32cube.common.mx_6.0.0.202007160824\\db\/plugins/boardmanager/
2023-08-03 14:07:32,937 [INFO] DbMcus:258 - Set plugin images path to: C:\ST\STM32CubeIDE_1.4.0\STM32CubeIDE\plugins\com.st.stm32cube.common.mx_6.0.0.202007160824\\db\/plugins/mcufinder/images/
2023-08-03 14:07:32,938 [INFO] DbBoards:264 - Set plugin images path to: C:\ST\STM32CubeIDE_1.4.0\STM32CubeIDE\plugins\com.st.stm32cube.common.mx_6.0.0.202007160824\\db\/plugins/mcufinder/images/
2023-08-03 14:07:32,938 [INFO] DbExamples:326 - Set plugin images path to: C:\ST\STM32CubeIDE_1.4.0\STM32CubeIDE\plugins\com.st.stm32cube.common.mx_6.0.0.202007160824\\db\/plugins/mcufinder/images/
2023-08-03 14:07:32,938 [WARN] DbFile:36 - Overriding database path with different value: C:\Users\Nada\.stmcufinder\plugins\mcufinder/ => C:\Users\Nada\.stmcufinder\plugins\mcufinder
2023-08-03 14:07:32,938 [INFO] DbMcusDocs:112 - Set database path to: C:\Users\Nada\.stmcufinder\plugins\mcufinder//mcu/
2023-08-03 14:07:32,938 [WARN] DbFile:36 - Overriding database path with different value: C:\Users\Nada\.stmcufinder\plugins\mcufinder/ => C:\Users\Nada\.stmcufinder\plugins\mcufinder
2023-08-03 14:07:32,938 [INFO] DbMcusJson:63 - Set database path to: C:\Users\Nada\.stmcufinder\plugins\mcufinder//mcu/
2023-08-03 14:07:32,938 [WARN] DbFile:36 - Overriding database path with different value: C:\Users\Nada\.stmcufinder\plugins\mcufinder/ => C:\Users\Nada\.stmcufinder\plugins\mcufinder
2023-08-03 14:07:32,938 [INFO] DbBoardsDocs:112 - Set database path to: C:\Users\Nada\.stmcufinder\plugins\mcufinder//mcu/
2023-08-03 14:07:32,938 [WARN] DbFile:36 - Overriding database path with different value: C:\Users\Nada\.stmcufinder\plugins\mcufinder/ => C:\Users\Nada\.stmcufinder\plugins\mcufinder
2023-08-03 14:07:32,938 [INFO] DbBoardsJson:56 - Set database path to: C:\Users\Nada\.stmcufinder\plugins\mcufinder//mcu/
2023-08-03 14:07:32,939 [WARN] DbFile:36 - Overriding database path with different value: C:\Users\Nada\.stmcufinder\plugins\mcufinder/ => C:\Users\Nada\.stmcufinder\plugins\mcufinder
2023-08-03 14:07:32,939 [WARN] DbFile:36 - Overriding database path with different value: C:\Users\Nada\.stmcufinder\plugins\mcufinder/ => C:\Users\Nada\.stmcufinder\plugins\mcufinder
2023-08-03 14:07:32,939 [INFO] CrossReferenceDbSqlite:196 - Set database path to: C:\Users\Nada\.stmcufinder\plugins\mcufinder//mcu/cs/
2023-08-03 14:07:32,939 [WARN] DbFile:36 - Overriding database path with different value: C:\Users\Nada\.stmcufinder\plugins\mcufinder/ => C:\Users\Nada\.stmcufinder\plugins\mcufinder
2023-08-03 14:07:32,939 [INFO] DbExamplesSqlite:800 - Set database path to: C:\Users\Nada\.stmcufinder\plugins\mcufinder//mcu/
2023-08-03 14:07:32,983 [INFO] MainPanel:189 - HeapMemory: 649068544
2023-08-03 14:07:33,027 [INFO] DbMcusXml:70 - Set database path to: C:\ST\STM32CubeIDE_1.4.0\STM32CubeIDE\plugins\com.st.stm32cube.common.mx_6.0.0.202007160824\\db\/mcu/
2023-08-03 14:07:33,027 [INFO] DbBoardsPdsc:56 - Set plugin database path to: C:\ST\STM32CubeIDE_1.4.0\STM32CubeIDE\plugins\com.st.stm32cube.common.mx_6.0.0.202007160824\\db\/plugins/boardmanager/
2023-08-03 14:07:33,027 [INFO] DbMcus:258 - Set plugin images path to: C:\ST\STM32CubeIDE_1.4.0\STM32CubeIDE\plugins\com.st.stm32cube.common.mx_6.0.0.202007160824\\db\/plugins/mcufinder/images/
2023-08-03 14:07:33,028 [INFO] DbBoards:264 - Set plugin images path to: C:\ST\STM32CubeIDE_1.4.0\STM32CubeIDE\plugins\com.st.stm32cube.common.mx_6.0.0.202007160824\\db\/plugins/mcufinder/images/
2023-08-03 14:07:33,028 [INFO] DbExamples:326 - Set plugin images path to: C:\ST\STM32CubeIDE_1.4.0\STM32CubeIDE\plugins\com.st.stm32cube.common.mx_6.0.0.202007160824\\db\/plugins/mcufinder/images/
2023-08-03 14:07:33,028 [WARN] DbFile:36 - Overriding database path with different value: C:\Users\Nada\.stmcufinder\plugins\mcufinder/ => C:\Users\Nada\.stmcufinder\plugins\mcufinder
2023-08-03 14:07:33,028 [INFO] DbMcusDocs:112 - Set database path to: C:\Users\Nada\.stmcufinder\plugins\mcufinder//mcu/
2023-08-03 14:07:33,028 [WARN] DbFile:36 - Overriding database path with different value: C:\Users\Nada\.stmcufinder\plugins\mcufinder/ => C:\Users\Nada\.stmcufinder\plugins\mcufinder
2023-08-03 14:07:33,028 [INFO] DbMcusJson:63 - Set database path to: C:\Users\Nada\.stmcufinder\plugins\mcufinder//mcu/
2023-08-03 14:07:33,028 [WARN] DbFile:36 - Overriding database path with different value: C:\Users\Nada\.stmcufinder\plugins\mcufinder/ => C:\Users\Nada\.stmcufinder\plugins\mcufinder
2023-08-03 14:07:33,028 [INFO] DbBoardsDocs:112 - Set database path to: C:\Users\Nada\.stmcufinder\plugins\mcufinder//mcu/
2023-08-03 14:07:33,029 [WARN] DbFile:36 - Overriding database path with different value: C:\Users\Nada\.stmcufinder\plugins\mcufinder/ => C:\Users\Nada\.stmcufinder\plugins\mcufinder
2023-08-03 14:07:33,029 [INFO] DbBoardsJson:56 - Set database path to: C:\Users\Nada\.stmcufinder\plugins\mcufinder//mcu/
2023-08-03 14:07:33,029 [WARN] DbFile:36 - Overriding database path with different value: C:\Users\Nada\.stmcufinder\plugins\mcufinder/ => C:\Users\Nada\.stmcufinder\plugins\mcufinder
2023-08-03 14:07:33,029 [WARN] DbFile:36 - Overriding database path with different value: C:\Users\Nada\.stmcufinder\plugins\mcufinder/ => C:\Users\Nada\.stmcufinder\plugins\mcufinder
2023-08-03 14:07:33,029 [INFO] CrossReferenceDbSqlite:196 - Set database path to: C:\Users\Nada\.stmcufinder\plugins\mcufinder//mcu/cs/
2023-08-03 14:07:33,029 [WARN] DbFile:36 - Overriding database path with different value: C:\Users\Nada\.stmcufinder\plugins\mcufinder/ => C:\Users\Nada\.stmcufinder\plugins\mcufinder
2023-08-03 14:07:33,029 [INFO] DbExamplesSqlite:800 - Set database path to: C:\Users\Nada\.stmcufinder\plugins\mcufinder//mcu/
2023-08-03 14:07:33,041 [INFO] ApplicationProperties:181 - Using Application install path: C:\ST\STM32CubeIDE_1.4.0\STM32CubeIDE\plugins\com.st.stm32cube.common.mx_6.0.0.202007160824
2023-08-03 14:07:33,043 [INFO] PluginManage:178 - Search for loadable plugins [exclusion list=, ]
2023-08-03 14:07:33,044 [INFO] PluginManage:292 - Check plugin analytics
2023-08-03 14:07:44,384 [INFO] AnalyticsPlugin:203 - Accepted Software Licenses: 
2023-08-03 14:07:44,384 [INFO] AnalyticsPlugin:205 - Accepted CMSIS Pack Licenses: 
2023-08-03 14:07:44,385 [INFO] AnalyticsPlugin:207 - Accepted Firmware Licenses: 
2023-08-03 14:07:44,386 [INFO] PluginManage:342 - Loaded plugin analytics (category:tool,tabindex:-1)
2023-08-03 14:07:44,386 [INFO] PluginManage:292 - Check plugin clock
2023-08-03 14:07:44,399 [INFO] PluginManage:342 - Loaded plugin clock (category:base,tabindex:2)
2023-08-03 14:07:44,399 [INFO] PluginManage:292 - Check plugin ddr
2023-08-03 14:07:44,401 [INFO] PluginManage:342 - Loaded plugin ddr (category:tool,tabindex:6)
2023-08-03 14:07:44,401 [INFO] PluginManage:292 - Check plugin filemanager
2023-08-03 14:07:44,507 [INFO] PluginManage:342 - Loaded plugin filemanager (category:base,tabindex:10)
2023-08-03 14:07:44,507 [INFO] PluginManage:292 - Check plugin ipmanager
2023-08-03 14:07:44,512 [INFO] PluginManage:342 - Loaded plugin ipmanager (category:base,tabindex:5)
2023-08-03 14:07:44,512 [INFO] PluginManage:292 - Check plugin pinoutandconfiguration
2023-08-03 14:07:44,520 [INFO] PluginManage:342 - Loaded plugin pinoutandconfiguration (category:base,tabindex:1)
2023-08-03 14:07:44,520 [INFO] PluginManage:292 - Check plugin pinoutconfig
2023-08-03 14:07:44,549 [INFO] PluginManage:342 - Loaded plugin pinoutconfig (category:base,tabindex:0)
2023-08-03 14:07:44,549 [INFO] PluginManage:292 - Check plugin power
2023-08-03 14:07:44,556 [INFO] PluginManage:342 - Loaded plugin power (category:power,tabindex:4)
2023-08-03 14:07:44,556 [INFO] PluginManage:292 - Check plugin projectmanager
2023-08-03 14:07:44,569 [INFO] PluginManage:342 - Loaded plugin projectmanager (category:projectmanager,tabindex:3)
2023-08-03 14:07:44,569 [INFO] PluginManage:292 - Check plugin thirdparty
2023-08-03 14:07:44,636 [INFO] ThirdPartyDb:333 - Open Third Party DataBase File (C:/Users/Nada/.stm32cubemx/plugins/thirdparty/db/thirdparties_db.xml) : 29 ms. number of Sw pack : 43
2023-08-03 14:07:44,642 [INFO] PluginManage:342 - Loaded plugin thirdparty (category:base,tabindex:-1)
2023-08-03 14:07:44,642 [INFO] PluginManage:292 - Check plugin tools
2023-08-03 14:07:44,646 [INFO] PluginManage:342 - Loaded plugin tools (category:base,tabindex:7)
2023-08-03 14:07:44,647 [INFO] PluginManage:292 - Check plugin tutovideos
2023-08-03 14:07:44,846 [INFO] PluginManage:342 - Loaded plugin tutovideos (category:base,tabindex:-1)
2023-08-03 14:07:44,846 [INFO] PluginManage:292 - Check plugin updater
2023-08-03 14:07:44,858 [INFO] PluginManage:342 - Loaded plugin updater (category:base,tabindex:12)
2023-08-03 14:07:44,859 [INFO] PluginManage:265 - PluginManage : Loaded plugins [13]
2023-08-03 14:07:44,988 [INFO] PinOutPanel:1418 - setPackage(No Configuration,No Configuration)
2023-08-03 14:07:45,058 [INFO] IPUIPlugin:64 - create IPUIPlugin
2023-08-03 14:07:45,059 [INFO] PluginManager:200 - loadIPPluginJar : add adc
2023-08-03 14:07:45,061 [INFO] IPUIPlugin:64 - create IPUIPlugin
2023-08-03 14:07:45,061 [INFO] PluginManager:200 - loadIPPluginJar : add aes
2023-08-03 14:07:45,063 [INFO] IPUIPlugin:64 - create IPUIPlugin
2023-08-03 14:07:45,063 [INFO] PluginManager:200 - loadIPPluginJar : add can
2023-08-03 14:07:45,064 [INFO] IPUIPlugin:64 - create IPUIPlugin
2023-08-03 14:07:45,065 [INFO] PluginManager:200 - loadIPPluginJar : add comp
2023-08-03 14:07:45,069 [INFO] IPUIPlugin:64 - create IPUIPlugin
2023-08-03 14:07:45,070 [INFO] PluginManager:200 - loadIPPluginJar : add cryp
2023-08-03 14:07:45,072 [INFO] IPUIPlugin:64 - create IPUIPlugin
2023-08-03 14:07:45,072 [INFO] PluginManager:200 - loadIPPluginJar : add dfsdm
2023-08-03 14:07:45,077 [INFO] IPUIPlugin:64 - create IPUIPlugin
2023-08-03 14:07:45,077 [INFO] PluginManager:200 - loadIPPluginJar : add dma
2023-08-03 14:07:45,079 [INFO] IPUIPlugin:64 - create IPUIPlugin
2023-08-03 14:07:45,079 [INFO] PluginManager:200 - loadIPPluginJar : add fatfs
2023-08-03 14:07:45,082 [INFO] IPUIPlugin:64 - create IPUIPlugin
2023-08-03 14:07:45,082 [INFO] PluginManager:200 - loadIPPluginJar : add fmc
2023-08-03 14:07:45,087 [INFO] IPUIPlugin:64 - create IPUIPlugin
2023-08-03 14:07:45,087 [INFO] PluginManager:200 - loadIPPluginJar : add freertos
2023-08-03 14:07:45,089 [INFO] IPUIPlugin:64 - create IPUIPlugin
2023-08-03 14:07:45,089 [INFO] PluginManager:200 - loadIPPluginJar : add genericplugin
2023-08-03 14:07:45,090 [INFO] IPUIPlugin:64 - create IPUIPlugin
2023-08-03 14:07:45,090 [INFO] PluginManager:200 - loadIPPluginJar : add gfxmmu
2023-08-03 14:07:45,097 [INFO] IPUIPlugin:64 - create IPUIPlugin
2023-08-03 14:07:45,097 [INFO] PluginManager:200 - loadIPPluginJar : add gic
2023-08-03 14:07:45,101 [INFO] IPUIPlugin:64 - create IPUIPlugin
2023-08-03 14:07:45,102 [INFO] PluginManager:200 - loadIPPluginJar : add gpio
2023-08-03 14:07:45,104 [INFO] IPUIPlugin:64 - create IPUIPlugin
2023-08-03 14:07:45,104 [INFO] PluginManager:200 - loadIPPluginJar : add gtzc
2023-08-03 14:07:45,106 [INFO] IPUIPlugin:64 - create IPUIPlugin
2023-08-03 14:07:45,106 [INFO] PluginManager:200 - loadIPPluginJar : add hash
2023-08-03 14:07:45,108 [INFO] IPUIPlugin:64 - create IPUIPlugin
2023-08-03 14:07:45,108 [INFO] PluginManager:200 - loadIPPluginJar : add i2c
2023-08-03 14:07:45,110 [INFO] IPUIPlugin:64 - create IPUIPlugin
2023-08-03 14:07:45,110 [INFO] PluginManager:200 - loadIPPluginJar : add i2s
2023-08-03 14:07:45,112 [INFO] IPUIPlugin:64 - create IPUIPlugin
2023-08-03 14:07:45,112 [INFO] PluginManager:200 - loadIPPluginJar : add ipddr
2023-08-03 14:07:45,113 [INFO] IPUIPlugin:64 - create IPUIPlugin
2023-08-03 14:07:45,113 [INFO] PluginManager:200 - loadIPPluginJar : add ltdc
2023-08-03 14:07:45,116 [INFO] IPUIPlugin:64 - create IPUIPlugin
2023-08-03 14:07:45,117 [INFO] PluginManager:200 - loadIPPluginJar : add mdma
2023-08-03 14:07:45,119 [INFO] IPUIPlugin:64 - create IPUIPlugin
2023-08-03 14:07:45,119 [INFO] PluginManager:200 - loadIPPluginJar : add nvic
2023-08-03 14:07:45,120 [INFO] IPUIPlugin:64 - create IPUIPlugin
2023-08-03 14:07:45,120 [INFO] PluginManager:200 - loadIPPluginJar : add opamp
2023-08-03 14:07:45,123 [INFO] IPUIPlugin:64 - create IPUIPlugin
2023-08-03 14:07:45,124 [INFO] PluginManager:200 - loadIPPluginJar : add openamp
2023-08-03 14:07:45,125 [INFO] IPUIPlugin:64 - create IPUIPlugin
2023-08-03 14:07:45,125 [INFO] PluginManager:200 - loadIPPluginJar : add pdm2pcm
2023-08-03 14:07:45,131 [INFO] IPUIPlugin:64 - create IPUIPlugin
2023-08-03 14:07:45,133 [INFO] PluginManager:200 - loadIPPluginJar : add plateformsettings
2023-08-03 14:07:45,134 [INFO] IPUIPlugin:64 - create IPUIPlugin
2023-08-03 14:07:45,134 [INFO] PluginManager:200 - loadIPPluginJar : add quadspi
2023-08-03 14:07:45,137 [INFO] IPUIPlugin:64 - create IPUIPlugin
2023-08-03 14:07:45,137 [INFO] PluginManager:200 - loadIPPluginJar : add resmgrutility
2023-08-03 14:07:45,139 [INFO] IPUIPlugin:64 - create IPUIPlugin
2023-08-03 14:07:45,139 [INFO] PluginManager:200 - loadIPPluginJar : add sai
2023-08-03 14:07:45,140 [INFO] IPUIPlugin:64 - create IPUIPlugin
2023-08-03 14:07:45,141 [INFO] PluginManager:200 - loadIPPluginJar : add spi
2023-08-03 14:07:45,147 [INFO] IPUIPlugin:64 - create IPUIPlugin
2023-08-03 14:07:45,147 [INFO] PluginManager:200 - loadIPPluginJar : add stm32_wpan
2023-08-03 14:07:45,151 [INFO] IPUIPlugin:64 - create IPUIPlugin
2023-08-03 14:07:45,152 [INFO] PluginManager:200 - loadIPPluginJar : add tim
2023-08-03 14:07:45,155 [INFO] IPUIPlugin:64 - create IPUIPlugin
2023-08-03 14:07:45,155 [INFO] PluginManager:200 - loadIPPluginJar : add touchsensing
2023-08-03 14:07:45,157 [INFO] IPUIPlugin:64 - create IPUIPlugin
2023-08-03 14:07:45,157 [INFO] PluginManager:200 - loadIPPluginJar : add tracer_emb
2023-08-03 14:07:45,158 [INFO] IPUIPlugin:64 - create IPUIPlugin
2023-08-03 14:07:45,158 [INFO] PluginManager:200 - loadIPPluginJar : add ts
2023-08-03 14:07:45,160 [INFO] IPUIPlugin:64 - create IPUIPlugin
2023-08-03 14:07:45,160 [INFO] PluginManager:200 - loadIPPluginJar : add tsc
2023-08-03 14:07:45,161 [INFO] IPUIPlugin:64 - create IPUIPlugin
2023-08-03 14:07:45,161 [INFO] PluginManager:200 - loadIPPluginJar : add ucpd
2023-08-03 14:07:45,163 [INFO] IPUIPlugin:64 - create IPUIPlugin
2023-08-03 14:07:45,163 [INFO] PluginManager:200 - loadIPPluginJar : add usart
2023-08-03 14:07:45,951 [INFO] CubeProgrammer:457 - [DDR PANEL] - PathOfProgrammer: null
2023-08-03 14:07:46,700 [FATAL] Updater:282 - Updater called before beeing initialized
2023-08-03 14:07:46,834 [FATAL] Updater:282 - Updater called before beeing initialized
2023-08-03 14:07:46,834 [WARN] ThirdParty:775 - waiting for thirdparty lock release [close project]
2023-08-03 14:07:46,834 [INFO] ThirdParty:777 - entering critical section [close project]
2023-08-03 14:07:46,835 [INFO] ThirdParty:790 - exiting critical section [close project]
2023-08-03 14:07:46,837 [INFO] PinOutPanel:1418 - setPackage(No Configuration,No Configuration)
2023-08-03 14:07:46,838 [FATAL] Updater:282 - Updater called before beeing initialized
2023-08-03 14:07:46,842 [ERROR] Updater:967 - MainUpdater not yet initialized. External WinMGr cannot be set.
2023-08-03 14:07:46,843 [INFO] CubeProgrammer:457 - [DDR PANEL] - PathOfProgrammer: C:\ST\STM32CubeIDE_1.4.0\STM32CubeIDE\plugins\com.st.stm32cube.ide.mcu.externaltools.cubeprogrammer.win32_1.4.0.202007081208\tools\bin
2023-08-03 14:07:46,846 [INFO] ProgrammerExecThread:148 - [ProgrammerAPI] CubeProgrammer command construction: C:\ST\STM32CubeIDE_1.4.0\STM32CubeIDE\plugins\com.st.stm32cube.ide.mcu.externaltools.cubeprogrammer.win32_1.4.0.202007081208\tools\bin\STM32_Programmer_CLI.exe -l
2023-08-03 14:07:46,959 [INFO] MainDdrPanel:49 - [DDR PANEL] SETTER - Set cubeProgrammerPath to: C:\ST\STM32CubeIDE_1.4.0\STM32CubeIDE\plugins\com.st.stm32cube.ide.mcu.externaltools.cubeprogrammer.win32_1.4.0.202007081208\tools\bin
2023-08-03 14:07:47,000 [INFO] Updater:904 - Updater Version found : 6.0.0
2023-08-03 14:07:47,016 [INFO] ApplicationProperties:181 - Using Application install path: C:\ST\STM32CubeIDE_1.4.0\STM32CubeIDE\plugins\com.st.stm32cube.common.mx_6.0.0.202007160824
2023-08-03 14:07:47,670 [INFO] MainUpdater:2268 - connection check result : 10
2023-08-03 14:07:47,670 [INFO] MainUpdater:239 - Updater Check For Update Now.
2023-08-03 14:07:47,671 [INFO] MicroXplorer:414 - Change Database Version : DB.6.0.0
2023-08-03 14:07:47,717 [INFO] CheckServerUpdateThread:102 - End of CheckServer Thread
2023-08-03 14:07:47,776 [INFO] MainUpdater:2268 - connection check result : 10
2023-08-03 14:07:48,101 [INFO] McuFinderGlobals:40 - Set McuFinder mode to 2 (CubeIDE integrated)
2023-08-03 14:07:48,310 [INFO] CrossSelectorPresenter:1330 - Cross Selector saved comparison directory: C:\Users\Nada\.stmcufinder\plugins\mcufinder\mcu\cs_comparisons_mx
2023-08-03 14:07:48,315 [INFO] MultiScanPanel:193 - Auto-refresh data requested => check proxy status ongoing
2023-08-03 14:07:48,317 [INFO] FinderPluginLoader:87 - Searching for filters in installed packs
2023-08-03 14:07:48,318 [INFO] DbMcusXml:100 - Load MCU database from C:\ST\STM32CubeIDE_1.4.0\STM32CubeIDE\plugins\com.st.stm32cube.common.mx_6.0.0.202007160824\\db\/mcu/families.xml
2023-08-03 14:07:49,076 [INFO] DbMcusJson:92 - JSON generation date=Tue Nov 16 18:17:54 EET 2021 (1637079474)
2023-08-03 14:07:50,336 [INFO] DbMcus:175 - Found 1761 MCUs (1722 are supported by CubeMX, 1911 are visible in CubeMX)
2023-08-03 14:07:50,337 [INFO] ApiDb:201 - Load user favorites file C:\Users\Nada/.stm32cubeide/favorites.mcus.txt: 0 item(s)
2023-08-03 14:07:50,337 [INFO] ApiDb:205 - User favorites MCUs=[]
2023-08-03 14:07:50,337 [INFO] DbMcus:187 - Set 0 / 0 favorites MCUs
2023-08-03 14:07:50,667 [WARN] IntegrityCheckThread:61 - waiting for thirdparty lock release [integrity check]
2023-08-03 14:07:50,667 [INFO] IntegrityCheckThread:63 - entering critical section [integrity check]
2023-08-03 14:07:50,737 [INFO] LoadUrlFilesThread:162 - End of LoadServerUrlFiles without Thread
2023-08-03 14:07:50,749 [INFO] DetailPanel:331 - Set advertising image to C:/Users/Nada/STM32Cube/Repository/\stm32cubemx-promo_image.jpg
2023-08-03 14:07:51,054 [INFO] ThirdPartyDb:299 - Save Third Party DataBase File (C:/Users/Nada/.stm32cubemx/plugins/thirdparty/db/thirdparties_db.xml) [forced]
2023-08-03 14:07:51,098 [INFO] McuFilterPanel:245 - Update 0 favorites MCUs
2023-08-03 14:07:51,102 [INFO] ThirdPartyDb:299 - Save Third Party DataBase File (C:/Users/Nada/.stm32cubemx/plugins/thirdparty/db/thirdparties_db.xml) [forced]
2023-08-03 14:07:51,140 [INFO] IntegrityCheckThread:76 - exiting critical section [integrity check]
2023-08-03 14:07:51,140 [INFO] IntegrityCheckThread:79 - End integrity checks thread
2023-08-03 14:07:51,174 [INFO] DbBoardsPdsc:94 - Found 23 items
2023-08-03 14:07:51,176 [INFO] DbBoardsPdsc:94 - Found 9 items
2023-08-03 14:07:51,179 [INFO] DbBoardsPdsc:94 - Found 29 items
2023-08-03 14:07:51,180 [INFO] DbBoardsPdsc:94 - Found 1 items
2023-08-03 14:07:51,200 [INFO] DbBoardsPdsc:94 - Found 44 items
2023-08-03 14:07:51,205 [INFO] DbBoardsPdsc:94 - Found 40 items
2023-08-03 14:07:51,207 [INFO] DbBoardsPdsc:94 - Found 2 items
2023-08-03 14:07:51,208 [INFO] DbBoardsPdsc:94 - Found 4 items
2023-08-03 14:07:51,213 [WARN] DbBoardsPdsc:258 - Board STM32H7B3I-DK: unknown feature type=Audio, name=, username=Audio stereo codec with Headphone Amp (CS42L51-CNZ), n=1
2023-08-03 14:07:51,213 [WARN] DbBoardsPdsc:258 - Board STM32H735G-DK: unknown feature type=Audio, name=, username=Audio stereo codec with Headphone Amp (WM8994ECS/R), n=1
2023-08-03 14:07:51,215 [WARN] DbBoardsPdsc:258 - Board STM32H7B3I-EVAL: unknown feature type=Audio, name=, username=Multi-Channel Audio Codec (CS42L51-CNZ), n=1
2023-08-03 14:07:51,215 [WARN] DbBoardsPdsc:258 - Board STM32H7B3I-EVAL: unknown feature type=Meter, name=, username=Power-metering and Temperature-monitoring with sigma-delta modulators, n=1
2023-08-03 14:07:51,215 [WARN] DbBoardsPdsc:258 - Board STM32H7B3I-EVAL: unknown feature type=Motor, name=, username=Motor Control, n=1
2023-08-03 14:07:51,245 [INFO] DbBoardsJson:85 - JSON generation date=Tue Nov 16 18:17:54 EET 2021 (1637079474)
2023-08-03 14:07:51,252 [INFO] DbBoards:117 - Found 166 boards (149 are supported by CubeMX)
2023-08-03 14:07:51,255 [INFO] DbBoardsDocs:145 - JSON generation date=Tue Nov 16 18:17:54 EET 2021 (1637079474)
2023-08-03 14:07:51,260 [INFO] DbBoardsDocs:81 - Found 209 boards documents
2023-08-03 14:07:51,261 [WARN] DbBoards:127 - board B-L475E-IOT01A2 has no document id list !
2023-08-03 14:07:51,261 [WARN] DbBoards:127 - board NUCLEO-H743ZI has no document id list !
2023-08-03 14:07:51,262 [WARN] DbBoards:127 - board P-NUCLEO-WB55-Nucleo has no document id list !
2023-08-03 14:07:51,263 [WARN] DbBoards:127 - board P-NUCLEO-WB55-USBDongle has no document id list !
2023-08-03 14:07:51,263 [WARN] DbBoards:127 - board STEVAL-BFA001V1B has no document id list !
2023-08-03 14:07:51,263 [WARN] DbBoards:127 - board STEVAL-BFA001V2B has no document id list !
2023-08-03 14:07:51,263 [WARN] DbBoards:127 - board STEVAL-IDP005V1 has no document id list !
2023-08-03 14:07:51,263 [WARN] DbBoards:127 - board STEVAL-IDP005V2 has no document id list !
2023-08-03 14:07:51,263 [WARN] DbBoards:127 - board STEVAL-MKSBOX1V1 has no document id list !
2023-08-03 14:07:51,264 [WARN] DbBoards:127 - board STEVAL-STWINKT1 has no document id list !
2023-08-03 14:07:51,264 [WARN] DbBoards:127 - board STEVAL-STWINKT1B has no document id list !
2023-08-03 14:07:51,264 [WARN] DbBoards:127 - board STM32439I-EVAL2 has no document id list !
2023-08-03 14:07:51,265 [WARN] DbBoards:127 - board STM32F401C-DISCO has no document id list !
2023-08-03 14:07:51,265 [WARN] DbBoards:127 - board STM32F769I-DISC1 has no document id list !
2023-08-03 14:07:51,266 [WARN] DbBoards:127 - board STM32G474E-EVAL1 has no document id list !
2023-08-03 14:07:51,266 [WARN] DbBoards:127 - board STM32H743I-EVAL2 has no document id list !
2023-08-03 14:07:51,267 [WARN] DbBoards:127 - board STM32H747I-DISC1 has no document id list !
2023-08-03 14:07:51,267 [WARN] DbBoards:127 - board STM32H753I-EVAL2 has no document id list !
2023-08-03 14:07:51,267 [WARN] DbBoards:127 - board STM32L-DISCOVERY has no document id list !
2023-08-03 14:07:51,366 [ERROR] DbBoards:189 - Image file not found for board B-L462E-CELL1: C:\ST\STM32CubeIDE_1.4.0\STM32CubeIDE\plugins\com.st.stm32cube.common.mx_6.0.0.202007160824\\db\/plugins/mcufinder/images/boards/B-L462E-CELL1_small.jpg
2023-08-03 14:07:51,468 [ERROR] DbBoards:189 - Image file not found for board B-U585I-IOT02A: C:\ST\STM32CubeIDE_1.4.0\STM32CubeIDE\plugins\com.st.stm32cube.common.mx_6.0.0.202007160824\\db\/plugins/mcufinder/images/boards/B-U585I-IOT02A_small.jpg
2023-08-03 14:07:51,716 [ERROR] DbBoards:189 - Image file not found for board NUCLEO-F413ZH: C:\ST\STM32CubeIDE_1.4.0\STM32CubeIDE\plugins\com.st.stm32cube.common.mx_6.0.0.202007160824\\db\/plugins/mcufinder/images/boards/nucleo-f413zh_small.jpg
2023-08-03 14:07:51,868 [ERROR] DbBoards:189 - Image file not found for board NUCLEO-L552ZE-Q: C:\ST\STM32CubeIDE_1.4.0\STM32CubeIDE\plugins\com.st.stm32cube.common.mx_6.0.0.202007160824\\db\/plugins/mcufinder/images/boards/nucleo_l552ze_q_small.jpg
2023-08-03 14:07:51,869 [ERROR] DbBoards:189 - Image file not found for board NUCLEO-U575ZI-Q: C:\ST\STM32CubeIDE_1.4.0\STM32CubeIDE\plugins\com.st.stm32cube.common.mx_6.0.0.202007160824\\db\/plugins/mcufinder/images/boards/nucleo-u575zi-q_small.jpg
2023-08-03 14:07:51,869 [ERROR] DbBoards:189 - Image file not found for board NUCLEO-WB15CC: C:\ST\STM32CubeIDE_1.4.0\STM32CubeIDE\plugins\com.st.stm32cube.common.mx_6.0.0.202007160824\\db\/plugins/mcufinder/images/boards/nucleo-wb15cc_small.jpg
2023-08-03 14:07:51,869 [ERROR] DbBoards:189 - Image file not found for board NUCLEO-WB55RG: C:\ST\STM32CubeIDE_1.4.0\STM32CubeIDE\plugins\com.st.stm32cube.common.mx_6.0.0.202007160824\\db\/plugins/mcufinder/images/boards/nucleo-wb55rg_small.jpg
2023-08-03 14:07:51,869 [ERROR] DbBoards:189 - Image file not found for board NUCLEO-WL55JC: C:\ST\STM32CubeIDE_1.4.0\STM32CubeIDE\plugins\com.st.stm32cube.common.mx_6.0.0.202007160824\\db\/plugins/mcufinder/images/boards/nucleo-wl55jc-small.jpg
2023-08-03 14:07:52,029 [ERROR] DbBoards:189 - Image file not found for board STEVAL-STWINKT1B: C:\ST\STM32CubeIDE_1.4.0\STM32CubeIDE\plugins\com.st.stm32cube.common.mx_6.0.0.202007160824\\db\/plugins/mcufinder/images/boards/steval-stwinkt1b_small.jpg
2023-08-03 14:07:52,313 [ERROR] DbBoards:189 - Image file not found for board STM32G0C1E-EV: C:\ST\STM32CubeIDE_1.4.0\STM32CubeIDE\plugins\com.st.stm32cube.common.mx_6.0.0.202007160824\\db\/plugins/mcufinder/images/boards/stm32g0c1e-eval_small.jpg
2023-08-03 14:07:52,409 [ERROR] DbBoards:189 - Image file not found for board STM32H7B3I-EVAL: C:\ST\STM32CubeIDE_1.4.0\STM32CubeIDE\plugins\com.st.stm32cube.common.mx_6.0.0.202007160824\\db\/plugins/mcufinder/images/boards/stm32h7b3ieval_small.jpg
2023-08-03 14:07:52,580 [ERROR] DbBoards:189 - Image file not found for board STM32U575I-EV: C:\ST\STM32CubeIDE_1.4.0\STM32CubeIDE\plugins\com.st.stm32cube.common.mx_6.0.0.202007160824\\db\/plugins/mcufinder/images/boards/stm32u575i-ev_small.jpg
2023-08-03 14:07:52,616 [ERROR] DbBoards:189 - Image file not found for board STM32WB5MM-DK: C:\ST\STM32CubeIDE_1.4.0\STM32CubeIDE\plugins\com.st.stm32cube.common.mx_6.0.0.202007160824\\db\/plugins/mcufinder/images/boards/STM32WB5MM-DK_small.jpg
2023-08-03 14:07:52,617 [INFO] ApiDb:201 - Load user favorites file C:\Users\Nada/.stm32cubeide/favorites.boards.txt: 0 item(s)
2023-08-03 14:07:52,617 [INFO] ApiDb:205 - User favorites Boards=[]
2023-08-03 14:07:52,617 [INFO] DbBoards:206 - Set 0 / 0 favorites Boards
2023-08-03 14:08:04,041 [INFO] DbMcusDocs:145 - JSON generation date=Tue Nov 16 18:17:54 EET 2021 (1637079474)
2023-08-03 14:08:04,321 [INFO] DbMcusDocs:81 - Found 682 MCUs documents
2023-08-03 14:08:09,299 [INFO] ServerAccessManage:348 - Download File DS5936.pdf
2023-08-03 14:08:15,277 [INFO] LoadUrlFilesThread:135 - End of LoadUrlFiles Thread
2023-08-03 14:08:15,361 [INFO] McuAction:142 - Datasheet
2023-08-03 14:09:21,061 [INFO] ApiDb:226 - Save user favorites file C:\Users\Nada/.stm32cubeide/favorites.mcus.txt: 0 item(s)
2023-08-03 14:09:21,062 [INFO] ApiDb:230 - User favorites MCUs=[]
2023-08-03 14:24:29,209 [INFO] Activator:178 - 


2023-08-03 14:24:29,209 [INFO] Activator:179 - !SESSION log4j initialized
