2023-09-17 19:49:13,102 [INFO] Activator:178 - 


2023-09-17 19:49:13,105 [INFO] Activator:179 - !SESSION log4j initialized
2023-09-17 19:49:25,613 [INFO] ApplicationProperties:181 - Using Application install path: C:\ST\STM32CubeIDE_1.4.0\STM32CubeIDE\plugins\com.st.stm32cube.common.mx_6.0.0.202007160824
2023-09-17 19:49:25,623 [INFO] DbMcusXml:70 - Set database path to: C:\ST\STM32CubeIDE_1.4.0\STM32CubeIDE\plugins\com.st.stm32cube.common.mx_6.0.0.202007160824\\db\/mcu/
2023-09-17 19:49:25,626 [INFO] DbBoardsPdsc:56 - Set plugin database path to: C:\ST\STM32CubeIDE_1.4.0\STM32CubeIDE\plugins\com.st.stm32cube.common.mx_6.0.0.202007160824\\db\/plugins/boardmanager/
2023-09-17 19:49:25,627 [INFO] DbMcus:258 - Set plugin images path to: C:\ST\STM32CubeIDE_1.4.0\STM32CubeIDE\plugins\com.st.stm32cube.common.mx_6.0.0.202007160824\\db\/plugins/mcufinder/images/
2023-09-17 19:49:25,628 [INFO] DbBoards:264 - Set plugin images path to: C:\ST\STM32CubeIDE_1.4.0\STM32CubeIDE\plugins\com.st.stm32cube.common.mx_6.0.0.202007160824\\db\/plugins/mcufinder/images/
2023-09-17 19:49:25,630 [INFO] DbExamples:326 - Set plugin images path to: C:\ST\STM32CubeIDE_1.4.0\STM32CubeIDE\plugins\com.st.stm32cube.common.mx_6.0.0.202007160824\\db\/plugins/mcufinder/images/
2023-09-17 19:49:25,635 [INFO] DbMcusDocs:112 - Set database path to: C:\Users\Nada\.stmcufinder\plugins\mcufinder//mcu/
2023-09-17 19:49:25,637 [INFO] DbMcusJson:63 - Set database path to: C:\Users\Nada\.stmcufinder\plugins\mcufinder//mcu/
2023-09-17 19:49:25,638 [INFO] DbBoardsDocs:112 - Set database path to: C:\Users\Nada\.stmcufinder\plugins\mcufinder//mcu/
2023-09-17 19:49:25,639 [INFO] DbBoardsJson:56 - Set database path to: C:\Users\Nada\.stmcufinder\plugins\mcufinder//mcu/
2023-09-17 19:49:25,641 [INFO] CrossReferenceDbSqlite:196 - Set database path to: C:\Users\Nada\.stmcufinder\plugins\mcufinder//mcu/cs/
2023-09-17 19:49:25,644 [INFO] DbExamplesSqlite:800 - Set database path to: C:\Users\Nada\.stmcufinder\plugins\mcufinder//mcu/
2023-09-17 19:49:25,733 [INFO] RulesReader:52 - Compatibility file has been processed (209 Rules)
2023-09-17 19:49:25,804 [INFO] MicroXplorer:564 - Detected Java Version = 1.8.0_252
2023-09-17 19:49:25,804 [INFO] DbMcusXml:70 - Set database path to: C:\ST\STM32CubeIDE_1.4.0\STM32CubeIDE\plugins\com.st.stm32cube.common.mx_6.0.0.202007160824\\db\/mcu/
2023-09-17 19:49:25,804 [INFO] DbBoardsPdsc:56 - Set plugin database path to: C:\ST\STM32CubeIDE_1.4.0\STM32CubeIDE\plugins\com.st.stm32cube.common.mx_6.0.0.202007160824\\db\/plugins/boardmanager/
2023-09-17 19:49:25,805 [INFO] DbMcus:258 - Set plugin images path to: C:\ST\STM32CubeIDE_1.4.0\STM32CubeIDE\plugins\com.st.stm32cube.common.mx_6.0.0.202007160824\\db\/plugins/mcufinder/images/
2023-09-17 19:49:25,805 [INFO] DbBoards:264 - Set plugin images path to: C:\ST\STM32CubeIDE_1.4.0\STM32CubeIDE\plugins\com.st.stm32cube.common.mx_6.0.0.202007160824\\db\/plugins/mcufinder/images/
2023-09-17 19:49:25,805 [INFO] DbExamples:326 - Set plugin images path to: C:\ST\STM32CubeIDE_1.4.0\STM32CubeIDE\plugins\com.st.stm32cube.common.mx_6.0.0.202007160824\\db\/plugins/mcufinder/images/
2023-09-17 19:49:25,805 [WARN] DbFile:36 - Overriding database path with different value: C:\Users\Nada\.stmcufinder\plugins\mcufinder/ => C:\Users\Nada\.stmcufinder\plugins\mcufinder
2023-09-17 19:49:25,805 [INFO] DbMcusDocs:112 - Set database path to: C:\Users\Nada\.stmcufinder\plugins\mcufinder//mcu/
2023-09-17 19:49:25,805 [WARN] DbFile:36 - Overriding database path with different value: C:\Users\Nada\.stmcufinder\plugins\mcufinder/ => C:\Users\Nada\.stmcufinder\plugins\mcufinder
2023-09-17 19:49:25,806 [INFO] DbMcusJson:63 - Set database path to: C:\Users\Nada\.stmcufinder\plugins\mcufinder//mcu/
2023-09-17 19:49:25,806 [WARN] DbFile:36 - Overriding database path with different value: C:\Users\Nada\.stmcufinder\plugins\mcufinder/ => C:\Users\Nada\.stmcufinder\plugins\mcufinder
2023-09-17 19:49:25,806 [INFO] DbBoardsDocs:112 - Set database path to: C:\Users\Nada\.stmcufinder\plugins\mcufinder//mcu/
2023-09-17 19:49:25,806 [WARN] DbFile:36 - Overriding database path with different value: C:\Users\Nada\.stmcufinder\plugins\mcufinder/ => C:\Users\Nada\.stmcufinder\plugins\mcufinder
2023-09-17 19:49:25,806 [INFO] DbBoardsJson:56 - Set database path to: C:\Users\Nada\.stmcufinder\plugins\mcufinder//mcu/
2023-09-17 19:49:25,806 [WARN] DbFile:36 - Overriding database path with different value: C:\Users\Nada\.stmcufinder\plugins\mcufinder/ => C:\Users\Nada\.stmcufinder\plugins\mcufinder
2023-09-17 19:49:25,806 [WARN] DbFile:36 - Overriding database path with different value: C:\Users\Nada\.stmcufinder\plugins\mcufinder/ => C:\Users\Nada\.stmcufinder\plugins\mcufinder
2023-09-17 19:49:25,806 [INFO] CrossReferenceDbSqlite:196 - Set database path to: C:\Users\Nada\.stmcufinder\plugins\mcufinder//mcu/cs/
2023-09-17 19:49:25,807 [WARN] DbFile:36 - Overriding database path with different value: C:\Users\Nada\.stmcufinder\plugins\mcufinder/ => C:\Users\Nada\.stmcufinder\plugins\mcufinder
2023-09-17 19:49:25,807 [INFO] DbExamplesSqlite:800 - Set database path to: C:\Users\Nada\.stmcufinder\plugins\mcufinder//mcu/
2023-09-17 19:49:25,856 [INFO] MainPanel:189 - HeapMemory: 268435456
2023-09-17 19:49:25,916 [INFO] DbMcusXml:70 - Set database path to: C:\ST\STM32CubeIDE_1.4.0\STM32CubeIDE\plugins\com.st.stm32cube.common.mx_6.0.0.202007160824\\db\/mcu/
2023-09-17 19:49:25,916 [INFO] DbBoardsPdsc:56 - Set plugin database path to: C:\ST\STM32CubeIDE_1.4.0\STM32CubeIDE\plugins\com.st.stm32cube.common.mx_6.0.0.202007160824\\db\/plugins/boardmanager/
2023-09-17 19:49:25,916 [INFO] DbMcus:258 - Set plugin images path to: C:\ST\STM32CubeIDE_1.4.0\STM32CubeIDE\plugins\com.st.stm32cube.common.mx_6.0.0.202007160824\\db\/plugins/mcufinder/images/
2023-09-17 19:49:25,916 [INFO] DbBoards:264 - Set plugin images path to: C:\ST\STM32CubeIDE_1.4.0\STM32CubeIDE\plugins\com.st.stm32cube.common.mx_6.0.0.202007160824\\db\/plugins/mcufinder/images/
2023-09-17 19:49:25,916 [INFO] DbExamples:326 - Set plugin images path to: C:\ST\STM32CubeIDE_1.4.0\STM32CubeIDE\plugins\com.st.stm32cube.common.mx_6.0.0.202007160824\\db\/plugins/mcufinder/images/
2023-09-17 19:49:25,917 [WARN] DbFile:36 - Overriding database path with different value: C:\Users\Nada\.stmcufinder\plugins\mcufinder/ => C:\Users\Nada\.stmcufinder\plugins\mcufinder
2023-09-17 19:49:25,917 [INFO] DbMcusDocs:112 - Set database path to: C:\Users\Nada\.stmcufinder\plugins\mcufinder//mcu/
2023-09-17 19:49:25,917 [WARN] DbFile:36 - Overriding database path with different value: C:\Users\Nada\.stmcufinder\plugins\mcufinder/ => C:\Users\Nada\.stmcufinder\plugins\mcufinder
2023-09-17 19:49:25,917 [INFO] DbMcusJson:63 - Set database path to: C:\Users\Nada\.stmcufinder\plugins\mcufinder//mcu/
2023-09-17 19:49:25,917 [WARN] DbFile:36 - Overriding database path with different value: C:\Users\Nada\.stmcufinder\plugins\mcufinder/ => C:\Users\Nada\.stmcufinder\plugins\mcufinder
2023-09-17 19:49:25,917 [INFO] DbBoardsDocs:112 - Set database path to: C:\Users\Nada\.stmcufinder\plugins\mcufinder//mcu/
2023-09-17 19:49:25,917 [WARN] DbFile:36 - Overriding database path with different value: C:\Users\Nada\.stmcufinder\plugins\mcufinder/ => C:\Users\Nada\.stmcufinder\plugins\mcufinder
2023-09-17 19:49:25,917 [INFO] DbBoardsJson:56 - Set database path to: C:\Users\Nada\.stmcufinder\plugins\mcufinder//mcu/
2023-09-17 19:49:25,918 [WARN] DbFile:36 - Overriding database path with different value: C:\Users\Nada\.stmcufinder\plugins\mcufinder/ => C:\Users\Nada\.stmcufinder\plugins\mcufinder
2023-09-17 19:49:25,918 [WARN] DbFile:36 - Overriding database path with different value: C:\Users\Nada\.stmcufinder\plugins\mcufinder/ => C:\Users\Nada\.stmcufinder\plugins\mcufinder
2023-09-17 19:49:25,918 [INFO] CrossReferenceDbSqlite:196 - Set database path to: C:\Users\Nada\.stmcufinder\plugins\mcufinder//mcu/cs/
2023-09-17 19:49:25,918 [WARN] DbFile:36 - Overriding database path with different value: C:\Users\Nada\.stmcufinder\plugins\mcufinder/ => C:\Users\Nada\.stmcufinder\plugins\mcufinder
2023-09-17 19:49:25,918 [INFO] DbExamplesSqlite:800 - Set database path to: C:\Users\Nada\.stmcufinder\plugins\mcufinder//mcu/
2023-09-17 19:49:25,932 [INFO] ApplicationProperties:181 - Using Application install path: C:\ST\STM32CubeIDE_1.4.0\STM32CubeIDE\plugins\com.st.stm32cube.common.mx_6.0.0.202007160824
2023-09-17 19:49:25,933 [INFO] PluginManage:178 - Search for loadable plugins [exclusion list=, ]
2023-09-17 19:49:25,934 [INFO] PluginManage:292 - Check plugin analytics
2023-09-17 19:49:32,174 [INFO] AnalyticsPlugin:203 - Accepted Software Licenses: 
2023-09-17 19:49:32,174 [INFO] AnalyticsPlugin:205 - Accepted CMSIS Pack Licenses: 
2023-09-17 19:49:32,174 [INFO] AnalyticsPlugin:207 - Accepted Firmware Licenses: 
2023-09-17 19:49:32,175 [INFO] PluginManage:342 - Loaded plugin analytics (category:tool,tabindex:-1)
2023-09-17 19:49:32,175 [INFO] PluginManage:292 - Check plugin clock
2023-09-17 19:49:32,188 [INFO] PluginManage:342 - Loaded plugin clock (category:base,tabindex:2)
2023-09-17 19:49:32,188 [INFO] PluginManage:292 - Check plugin ddr
2023-09-17 19:49:32,191 [INFO] PluginManage:342 - Loaded plugin ddr (category:tool,tabindex:6)
2023-09-17 19:49:32,191 [INFO] PluginManage:292 - Check plugin filemanager
2023-09-17 19:49:32,315 [INFO] PluginManage:342 - Loaded plugin filemanager (category:base,tabindex:10)
2023-09-17 19:49:32,315 [INFO] PluginManage:292 - Check plugin ipmanager
2023-09-17 19:49:32,321 [INFO] PluginManage:342 - Loaded plugin ipmanager (category:base,tabindex:5)
2023-09-17 19:49:32,322 [INFO] PluginManage:292 - Check plugin pinoutandconfiguration
2023-09-17 19:49:32,330 [INFO] PluginManage:342 - Loaded plugin pinoutandconfiguration (category:base,tabindex:1)
2023-09-17 19:49:32,331 [INFO] PluginManage:292 - Check plugin pinoutconfig
2023-09-17 19:49:32,414 [INFO] PluginManage:342 - Loaded plugin pinoutconfig (category:base,tabindex:0)
2023-09-17 19:49:32,415 [INFO] PluginManage:292 - Check plugin power
2023-09-17 19:49:32,426 [INFO] PluginManage:342 - Loaded plugin power (category:power,tabindex:4)
2023-09-17 19:49:32,426 [INFO] PluginManage:292 - Check plugin projectmanager
2023-09-17 19:49:32,439 [INFO] PluginManage:342 - Loaded plugin projectmanager (category:projectmanager,tabindex:3)
2023-09-17 19:49:32,439 [INFO] PluginManage:292 - Check plugin thirdparty
2023-09-17 19:49:32,525 [INFO] ThirdPartyDb:333 - Open Third Party DataBase File (C:/Users/Nada/.stm32cubemx/plugins/thirdparty/db/thirdparties_db.xml) : 39 ms. number of Sw pack : 48
2023-09-17 19:49:32,529 [INFO] PluginManage:342 - Loaded plugin thirdparty (category:base,tabindex:-1)
2023-09-17 19:49:32,530 [INFO] PluginManage:292 - Check plugin tools
2023-09-17 19:49:32,532 [INFO] PluginManage:342 - Loaded plugin tools (category:base,tabindex:7)
2023-09-17 19:49:32,532 [INFO] PluginManage:292 - Check plugin tutovideos
2023-09-17 19:49:32,717 [INFO] PluginManage:342 - Loaded plugin tutovideos (category:base,tabindex:-1)
2023-09-17 19:49:32,717 [INFO] PluginManage:292 - Check plugin updater
2023-09-17 19:49:32,727 [INFO] PluginManage:342 - Loaded plugin updater (category:base,tabindex:12)
2023-09-17 19:49:32,727 [INFO] PluginManage:265 - PluginManage : Loaded plugins [13]
2023-09-17 19:49:32,915 [INFO] PinOutPanel:1418 - setPackage(No Configuration,No Configuration)
2023-09-17 19:49:32,990 [INFO] IPUIPlugin:64 - create IPUIPlugin
2023-09-17 19:49:32,990 [INFO] PluginManager:200 - loadIPPluginJar : add adc
2023-09-17 19:49:32,995 [INFO] IPUIPlugin:64 - create IPUIPlugin
2023-09-17 19:49:32,995 [INFO] PluginManager:200 - loadIPPluginJar : add aes
2023-09-17 19:49:32,999 [INFO] IPUIPlugin:64 - create IPUIPlugin
2023-09-17 19:49:32,999 [INFO] PluginManager:200 - loadIPPluginJar : add can
2023-09-17 19:49:33,001 [INFO] IPUIPlugin:64 - create IPUIPlugin
2023-09-17 19:49:33,002 [INFO] PluginManager:200 - loadIPPluginJar : add comp
2023-09-17 19:49:33,005 [INFO] IPUIPlugin:64 - create IPUIPlugin
2023-09-17 19:49:33,005 [INFO] PluginManager:200 - loadIPPluginJar : add cryp
2023-09-17 19:49:33,009 [INFO] IPUIPlugin:64 - create IPUIPlugin
2023-09-17 19:49:33,009 [INFO] PluginManager:200 - loadIPPluginJar : add dfsdm
2023-09-17 19:49:33,015 [INFO] IPUIPlugin:64 - create IPUIPlugin
2023-09-17 19:49:33,016 [INFO] PluginManager:200 - loadIPPluginJar : add dma
2023-09-17 19:49:33,019 [INFO] IPUIPlugin:64 - create IPUIPlugin
2023-09-17 19:49:33,019 [INFO] PluginManager:200 - loadIPPluginJar : add fatfs
2023-09-17 19:49:33,024 [INFO] IPUIPlugin:64 - create IPUIPlugin
2023-09-17 19:49:33,024 [INFO] PluginManager:200 - loadIPPluginJar : add fmc
2023-09-17 19:49:33,031 [INFO] IPUIPlugin:64 - create IPUIPlugin
2023-09-17 19:49:33,031 [INFO] PluginManager:200 - loadIPPluginJar : add freertos
2023-09-17 19:49:33,033 [INFO] IPUIPlugin:64 - create IPUIPlugin
2023-09-17 19:49:33,034 [INFO] PluginManager:200 - loadIPPluginJar : add genericplugin
2023-09-17 19:49:33,037 [INFO] IPUIPlugin:64 - create IPUIPlugin
2023-09-17 19:49:33,037 [INFO] PluginManager:200 - loadIPPluginJar : add gfxmmu
2023-09-17 19:49:33,043 [INFO] IPUIPlugin:64 - create IPUIPlugin
2023-09-17 19:49:33,043 [INFO] PluginManager:200 - loadIPPluginJar : add gic
2023-09-17 19:49:33,047 [INFO] IPUIPlugin:64 - create IPUIPlugin
2023-09-17 19:49:33,048 [INFO] PluginManager:200 - loadIPPluginJar : add gpio
2023-09-17 19:49:33,053 [INFO] IPUIPlugin:64 - create IPUIPlugin
2023-09-17 19:49:33,054 [INFO] PluginManager:200 - loadIPPluginJar : add gtzc
2023-09-17 19:49:33,057 [INFO] IPUIPlugin:64 - create IPUIPlugin
2023-09-17 19:49:33,057 [INFO] PluginManager:200 - loadIPPluginJar : add hash
2023-09-17 19:49:33,061 [INFO] IPUIPlugin:64 - create IPUIPlugin
2023-09-17 19:49:33,061 [INFO] PluginManager:200 - loadIPPluginJar : add i2c
2023-09-17 19:49:33,064 [INFO] IPUIPlugin:64 - create IPUIPlugin
2023-09-17 19:49:33,065 [INFO] PluginManager:200 - loadIPPluginJar : add i2s
2023-09-17 19:49:33,068 [INFO] IPUIPlugin:64 - create IPUIPlugin
2023-09-17 19:49:33,068 [INFO] PluginManager:200 - loadIPPluginJar : add ipddr
2023-09-17 19:49:33,070 [INFO] IPUIPlugin:64 - create IPUIPlugin
2023-09-17 19:49:33,071 [INFO] PluginManager:200 - loadIPPluginJar : add ltdc
2023-09-17 19:49:33,078 [INFO] IPUIPlugin:64 - create IPUIPlugin
2023-09-17 19:49:33,079 [INFO] PluginManager:200 - loadIPPluginJar : add mdma
2023-09-17 19:49:33,082 [INFO] IPUIPlugin:64 - create IPUIPlugin
2023-09-17 19:49:33,082 [INFO] PluginManager:200 - loadIPPluginJar : add nvic
2023-09-17 19:49:33,085 [INFO] IPUIPlugin:64 - create IPUIPlugin
2023-09-17 19:49:33,086 [INFO] PluginManager:200 - loadIPPluginJar : add opamp
2023-09-17 19:49:33,088 [INFO] IPUIPlugin:64 - create IPUIPlugin
2023-09-17 19:49:33,089 [INFO] PluginManager:200 - loadIPPluginJar : add openamp
2023-09-17 19:49:33,091 [INFO] IPUIPlugin:64 - create IPUIPlugin
2023-09-17 19:49:33,092 [INFO] PluginManager:200 - loadIPPluginJar : add pdm2pcm
2023-09-17 19:49:33,100 [INFO] IPUIPlugin:64 - create IPUIPlugin
2023-09-17 19:49:33,103 [INFO] PluginManager:200 - loadIPPluginJar : add plateformsettings
2023-09-17 19:49:33,104 [INFO] IPUIPlugin:64 - create IPUIPlugin
2023-09-17 19:49:33,105 [INFO] PluginManager:200 - loadIPPluginJar : add quadspi
2023-09-17 19:49:33,109 [INFO] IPUIPlugin:64 - create IPUIPlugin
2023-09-17 19:49:33,109 [INFO] PluginManager:200 - loadIPPluginJar : add resmgrutility
2023-09-17 19:49:33,113 [INFO] IPUIPlugin:64 - create IPUIPlugin
2023-09-17 19:49:33,113 [INFO] PluginManager:200 - loadIPPluginJar : add sai
2023-09-17 19:49:33,116 [INFO] IPUIPlugin:64 - create IPUIPlugin
2023-09-17 19:49:33,116 [INFO] PluginManager:200 - loadIPPluginJar : add spi
2023-09-17 19:49:33,120 [INFO] IPUIPlugin:64 - create IPUIPlugin
2023-09-17 19:49:33,120 [INFO] PluginManager:200 - loadIPPluginJar : add stm32_wpan
2023-09-17 19:49:33,134 [INFO] IPUIPlugin:64 - create IPUIPlugin
2023-09-17 19:49:33,134 [INFO] PluginManager:200 - loadIPPluginJar : add tim
2023-09-17 19:49:33,137 [INFO] IPUIPlugin:64 - create IPUIPlugin
2023-09-17 19:49:33,138 [INFO] PluginManager:200 - loadIPPluginJar : add touchsensing
2023-09-17 19:49:33,140 [INFO] IPUIPlugin:64 - create IPUIPlugin
2023-09-17 19:49:33,140 [INFO] PluginManager:200 - loadIPPluginJar : add tracer_emb
2023-09-17 19:49:33,143 [INFO] IPUIPlugin:64 - create IPUIPlugin
2023-09-17 19:49:33,143 [INFO] PluginManager:200 - loadIPPluginJar : add ts
2023-09-17 19:49:33,145 [INFO] IPUIPlugin:64 - create IPUIPlugin
2023-09-17 19:49:33,145 [INFO] PluginManager:200 - loadIPPluginJar : add tsc
2023-09-17 19:49:33,148 [INFO] IPUIPlugin:64 - create IPUIPlugin
2023-09-17 19:49:33,148 [INFO] PluginManager:200 - loadIPPluginJar : add ucpd
2023-09-17 19:49:33,151 [INFO] IPUIPlugin:64 - create IPUIPlugin
2023-09-17 19:49:33,151 [INFO] PluginManager:200 - loadIPPluginJar : add usart
2023-09-17 19:49:33,989 [INFO] CubeProgrammer:457 - [DDR PANEL] - PathOfProgrammer: null
2023-09-17 19:49:34,663 [FATAL] Updater:282 - Updater called before beeing initialized
2023-09-17 19:49:34,794 [FATAL] Updater:282 - Updater called before beeing initialized
2023-09-17 19:49:34,794 [WARN] ThirdParty:775 - waiting for thirdparty lock release [close project]
2023-09-17 19:49:34,794 [INFO] ThirdParty:777 - entering critical section [close project]
2023-09-17 19:49:34,795 [INFO] ThirdParty:790 - exiting critical section [close project]
2023-09-17 19:49:34,797 [INFO] PinOutPanel:1418 - setPackage(No Configuration,No Configuration)
2023-09-17 19:49:34,797 [FATAL] Updater:282 - Updater called before beeing initialized
2023-09-17 19:49:34,801 [ERROR] Updater:967 - MainUpdater not yet initialized. External WinMGr cannot be set.
2023-09-17 19:49:34,802 [INFO] CubeProgrammer:457 - [DDR PANEL] - PathOfProgrammer: C:\ST\STM32CubeIDE_1.4.0\STM32CubeIDE\plugins\com.st.stm32cube.ide.mcu.externaltools.cubeprogrammer.win32_1.4.0.202007081208\tools\bin
2023-09-17 19:49:34,805 [INFO] ProgrammerExecThread:148 - [ProgrammerAPI] CubeProgrammer command construction: C:\ST\STM32CubeIDE_1.4.0\STM32CubeIDE\plugins\com.st.stm32cube.ide.mcu.externaltools.cubeprogrammer.win32_1.4.0.202007081208\tools\bin\STM32_Programmer_CLI.exe -l
2023-09-17 19:49:35,247 [INFO] MainDdrPanel:49 - [DDR PANEL] SETTER - Set cubeProgrammerPath to: C:\ST\STM32CubeIDE_1.4.0\STM32CubeIDE\plugins\com.st.stm32cube.ide.mcu.externaltools.cubeprogrammer.win32_1.4.0.202007081208\tools\bin
2023-09-17 19:49:35,281 [INFO] Updater:904 - Updater Version found : 6.0.0
2023-09-17 19:49:35,298 [INFO] ApplicationProperties:181 - Using Application install path: C:\ST\STM32CubeIDE_1.4.0\STM32CubeIDE\plugins\com.st.stm32cube.common.mx_6.0.0.202007160824
2023-09-17 19:49:35,700 [INFO] MainUpdater:2268 - connection check result : 10
2023-09-17 19:49:35,701 [INFO] MainUpdater:2935 - Updater definition file requires update
2023-09-17 19:49:35,703 [INFO] MainUpdater:239 - Updater Check For Update Now.
2023-09-17 19:49:35,704 [INFO] MicroXplorer:414 - Change Database Version : DB.6.0.0
2023-09-17 19:49:36,090 [INFO] ServerAccessManage:348 - Download File updaters.zip
2023-09-17 19:49:36,423 [INFO] FileExtend:225 - Unzip File : updaters.zip
2023-09-17 19:49:36,423 [INFO] FileExtend:240 - Standard Zip Deflate
2023-09-17 19:49:36,994 [INFO] ServerAccessManage:348 - Download File PacksControlFlags.xml
2023-09-17 19:49:37,645 [INFO] ServerAccessManage:348 - Download File cubemx.pidx
2023-09-17 19:49:37,740 [INFO] LoadServerUpdatesThread:309 - End of LoadServerUpdate Thread
2023-09-17 19:49:37,779 [INFO] CheckServerUpdateThread:102 - End of CheckServer Thread
2023-09-17 19:49:37,820 [INFO] MainUpdater:2268 - connection check result : 10
2023-09-17 19:49:38,079 [INFO] ServerAccessManage:348 - Download File mcusDocs.json._tmp_
2023-09-17 19:49:38,207 [INFO] LoadUrlFilesThread:135 - End of LoadUrlFiles Thread
2023-09-17 19:49:38,311 [INFO] ServerAccessManage:348 - Download File mcusFeaturesAndDescription.json._tmp_
2023-09-17 19:49:38,537 [WARN] IntegrityCheckThread:61 - waiting for thirdparty lock release [integrity check]
2023-09-17 19:49:38,537 [INFO] IntegrityCheckThread:63 - entering critical section [integrity check]
2023-09-17 19:49:38,537 [WARN] MainUpdater:1087 - Updater busy. Cannot search thirdparties
2023-09-17 19:49:41,547 [WARN] MainUpdater:1087 - Updater busy. Cannot search thirdparties
2023-09-17 19:49:41,596 [INFO] LoadUrlFilesThread:135 - End of LoadUrlFiles Thread
2023-09-17 19:49:41,696 [INFO] ServerAccessManage:348 - Download File boardsDocs.json._tmp_
2023-09-17 19:49:41,732 [INFO] LoadUrlFilesThread:135 - End of LoadUrlFiles Thread
2023-09-17 19:49:41,856 [INFO] ServerAccessManage:348 - Download File boards.json._tmp_
2023-09-17 19:49:42,011 [INFO] LoadUrlFilesThread:135 - End of LoadUrlFiles Thread
2023-09-17 19:49:42,433 [INFO] ServerAccessManage:348 - Download File cube-finder-db.zip
2023-09-17 19:49:44,560 [WARN] MainUpdater:1087 - Updater busy. Cannot search thirdparties
2023-09-17 19:49:47,567 [WARN] MainUpdater:1087 - Updater busy. Cannot search thirdparties
2023-09-17 19:49:50,578 [WARN] MainUpdater:1087 - Updater busy. Cannot search thirdparties
2023-09-17 19:49:52,234 [INFO] FileExtend:225 - Unzip File : cube-finder-db.zip
2023-09-17 19:49:52,236 [INFO] FileExtend:240 - Standard Zip Deflate
2023-09-17 19:49:52,677 [INFO] LoadUrlFilesThread:135 - End of LoadUrlFiles Thread
2023-09-17 19:49:53,210 [INFO] ServerAccessManage:348 - Download File crdb.zip
2023-09-17 19:49:53,582 [WARN] MainUpdater:1087 - Updater busy. Cannot search thirdparties
2023-09-17 19:49:53,655 [INFO] FileExtend:225 - Unzip File : crdb.zip
2023-09-17 19:49:53,656 [INFO] FileExtend:240 - Standard Zip Deflate
2023-09-17 19:49:53,675 [INFO] LoadUrlFilesThread:135 - End of LoadUrlFiles Thread
2023-09-17 19:49:54,819 [INFO] ServerAccessManage:348 - Download File tutoVideoDB.zip
2023-09-17 19:49:54,868 [INFO] FileExtend:225 - Unzip File : tutoVideoDB.zip
2023-09-17 19:49:54,869 [INFO] FileExtend:240 - Standard Zip Deflate
2023-09-17 19:49:54,876 [INFO] LoadUrlFilesThread:135 - End of LoadUrlFiles Thread
2023-09-17 19:49:54,890 [INFO] DbMcusDocs:145 - JSON generation date=Tue Nov 16 18:17:54 EET 2021 (1637079474)
2023-09-17 19:49:54,891 [INFO] DbMcusXml:100 - Load MCU database from C:\ST\STM32CubeIDE_1.4.0\STM32CubeIDE\plugins\com.st.stm32cube.common.mx_6.0.0.202007160824\\db\/mcu/families.xml
2023-09-17 19:49:55,448 [INFO] DbMcusJson:92 - JSON generation date=Tue Nov 16 18:17:54 EET 2021 (1637079474)
2023-09-17 19:49:56,000 [INFO] DbMcus:175 - Found 1761 MCUs (1722 are supported by CubeMX, 1911 are visible in CubeMX)
2023-09-17 19:49:56,001 [INFO] ApiDb:201 - Load user favorites file C:\Users\Nada/.stm32cubemx/favorites.mcus.txt: 0 item(s)
2023-09-17 19:49:56,001 [INFO] ApiDb:205 - User favorites MCUs=[]
2023-09-17 19:49:56,001 [INFO] DbMcus:187 - Set 0 / 0 favorites MCUs
2023-09-17 19:49:56,333 [INFO] DbMcusDocs:81 - Found 682 MCUs documents
2023-09-17 19:49:56,335 [INFO] ApiDb:226 - Save user favorites file C:\Users\Nada/.stm32cubemx/favorites.mcus.txt: 0 item(s)
2023-09-17 19:49:56,335 [INFO] ApiDb:230 - User favorites MCUs=[]
2023-09-17 19:49:56,335 [INFO] DbMcusXml:100 - Load MCU database from C:\ST\STM32CubeIDE_1.4.0\STM32CubeIDE\plugins\com.st.stm32cube.common.mx_6.0.0.202007160824\\db\/mcu/families.xml
2023-09-17 19:49:56,686 [INFO] DbMcusJson:92 - JSON generation date=Tue Nov 16 18:17:54 EET 2021 (1637079474)
2023-09-17 19:49:56,888 [INFO] ThirdPartyDb:299 - Save Third Party DataBase File (C:/Users/Nada/.stm32cubemx/plugins/thirdparty/db/thirdparties_db.xml) [forced]
2023-09-17 19:49:56,933 [INFO] ThirdPartyDb:299 - Save Third Party DataBase File (C:/Users/Nada/.stm32cubemx/plugins/thirdparty/db/thirdparties_db.xml) [forced]
2023-09-17 19:49:56,965 [INFO] IntegrityCheckThread:76 - exiting critical section [integrity check]
2023-09-17 19:49:56,965 [INFO] IntegrityCheckThread:79 - End integrity checks thread
2023-09-17 19:49:57,157 [INFO] DbMcus:175 - Found 1761 MCUs (1722 are supported by CubeMX, 1911 are visible in CubeMX)
2023-09-17 19:49:57,158 [INFO] ApiDb:201 - Load user favorites file C:\Users\Nada/.stm32cubemx/favorites.mcus.txt: 0 item(s)
2023-09-17 19:49:57,158 [INFO] ApiDb:205 - User favorites MCUs=[]
2023-09-17 19:49:57,158 [INFO] DbMcus:187 - Set 0 / 0 favorites MCUs
2023-09-17 19:49:57,166 [INFO] DbBoardsDocs:145 - JSON generation date=Tue Nov 16 18:17:54 EET 2021 (1637079474)
2023-09-17 19:49:57,199 [INFO] DbBoardsPdsc:94 - Found 23 items
2023-09-17 19:49:57,202 [INFO] DbBoardsPdsc:94 - Found 9 items
2023-09-17 19:49:57,205 [INFO] DbBoardsPdsc:94 - Found 29 items
2023-09-17 19:49:57,207 [INFO] DbBoardsPdsc:94 - Found 1 items
2023-09-17 19:49:57,211 [INFO] DbBoardsPdsc:94 - Found 44 items
2023-09-17 19:49:57,216 [INFO] DbBoardsPdsc:94 - Found 40 items
2023-09-17 19:49:57,217 [INFO] DbBoardsPdsc:94 - Found 2 items
2023-09-17 19:49:57,219 [INFO] DbBoardsPdsc:94 - Found 4 items
2023-09-17 19:49:57,224 [WARN] DbBoardsPdsc:258 - Board STM32H7B3I-DK: unknown feature type=Audio, name=, username=Audio stereo codec with Headphone Amp (CS42L51-CNZ), n=1
2023-09-17 19:49:57,224 [WARN] DbBoardsPdsc:258 - Board STM32H735G-DK: unknown feature type=Audio, name=, username=Audio stereo codec with Headphone Amp (WM8994ECS/R), n=1
2023-09-17 19:49:57,227 [WARN] DbBoardsPdsc:258 - Board STM32H7B3I-EVAL: unknown feature type=Audio, name=, username=Multi-Channel Audio Codec (CS42L51-CNZ), n=1
2023-09-17 19:49:57,227 [WARN] DbBoardsPdsc:258 - Board STM32H7B3I-EVAL: unknown feature type=Meter, name=, username=Power-metering and Temperature-monitoring with sigma-delta modulators, n=1
2023-09-17 19:49:57,227 [WARN] DbBoardsPdsc:258 - Board STM32H7B3I-EVAL: unknown feature type=Motor, name=, username=Motor Control, n=1
2023-09-17 19:49:57,238 [INFO] DbBoardsJson:85 - JSON generation date=Tue Nov 16 18:17:54 EET 2021 (1637079474)
2023-09-17 19:49:57,242 [INFO] DbBoards:117 - Found 166 boards (149 are supported by CubeMX)
2023-09-17 19:49:57,244 [INFO] DbBoardsDocs:145 - JSON generation date=Tue Nov 16 18:17:54 EET 2021 (1637079474)
2023-09-17 19:49:57,247 [INFO] DbBoardsDocs:81 - Found 209 boards documents
2023-09-17 19:49:57,248 [WARN] DbBoards:127 - board B-L475E-IOT01A2 has no document id list !
2023-09-17 19:49:57,249 [WARN] DbBoards:127 - board NUCLEO-H743ZI has no document id list !
2023-09-17 19:49:57,250 [WARN] DbBoards:127 - board P-NUCLEO-WB55-Nucleo has no document id list !
2023-09-17 19:49:57,250 [WARN] DbBoards:127 - board P-NUCLEO-WB55-USBDongle has no document id list !
2023-09-17 19:49:57,250 [WARN] DbBoards:127 - board STEVAL-BFA001V1B has no document id list !
2023-09-17 19:49:57,250 [WARN] DbBoards:127 - board STEVAL-BFA001V2B has no document id list !
2023-09-17 19:49:57,250 [WARN] DbBoards:127 - board STEVAL-IDP005V1 has no document id list !
2023-09-17 19:49:57,250 [WARN] DbBoards:127 - board STEVAL-IDP005V2 has no document id list !
2023-09-17 19:49:57,250 [WARN] DbBoards:127 - board STEVAL-MKSBOX1V1 has no document id list !
2023-09-17 19:49:57,250 [WARN] DbBoards:127 - board STEVAL-STWINKT1 has no document id list !
2023-09-17 19:49:57,250 [WARN] DbBoards:127 - board STEVAL-STWINKT1B has no document id list !
2023-09-17 19:49:57,250 [WARN] DbBoards:127 - board STM32439I-EVAL2 has no document id list !
2023-09-17 19:49:57,251 [WARN] DbBoards:127 - board STM32F401C-DISCO has no document id list !
2023-09-17 19:49:57,251 [WARN] DbBoards:127 - board STM32F769I-DISC1 has no document id list !
2023-09-17 19:49:57,251 [WARN] DbBoards:127 - board STM32G474E-EVAL1 has no document id list !
2023-09-17 19:49:57,251 [WARN] DbBoards:127 - board STM32H743I-EVAL2 has no document id list !
2023-09-17 19:49:57,251 [WARN] DbBoards:127 - board STM32H747I-DISC1 has no document id list !
2023-09-17 19:49:57,251 [WARN] DbBoards:127 - board STM32H753I-EVAL2 has no document id list !
2023-09-17 19:49:57,252 [WARN] DbBoards:127 - board STM32L-DISCOVERY has no document id list !
2023-09-17 19:49:57,320 [ERROR] DbBoards:189 - Image file not found for board B-L462E-CELL1: C:\ST\STM32CubeIDE_1.4.0\STM32CubeIDE\plugins\com.st.stm32cube.common.mx_6.0.0.202007160824\\db\/plugins/mcufinder/images/boards/B-L462E-CELL1_small.jpg
2023-09-17 19:49:57,432 [ERROR] DbBoards:189 - Image file not found for board B-U585I-IOT02A: C:\ST\STM32CubeIDE_1.4.0\STM32CubeIDE\plugins\com.st.stm32cube.common.mx_6.0.0.202007160824\\db\/plugins/mcufinder/images/boards/B-U585I-IOT02A_small.jpg
2023-09-17 19:49:57,495 [ERROR] DbBoards:189 - Image file not found for board NUCLEO-F413ZH: C:\ST\STM32CubeIDE_1.4.0\STM32CubeIDE\plugins\com.st.stm32cube.common.mx_6.0.0.202007160824\\db\/plugins/mcufinder/images/boards/nucleo-f413zh_small.jpg
2023-09-17 19:49:57,609 [ERROR] DbBoards:189 - Image file not found for board NUCLEO-L552ZE-Q: C:\ST\STM32CubeIDE_1.4.0\STM32CubeIDE\plugins\com.st.stm32cube.common.mx_6.0.0.202007160824\\db\/plugins/mcufinder/images/boards/nucleo_l552ze_q_small.jpg
2023-09-17 19:49:57,609 [ERROR] DbBoards:189 - Image file not found for board NUCLEO-U575ZI-Q: C:\ST\STM32CubeIDE_1.4.0\STM32CubeIDE\plugins\com.st.stm32cube.common.mx_6.0.0.202007160824\\db\/plugins/mcufinder/images/boards/nucleo-u575zi-q_small.jpg
2023-09-17 19:49:57,610 [ERROR] DbBoards:189 - Image file not found for board NUCLEO-WB15CC: C:\ST\STM32CubeIDE_1.4.0\STM32CubeIDE\plugins\com.st.stm32cube.common.mx_6.0.0.202007160824\\db\/plugins/mcufinder/images/boards/nucleo-wb15cc_small.jpg
2023-09-17 19:49:57,610 [ERROR] DbBoards:189 - Image file not found for board NUCLEO-WB55RG: C:\ST\STM32CubeIDE_1.4.0\STM32CubeIDE\plugins\com.st.stm32cube.common.mx_6.0.0.202007160824\\db\/plugins/mcufinder/images/boards/nucleo-wb55rg_small.jpg
2023-09-17 19:49:57,610 [ERROR] DbBoards:189 - Image file not found for board NUCLEO-WL55JC: C:\ST\STM32CubeIDE_1.4.0\STM32CubeIDE\plugins\com.st.stm32cube.common.mx_6.0.0.202007160824\\db\/plugins/mcufinder/images/boards/nucleo-wl55jc-small.jpg
2023-09-17 19:49:57,775 [ERROR] DbBoards:189 - Image file not found for board STEVAL-STWINKT1B: C:\ST\STM32CubeIDE_1.4.0\STM32CubeIDE\plugins\com.st.stm32cube.common.mx_6.0.0.202007160824\\db\/plugins/mcufinder/images/boards/steval-stwinkt1b_small.jpg
2023-09-17 19:49:58,062 [ERROR] DbBoards:189 - Image file not found for board STM32G0C1E-EV: C:\ST\STM32CubeIDE_1.4.0\STM32CubeIDE\plugins\com.st.stm32cube.common.mx_6.0.0.202007160824\\db\/plugins/mcufinder/images/boards/stm32g0c1e-eval_small.jpg
2023-09-17 19:49:58,137 [ERROR] DbBoards:189 - Image file not found for board STM32H7B3I-EVAL: C:\ST\STM32CubeIDE_1.4.0\STM32CubeIDE\plugins\com.st.stm32cube.common.mx_6.0.0.202007160824\\db\/plugins/mcufinder/images/boards/stm32h7b3ieval_small.jpg
2023-09-17 19:49:58,294 [ERROR] DbBoards:189 - Image file not found for board STM32U575I-EV: C:\ST\STM32CubeIDE_1.4.0\STM32CubeIDE\plugins\com.st.stm32cube.common.mx_6.0.0.202007160824\\db\/plugins/mcufinder/images/boards/stm32u575i-ev_small.jpg
2023-09-17 19:49:58,326 [ERROR] DbBoards:189 - Image file not found for board STM32WB5MM-DK: C:\ST\STM32CubeIDE_1.4.0\STM32CubeIDE\plugins\com.st.stm32cube.common.mx_6.0.0.202007160824\\db\/plugins/mcufinder/images/boards/STM32WB5MM-DK_small.jpg
2023-09-17 19:49:58,326 [INFO] ApiDb:201 - Load user favorites file C:\Users\Nada/.stm32cubemx/favorites.boards.txt: 0 item(s)
2023-09-17 19:49:58,326 [INFO] ApiDb:205 - User favorites Boards=[]
2023-09-17 19:49:58,326 [INFO] DbBoards:206 - Set 0 / 0 favorites Boards
2023-09-17 19:49:58,329 [INFO] DbBoardsDocs:81 - Found 418 boards documents
2023-09-17 19:49:58,329 [INFO] ApiDb:226 - Save user favorites file C:\Users\Nada/.stm32cubemx/favorites.boards.txt: 0 item(s)
2023-09-17 19:49:58,329 [INFO] ApiDb:230 - User favorites Boards=[]
2023-09-17 19:49:58,331 [INFO] DbBoardsPdsc:94 - Found 23 items
2023-09-17 19:49:58,332 [INFO] DbBoardsPdsc:94 - Found 9 items
2023-09-17 19:49:58,333 [INFO] DbBoardsPdsc:94 - Found 29 items
2023-09-17 19:49:58,334 [INFO] DbBoardsPdsc:94 - Found 1 items
2023-09-17 19:49:58,339 [INFO] DbBoardsPdsc:94 - Found 44 items
2023-09-17 19:49:58,342 [INFO] DbBoardsPdsc:94 - Found 40 items
2023-09-17 19:49:58,343 [INFO] DbBoardsPdsc:94 - Found 2 items
2023-09-17 19:49:58,344 [INFO] DbBoardsPdsc:94 - Found 4 items
2023-09-17 19:49:58,345 [WARN] DbBoardsPdsc:258 - Board STM32H7B3I-DK: unknown feature type=Audio, name=, username=Audio stereo codec with Headphone Amp (CS42L51-CNZ), n=1
2023-09-17 19:49:58,345 [WARN] DbBoardsPdsc:258 - Board STM32H735G-DK: unknown feature type=Audio, name=, username=Audio stereo codec with Headphone Amp (WM8994ECS/R), n=1
2023-09-17 19:49:58,347 [WARN] DbBoardsPdsc:258 - Board STM32H7B3I-EVAL: unknown feature type=Audio, name=, username=Multi-Channel Audio Codec (CS42L51-CNZ), n=1
2023-09-17 19:49:58,347 [WARN] DbBoardsPdsc:258 - Board STM32H7B3I-EVAL: unknown feature type=Meter, name=, username=Power-metering and Temperature-monitoring with sigma-delta modulators, n=1
2023-09-17 19:49:58,347 [WARN] DbBoardsPdsc:258 - Board STM32H7B3I-EVAL: unknown feature type=Motor, name=, username=Motor Control, n=1
2023-09-17 19:49:58,358 [INFO] DbBoardsJson:85 - JSON generation date=Tue Nov 16 18:17:54 EET 2021 (1637079474)
2023-09-17 19:49:58,360 [INFO] DbBoards:117 - Found 166 boards (149 are supported by CubeMX)
2023-09-17 19:49:58,361 [WARN] DbBoards:127 - board B-L475E-IOT01A2 has no document id list !
2023-09-17 19:49:58,361 [WARN] DbBoards:127 - board NUCLEO-H743ZI has no document id list !
2023-09-17 19:49:58,361 [WARN] DbBoards:127 - board P-NUCLEO-WB55-Nucleo has no document id list !
2023-09-17 19:49:58,361 [WARN] DbBoards:127 - board P-NUCLEO-WB55-USBDongle has no document id list !
2023-09-17 19:49:58,361 [WARN] DbBoards:127 - board STEVAL-BFA001V1B has no document id list !
2023-09-17 19:49:58,361 [WARN] DbBoards:127 - board STEVAL-BFA001V2B has no document id list !
2023-09-17 19:49:58,361 [WARN] DbBoards:127 - board STEVAL-IDP005V1 has no document id list !
2023-09-17 19:49:58,361 [WARN] DbBoards:127 - board STEVAL-IDP005V2 has no document id list !
2023-09-17 19:49:58,362 [WARN] DbBoards:127 - board STEVAL-MKSBOX1V1 has no document id list !
2023-09-17 19:49:58,362 [WARN] DbBoards:127 - board STEVAL-STWINKT1 has no document id list !
2023-09-17 19:49:58,362 [WARN] DbBoards:127 - board STEVAL-STWINKT1B has no document id list !
2023-09-17 19:49:58,362 [WARN] DbBoards:127 - board STM32439I-EVAL2 has no document id list !
2023-09-17 19:49:58,362 [WARN] DbBoards:127 - board STM32F401C-DISCO has no document id list !
2023-09-17 19:49:58,362 [WARN] DbBoards:127 - board STM32F769I-DISC1 has no document id list !
2023-09-17 19:49:58,362 [WARN] DbBoards:127 - board STM32G474E-EVAL1 has no document id list !
2023-09-17 19:49:58,362 [WARN] DbBoards:127 - board STM32H743I-EVAL2 has no document id list !
2023-09-17 19:49:58,362 [WARN] DbBoards:127 - board STM32H747I-DISC1 has no document id list !
2023-09-17 19:49:58,362 [WARN] DbBoards:127 - board STM32H753I-EVAL2 has no document id list !
2023-09-17 19:49:58,362 [WARN] DbBoards:127 - board STM32L-DISCOVERY has no document id list !
2023-09-17 19:49:58,385 [ERROR] DbBoards:189 - Image file not found for board B-L462E-CELL1: C:\ST\STM32CubeIDE_1.4.0\STM32CubeIDE\plugins\com.st.stm32cube.common.mx_6.0.0.202007160824\\db\/plugins/mcufinder/images/boards/B-L462E-CELL1_small.jpg
2023-09-17 19:49:58,407 [ERROR] DbBoards:189 - Image file not found for board B-U585I-IOT02A: C:\ST\STM32CubeIDE_1.4.0\STM32CubeIDE\plugins\com.st.stm32cube.common.mx_6.0.0.202007160824\\db\/plugins/mcufinder/images/boards/B-U585I-IOT02A_small.jpg
2023-09-17 19:49:58,455 [ERROR] DbBoards:189 - Image file not found for board NUCLEO-F413ZH: C:\ST\STM32CubeIDE_1.4.0\STM32CubeIDE\plugins\com.st.stm32cube.common.mx_6.0.0.202007160824\\db\/plugins/mcufinder/images/boards/nucleo-f413zh_small.jpg
2023-09-17 19:49:58,564 [ERROR] DbBoards:189 - Image file not found for board NUCLEO-L552ZE-Q: C:\ST\STM32CubeIDE_1.4.0\STM32CubeIDE\plugins\com.st.stm32cube.common.mx_6.0.0.202007160824\\db\/plugins/mcufinder/images/boards/nucleo_l552ze_q_small.jpg
2023-09-17 19:49:58,564 [ERROR] DbBoards:189 - Image file not found for board NUCLEO-U575ZI-Q: C:\ST\STM32CubeIDE_1.4.0\STM32CubeIDE\plugins\com.st.stm32cube.common.mx_6.0.0.202007160824\\db\/plugins/mcufinder/images/boards/nucleo-u575zi-q_small.jpg
2023-09-17 19:49:58,564 [ERROR] DbBoards:189 - Image file not found for board NUCLEO-WB15CC: C:\ST\STM32CubeIDE_1.4.0\STM32CubeIDE\plugins\com.st.stm32cube.common.mx_6.0.0.202007160824\\db\/plugins/mcufinder/images/boards/nucleo-wb15cc_small.jpg
2023-09-17 19:49:58,564 [ERROR] DbBoards:189 - Image file not found for board NUCLEO-WB55RG: C:\ST\STM32CubeIDE_1.4.0\STM32CubeIDE\plugins\com.st.stm32cube.common.mx_6.0.0.202007160824\\db\/plugins/mcufinder/images/boards/nucleo-wb55rg_small.jpg
2023-09-17 19:49:58,564 [ERROR] DbBoards:189 - Image file not found for board NUCLEO-WL55JC: C:\ST\STM32CubeIDE_1.4.0\STM32CubeIDE\plugins\com.st.stm32cube.common.mx_6.0.0.202007160824\\db\/plugins/mcufinder/images/boards/nucleo-wl55jc-small.jpg
2023-09-17 19:49:58,643 [ERROR] DbBoards:189 - Image file not found for board STEVAL-STWINKT1B: C:\ST\STM32CubeIDE_1.4.0\STM32CubeIDE\plugins\com.st.stm32cube.common.mx_6.0.0.202007160824\\db\/plugins/mcufinder/images/boards/steval-stwinkt1b_small.jpg
2023-09-17 19:49:58,798 [ERROR] DbBoards:189 - Image file not found for board STM32G0C1E-EV: C:\ST\STM32CubeIDE_1.4.0\STM32CubeIDE\plugins\com.st.stm32cube.common.mx_6.0.0.202007160824\\db\/plugins/mcufinder/images/boards/stm32g0c1e-eval_small.jpg
2023-09-17 19:49:58,852 [ERROR] DbBoards:189 - Image file not found for board STM32H7B3I-EVAL: C:\ST\STM32CubeIDE_1.4.0\STM32CubeIDE\plugins\com.st.stm32cube.common.mx_6.0.0.202007160824\\db\/plugins/mcufinder/images/boards/stm32h7b3ieval_small.jpg
2023-09-17 19:49:58,949 [ERROR] DbBoards:189 - Image file not found for board STM32U575I-EV: C:\ST\STM32CubeIDE_1.4.0\STM32CubeIDE\plugins\com.st.stm32cube.common.mx_6.0.0.202007160824\\db\/plugins/mcufinder/images/boards/stm32u575i-ev_small.jpg
2023-09-17 19:49:58,965 [ERROR] DbBoards:189 - Image file not found for board STM32WB5MM-DK: C:\ST\STM32CubeIDE_1.4.0\STM32CubeIDE\plugins\com.st.stm32cube.common.mx_6.0.0.202007160824\\db\/plugins/mcufinder/images/boards/STM32WB5MM-DK_small.jpg
2023-09-17 19:49:58,965 [INFO] ApiDb:201 - Load user favorites file C:\Users\Nada/.stm32cubemx/favorites.boards.txt: 0 item(s)
2023-09-17 19:49:58,965 [INFO] ApiDb:205 - User favorites Boards=[]
2023-09-17 19:49:58,966 [INFO] DbBoards:206 - Set 0 / 0 favorites Boards
2023-09-17 19:49:59,064 [INFO] DbExamplesSqlite:156 - SQLite db open (C:\Users\Nada\.stmcufinder\plugins\mcufinder\mcu\cube-finder-db.db)
2023-09-17 19:49:59,622 [INFO] DbExamplesSqlite:447 - Ignored 0 examples not supported by CubeIDE
2023-09-17 19:49:59,622 [INFO] DbExamplesSqlite:448 - Found 7232 examples active
2023-09-17 19:49:59,622 [INFO] DbExamplesSqlite:449 - Found 678 examples obsolete
2023-09-17 19:49:59,623 [INFO] DbExamplesSqlite:450 - Found 0 examples under development
2023-09-17 19:49:59,623 [INFO] DbExamplesSqlite:451 - Found 74 examples not building
2023-09-17 19:49:59,677 [INFO] DbExamplesSqlite:130 - SQLite Data Model version=2.1
2023-09-17 19:49:59,678 [INFO] DbExamplesSqlite:131 - SQLite Configuration version=3.0.37
2023-09-17 19:49:59,678 [INFO] DbExamplesSqlite:132 - SQLite generation date=2023-08-31 (1693470701)
2023-09-17 19:49:59,678 [INFO] DbExamplesSqlite:133 - SQLite FW Pack versions=[FP-ATR-ASTRA1_V2.0.0, FP-SNS-FLIGHT1_V5.0.1, FP-SNS-FLIGHT1_V5.0.2, FP-SNS-MOTENV1_V4.3.1, FP-SNS-MOTENV1_V4.3.2, STM32Cube_FW_C0_V1.1.0, STM32Cube_FW_F4_V1.27.1, STM32Cube_FW_F7_V1.17.0, STM32Cube_FW_G0_V1.6.1, STM32Cube_FW_G4_V1.5.1, STM32Cube_FW_H5_V0.5.1, STM32Cube_FW_H5_V1.1.1, STM32Cube_FW_H7_V1.11.0, STM32Cube_FW_L0_V1.12.2, STM32Cube_FW_L5_V1.5.0, STM32Cube_FW_U5_V1.3.0, STM32Cube_FW_U5_V1.3.0RC4, STM32Cube_FW_WBA_V1.0.0RC1, STM32Cube_FW_WBA_V1.1.0, STM32Cube_FW_WBA_V1.1.0RC1, STM32Cube_FW_WB_V1.15.0RC1, STM32Cube_FW_WB_V1.16.0, STM32Cube_FW_WB_V1.16.0RC2, STM32Cube_FW_WB_V1.17.0, STM32Cube_FW_WB_V1.17.2, STM32Cube_FW_WL_V1.3.0, X-CUBE-ALGOBUILD_V1.3.0, X-CUBE-ALS_V1.0.1, X-CUBE-AZRTOS-F4_V1.1.0, X-CUBE-AZRTOS-F7_V1.1.0, X-CUBE-AZRTOS-G0_V1.1.0, X-CUBE-AZRTOS-G4_V2.0.0, X-CUBE-AZRTOS-H7_V3.1.0, X-CUBE-AZRTOS-L4_V1.0.0, X-CUBE-AZRTOS-L4_V2.0.0, X-CUBE-AZRTOS-L5_V1.1.0, X-CUBE-AZRTOS-WB_V2.0.0, X-CUBE-AZRTOS-WL_V2.0.0, X-CUBE-BLE1_V7.0.0, X-CUBE-BLE2_V3.3.0, X-CUBE-BLEMGR_V2.0.0, X-CUBE-EEPRMA1_V4.1.0, X-CUBE-FREERTOS_V1.1.0, X-CUBE-GNSS1_V6.0.0, X-CUBE-MEMS1_V9.1.0, X-CUBE-MEMS1_V9.4.0, X-CUBE-MEMS1_V9.6.0, X-CUBE-NFC4_V3.0.0, X-CUBE-NFC7_V1.0.0, X-CUBE-SFXS2LP1_V4.0.0, X-CUBE-SUBG2_V5.0.0, X-CUBE-TOF1_V3.3.1]
2023-09-17 19:49:59,678 [INFO] DbExamples:123 - Found 7306 examples
2023-09-17 19:50:00,221 [ERROR] DbExamples:199 - Found 7306 examples with invalid data (board or MCU)
2023-09-17 19:50:00,222 [INFO] DbExamples:215 - Found 77 boards with related examples
2023-09-17 19:50:00,222 [INFO] DbExamples:228 - Found 0 MCUs with related examples
2023-09-17 19:50:00,246 [INFO] ApiDb:192 - User favorites file not found: C:\Users\Nada/.stm32cubemx/favorites.examples.txt
2023-09-17 19:50:00,246 [INFO] DbExamples:249 - Set 0 / 0 favorites Examples
2023-09-17 19:50:00,404 [INFO] McuFinderGlobals:40 - Set McuFinder mode to 2 (CubeIDE integrated)
2023-09-17 19:50:00,657 [INFO] CrossSelectorPresenter:1330 - Cross Selector saved comparison directory: C:\Users\Nada\.stmcufinder\plugins\mcufinder\mcu\cs_comparisons_mx
2023-09-17 19:50:00,662 [INFO] MultiScanPanel:193 - Auto-refresh data requested => check proxy status ongoing
2023-09-17 19:50:00,664 [INFO] FinderPluginLoader:87 - Searching for filters in installed packs
2023-09-17 19:50:00,991 [INFO] LoadUrlFilesThread:162 - End of LoadServerUrlFiles without Thread
2023-09-17 19:50:00,996 [INFO] DetailPanel:331 - Set advertising image to C:/Users/Nada/STM32Cube/Repository/\stm32cubemx-promo_image.jpg
2023-09-17 19:50:01,291 [INFO] McuFilterPanel:245 - Update 0 favorites MCUs
2023-09-17 19:50:18,481 [INFO] LogOutputStream:76 - [STDOUT_REDIRECT] withoutVersionV1.8.4
2023-09-17 19:50:18,481 [INFO] LogOutputStream:76 - [STDOUT_REDIRECT] withoutVersionV1.8.3
2023-09-17 19:50:18,482 [INFO] LogOutputStream:76 - [STDOUT_REDIRECT] withoutVersionV1.8.2
2023-09-17 19:50:18,482 [INFO] LogOutputStream:76 - [STDOUT_REDIRECT] withoutVersionV1.8.1
2023-09-17 19:50:18,482 [INFO] LogOutputStream:76 - [STDOUT_REDIRECT] withoutVersionV1.8.0
2023-09-17 19:50:22,466 [INFO] ApiDb:226 - Save user favorites file C:\Users\Nada/.stm32cubeide/favorites.mcus.txt: 0 item(s)
2023-09-17 19:50:22,466 [INFO] ApiDb:230 - User favorites MCUs=[]
2023-09-17 19:50:41,302 [INFO] RetryExec:97 - I/O exception (org.apache.http.NoHttpResponseException) caught when processing request to {s}->https://download.eclipse.org:443: The target server failed to respond
2023-09-17 19:50:41,303 [INFO] RetryExec:113 - Retrying request to {s}->https://download.eclipse.org:443
2023-09-17 19:50:42,467 [INFO] RetryExec:97 - I/O exception (org.apache.http.NoHttpResponseException) caught when processing request to {s}->https://archive.eclipse.org:443: The target server failed to respond
2023-09-17 19:50:42,467 [INFO] RetryExec:113 - Retrying request to {s}->https://archive.eclipse.org:443
2023-09-17 19:50:43,497 [INFO] RetryExec:97 - I/O exception (org.apache.http.NoHttpResponseException) caught when processing request to {s}->https://download.eclipse.org:443: The target server failed to respond
2023-09-17 19:50:43,498 [INFO] RetryExec:113 - Retrying request to {s}->https://download.eclipse.org:443
