2023-09-09 12:28:13,918 [INFO] Activator:178 - 


2023-09-09 12:28:13,927 [INFO] Activator:179 - !SESSION log4j initialized
2023-09-09 12:28:27,357 [INFO] ApplicationProperties:181 - Using Application install path: C:\ST\STM32CubeIDE_1.4.0\STM32CubeIDE\plugins\com.st.stm32cube.common.mx_6.0.0.202007160824
2023-09-09 12:28:27,377 [INFO] DbMcusXml:70 - Set database path to: C:\ST\STM32CubeIDE_1.4.0\STM32CubeIDE\plugins\com.st.stm32cube.common.mx_6.0.0.202007160824\\db\/mcu/
2023-09-09 12:28:27,383 [INFO] DbBoardsPdsc:56 - Set plugin database path to: C:\ST\STM32CubeIDE_1.4.0\STM32CubeIDE\plugins\com.st.stm32cube.common.mx_6.0.0.202007160824\\db\/plugins/boardmanager/
2023-09-09 12:28:27,383 [INFO] DbMcus:258 - Set plugin images path to: C:\ST\STM32CubeIDE_1.4.0\STM32CubeIDE\plugins\com.st.stm32cube.common.mx_6.0.0.202007160824\\db\/plugins/mcufinder/images/
2023-09-09 12:28:27,388 [INFO] DbBoards:264 - Set plugin images path to: C:\ST\STM32CubeIDE_1.4.0\STM32CubeIDE\plugins\com.st.stm32cube.common.mx_6.0.0.202007160824\\db\/plugins/mcufinder/images/
2023-09-09 12:28:27,391 [INFO] DbExamples:326 - Set plugin images path to: C:\ST\STM32CubeIDE_1.4.0\STM32CubeIDE\plugins\com.st.stm32cube.common.mx_6.0.0.202007160824\\db\/plugins/mcufinder/images/
2023-09-09 12:28:27,408 [INFO] DbMcusDocs:112 - Set database path to: C:\Users\Nada\.stmcufinder\plugins\mcufinder//mcu/
2023-09-09 12:28:27,412 [INFO] DbMcusJson:63 - Set database path to: C:\Users\Nada\.stmcufinder\plugins\mcufinder//mcu/
2023-09-09 12:28:27,412 [INFO] DbBoardsDocs:112 - Set database path to: C:\Users\Nada\.stmcufinder\plugins\mcufinder//mcu/
2023-09-09 12:28:27,419 [INFO] DbBoardsJson:56 - Set database path to: C:\Users\Nada\.stmcufinder\plugins\mcufinder//mcu/
2023-09-09 12:28:27,426 [INFO] CrossReferenceDbSqlite:196 - Set database path to: C:\Users\Nada\.stmcufinder\plugins\mcufinder//mcu/cs/
2023-09-09 12:28:27,434 [INFO] DbExamplesSqlite:800 - Set database path to: C:\Users\Nada\.stmcufinder\plugins\mcufinder//mcu/
2023-09-09 12:28:27,725 [INFO] RulesReader:52 - Compatibility file has been processed (209 Rules)
2023-09-09 12:28:27,921 [INFO] MicroXplorer:564 - Detected Java Version = 1.8.0_252
2023-09-09 12:28:27,922 [INFO] DbMcusXml:70 - Set database path to: C:\ST\STM32CubeIDE_1.4.0\STM32CubeIDE\plugins\com.st.stm32cube.common.mx_6.0.0.202007160824\\db\/mcu/
2023-09-09 12:28:27,922 [INFO] DbBoardsPdsc:56 - Set plugin database path to: C:\ST\STM32CubeIDE_1.4.0\STM32CubeIDE\plugins\com.st.stm32cube.common.mx_6.0.0.202007160824\\db\/plugins/boardmanager/
2023-09-09 12:28:27,922 [INFO] DbMcus:258 - Set plugin images path to: C:\ST\STM32CubeIDE_1.4.0\STM32CubeIDE\plugins\com.st.stm32cube.common.mx_6.0.0.202007160824\\db\/plugins/mcufinder/images/
2023-09-09 12:28:27,922 [INFO] DbBoards:264 - Set plugin images path to: C:\ST\STM32CubeIDE_1.4.0\STM32CubeIDE\plugins\com.st.stm32cube.common.mx_6.0.0.202007160824\\db\/plugins/mcufinder/images/
2023-09-09 12:28:27,922 [INFO] DbExamples:326 - Set plugin images path to: C:\ST\STM32CubeIDE_1.4.0\STM32CubeIDE\plugins\com.st.stm32cube.common.mx_6.0.0.202007160824\\db\/plugins/mcufinder/images/
2023-09-09 12:28:27,922 [WARN] DbFile:36 - Overriding database path with different value: C:\Users\Nada\.stmcufinder\plugins\mcufinder/ => C:\Users\Nada\.stmcufinder\plugins\mcufinder
2023-09-09 12:28:27,922 [INFO] DbMcusDocs:112 - Set database path to: C:\Users\Nada\.stmcufinder\plugins\mcufinder//mcu/
2023-09-09 12:28:27,927 [WARN] DbFile:36 - Overriding database path with different value: C:\Users\Nada\.stmcufinder\plugins\mcufinder/ => C:\Users\Nada\.stmcufinder\plugins\mcufinder
2023-09-09 12:28:27,927 [INFO] DbMcusJson:63 - Set database path to: C:\Users\Nada\.stmcufinder\plugins\mcufinder//mcu/
2023-09-09 12:28:27,927 [WARN] DbFile:36 - Overriding database path with different value: C:\Users\Nada\.stmcufinder\plugins\mcufinder/ => C:\Users\Nada\.stmcufinder\plugins\mcufinder
2023-09-09 12:28:27,927 [INFO] DbBoardsDocs:112 - Set database path to: C:\Users\Nada\.stmcufinder\plugins\mcufinder//mcu/
2023-09-09 12:28:27,927 [WARN] DbFile:36 - Overriding database path with different value: C:\Users\Nada\.stmcufinder\plugins\mcufinder/ => C:\Users\Nada\.stmcufinder\plugins\mcufinder
2023-09-09 12:28:27,927 [INFO] DbBoardsJson:56 - Set database path to: C:\Users\Nada\.stmcufinder\plugins\mcufinder//mcu/
2023-09-09 12:28:27,927 [WARN] DbFile:36 - Overriding database path with different value: C:\Users\Nada\.stmcufinder\plugins\mcufinder/ => C:\Users\Nada\.stmcufinder\plugins\mcufinder
2023-09-09 12:28:27,927 [WARN] DbFile:36 - Overriding database path with different value: C:\Users\Nada\.stmcufinder\plugins\mcufinder/ => C:\Users\Nada\.stmcufinder\plugins\mcufinder
2023-09-09 12:28:27,927 [INFO] CrossReferenceDbSqlite:196 - Set database path to: C:\Users\Nada\.stmcufinder\plugins\mcufinder//mcu/cs/
2023-09-09 12:28:27,927 [WARN] DbFile:36 - Overriding database path with different value: C:\Users\Nada\.stmcufinder\plugins\mcufinder/ => C:\Users\Nada\.stmcufinder\plugins\mcufinder
2023-09-09 12:28:27,932 [INFO] DbExamplesSqlite:800 - Set database path to: C:\Users\Nada\.stmcufinder\plugins\mcufinder//mcu/
2023-09-09 12:28:28,062 [INFO] MainPanel:189 - HeapMemory: 268435456
2023-09-09 12:28:28,176 [INFO] DbMcusXml:70 - Set database path to: C:\ST\STM32CubeIDE_1.4.0\STM32CubeIDE\plugins\com.st.stm32cube.common.mx_6.0.0.202007160824\\db\/mcu/
2023-09-09 12:28:28,176 [INFO] DbBoardsPdsc:56 - Set plugin database path to: C:\ST\STM32CubeIDE_1.4.0\STM32CubeIDE\plugins\com.st.stm32cube.common.mx_6.0.0.202007160824\\db\/plugins/boardmanager/
2023-09-09 12:28:28,176 [INFO] DbMcus:258 - Set plugin images path to: C:\ST\STM32CubeIDE_1.4.0\STM32CubeIDE\plugins\com.st.stm32cube.common.mx_6.0.0.202007160824\\db\/plugins/mcufinder/images/
2023-09-09 12:28:28,176 [INFO] DbBoards:264 - Set plugin images path to: C:\ST\STM32CubeIDE_1.4.0\STM32CubeIDE\plugins\com.st.stm32cube.common.mx_6.0.0.202007160824\\db\/plugins/mcufinder/images/
2023-09-09 12:28:28,181 [INFO] DbExamples:326 - Set plugin images path to: C:\ST\STM32CubeIDE_1.4.0\STM32CubeIDE\plugins\com.st.stm32cube.common.mx_6.0.0.202007160824\\db\/plugins/mcufinder/images/
2023-09-09 12:28:28,181 [WARN] DbFile:36 - Overriding database path with different value: C:\Users\Nada\.stmcufinder\plugins\mcufinder/ => C:\Users\Nada\.stmcufinder\plugins\mcufinder
2023-09-09 12:28:28,181 [INFO] DbMcusDocs:112 - Set database path to: C:\Users\Nada\.stmcufinder\plugins\mcufinder//mcu/
2023-09-09 12:28:28,181 [WARN] DbFile:36 - Overriding database path with different value: C:\Users\Nada\.stmcufinder\plugins\mcufinder/ => C:\Users\Nada\.stmcufinder\plugins\mcufinder
2023-09-09 12:28:28,181 [INFO] DbMcusJson:63 - Set database path to: C:\Users\Nada\.stmcufinder\plugins\mcufinder//mcu/
2023-09-09 12:28:28,181 [WARN] DbFile:36 - Overriding database path with different value: C:\Users\Nada\.stmcufinder\plugins\mcufinder/ => C:\Users\Nada\.stmcufinder\plugins\mcufinder
2023-09-09 12:28:28,181 [INFO] DbBoardsDocs:112 - Set database path to: C:\Users\Nada\.stmcufinder\plugins\mcufinder//mcu/
2023-09-09 12:28:28,181 [WARN] DbFile:36 - Overriding database path with different value: C:\Users\Nada\.stmcufinder\plugins\mcufinder/ => C:\Users\Nada\.stmcufinder\plugins\mcufinder
2023-09-09 12:28:28,187 [INFO] DbBoardsJson:56 - Set database path to: C:\Users\Nada\.stmcufinder\plugins\mcufinder//mcu/
2023-09-09 12:28:28,187 [WARN] DbFile:36 - Overriding database path with different value: C:\Users\Nada\.stmcufinder\plugins\mcufinder/ => C:\Users\Nada\.stmcufinder\plugins\mcufinder
2023-09-09 12:28:28,188 [WARN] DbFile:36 - Overriding database path with different value: C:\Users\Nada\.stmcufinder\plugins\mcufinder/ => C:\Users\Nada\.stmcufinder\plugins\mcufinder
2023-09-09 12:28:28,188 [INFO] CrossReferenceDbSqlite:196 - Set database path to: C:\Users\Nada\.stmcufinder\plugins\mcufinder//mcu/cs/
2023-09-09 12:28:28,188 [WARN] DbFile:36 - Overriding database path with different value: C:\Users\Nada\.stmcufinder\plugins\mcufinder/ => C:\Users\Nada\.stmcufinder\plugins\mcufinder
2023-09-09 12:28:28,188 [INFO] DbExamplesSqlite:800 - Set database path to: C:\Users\Nada\.stmcufinder\plugins\mcufinder//mcu/
2023-09-09 12:28:28,262 [INFO] ApplicationProperties:181 - Using Application install path: C:\ST\STM32CubeIDE_1.4.0\STM32CubeIDE\plugins\com.st.stm32cube.common.mx_6.0.0.202007160824
2023-09-09 12:28:28,267 [INFO] PluginManage:178 - Search for loadable plugins [exclusion list=, ]
2023-09-09 12:28:28,270 [INFO] PluginManage:292 - Check plugin analytics
2023-09-09 12:28:29,904 [INFO] AnalyticsPlugin:203 - Accepted Software Licenses: 
2023-09-09 12:28:29,904 [INFO] AnalyticsPlugin:205 - Accepted CMSIS Pack Licenses: 
2023-09-09 12:28:29,909 [INFO] AnalyticsPlugin:207 - Accepted Firmware Licenses: 
2023-09-09 12:28:29,909 [INFO] PluginManage:342 - Loaded plugin analytics (category:tool,tabindex:-1)
2023-09-09 12:28:29,909 [INFO] PluginManage:292 - Check plugin clock
2023-09-09 12:28:29,943 [INFO] PluginManage:342 - Loaded plugin clock (category:base,tabindex:2)
2023-09-09 12:28:29,945 [INFO] PluginManage:292 - Check plugin ddr
2023-09-09 12:28:29,951 [INFO] PluginManage:342 - Loaded plugin ddr (category:tool,tabindex:6)
2023-09-09 12:28:29,952 [INFO] PluginManage:292 - Check plugin filemanager
2023-09-09 12:28:30,247 [INFO] PluginManage:342 - Loaded plugin filemanager (category:base,tabindex:10)
2023-09-09 12:28:30,247 [INFO] PluginManage:292 - Check plugin ipmanager
2023-09-09 12:28:30,273 [INFO] PluginManage:342 - Loaded plugin ipmanager (category:base,tabindex:5)
2023-09-09 12:28:30,273 [INFO] PluginManage:292 - Check plugin pinoutandconfiguration
2023-09-09 12:28:30,314 [INFO] PluginManage:342 - Loaded plugin pinoutandconfiguration (category:base,tabindex:1)
2023-09-09 12:28:30,314 [INFO] PluginManage:292 - Check plugin pinoutconfig
2023-09-09 12:28:30,434 [INFO] PluginManage:342 - Loaded plugin pinoutconfig (category:base,tabindex:0)
2023-09-09 12:28:30,434 [INFO] PluginManage:292 - Check plugin power
2023-09-09 12:28:30,461 [INFO] PluginManage:342 - Loaded plugin power (category:power,tabindex:4)
2023-09-09 12:28:30,461 [INFO] PluginManage:292 - Check plugin projectmanager
2023-09-09 12:28:30,505 [INFO] PluginManage:342 - Loaded plugin projectmanager (category:projectmanager,tabindex:3)
2023-09-09 12:28:30,507 [INFO] PluginManage:292 - Check plugin thirdparty
2023-09-09 12:28:30,811 [INFO] ThirdPartyDb:333 - Open Third Party DataBase File (C:/Users/Nada/.stm32cubemx/plugins/thirdparty/db/thirdparties_db.xml) : 151 ms. number of Sw pack : 48
2023-09-09 12:28:30,821 [INFO] PluginManage:342 - Loaded plugin thirdparty (category:base,tabindex:-1)
2023-09-09 12:28:30,821 [INFO] PluginManage:292 - Check plugin tools
2023-09-09 12:28:30,826 [INFO] PluginManage:342 - Loaded plugin tools (category:base,tabindex:7)
2023-09-09 12:28:30,826 [INFO] PluginManage:292 - Check plugin tutovideos
2023-09-09 12:28:31,498 [INFO] PluginManage:342 - Loaded plugin tutovideos (category:base,tabindex:-1)
2023-09-09 12:28:31,498 [INFO] PluginManage:292 - Check plugin updater
2023-09-09 12:28:31,527 [INFO] PluginManage:342 - Loaded plugin updater (category:base,tabindex:12)
2023-09-09 12:28:31,529 [INFO] PluginManage:265 - PluginManage : Loaded plugins [13]
2023-09-09 12:28:31,814 [INFO] PinOutPanel:1418 - setPackage(No Configuration,No Configuration)
2023-09-09 12:28:32,011 [INFO] IPUIPlugin:64 - create IPUIPlugin
2023-09-09 12:28:32,012 [INFO] PluginManager:200 - loadIPPluginJar : add adc
2023-09-09 12:28:32,018 [INFO] IPUIPlugin:64 - create IPUIPlugin
2023-09-09 12:28:32,019 [INFO] PluginManager:200 - loadIPPluginJar : add aes
2023-09-09 12:28:32,025 [INFO] IPUIPlugin:64 - create IPUIPlugin
2023-09-09 12:28:32,026 [INFO] PluginManager:200 - loadIPPluginJar : add can
2023-09-09 12:28:32,031 [INFO] IPUIPlugin:64 - create IPUIPlugin
2023-09-09 12:28:32,032 [INFO] PluginManager:200 - loadIPPluginJar : add comp
2023-09-09 12:28:32,037 [INFO] IPUIPlugin:64 - create IPUIPlugin
2023-09-09 12:28:32,038 [INFO] PluginManager:200 - loadIPPluginJar : add cryp
2023-09-09 12:28:32,043 [INFO] IPUIPlugin:64 - create IPUIPlugin
2023-09-09 12:28:32,043 [INFO] PluginManager:200 - loadIPPluginJar : add dfsdm
2023-09-09 12:28:32,057 [INFO] IPUIPlugin:64 - create IPUIPlugin
2023-09-09 12:28:32,059 [INFO] PluginManager:200 - loadIPPluginJar : add dma
2023-09-09 12:28:32,066 [INFO] IPUIPlugin:64 - create IPUIPlugin
2023-09-09 12:28:32,067 [INFO] PluginManager:200 - loadIPPluginJar : add fatfs
2023-09-09 12:28:32,079 [INFO] IPUIPlugin:64 - create IPUIPlugin
2023-09-09 12:28:32,079 [INFO] PluginManager:200 - loadIPPluginJar : add fmc
2023-09-09 12:28:32,098 [INFO] IPUIPlugin:64 - create IPUIPlugin
2023-09-09 12:28:32,099 [INFO] PluginManager:200 - loadIPPluginJar : add freertos
2023-09-09 12:28:32,100 [INFO] IPUIPlugin:64 - create IPUIPlugin
2023-09-09 12:28:32,100 [INFO] PluginManager:200 - loadIPPluginJar : add genericplugin
2023-09-09 12:28:32,105 [INFO] IPUIPlugin:64 - create IPUIPlugin
2023-09-09 12:28:32,105 [INFO] PluginManager:200 - loadIPPluginJar : add gfxmmu
2023-09-09 12:28:32,122 [INFO] IPUIPlugin:64 - create IPUIPlugin
2023-09-09 12:28:32,122 [INFO] PluginManager:200 - loadIPPluginJar : add gic
2023-09-09 12:28:32,132 [INFO] IPUIPlugin:64 - create IPUIPlugin
2023-09-09 12:28:32,132 [INFO] PluginManager:200 - loadIPPluginJar : add gpio
2023-09-09 12:28:32,144 [INFO] IPUIPlugin:64 - create IPUIPlugin
2023-09-09 12:28:32,144 [INFO] PluginManager:200 - loadIPPluginJar : add gtzc
2023-09-09 12:28:32,150 [INFO] IPUIPlugin:64 - create IPUIPlugin
2023-09-09 12:28:32,150 [INFO] PluginManager:200 - loadIPPluginJar : add hash
2023-09-09 12:28:32,156 [INFO] IPUIPlugin:64 - create IPUIPlugin
2023-09-09 12:28:32,156 [INFO] PluginManager:200 - loadIPPluginJar : add i2c
2023-09-09 12:28:32,163 [INFO] IPUIPlugin:64 - create IPUIPlugin
2023-09-09 12:28:32,163 [INFO] PluginManager:200 - loadIPPluginJar : add i2s
2023-09-09 12:28:32,170 [INFO] IPUIPlugin:64 - create IPUIPlugin
2023-09-09 12:28:32,173 [INFO] PluginManager:200 - loadIPPluginJar : add ipddr
2023-09-09 12:28:32,177 [INFO] IPUIPlugin:64 - create IPUIPlugin
2023-09-09 12:28:32,178 [INFO] PluginManager:200 - loadIPPluginJar : add ltdc
2023-09-09 12:28:32,187 [INFO] IPUIPlugin:64 - create IPUIPlugin
2023-09-09 12:28:32,187 [INFO] PluginManager:200 - loadIPPluginJar : add mdma
2023-09-09 12:28:32,198 [INFO] IPUIPlugin:64 - create IPUIPlugin
2023-09-09 12:28:32,198 [INFO] PluginManager:200 - loadIPPluginJar : add nvic
2023-09-09 12:28:32,204 [INFO] IPUIPlugin:64 - create IPUIPlugin
2023-09-09 12:28:32,204 [INFO] PluginManager:200 - loadIPPluginJar : add opamp
2023-09-09 12:28:32,210 [INFO] IPUIPlugin:64 - create IPUIPlugin
2023-09-09 12:28:32,210 [INFO] PluginManager:200 - loadIPPluginJar : add openamp
2023-09-09 12:28:32,218 [INFO] IPUIPlugin:64 - create IPUIPlugin
2023-09-09 12:28:32,218 [INFO] PluginManager:200 - loadIPPluginJar : add pdm2pcm
2023-09-09 12:28:32,262 [INFO] IPUIPlugin:64 - create IPUIPlugin
2023-09-09 12:28:32,273 [INFO] PluginManager:200 - loadIPPluginJar : add plateformsettings
2023-09-09 12:28:32,277 [INFO] IPUIPlugin:64 - create IPUIPlugin
2023-09-09 12:28:32,278 [INFO] PluginManager:200 - loadIPPluginJar : add quadspi
2023-09-09 12:28:32,285 [INFO] IPUIPlugin:64 - create IPUIPlugin
2023-09-09 12:28:32,285 [INFO] PluginManager:200 - loadIPPluginJar : add resmgrutility
2023-09-09 12:28:32,292 [INFO] IPUIPlugin:64 - create IPUIPlugin
2023-09-09 12:28:32,292 [INFO] PluginManager:200 - loadIPPluginJar : add sai
2023-09-09 12:28:32,302 [INFO] IPUIPlugin:64 - create IPUIPlugin
2023-09-09 12:28:32,302 [INFO] PluginManager:200 - loadIPPluginJar : add spi
2023-09-09 12:28:32,312 [INFO] IPUIPlugin:64 - create IPUIPlugin
2023-09-09 12:28:32,312 [INFO] PluginManager:200 - loadIPPluginJar : add stm32_wpan
2023-09-09 12:28:32,317 [INFO] IPUIPlugin:64 - create IPUIPlugin
2023-09-09 12:28:32,317 [INFO] PluginManager:200 - loadIPPluginJar : add tim
2023-09-09 12:28:32,323 [INFO] IPUIPlugin:64 - create IPUIPlugin
2023-09-09 12:28:32,323 [INFO] PluginManager:200 - loadIPPluginJar : add touchsensing
2023-09-09 12:28:32,330 [INFO] IPUIPlugin:64 - create IPUIPlugin
2023-09-09 12:28:32,330 [INFO] PluginManager:200 - loadIPPluginJar : add tracer_emb
2023-09-09 12:28:32,332 [INFO] IPUIPlugin:64 - create IPUIPlugin
2023-09-09 12:28:32,332 [INFO] PluginManager:200 - loadIPPluginJar : add ts
2023-09-09 12:28:32,337 [INFO] IPUIPlugin:64 - create IPUIPlugin
2023-09-09 12:28:32,340 [INFO] PluginManager:200 - loadIPPluginJar : add tsc
2023-09-09 12:28:32,344 [INFO] IPUIPlugin:64 - create IPUIPlugin
2023-09-09 12:28:32,344 [INFO] PluginManager:200 - loadIPPluginJar : add ucpd
2023-09-09 12:28:32,353 [INFO] IPUIPlugin:64 - create IPUIPlugin
2023-09-09 12:28:32,353 [INFO] PluginManager:200 - loadIPPluginJar : add usart
2023-09-09 12:28:34,772 [INFO] CubeProgrammer:457 - [DDR PANEL] - PathOfProgrammer: null
2023-09-09 12:28:36,808 [FATAL] Updater:282 - Updater called before beeing initialized
2023-09-09 12:28:37,255 [FATAL] Updater:282 - Updater called before beeing initialized
2023-09-09 12:28:37,255 [WARN] ThirdParty:775 - waiting for thirdparty lock release [close project]
2023-09-09 12:28:37,255 [INFO] ThirdParty:777 - entering critical section [close project]
2023-09-09 12:28:37,257 [INFO] ThirdParty:790 - exiting critical section [close project]
2023-09-09 12:28:37,264 [INFO] PinOutPanel:1418 - setPackage(No Configuration,No Configuration)
2023-09-09 12:28:37,265 [FATAL] Updater:282 - Updater called before beeing initialized
2023-09-09 12:28:37,282 [ERROR] Updater:967 - MainUpdater not yet initialized. External WinMGr cannot be set.
2023-09-09 12:28:37,285 [INFO] CubeProgrammer:457 - [DDR PANEL] - PathOfProgrammer: C:\ST\STM32CubeIDE_1.4.0\STM32CubeIDE\plugins\com.st.stm32cube.ide.mcu.externaltools.cubeprogrammer.win32_1.4.0.202007081208\tools\bin
2023-09-09 12:28:37,294 [INFO] ProgrammerExecThread:148 - [ProgrammerAPI] CubeProgrammer command construction: C:\ST\STM32CubeIDE_1.4.0\STM32CubeIDE\plugins\com.st.stm32cube.ide.mcu.externaltools.cubeprogrammer.win32_1.4.0.202007081208\tools\bin\STM32_Programmer_CLI.exe -l
2023-09-09 12:28:37,541 [INFO] MainDdrPanel:49 - [DDR PANEL] SETTER - Set cubeProgrammerPath to: C:\ST\STM32CubeIDE_1.4.0\STM32CubeIDE\plugins\com.st.stm32cube.ide.mcu.externaltools.cubeprogrammer.win32_1.4.0.202007081208\tools\bin
2023-09-09 12:28:37,584 [INFO] Updater:904 - Updater Version found : 6.0.0
2023-09-09 12:28:37,629 [INFO] ApplicationProperties:181 - Using Application install path: C:\ST\STM32CubeIDE_1.4.0\STM32CubeIDE\plugins\com.st.stm32cube.common.mx_6.0.0.202007160824
2023-09-09 12:28:38,205 [INFO] MainUpdater:2268 - connection check result : 10
2023-09-09 12:28:38,207 [INFO] MainUpdater:239 - Updater Check For Update Now.
2023-09-09 12:28:38,207 [INFO] MicroXplorer:414 - Change Database Version : DB.6.0.0
2023-09-09 12:28:38,437 [INFO] CheckServerUpdateThread:102 - End of CheckServer Thread
2023-09-09 12:28:38,437 [INFO] MainUpdater:2268 - connection check result : 10
2023-09-09 12:28:39,599 [INFO] McuFinderGlobals:40 - Set McuFinder mode to 2 (CubeIDE integrated)
2023-09-09 12:28:39,850 [WARN] IntegrityCheckThread:61 - waiting for thirdparty lock release [integrity check]
2023-09-09 12:28:39,850 [INFO] IntegrityCheckThread:63 - entering critical section [integrity check]
2023-09-09 12:28:39,945 [INFO] CrossSelectorPresenter:1330 - Cross Selector saved comparison directory: C:\Users\Nada\.stmcufinder\plugins\mcufinder\mcu\cs_comparisons_mx
2023-09-09 12:28:39,949 [INFO] MultiScanPanel:193 - Auto-refresh data requested => check proxy status ongoing
2023-09-09 12:28:39,954 [INFO] FinderPluginLoader:87 - Searching for filters in installed packs
2023-09-09 12:28:39,956 [INFO] DbMcusXml:100 - Load MCU database from C:\ST\STM32CubeIDE_1.4.0\STM32CubeIDE\plugins\com.st.stm32cube.common.mx_6.0.0.202007160824\\db\/mcu/families.xml
2023-09-09 12:28:40,426 [INFO] ThirdPartyDb:299 - Save Third Party DataBase File (C:/Users/Nada/.stm32cubemx/plugins/thirdparty/db/thirdparties_db.xml) [forced]
2023-09-09 12:28:40,506 [INFO] ThirdPartyDb:299 - Save Third Party DataBase File (C:/Users/Nada/.stm32cubemx/plugins/thirdparty/db/thirdparties_db.xml) [forced]
2023-09-09 12:28:40,551 [INFO] IntegrityCheckThread:76 - exiting critical section [integrity check]
2023-09-09 12:28:40,551 [INFO] IntegrityCheckThread:79 - End integrity checks thread
2023-09-09 12:28:41,090 [INFO] DbMcusJson:92 - JSON generation date=Tue Nov 16 18:17:54 EET 2021 (1637079474)
2023-09-09 12:28:42,814 [INFO] DbMcus:175 - Found 1761 MCUs (1722 are supported by CubeMX, 1911 are visible in CubeMX)
2023-09-09 12:28:42,815 [INFO] ApiDb:201 - Load user favorites file C:\Users\Nada/.stm32cubeide/favorites.mcus.txt: 0 item(s)
2023-09-09 12:28:42,816 [INFO] ApiDb:205 - User favorites MCUs=[]
2023-09-09 12:28:42,816 [INFO] DbMcus:187 - Set 0 / 0 favorites MCUs
2023-09-09 12:28:43,451 [INFO] LoadUrlFilesThread:162 - End of LoadServerUrlFiles without Thread
2023-09-09 12:28:43,463 [INFO] DetailPanel:331 - Set advertising image to C:/Users/Nada/STM32Cube/Repository/\stm32cubemx-promo_image.jpg
2023-09-09 12:28:43,816 [INFO] McuFilterPanel:245 - Update 0 favorites MCUs
2023-09-09 12:28:43,914 [INFO] DbBoardsPdsc:94 - Found 23 items
2023-09-09 12:28:43,919 [INFO] DbBoardsPdsc:94 - Found 9 items
2023-09-09 12:28:43,923 [INFO] DbBoardsPdsc:94 - Found 29 items
2023-09-09 12:28:43,925 [INFO] DbBoardsPdsc:94 - Found 1 items
2023-09-09 12:28:43,930 [INFO] DbBoardsPdsc:94 - Found 44 items
2023-09-09 12:28:43,938 [INFO] DbBoardsPdsc:94 - Found 40 items
2023-09-09 12:28:43,938 [INFO] DbBoardsPdsc:94 - Found 2 items
2023-09-09 12:28:43,943 [INFO] DbBoardsPdsc:94 - Found 4 items
2023-09-09 12:28:43,950 [WARN] DbBoardsPdsc:258 - Board STM32H7B3I-DK: unknown feature type=Audio, name=, username=Audio stereo codec with Headphone Amp (CS42L51-CNZ), n=1
2023-09-09 12:28:43,950 [WARN] DbBoardsPdsc:258 - Board STM32H735G-DK: unknown feature type=Audio, name=, username=Audio stereo codec with Headphone Amp (WM8994ECS/R), n=1
2023-09-09 12:28:43,954 [WARN] DbBoardsPdsc:258 - Board STM32H7B3I-EVAL: unknown feature type=Audio, name=, username=Multi-Channel Audio Codec (CS42L51-CNZ), n=1
2023-09-09 12:28:43,954 [WARN] DbBoardsPdsc:258 - Board STM32H7B3I-EVAL: unknown feature type=Meter, name=, username=Power-metering and Temperature-monitoring with sigma-delta modulators, n=1
2023-09-09 12:28:43,955 [WARN] DbBoardsPdsc:258 - Board STM32H7B3I-EVAL: unknown feature type=Motor, name=, username=Motor Control, n=1
2023-09-09 12:28:43,970 [INFO] DbBoardsJson:85 - JSON generation date=Tue Nov 16 18:17:54 EET 2021 (1637079474)
2023-09-09 12:28:43,977 [INFO] DbBoards:117 - Found 166 boards (149 are supported by CubeMX)
2023-09-09 12:28:43,980 [INFO] DbBoardsDocs:145 - JSON generation date=Tue Nov 16 18:17:54 EET 2021 (1637079474)
2023-09-09 12:28:43,987 [INFO] DbBoardsDocs:81 - Found 209 boards documents
2023-09-09 12:28:43,988 [WARN] DbBoards:127 - board B-L475E-IOT01A2 has no document id list !
2023-09-09 12:28:43,989 [WARN] DbBoards:127 - board NUCLEO-H743ZI has no document id list !
2023-09-09 12:28:43,991 [WARN] DbBoards:127 - board P-NUCLEO-WB55-Nucleo has no document id list !
2023-09-09 12:28:43,991 [WARN] DbBoards:127 - board P-NUCLEO-WB55-USBDongle has no document id list !
2023-09-09 12:28:43,991 [WARN] DbBoards:127 - board STEVAL-BFA001V1B has no document id list !
2023-09-09 12:28:43,991 [WARN] DbBoards:127 - board STEVAL-BFA001V2B has no document id list !
2023-09-09 12:28:43,991 [WARN] DbBoards:127 - board STEVAL-IDP005V1 has no document id list !
2023-09-09 12:28:43,992 [WARN] DbBoards:127 - board STEVAL-IDP005V2 has no document id list !
2023-09-09 12:28:43,992 [WARN] DbBoards:127 - board STEVAL-MKSBOX1V1 has no document id list !
2023-09-09 12:28:43,992 [WARN] DbBoards:127 - board STEVAL-STWINKT1 has no document id list !
2023-09-09 12:28:43,992 [WARN] DbBoards:127 - board STEVAL-STWINKT1B has no document id list !
2023-09-09 12:28:43,992 [WARN] DbBoards:127 - board STM32439I-EVAL2 has no document id list !
2023-09-09 12:28:43,992 [WARN] DbBoards:127 - board STM32F401C-DISCO has no document id list !
2023-09-09 12:28:43,993 [WARN] DbBoards:127 - board STM32F769I-DISC1 has no document id list !
2023-09-09 12:28:43,993 [WARN] DbBoards:127 - board STM32G474E-EVAL1 has no document id list !
2023-09-09 12:28:43,993 [WARN] DbBoards:127 - board STM32H743I-EVAL2 has no document id list !
2023-09-09 12:28:43,993 [WARN] DbBoards:127 - board STM32H747I-DISC1 has no document id list !
2023-09-09 12:28:43,993 [WARN] DbBoards:127 - board STM32H753I-EVAL2 has no document id list !
2023-09-09 12:28:43,995 [WARN] DbBoards:127 - board STM32L-DISCOVERY has no document id list !
2023-09-09 12:28:44,141 [ERROR] DbBoards:189 - Image file not found for board B-L462E-CELL1: C:\ST\STM32CubeIDE_1.4.0\STM32CubeIDE\plugins\com.st.stm32cube.common.mx_6.0.0.202007160824\\db\/plugins/mcufinder/images/boards/B-L462E-CELL1_small.jpg
2023-09-09 12:28:44,237 [ERROR] DbBoards:189 - Image file not found for board B-U585I-IOT02A: C:\ST\STM32CubeIDE_1.4.0\STM32CubeIDE\plugins\com.st.stm32cube.common.mx_6.0.0.202007160824\\db\/plugins/mcufinder/images/boards/B-U585I-IOT02A_small.jpg
2023-09-09 12:28:44,527 [ERROR] DbBoards:189 - Image file not found for board NUCLEO-F413ZH: C:\ST\STM32CubeIDE_1.4.0\STM32CubeIDE\plugins\com.st.stm32cube.common.mx_6.0.0.202007160824\\db\/plugins/mcufinder/images/boards/nucleo-f413zh_small.jpg
2023-09-09 12:28:44,826 [ERROR] DbBoards:189 - Image file not found for board NUCLEO-L552ZE-Q: C:\ST\STM32CubeIDE_1.4.0\STM32CubeIDE\plugins\com.st.stm32cube.common.mx_6.0.0.202007160824\\db\/plugins/mcufinder/images/boards/nucleo_l552ze_q_small.jpg
2023-09-09 12:28:44,826 [ERROR] DbBoards:189 - Image file not found for board NUCLEO-U575ZI-Q: C:\ST\STM32CubeIDE_1.4.0\STM32CubeIDE\plugins\com.st.stm32cube.common.mx_6.0.0.202007160824\\db\/plugins/mcufinder/images/boards/nucleo-u575zi-q_small.jpg
2023-09-09 12:28:44,826 [ERROR] DbBoards:189 - Image file not found for board NUCLEO-WB15CC: C:\ST\STM32CubeIDE_1.4.0\STM32CubeIDE\plugins\com.st.stm32cube.common.mx_6.0.0.202007160824\\db\/plugins/mcufinder/images/boards/nucleo-wb15cc_small.jpg
2023-09-09 12:28:44,826 [ERROR] DbBoards:189 - Image file not found for board NUCLEO-WB55RG: C:\ST\STM32CubeIDE_1.4.0\STM32CubeIDE\plugins\com.st.stm32cube.common.mx_6.0.0.202007160824\\db\/plugins/mcufinder/images/boards/nucleo-wb55rg_small.jpg
2023-09-09 12:28:44,827 [ERROR] DbBoards:189 - Image file not found for board NUCLEO-WL55JC: C:\ST\STM32CubeIDE_1.4.0\STM32CubeIDE\plugins\com.st.stm32cube.common.mx_6.0.0.202007160824\\db\/plugins/mcufinder/images/boards/nucleo-wl55jc-small.jpg
2023-09-09 12:28:45,129 [ERROR] DbBoards:189 - Image file not found for board STEVAL-STWINKT1B: C:\ST\STM32CubeIDE_1.4.0\STM32CubeIDE\plugins\com.st.stm32cube.common.mx_6.0.0.202007160824\\db\/plugins/mcufinder/images/boards/steval-stwinkt1b_small.jpg
2023-09-09 12:28:45,657 [ERROR] DbBoards:189 - Image file not found for board STM32G0C1E-EV: C:\ST\STM32CubeIDE_1.4.0\STM32CubeIDE\plugins\com.st.stm32cube.common.mx_6.0.0.202007160824\\db\/plugins/mcufinder/images/boards/stm32g0c1e-eval_small.jpg
2023-09-09 12:28:45,920 [ERROR] DbBoards:189 - Image file not found for board STM32H7B3I-EVAL: C:\ST\STM32CubeIDE_1.4.0\STM32CubeIDE\plugins\com.st.stm32cube.common.mx_6.0.0.202007160824\\db\/plugins/mcufinder/images/boards/stm32h7b3ieval_small.jpg
2023-09-09 12:28:46,297 [ERROR] DbBoards:189 - Image file not found for board STM32U575I-EV: C:\ST\STM32CubeIDE_1.4.0\STM32CubeIDE\plugins\com.st.stm32cube.common.mx_6.0.0.202007160824\\db\/plugins/mcufinder/images/boards/stm32u575i-ev_small.jpg
2023-09-09 12:28:46,341 [ERROR] DbBoards:189 - Image file not found for board STM32WB5MM-DK: C:\ST\STM32CubeIDE_1.4.0\STM32CubeIDE\plugins\com.st.stm32cube.common.mx_6.0.0.202007160824\\db\/plugins/mcufinder/images/boards/STM32WB5MM-DK_small.jpg
2023-09-09 12:28:46,341 [INFO] ApiDb:201 - Load user favorites file C:\Users\Nada/.stm32cubeide/favorites.boards.txt: 0 item(s)
2023-09-09 12:28:46,341 [INFO] ApiDb:205 - User favorites Boards=[]
2023-09-09 12:28:46,341 [INFO] DbBoards:206 - Set 0 / 0 favorites Boards
2023-09-09 12:29:10,845 [INFO] DbMcusDocs:145 - JSON generation date=Tue Nov 16 18:17:54 EET 2021 (1637079474)
2023-09-09 12:29:11,140 [INFO] DbMcusDocs:81 - Found 682 MCUs documents
2023-09-09 12:29:17,002 [INFO] RetryExec:97 - I/O exception (org.apache.http.NoHttpResponseException) caught when processing request to {s}->https://download.eclipse.org:443: The target server failed to respond
2023-09-09 12:29:17,008 [INFO] RetryExec:113 - Retrying request to {s}->https://download.eclipse.org:443
2023-09-09 12:29:17,186 [INFO] LogOutputStream:76 - [STDOUT_REDIRECT] withoutVersionV1.8.4
2023-09-09 12:29:17,188 [INFO] LogOutputStream:76 - [STDOUT_REDIRECT] withoutVersionV1.8.3
2023-09-09 12:29:17,189 [INFO] LogOutputStream:76 - [STDOUT_REDIRECT] withoutVersionV1.8.2
2023-09-09 12:29:17,189 [INFO] LogOutputStream:76 - [STDOUT_REDIRECT] withoutVersionV1.8.1
2023-09-09 12:29:17,190 [INFO] LogOutputStream:76 - [STDOUT_REDIRECT] withoutVersionV1.8.0
2023-09-09 12:29:17,758 [INFO] RetryExec:97 - I/O exception (org.apache.http.NoHttpResponseException) caught when processing request to {s}->https://archive.eclipse.org:443: The target server failed to respond
2023-09-09 12:29:17,758 [INFO] RetryExec:113 - Retrying request to {s}->https://archive.eclipse.org:443
2023-09-09 12:29:20,406 [INFO] ApiDb:226 - Save user favorites file C:\Users\Nada/.stm32cubeide/favorites.mcus.txt: 0 item(s)
2023-09-09 12:29:20,407 [INFO] ApiDb:230 - User favorites MCUs=[]
