2023-09-09 12:15:40,118 [INFO] Activator:178 - 


2023-09-09 12:15:40,123 [INFO] Activator:179 - !SESSION log4j initialized
2023-09-09 12:15:47,894 [INFO] ApplicationProperties:181 - Using Application install path: C:\ST\STM32CubeIDE_1.4.0\STM32CubeIDE\plugins\com.st.stm32cube.common.mx_6.0.0.202007160824
2023-09-09 12:15:47,901 [INFO] DbMcusXml:70 - Set database path to: C:\ST\STM32CubeIDE_1.4.0\STM32CubeIDE\plugins\com.st.stm32cube.common.mx_6.0.0.202007160824\\db\/mcu/
2023-09-09 12:15:47,906 [INFO] DbBoardsPdsc:56 - Set plugin database path to: C:\ST\STM32CubeIDE_1.4.0\STM32CubeIDE\plugins\com.st.stm32cube.common.mx_6.0.0.202007160824\\db\/plugins/boardmanager/
2023-09-09 12:15:47,909 [INFO] DbMcus:258 - Set plugin images path to: C:\ST\STM32CubeIDE_1.4.0\STM32CubeIDE\plugins\com.st.stm32cube.common.mx_6.0.0.202007160824\\db\/plugins/mcufinder/images/
2023-09-09 12:15:47,910 [INFO] DbBoards:264 - Set plugin images path to: C:\ST\STM32CubeIDE_1.4.0\STM32CubeIDE\plugins\com.st.stm32cube.common.mx_6.0.0.202007160824\\db\/plugins/mcufinder/images/
2023-09-09 12:15:47,910 [INFO] DbExamples:326 - Set plugin images path to: C:\ST\STM32CubeIDE_1.4.0\STM32CubeIDE\plugins\com.st.stm32cube.common.mx_6.0.0.202007160824\\db\/plugins/mcufinder/images/
2023-09-09 12:15:47,918 [INFO] DbMcusDocs:112 - Set database path to: C:\Users\Nada\.stmcufinder\plugins\mcufinder//mcu/
2023-09-09 12:15:47,918 [INFO] DbMcusJson:63 - Set database path to: C:\Users\Nada\.stmcufinder\plugins\mcufinder//mcu/
2023-09-09 12:15:47,918 [INFO] DbBoardsDocs:112 - Set database path to: C:\Users\Nada\.stmcufinder\plugins\mcufinder//mcu/
2023-09-09 12:15:47,923 [INFO] DbBoardsJson:56 - Set database path to: C:\Users\Nada\.stmcufinder\plugins\mcufinder//mcu/
2023-09-09 12:15:47,926 [INFO] CrossReferenceDbSqlite:196 - Set database path to: C:\Users\Nada\.stmcufinder\plugins\mcufinder//mcu/cs/
2023-09-09 12:15:47,928 [INFO] DbExamplesSqlite:800 - Set database path to: C:\Users\Nada\.stmcufinder\plugins\mcufinder//mcu/
2023-09-09 12:15:48,072 [INFO] RulesReader:52 - Compatibility file has been processed (209 Rules)
2023-09-09 12:15:48,162 [INFO] MicroXplorer:564 - Detected Java Version = 1.8.0_252
2023-09-09 12:15:48,162 [INFO] DbMcusXml:70 - Set database path to: C:\ST\STM32CubeIDE_1.4.0\STM32CubeIDE\plugins\com.st.stm32cube.common.mx_6.0.0.202007160824\\db\/mcu/
2023-09-09 12:15:48,162 [INFO] DbBoardsPdsc:56 - Set plugin database path to: C:\ST\STM32CubeIDE_1.4.0\STM32CubeIDE\plugins\com.st.stm32cube.common.mx_6.0.0.202007160824\\db\/plugins/boardmanager/
2023-09-09 12:15:48,164 [INFO] DbMcus:258 - Set plugin images path to: C:\ST\STM32CubeIDE_1.4.0\STM32CubeIDE\plugins\com.st.stm32cube.common.mx_6.0.0.202007160824\\db\/plugins/mcufinder/images/
2023-09-09 12:15:48,164 [INFO] DbBoards:264 - Set plugin images path to: C:\ST\STM32CubeIDE_1.4.0\STM32CubeIDE\plugins\com.st.stm32cube.common.mx_6.0.0.202007160824\\db\/plugins/mcufinder/images/
2023-09-09 12:15:48,164 [INFO] DbExamples:326 - Set plugin images path to: C:\ST\STM32CubeIDE_1.4.0\STM32CubeIDE\plugins\com.st.stm32cube.common.mx_6.0.0.202007160824\\db\/plugins/mcufinder/images/
2023-09-09 12:15:48,164 [WARN] DbFile:36 - Overriding database path with different value: C:\Users\Nada\.stmcufinder\plugins\mcufinder/ => C:\Users\Nada\.stmcufinder\plugins\mcufinder
2023-09-09 12:15:48,164 [INFO] DbMcusDocs:112 - Set database path to: C:\Users\Nada\.stmcufinder\plugins\mcufinder//mcu/
2023-09-09 12:15:48,164 [WARN] DbFile:36 - Overriding database path with different value: C:\Users\Nada\.stmcufinder\plugins\mcufinder/ => C:\Users\Nada\.stmcufinder\plugins\mcufinder
2023-09-09 12:15:48,165 [INFO] DbMcusJson:63 - Set database path to: C:\Users\Nada\.stmcufinder\plugins\mcufinder//mcu/
2023-09-09 12:15:48,165 [WARN] DbFile:36 - Overriding database path with different value: C:\Users\Nada\.stmcufinder\plugins\mcufinder/ => C:\Users\Nada\.stmcufinder\plugins\mcufinder
2023-09-09 12:15:48,165 [INFO] DbBoardsDocs:112 - Set database path to: C:\Users\Nada\.stmcufinder\plugins\mcufinder//mcu/
2023-09-09 12:15:48,165 [WARN] DbFile:36 - Overriding database path with different value: C:\Users\Nada\.stmcufinder\plugins\mcufinder/ => C:\Users\Nada\.stmcufinder\plugins\mcufinder
2023-09-09 12:15:48,166 [INFO] DbBoardsJson:56 - Set database path to: C:\Users\Nada\.stmcufinder\plugins\mcufinder//mcu/
2023-09-09 12:15:48,166 [WARN] DbFile:36 - Overriding database path with different value: C:\Users\Nada\.stmcufinder\plugins\mcufinder/ => C:\Users\Nada\.stmcufinder\plugins\mcufinder
2023-09-09 12:15:48,166 [WARN] DbFile:36 - Overriding database path with different value: C:\Users\Nada\.stmcufinder\plugins\mcufinder/ => C:\Users\Nada\.stmcufinder\plugins\mcufinder
2023-09-09 12:15:48,166 [INFO] CrossReferenceDbSqlite:196 - Set database path to: C:\Users\Nada\.stmcufinder\plugins\mcufinder//mcu/cs/
2023-09-09 12:15:48,166 [WARN] DbFile:36 - Overriding database path with different value: C:\Users\Nada\.stmcufinder\plugins\mcufinder/ => C:\Users\Nada\.stmcufinder\plugins\mcufinder
2023-09-09 12:15:48,166 [INFO] DbExamplesSqlite:800 - Set database path to: C:\Users\Nada\.stmcufinder\plugins\mcufinder//mcu/
2023-09-09 12:15:48,259 [INFO] MainPanel:189 - HeapMemory: 268435456
2023-09-09 12:15:48,379 [INFO] DbMcusXml:70 - Set database path to: C:\ST\STM32CubeIDE_1.4.0\STM32CubeIDE\plugins\com.st.stm32cube.common.mx_6.0.0.202007160824\\db\/mcu/
2023-09-09 12:15:48,380 [INFO] DbBoardsPdsc:56 - Set plugin database path to: C:\ST\STM32CubeIDE_1.4.0\STM32CubeIDE\plugins\com.st.stm32cube.common.mx_6.0.0.202007160824\\db\/plugins/boardmanager/
2023-09-09 12:15:48,380 [INFO] DbMcus:258 - Set plugin images path to: C:\ST\STM32CubeIDE_1.4.0\STM32CubeIDE\plugins\com.st.stm32cube.common.mx_6.0.0.202007160824\\db\/plugins/mcufinder/images/
2023-09-09 12:15:48,381 [INFO] DbBoards:264 - Set plugin images path to: C:\ST\STM32CubeIDE_1.4.0\STM32CubeIDE\plugins\com.st.stm32cube.common.mx_6.0.0.202007160824\\db\/plugins/mcufinder/images/
2023-09-09 12:15:48,381 [INFO] DbExamples:326 - Set plugin images path to: C:\ST\STM32CubeIDE_1.4.0\STM32CubeIDE\plugins\com.st.stm32cube.common.mx_6.0.0.202007160824\\db\/plugins/mcufinder/images/
2023-09-09 12:15:48,382 [WARN] DbFile:36 - Overriding database path with different value: C:\Users\Nada\.stmcufinder\plugins\mcufinder/ => C:\Users\Nada\.stmcufinder\plugins\mcufinder
2023-09-09 12:15:48,383 [INFO] DbMcusDocs:112 - Set database path to: C:\Users\Nada\.stmcufinder\plugins\mcufinder//mcu/
2023-09-09 12:15:48,383 [WARN] DbFile:36 - Overriding database path with different value: C:\Users\Nada\.stmcufinder\plugins\mcufinder/ => C:\Users\Nada\.stmcufinder\plugins\mcufinder
2023-09-09 12:15:48,384 [INFO] DbMcusJson:63 - Set database path to: C:\Users\Nada\.stmcufinder\plugins\mcufinder//mcu/
2023-09-09 12:15:48,384 [WARN] DbFile:36 - Overriding database path with different value: C:\Users\Nada\.stmcufinder\plugins\mcufinder/ => C:\Users\Nada\.stmcufinder\plugins\mcufinder
2023-09-09 12:15:48,384 [INFO] DbBoardsDocs:112 - Set database path to: C:\Users\Nada\.stmcufinder\plugins\mcufinder//mcu/
2023-09-09 12:15:48,384 [WARN] DbFile:36 - Overriding database path with different value: C:\Users\Nada\.stmcufinder\plugins\mcufinder/ => C:\Users\Nada\.stmcufinder\plugins\mcufinder
2023-09-09 12:15:48,384 [INFO] DbBoardsJson:56 - Set database path to: C:\Users\Nada\.stmcufinder\plugins\mcufinder//mcu/
2023-09-09 12:15:48,384 [WARN] DbFile:36 - Overriding database path with different value: C:\Users\Nada\.stmcufinder\plugins\mcufinder/ => C:\Users\Nada\.stmcufinder\plugins\mcufinder
2023-09-09 12:15:48,384 [WARN] DbFile:36 - Overriding database path with different value: C:\Users\Nada\.stmcufinder\plugins\mcufinder/ => C:\Users\Nada\.stmcufinder\plugins\mcufinder
2023-09-09 12:15:48,384 [INFO] CrossReferenceDbSqlite:196 - Set database path to: C:\Users\Nada\.stmcufinder\plugins\mcufinder//mcu/cs/
2023-09-09 12:15:48,384 [WARN] DbFile:36 - Overriding database path with different value: C:\Users\Nada\.stmcufinder\plugins\mcufinder/ => C:\Users\Nada\.stmcufinder\plugins\mcufinder
2023-09-09 12:15:48,384 [INFO] DbExamplesSqlite:800 - Set database path to: C:\Users\Nada\.stmcufinder\plugins\mcufinder//mcu/
2023-09-09 12:15:48,450 [INFO] ApplicationProperties:181 - Using Application install path: C:\ST\STM32CubeIDE_1.4.0\STM32CubeIDE\plugins\com.st.stm32cube.common.mx_6.0.0.202007160824
2023-09-09 12:15:48,454 [INFO] PluginManage:178 - Search for loadable plugins [exclusion list=, ]
2023-09-09 12:15:48,456 [INFO] PluginManage:292 - Check plugin analytics
2023-09-09 12:15:55,218 [INFO] AnalyticsPlugin:203 - Accepted Software Licenses: 
2023-09-09 12:15:55,219 [INFO] AnalyticsPlugin:205 - Accepted CMSIS Pack Licenses: 
2023-09-09 12:15:55,221 [INFO] AnalyticsPlugin:207 - Accepted Firmware Licenses: 
2023-09-09 12:15:55,222 [INFO] PluginManage:342 - Loaded plugin analytics (category:tool,tabindex:-1)
2023-09-09 12:15:55,222 [INFO] PluginManage:292 - Check plugin clock
2023-09-09 12:15:55,242 [INFO] PluginManage:342 - Loaded plugin clock (category:base,tabindex:2)
2023-09-09 12:15:55,243 [INFO] PluginManage:292 - Check plugin ddr
2023-09-09 12:15:55,255 [INFO] PluginManage:342 - Loaded plugin ddr (category:tool,tabindex:6)
2023-09-09 12:15:55,255 [INFO] PluginManage:292 - Check plugin filemanager
2023-09-09 12:15:55,481 [INFO] PluginManage:342 - Loaded plugin filemanager (category:base,tabindex:10)
2023-09-09 12:15:55,481 [INFO] PluginManage:292 - Check plugin ipmanager
2023-09-09 12:15:55,490 [INFO] PluginManage:342 - Loaded plugin ipmanager (category:base,tabindex:5)
2023-09-09 12:15:55,490 [INFO] PluginManage:292 - Check plugin pinoutandconfiguration
2023-09-09 12:15:55,503 [INFO] PluginManage:342 - Loaded plugin pinoutandconfiguration (category:base,tabindex:1)
2023-09-09 12:15:55,503 [INFO] PluginManage:292 - Check plugin pinoutconfig
2023-09-09 12:15:55,554 [INFO] PluginManage:342 - Loaded plugin pinoutconfig (category:base,tabindex:0)
2023-09-09 12:15:55,554 [INFO] PluginManage:292 - Check plugin power
2023-09-09 12:15:55,578 [INFO] PluginManage:342 - Loaded plugin power (category:power,tabindex:4)
2023-09-09 12:15:55,579 [INFO] PluginManage:292 - Check plugin projectmanager
2023-09-09 12:15:55,626 [INFO] PluginManage:342 - Loaded plugin projectmanager (category:projectmanager,tabindex:3)
2023-09-09 12:15:55,626 [INFO] PluginManage:292 - Check plugin thirdparty
2023-09-09 12:15:55,778 [INFO] ThirdPartyDb:333 - Open Third Party DataBase File (C:/Users/Nada/.stm32cubemx/plugins/thirdparty/db/thirdparties_db.xml) : 52 ms. number of Sw pack : 48
2023-09-09 12:15:55,785 [INFO] PluginManage:342 - Loaded plugin thirdparty (category:base,tabindex:-1)
2023-09-09 12:15:55,786 [INFO] PluginManage:292 - Check plugin tools
2023-09-09 12:15:55,786 [INFO] PluginManage:342 - Loaded plugin tools (category:base,tabindex:7)
2023-09-09 12:15:55,786 [INFO] PluginManage:292 - Check plugin tutovideos
2023-09-09 12:15:56,120 [INFO] PluginManage:342 - Loaded plugin tutovideos (category:base,tabindex:-1)
2023-09-09 12:15:56,120 [INFO] PluginManage:292 - Check plugin updater
2023-09-09 12:15:56,146 [INFO] PluginManage:342 - Loaded plugin updater (category:base,tabindex:12)
2023-09-09 12:15:56,148 [INFO] PluginManage:265 - PluginManage : Loaded plugins [13]
2023-09-09 12:15:56,362 [INFO] PinOutPanel:1418 - setPackage(No Configuration,No Configuration)
2023-09-09 12:15:56,478 [INFO] IPUIPlugin:64 - create IPUIPlugin
2023-09-09 12:15:56,479 [INFO] PluginManager:200 - loadIPPluginJar : add adc
2023-09-09 12:15:56,483 [INFO] IPUIPlugin:64 - create IPUIPlugin
2023-09-09 12:15:56,483 [INFO] PluginManager:200 - loadIPPluginJar : add aes
2023-09-09 12:15:56,487 [INFO] IPUIPlugin:64 - create IPUIPlugin
2023-09-09 12:15:56,487 [INFO] PluginManager:200 - loadIPPluginJar : add can
2023-09-09 12:15:56,490 [INFO] IPUIPlugin:64 - create IPUIPlugin
2023-09-09 12:15:56,490 [INFO] PluginManager:200 - loadIPPluginJar : add comp
2023-09-09 12:15:56,495 [INFO] IPUIPlugin:64 - create IPUIPlugin
2023-09-09 12:15:56,496 [INFO] PluginManager:200 - loadIPPluginJar : add cryp
2023-09-09 12:15:56,499 [INFO] IPUIPlugin:64 - create IPUIPlugin
2023-09-09 12:15:56,500 [INFO] PluginManager:200 - loadIPPluginJar : add dfsdm
2023-09-09 12:15:56,509 [INFO] IPUIPlugin:64 - create IPUIPlugin
2023-09-09 12:15:56,510 [INFO] PluginManager:200 - loadIPPluginJar : add dma
2023-09-09 12:15:56,512 [INFO] IPUIPlugin:64 - create IPUIPlugin
2023-09-09 12:15:56,512 [INFO] PluginManager:200 - loadIPPluginJar : add fatfs
2023-09-09 12:15:56,519 [INFO] IPUIPlugin:64 - create IPUIPlugin
2023-09-09 12:15:56,519 [INFO] PluginManager:200 - loadIPPluginJar : add fmc
2023-09-09 12:15:56,530 [INFO] IPUIPlugin:64 - create IPUIPlugin
2023-09-09 12:15:56,530 [INFO] PluginManager:200 - loadIPPluginJar : add freertos
2023-09-09 12:15:56,532 [INFO] IPUIPlugin:64 - create IPUIPlugin
2023-09-09 12:15:56,532 [INFO] PluginManager:200 - loadIPPluginJar : add genericplugin
2023-09-09 12:15:56,536 [INFO] IPUIPlugin:64 - create IPUIPlugin
2023-09-09 12:15:56,536 [INFO] PluginManager:200 - loadIPPluginJar : add gfxmmu
2023-09-09 12:15:56,540 [INFO] IPUIPlugin:64 - create IPUIPlugin
2023-09-09 12:15:56,543 [INFO] PluginManager:200 - loadIPPluginJar : add gic
2023-09-09 12:15:56,548 [INFO] IPUIPlugin:64 - create IPUIPlugin
2023-09-09 12:15:56,549 [INFO] PluginManager:200 - loadIPPluginJar : add gpio
2023-09-09 12:15:56,552 [INFO] IPUIPlugin:64 - create IPUIPlugin
2023-09-09 12:15:56,552 [INFO] PluginManager:200 - loadIPPluginJar : add gtzc
2023-09-09 12:15:56,557 [INFO] IPUIPlugin:64 - create IPUIPlugin
2023-09-09 12:15:56,557 [INFO] PluginManager:200 - loadIPPluginJar : add hash
2023-09-09 12:15:56,563 [INFO] IPUIPlugin:64 - create IPUIPlugin
2023-09-09 12:15:56,563 [INFO] PluginManager:200 - loadIPPluginJar : add i2c
2023-09-09 12:15:56,568 [INFO] IPUIPlugin:64 - create IPUIPlugin
2023-09-09 12:15:56,568 [INFO] PluginManager:200 - loadIPPluginJar : add i2s
2023-09-09 12:15:56,574 [INFO] IPUIPlugin:64 - create IPUIPlugin
2023-09-09 12:15:56,574 [INFO] PluginManager:200 - loadIPPluginJar : add ipddr
2023-09-09 12:15:56,577 [INFO] IPUIPlugin:64 - create IPUIPlugin
2023-09-09 12:15:56,577 [INFO] PluginManager:200 - loadIPPluginJar : add ltdc
2023-09-09 12:15:56,586 [INFO] IPUIPlugin:64 - create IPUIPlugin
2023-09-09 12:15:56,586 [INFO] PluginManager:200 - loadIPPluginJar : add mdma
2023-09-09 12:15:56,592 [INFO] IPUIPlugin:64 - create IPUIPlugin
2023-09-09 12:15:56,592 [INFO] PluginManager:200 - loadIPPluginJar : add nvic
2023-09-09 12:15:56,597 [INFO] IPUIPlugin:64 - create IPUIPlugin
2023-09-09 12:15:56,597 [INFO] PluginManager:200 - loadIPPluginJar : add opamp
2023-09-09 12:15:56,615 [INFO] IPUIPlugin:64 - create IPUIPlugin
2023-09-09 12:15:56,615 [INFO] PluginManager:200 - loadIPPluginJar : add openamp
2023-09-09 12:15:56,618 [INFO] IPUIPlugin:64 - create IPUIPlugin
2023-09-09 12:15:56,618 [INFO] PluginManager:200 - loadIPPluginJar : add pdm2pcm
2023-09-09 12:15:56,628 [INFO] IPUIPlugin:64 - create IPUIPlugin
2023-09-09 12:15:56,632 [INFO] PluginManager:200 - loadIPPluginJar : add plateformsettings
2023-09-09 12:15:56,635 [INFO] IPUIPlugin:64 - create IPUIPlugin
2023-09-09 12:15:56,635 [INFO] PluginManager:200 - loadIPPluginJar : add quadspi
2023-09-09 12:15:56,641 [INFO] IPUIPlugin:64 - create IPUIPlugin
2023-09-09 12:15:56,641 [INFO] PluginManager:200 - loadIPPluginJar : add resmgrutility
2023-09-09 12:15:56,647 [INFO] IPUIPlugin:64 - create IPUIPlugin
2023-09-09 12:15:56,647 [INFO] PluginManager:200 - loadIPPluginJar : add sai
2023-09-09 12:15:56,652 [INFO] IPUIPlugin:64 - create IPUIPlugin
2023-09-09 12:15:56,652 [INFO] PluginManager:200 - loadIPPluginJar : add spi
2023-09-09 12:15:56,658 [INFO] IPUIPlugin:64 - create IPUIPlugin
2023-09-09 12:15:56,659 [INFO] PluginManager:200 - loadIPPluginJar : add stm32_wpan
2023-09-09 12:15:56,661 [INFO] IPUIPlugin:64 - create IPUIPlugin
2023-09-09 12:15:56,662 [INFO] PluginManager:200 - loadIPPluginJar : add tim
2023-09-09 12:15:56,665 [INFO] IPUIPlugin:64 - create IPUIPlugin
2023-09-09 12:15:56,666 [INFO] PluginManager:200 - loadIPPluginJar : add touchsensing
2023-09-09 12:15:56,669 [INFO] IPUIPlugin:64 - create IPUIPlugin
2023-09-09 12:15:56,669 [INFO] PluginManager:200 - loadIPPluginJar : add tracer_emb
2023-09-09 12:15:56,672 [INFO] IPUIPlugin:64 - create IPUIPlugin
2023-09-09 12:15:56,674 [INFO] PluginManager:200 - loadIPPluginJar : add ts
2023-09-09 12:15:56,676 [INFO] IPUIPlugin:64 - create IPUIPlugin
2023-09-09 12:15:56,676 [INFO] PluginManager:200 - loadIPPluginJar : add tsc
2023-09-09 12:15:56,681 [INFO] IPUIPlugin:64 - create IPUIPlugin
2023-09-09 12:15:56,682 [INFO] PluginManager:200 - loadIPPluginJar : add ucpd
2023-09-09 12:15:56,685 [INFO] IPUIPlugin:64 - create IPUIPlugin
2023-09-09 12:15:56,686 [INFO] PluginManager:200 - loadIPPluginJar : add usart
2023-09-09 12:15:58,127 [INFO] CubeProgrammer:457 - [DDR PANEL] - PathOfProgrammer: null
2023-09-09 12:15:59,151 [FATAL] Updater:282 - Updater called before beeing initialized
2023-09-09 12:15:59,367 [FATAL] Updater:282 - Updater called before beeing initialized
2023-09-09 12:15:59,368 [WARN] ThirdParty:775 - waiting for thirdparty lock release [close project]
2023-09-09 12:15:59,368 [INFO] ThirdParty:777 - entering critical section [close project]
2023-09-09 12:15:59,369 [INFO] ThirdParty:790 - exiting critical section [close project]
2023-09-09 12:15:59,372 [INFO] PinOutPanel:1418 - setPackage(No Configuration,No Configuration)
2023-09-09 12:15:59,373 [FATAL] Updater:282 - Updater called before beeing initialized
2023-09-09 12:15:59,381 [ERROR] Updater:967 - MainUpdater not yet initialized. External WinMGr cannot be set.
2023-09-09 12:15:59,382 [INFO] CubeProgrammer:457 - [DDR PANEL] - PathOfProgrammer: C:\ST\STM32CubeIDE_1.4.0\STM32CubeIDE\plugins\com.st.stm32cube.ide.mcu.externaltools.cubeprogrammer.win32_1.4.0.202007081208\tools\bin
2023-09-09 12:15:59,387 [INFO] ProgrammerExecThread:148 - [ProgrammerAPI] CubeProgrammer command construction: C:\ST\STM32CubeIDE_1.4.0\STM32CubeIDE\plugins\com.st.stm32cube.ide.mcu.externaltools.cubeprogrammer.win32_1.4.0.202007081208\tools\bin\STM32_Programmer_CLI.exe -l
2023-09-09 12:15:59,595 [INFO] MainDdrPanel:49 - [DDR PANEL] SETTER - Set cubeProgrammerPath to: C:\ST\STM32CubeIDE_1.4.0\STM32CubeIDE\plugins\com.st.stm32cube.ide.mcu.externaltools.cubeprogrammer.win32_1.4.0.202007081208\tools\bin
2023-09-09 12:15:59,643 [INFO] Updater:904 - Updater Version found : 6.0.0
2023-09-09 12:15:59,697 [INFO] ApplicationProperties:181 - Using Application install path: C:\ST\STM32CubeIDE_1.4.0\STM32CubeIDE\plugins\com.st.stm32cube.common.mx_6.0.0.202007160824
2023-09-09 12:15:59,836 [INFO] MainUpdater:2268 - connection check result : 10
2023-09-09 12:15:59,837 [INFO] MainUpdater:239 - Updater Check For Update Now.
2023-09-09 12:15:59,837 [INFO] MicroXplorer:414 - Change Database Version : DB.6.0.0
2023-09-09 12:16:00,049 [INFO] CheckServerUpdateThread:102 - End of CheckServer Thread
2023-09-09 12:16:00,057 [INFO] MainUpdater:2268 - connection check result : 10
2023-09-09 12:16:00,643 [INFO] McuFinderGlobals:40 - Set McuFinder mode to 2 (CubeIDE integrated)
2023-09-09 12:16:01,059 [INFO] CrossSelectorPresenter:1330 - Cross Selector saved comparison directory: C:\Users\Nada\.stmcufinder\plugins\mcufinder\mcu\cs_comparisons_mx
2023-09-09 12:16:01,074 [INFO] MultiScanPanel:193 - Auto-refresh data requested => check proxy status ongoing
2023-09-09 12:16:01,079 [INFO] FinderPluginLoader:87 - Searching for filters in installed packs
2023-09-09 12:16:01,087 [INFO] DbMcusXml:100 - Load MCU database from C:\ST\STM32CubeIDE_1.4.0\STM32CubeIDE\plugins\com.st.stm32cube.common.mx_6.0.0.202007160824\\db\/mcu/families.xml
2023-09-09 12:16:01,798 [WARN] IntegrityCheckThread:61 - waiting for thirdparty lock release [integrity check]
2023-09-09 12:16:01,798 [INFO] IntegrityCheckThread:63 - entering critical section [integrity check]
2023-09-09 12:16:01,983 [INFO] DbMcusJson:92 - JSON generation date=Tue Nov 16 18:17:54 EET 2021 (1637079474)
2023-09-09 12:16:02,280 [INFO] ThirdPartyDb:299 - Save Third Party DataBase File (C:/Users/Nada/.stm32cubemx/plugins/thirdparty/db/thirdparties_db.xml) [forced]
2023-09-09 12:16:02,371 [INFO] ThirdPartyDb:299 - Save Third Party DataBase File (C:/Users/Nada/.stm32cubemx/plugins/thirdparty/db/thirdparties_db.xml) [forced]
2023-09-09 12:16:02,432 [INFO] IntegrityCheckThread:76 - exiting critical section [integrity check]
2023-09-09 12:16:02,433 [INFO] IntegrityCheckThread:79 - End integrity checks thread
2023-09-09 12:16:03,955 [INFO] DbMcus:175 - Found 1761 MCUs (1722 are supported by CubeMX, 1911 are visible in CubeMX)
2023-09-09 12:16:03,956 [INFO] ApiDb:201 - Load user favorites file C:\Users\Nada/.stm32cubeide/favorites.mcus.txt: 0 item(s)
2023-09-09 12:16:03,956 [INFO] ApiDb:205 - User favorites MCUs=[]
2023-09-09 12:16:03,956 [INFO] DbMcus:187 - Set 0 / 0 favorites MCUs
2023-09-09 12:16:04,555 [INFO] LoadUrlFilesThread:162 - End of LoadServerUrlFiles without Thread
2023-09-09 12:16:04,574 [INFO] DetailPanel:331 - Set advertising image to C:/Users/Nada/STM32Cube/Repository/\stm32cubemx-promo_image.jpg
2023-09-09 12:16:05,075 [INFO] McuFilterPanel:245 - Update 0 favorites MCUs
2023-09-09 12:16:05,167 [INFO] DbBoardsPdsc:94 - Found 23 items
2023-09-09 12:16:05,167 [INFO] DbBoardsPdsc:94 - Found 9 items
2023-09-09 12:16:05,173 [INFO] DbBoardsPdsc:94 - Found 29 items
2023-09-09 12:16:05,176 [INFO] DbBoardsPdsc:94 - Found 1 items
2023-09-09 12:16:05,181 [INFO] DbBoardsPdsc:94 - Found 44 items
2023-09-09 12:16:05,187 [INFO] DbBoardsPdsc:94 - Found 40 items
2023-09-09 12:16:05,190 [INFO] DbBoardsPdsc:94 - Found 2 items
2023-09-09 12:16:05,191 [INFO] DbBoardsPdsc:94 - Found 4 items
2023-09-09 12:16:05,199 [WARN] DbBoardsPdsc:258 - Board STM32H7B3I-DK: unknown feature type=Audio, name=, username=Audio stereo codec with Headphone Amp (CS42L51-CNZ), n=1
2023-09-09 12:16:05,199 [WARN] DbBoardsPdsc:258 - Board STM32H735G-DK: unknown feature type=Audio, name=, username=Audio stereo codec with Headphone Amp (WM8994ECS/R), n=1
2023-09-09 12:16:05,202 [WARN] DbBoardsPdsc:258 - Board STM32H7B3I-EVAL: unknown feature type=Audio, name=, username=Multi-Channel Audio Codec (CS42L51-CNZ), n=1
2023-09-09 12:16:05,202 [WARN] DbBoardsPdsc:258 - Board STM32H7B3I-EVAL: unknown feature type=Meter, name=, username=Power-metering and Temperature-monitoring with sigma-delta modulators, n=1
2023-09-09 12:16:05,203 [WARN] DbBoardsPdsc:258 - Board STM32H7B3I-EVAL: unknown feature type=Motor, name=, username=Motor Control, n=1
2023-09-09 12:16:05,251 [INFO] DbBoardsJson:85 - JSON generation date=Tue Nov 16 18:17:54 EET 2021 (1637079474)
2023-09-09 12:16:05,261 [INFO] DbBoards:117 - Found 166 boards (149 are supported by CubeMX)
2023-09-09 12:16:05,265 [INFO] DbBoardsDocs:145 - JSON generation date=Tue Nov 16 18:17:54 EET 2021 (1637079474)
2023-09-09 12:16:05,274 [INFO] DbBoardsDocs:81 - Found 209 boards documents
2023-09-09 12:16:05,275 [WARN] DbBoards:127 - board B-L475E-IOT01A2 has no document id list !
2023-09-09 12:16:05,277 [WARN] DbBoards:127 - board NUCLEO-H743ZI has no document id list !
2023-09-09 12:16:05,279 [WARN] DbBoards:127 - board P-NUCLEO-WB55-Nucleo has no document id list !
2023-09-09 12:16:05,279 [WARN] DbBoards:127 - board P-NUCLEO-WB55-USBDongle has no document id list !
2023-09-09 12:16:05,280 [WARN] DbBoards:127 - board STEVAL-BFA001V1B has no document id list !
2023-09-09 12:16:05,280 [WARN] DbBoards:127 - board STEVAL-BFA001V2B has no document id list !
2023-09-09 12:16:05,280 [WARN] DbBoards:127 - board STEVAL-IDP005V1 has no document id list !
2023-09-09 12:16:05,281 [WARN] DbBoards:127 - board STEVAL-IDP005V2 has no document id list !
2023-09-09 12:16:05,281 [WARN] DbBoards:127 - board STEVAL-MKSBOX1V1 has no document id list !
2023-09-09 12:16:05,281 [WARN] DbBoards:127 - board STEVAL-STWINKT1 has no document id list !
2023-09-09 12:16:05,281 [WARN] DbBoards:127 - board STEVAL-STWINKT1B has no document id list !
2023-09-09 12:16:05,283 [WARN] DbBoards:127 - board STM32439I-EVAL2 has no document id list !
2023-09-09 12:16:05,283 [WARN] DbBoards:127 - board STM32F401C-DISCO has no document id list !
2023-09-09 12:16:05,284 [WARN] DbBoards:127 - board STM32F769I-DISC1 has no document id list !
2023-09-09 12:16:05,285 [WARN] DbBoards:127 - board STM32G474E-EVAL1 has no document id list !
2023-09-09 12:16:05,286 [WARN] DbBoards:127 - board STM32H743I-EVAL2 has no document id list !
2023-09-09 12:16:05,286 [WARN] DbBoards:127 - board STM32H747I-DISC1 has no document id list !
2023-09-09 12:16:05,286 [WARN] DbBoards:127 - board STM32H753I-EVAL2 has no document id list !
2023-09-09 12:16:05,286 [WARN] DbBoards:127 - board STM32L-DISCOVERY has no document id list !
2023-09-09 12:16:05,395 [ERROR] DbBoards:189 - Image file not found for board B-L462E-CELL1: C:\ST\STM32CubeIDE_1.4.0\STM32CubeIDE\plugins\com.st.stm32cube.common.mx_6.0.0.202007160824\\db\/plugins/mcufinder/images/boards/B-L462E-CELL1_small.jpg
2023-09-09 12:16:05,457 [ERROR] DbBoards:189 - Image file not found for board B-U585I-IOT02A: C:\ST\STM32CubeIDE_1.4.0\STM32CubeIDE\plugins\com.st.stm32cube.common.mx_6.0.0.202007160824\\db\/plugins/mcufinder/images/boards/B-U585I-IOT02A_small.jpg
2023-09-09 12:16:05,557 [ERROR] DbBoards:189 - Image file not found for board NUCLEO-F413ZH: C:\ST\STM32CubeIDE_1.4.0\STM32CubeIDE\plugins\com.st.stm32cube.common.mx_6.0.0.202007160824\\db\/plugins/mcufinder/images/boards/nucleo-f413zh_small.jpg
2023-09-09 12:16:05,759 [ERROR] DbBoards:189 - Image file not found for board NUCLEO-L552ZE-Q: C:\ST\STM32CubeIDE_1.4.0\STM32CubeIDE\plugins\com.st.stm32cube.common.mx_6.0.0.202007160824\\db\/plugins/mcufinder/images/boards/nucleo_l552ze_q_small.jpg
2023-09-09 12:16:05,760 [ERROR] DbBoards:189 - Image file not found for board NUCLEO-U575ZI-Q: C:\ST\STM32CubeIDE_1.4.0\STM32CubeIDE\plugins\com.st.stm32cube.common.mx_6.0.0.202007160824\\db\/plugins/mcufinder/images/boards/nucleo-u575zi-q_small.jpg
2023-09-09 12:16:05,760 [ERROR] DbBoards:189 - Image file not found for board NUCLEO-WB15CC: C:\ST\STM32CubeIDE_1.4.0\STM32CubeIDE\plugins\com.st.stm32cube.common.mx_6.0.0.202007160824\\db\/plugins/mcufinder/images/boards/nucleo-wb15cc_small.jpg
2023-09-09 12:16:05,761 [ERROR] DbBoards:189 - Image file not found for board NUCLEO-WB55RG: C:\ST\STM32CubeIDE_1.4.0\STM32CubeIDE\plugins\com.st.stm32cube.common.mx_6.0.0.202007160824\\db\/plugins/mcufinder/images/boards/nucleo-wb55rg_small.jpg
2023-09-09 12:16:05,762 [ERROR] DbBoards:189 - Image file not found for board NUCLEO-WL55JC: C:\ST\STM32CubeIDE_1.4.0\STM32CubeIDE\plugins\com.st.stm32cube.common.mx_6.0.0.202007160824\\db\/plugins/mcufinder/images/boards/nucleo-wl55jc-small.jpg
2023-09-09 12:16:06,075 [ERROR] DbBoards:189 - Image file not found for board STEVAL-STWINKT1B: C:\ST\STM32CubeIDE_1.4.0\STM32CubeIDE\plugins\com.st.stm32cube.common.mx_6.0.0.202007160824\\db\/plugins/mcufinder/images/boards/steval-stwinkt1b_small.jpg
2023-09-09 12:16:06,520 [ERROR] DbBoards:189 - Image file not found for board STM32G0C1E-EV: C:\ST\STM32CubeIDE_1.4.0\STM32CubeIDE\plugins\com.st.stm32cube.common.mx_6.0.0.202007160824\\db\/plugins/mcufinder/images/boards/stm32g0c1e-eval_small.jpg
2023-09-09 12:16:06,667 [ERROR] DbBoards:189 - Image file not found for board STM32H7B3I-EVAL: C:\ST\STM32CubeIDE_1.4.0\STM32CubeIDE\plugins\com.st.stm32cube.common.mx_6.0.0.202007160824\\db\/plugins/mcufinder/images/boards/stm32h7b3ieval_small.jpg
2023-09-09 12:16:06,943 [ERROR] DbBoards:189 - Image file not found for board STM32U575I-EV: C:\ST\STM32CubeIDE_1.4.0\STM32CubeIDE\plugins\com.st.stm32cube.common.mx_6.0.0.202007160824\\db\/plugins/mcufinder/images/boards/stm32u575i-ev_small.jpg
2023-09-09 12:16:07,001 [ERROR] DbBoards:189 - Image file not found for board STM32WB5MM-DK: C:\ST\STM32CubeIDE_1.4.0\STM32CubeIDE\plugins\com.st.stm32cube.common.mx_6.0.0.202007160824\\db\/plugins/mcufinder/images/boards/STM32WB5MM-DK_small.jpg
2023-09-09 12:16:07,001 [INFO] ApiDb:201 - Load user favorites file C:\Users\Nada/.stm32cubeide/favorites.boards.txt: 0 item(s)
2023-09-09 12:16:07,001 [INFO] ApiDb:205 - User favorites Boards=[]
2023-09-09 12:16:07,001 [INFO] DbBoards:206 - Set 0 / 0 favorites Boards
2023-09-09 12:16:21,659 [INFO] DbMcusDocs:145 - JSON generation date=Tue Nov 16 18:17:54 EET 2021 (1637079474)
2023-09-09 12:16:21,989 [INFO] DbMcusDocs:81 - Found 682 MCUs documents
2023-09-09 12:16:28,870 [INFO] LogOutputStream:76 - [STDOUT_REDIRECT] withoutVersionV1.8.4
2023-09-09 12:16:28,871 [INFO] LogOutputStream:76 - [STDOUT_REDIRECT] withoutVersionV1.8.3
2023-09-09 12:16:28,872 [INFO] LogOutputStream:76 - [STDOUT_REDIRECT] withoutVersionV1.8.2
2023-09-09 12:16:28,872 [INFO] LogOutputStream:76 - [STDOUT_REDIRECT] withoutVersionV1.8.1
2023-09-09 12:16:28,873 [INFO] LogOutputStream:76 - [STDOUT_REDIRECT] withoutVersionV1.8.0
2023-09-09 12:16:33,803 [INFO] ApiDb:226 - Save user favorites file C:\Users\Nada/.stm32cubeide/favorites.mcus.txt: 0 item(s)
2023-09-09 12:16:33,803 [INFO] ApiDb:230 - User favorites MCUs=[]
2023-09-09 12:17:25,633 [INFO] RetryExec:97 - I/O exception (org.apache.http.NoHttpResponseException) caught when processing request to {s}->https://download.eclipse.org:443: The target server failed to respond
2023-09-09 12:17:25,635 [INFO] RetryExec:113 - Retrying request to {s}->https://download.eclipse.org:443
2023-09-09 12:17:26,371 [INFO] RetryExec:97 - I/O exception (org.apache.http.NoHttpResponseException) caught when processing request to {s}->https://archive.eclipse.org:443: The target server failed to respond
2023-09-09 12:17:26,371 [INFO] RetryExec:113 - Retrying request to {s}->https://archive.eclipse.org:443
2023-09-09 12:17:27,340 [INFO] RetryExec:97 - I/O exception (org.apache.http.NoHttpResponseException) caught when processing request to {s}->https://download.eclipse.org:443: The target server failed to respond
2023-09-09 12:17:27,341 [INFO] RetryExec:113 - Retrying request to {s}->https://download.eclipse.org:443
