05:04:49 **** Rebuild of configuration Debug for project avg_stud_deg ****
Info: Internal Builder is used for build
gcc -O0 -g3 -Wall -c -fmessage-length=0 -o "src\\avg_stud_deg.o" "..\\src\\avg_stud_deg.c" 
gcc -o avg_stud_deg.exe "src\\avg_stud_deg.o" 
05:04:52 **** Incremental Build of configuration Debug for project avg_stud_deg ****
Info: Internal Builder is used for build
gcc -O0 -g3 -Wall -c -fmessage-length=0 -o "src\\avg_stud_deg.o" "..\\src\\avg_stud_deg.c" 
..\src\avg_stud_deg.c: In function 'main':
..\src\avg_stud_deg.c:18:10: warning: format '%d' expects argument of type 'int *', but argument 2 has type 'int' [-Wformat=]
  scanf("%d",nStudents);
          ^
..\src\avg_stud_deg.c:23:12: warning: format '%d' expects argument of type 'int *', but argument 2 has type 'double' [-Wformat=]
    scanf("%d",degree);
            ^
..\src\avg_stud_deg.c:18:2: warning: 'nStudents' is used uninitialized in this function [-Wuninitialized]
  scanf("%d",nStudents);
  ^~~~~~~~~~~~~~~~~~~~~
..\src\avg_stud_deg.c:23:4: warning: 'degree' may be used uninitialized in this function [-Wmaybe-uninitialized]
    scanf("%d",degree);
    ^~~~~~~~~~~~~~~~~~
gcc -o avg_stud_deg.exe "src\\avg_stud_deg.o" 
Info: Nothing to build for avg_stud_deg
05:07:14 **** Incremental Build of configuration Debug for project avg_stud_deg ****
Info: Internal Builder is used for build
gcc -O0 -g3 -Wall -c -fmessage-length=0 -o "src\\avg_stud_deg.o" "..\\src\\avg_stud_deg.c" 
..\src\avg_stud_deg.c: In function 'main':
..\src\avg_stud_deg.c:23:12: warning: format '%d' expects argument of type 'int *', but argument 2 has type 'float *' [-Wformat=]
    scanf("%d",&degree);
            ^
gcc -o avg_stud_deg.exe "src\\avg_stud_deg.o" 
Info: Nothing to build for avg_stud_deg
05:09:56 **** Incremental Build of configuration Debug for project avg_stud_deg ****
Info: Internal Builder is used for build
gcc -O0 -g3 -Wall -c -fmessage-length=0 -o "src\\avg_stud_deg.o" "..\\src\\avg_stud_deg.c" 
gcc -o avg_stud_deg.exe "src\\avg_stud_deg.o" 
08:48:36 **** Rebuild of configuration Debug for project triangle_shape ****
Info: Internal Builder is used for build
gcc -O0 -g3 -Wall -c -fmessage-length=0 -o "src\\triangle_shape.o" "..\\src\\triangle_shape.c" 
gcc -o triangle_shape.exe "src\\triangle_shape.o" 
