2023-09-13 22:59:01,836 [INFO] Activator:178 - 


2023-09-13 22:59:01,840 [INFO] Activator:179 - !SESSION log4j initialized
2023-09-13 22:59:17,979 [INFO] ApplicationProperties:181 - Using Application install path: C:\ST\STM32CubeIDE_1.4.0\STM32CubeIDE\plugins\com.st.stm32cube.common.mx_6.0.0.202007160824
2023-09-13 22:59:18,003 [INFO] DbMcusXml:70 - Set database path to: C:\ST\STM32CubeIDE_1.4.0\STM32CubeIDE\plugins\com.st.stm32cube.common.mx_6.0.0.202007160824\\db\/mcu/
2023-09-13 22:59:18,010 [INFO] DbBoardsPdsc:56 - Set plugin database path to: C:\ST\STM32CubeIDE_1.4.0\STM32CubeIDE\plugins\com.st.stm32cube.common.mx_6.0.0.202007160824\\db\/plugins/boardmanager/
2023-09-13 22:59:18,010 [INFO] DbMcus:258 - Set plugin images path to: C:\ST\STM32CubeIDE_1.4.0\STM32CubeIDE\plugins\com.st.stm32cube.common.mx_6.0.0.202007160824\\db\/plugins/mcufinder/images/
2023-09-13 22:59:18,014 [INFO] DbBoards:264 - Set plugin images path to: C:\ST\STM32CubeIDE_1.4.0\STM32CubeIDE\plugins\com.st.stm32cube.common.mx_6.0.0.202007160824\\db\/plugins/mcufinder/images/
2023-09-13 22:59:18,016 [INFO] DbExamples:326 - Set plugin images path to: C:\ST\STM32CubeIDE_1.4.0\STM32CubeIDE\plugins\com.st.stm32cube.common.mx_6.0.0.202007160824\\db\/plugins/mcufinder/images/
2023-09-13 22:59:18,040 [INFO] DbMcusDocs:112 - Set database path to: C:\Users\Nada\.stmcufinder\plugins\mcufinder//mcu/
2023-09-13 22:59:18,044 [INFO] DbMcusJson:63 - Set database path to: C:\Users\Nada\.stmcufinder\plugins\mcufinder//mcu/
2023-09-13 22:59:18,044 [INFO] DbBoardsDocs:112 - Set database path to: C:\Users\Nada\.stmcufinder\plugins\mcufinder//mcu/
2023-09-13 22:59:18,050 [INFO] DbBoardsJson:56 - Set database path to: C:\Users\Nada\.stmcufinder\plugins\mcufinder//mcu/
2023-09-13 22:59:18,056 [INFO] CrossReferenceDbSqlite:196 - Set database path to: C:\Users\Nada\.stmcufinder\plugins\mcufinder//mcu/cs/
2023-09-13 22:59:18,062 [INFO] DbExamplesSqlite:800 - Set database path to: C:\Users\Nada\.stmcufinder\plugins\mcufinder//mcu/
2023-09-13 22:59:18,292 [INFO] RulesReader:52 - Compatibility file has been processed (209 Rules)
2023-09-13 22:59:18,426 [INFO] MicroXplorer:564 - Detected Java Version = 1.8.0_252
2023-09-13 22:59:18,426 [INFO] DbMcusXml:70 - Set database path to: C:\ST\STM32CubeIDE_1.4.0\STM32CubeIDE\plugins\com.st.stm32cube.common.mx_6.0.0.202007160824\\db\/mcu/
2023-09-13 22:59:18,426 [INFO] DbBoardsPdsc:56 - Set plugin database path to: C:\ST\STM32CubeIDE_1.4.0\STM32CubeIDE\plugins\com.st.stm32cube.common.mx_6.0.0.202007160824\\db\/plugins/boardmanager/
2023-09-13 22:59:18,427 [INFO] DbMcus:258 - Set plugin images path to: C:\ST\STM32CubeIDE_1.4.0\STM32CubeIDE\plugins\com.st.stm32cube.common.mx_6.0.0.202007160824\\db\/plugins/mcufinder/images/
2023-09-13 22:59:18,427 [INFO] DbBoards:264 - Set plugin images path to: C:\ST\STM32CubeIDE_1.4.0\STM32CubeIDE\plugins\com.st.stm32cube.common.mx_6.0.0.202007160824\\db\/plugins/mcufinder/images/
2023-09-13 22:59:18,427 [INFO] DbExamples:326 - Set plugin images path to: C:\ST\STM32CubeIDE_1.4.0\STM32CubeIDE\plugins\com.st.stm32cube.common.mx_6.0.0.202007160824\\db\/plugins/mcufinder/images/
2023-09-13 22:59:18,428 [WARN] DbFile:36 - Overriding database path with different value: C:\Users\Nada\.stmcufinder\plugins\mcufinder/ => C:\Users\Nada\.stmcufinder\plugins\mcufinder
2023-09-13 22:59:18,428 [INFO] DbMcusDocs:112 - Set database path to: C:\Users\Nada\.stmcufinder\plugins\mcufinder//mcu/
2023-09-13 22:59:18,428 [WARN] DbFile:36 - Overriding database path with different value: C:\Users\Nada\.stmcufinder\plugins\mcufinder/ => C:\Users\Nada\.stmcufinder\plugins\mcufinder
2023-09-13 22:59:18,429 [INFO] DbMcusJson:63 - Set database path to: C:\Users\Nada\.stmcufinder\plugins\mcufinder//mcu/
2023-09-13 22:59:18,429 [WARN] DbFile:36 - Overriding database path with different value: C:\Users\Nada\.stmcufinder\plugins\mcufinder/ => C:\Users\Nada\.stmcufinder\plugins\mcufinder
2023-09-13 22:59:18,429 [INFO] DbBoardsDocs:112 - Set database path to: C:\Users\Nada\.stmcufinder\plugins\mcufinder//mcu/
2023-09-13 22:59:18,429 [WARN] DbFile:36 - Overriding database path with different value: C:\Users\Nada\.stmcufinder\plugins\mcufinder/ => C:\Users\Nada\.stmcufinder\plugins\mcufinder
2023-09-13 22:59:18,429 [INFO] DbBoardsJson:56 - Set database path to: C:\Users\Nada\.stmcufinder\plugins\mcufinder//mcu/
2023-09-13 22:59:18,430 [WARN] DbFile:36 - Overriding database path with different value: C:\Users\Nada\.stmcufinder\plugins\mcufinder/ => C:\Users\Nada\.stmcufinder\plugins\mcufinder
2023-09-13 22:59:18,430 [WARN] DbFile:36 - Overriding database path with different value: C:\Users\Nada\.stmcufinder\plugins\mcufinder/ => C:\Users\Nada\.stmcufinder\plugins\mcufinder
2023-09-13 22:59:18,430 [INFO] CrossReferenceDbSqlite:196 - Set database path to: C:\Users\Nada\.stmcufinder\plugins\mcufinder//mcu/cs/
2023-09-13 22:59:18,430 [WARN] DbFile:36 - Overriding database path with different value: C:\Users\Nada\.stmcufinder\plugins\mcufinder/ => C:\Users\Nada\.stmcufinder\plugins\mcufinder
2023-09-13 22:59:18,430 [INFO] DbExamplesSqlite:800 - Set database path to: C:\Users\Nada\.stmcufinder\plugins\mcufinder//mcu/
2023-09-13 22:59:18,510 [INFO] MainPanel:189 - HeapMemory: 268435456
2023-09-13 22:59:18,636 [INFO] DbMcusXml:70 - Set database path to: C:\ST\STM32CubeIDE_1.4.0\STM32CubeIDE\plugins\com.st.stm32cube.common.mx_6.0.0.202007160824\\db\/mcu/
2023-09-13 22:59:18,636 [INFO] DbBoardsPdsc:56 - Set plugin database path to: C:\ST\STM32CubeIDE_1.4.0\STM32CubeIDE\plugins\com.st.stm32cube.common.mx_6.0.0.202007160824\\db\/plugins/boardmanager/
2023-09-13 22:59:18,637 [INFO] DbMcus:258 - Set plugin images path to: C:\ST\STM32CubeIDE_1.4.0\STM32CubeIDE\plugins\com.st.stm32cube.common.mx_6.0.0.202007160824\\db\/plugins/mcufinder/images/
2023-09-13 22:59:18,637 [INFO] DbBoards:264 - Set plugin images path to: C:\ST\STM32CubeIDE_1.4.0\STM32CubeIDE\plugins\com.st.stm32cube.common.mx_6.0.0.202007160824\\db\/plugins/mcufinder/images/
2023-09-13 22:59:18,637 [INFO] DbExamples:326 - Set plugin images path to: C:\ST\STM32CubeIDE_1.4.0\STM32CubeIDE\plugins\com.st.stm32cube.common.mx_6.0.0.202007160824\\db\/plugins/mcufinder/images/
2023-09-13 22:59:18,637 [WARN] DbFile:36 - Overriding database path with different value: C:\Users\Nada\.stmcufinder\plugins\mcufinder/ => C:\Users\Nada\.stmcufinder\plugins\mcufinder
2023-09-13 22:59:18,639 [INFO] DbMcusDocs:112 - Set database path to: C:\Users\Nada\.stmcufinder\plugins\mcufinder//mcu/
2023-09-13 22:59:18,639 [WARN] DbFile:36 - Overriding database path with different value: C:\Users\Nada\.stmcufinder\plugins\mcufinder/ => C:\Users\Nada\.stmcufinder\plugins\mcufinder
2023-09-13 22:59:18,640 [INFO] DbMcusJson:63 - Set database path to: C:\Users\Nada\.stmcufinder\plugins\mcufinder//mcu/
2023-09-13 22:59:18,640 [WARN] DbFile:36 - Overriding database path with different value: C:\Users\Nada\.stmcufinder\plugins\mcufinder/ => C:\Users\Nada\.stmcufinder\plugins\mcufinder
2023-09-13 22:59:18,640 [INFO] DbBoardsDocs:112 - Set database path to: C:\Users\Nada\.stmcufinder\plugins\mcufinder//mcu/
2023-09-13 22:59:18,641 [WARN] DbFile:36 - Overriding database path with different value: C:\Users\Nada\.stmcufinder\plugins\mcufinder/ => C:\Users\Nada\.stmcufinder\plugins\mcufinder
2023-09-13 22:59:18,641 [INFO] DbBoardsJson:56 - Set database path to: C:\Users\Nada\.stmcufinder\plugins\mcufinder//mcu/
2023-09-13 22:59:18,641 [WARN] DbFile:36 - Overriding database path with different value: C:\Users\Nada\.stmcufinder\plugins\mcufinder/ => C:\Users\Nada\.stmcufinder\plugins\mcufinder
2023-09-13 22:59:18,641 [WARN] DbFile:36 - Overriding database path with different value: C:\Users\Nada\.stmcufinder\plugins\mcufinder/ => C:\Users\Nada\.stmcufinder\plugins\mcufinder
2023-09-13 22:59:18,641 [INFO] CrossReferenceDbSqlite:196 - Set database path to: C:\Users\Nada\.stmcufinder\plugins\mcufinder//mcu/cs/
2023-09-13 22:59:18,641 [WARN] DbFile:36 - Overriding database path with different value: C:\Users\Nada\.stmcufinder\plugins\mcufinder/ => C:\Users\Nada\.stmcufinder\plugins\mcufinder
2023-09-13 22:59:18,641 [INFO] DbExamplesSqlite:800 - Set database path to: C:\Users\Nada\.stmcufinder\plugins\mcufinder//mcu/
2023-09-13 22:59:18,673 [INFO] ApplicationProperties:181 - Using Application install path: C:\ST\STM32CubeIDE_1.4.0\STM32CubeIDE\plugins\com.st.stm32cube.common.mx_6.0.0.202007160824
2023-09-13 22:59:18,678 [INFO] PluginManage:178 - Search for loadable plugins [exclusion list=, ]
2023-09-13 22:59:18,683 [INFO] PluginManage:292 - Check plugin analytics
2023-09-13 22:59:25,364 [INFO] AnalyticsPlugin:203 - Accepted Software Licenses: 
2023-09-13 22:59:25,367 [INFO] AnalyticsPlugin:205 - Accepted CMSIS Pack Licenses: 
2023-09-13 22:59:25,370 [INFO] AnalyticsPlugin:207 - Accepted Firmware Licenses: 
2023-09-13 22:59:25,374 [INFO] PluginManage:342 - Loaded plugin analytics (category:tool,tabindex:-1)
2023-09-13 22:59:25,375 [INFO] PluginManage:292 - Check plugin clock
2023-09-13 22:59:25,452 [INFO] PluginManage:342 - Loaded plugin clock (category:base,tabindex:2)
2023-09-13 22:59:25,453 [INFO] PluginManage:292 - Check plugin ddr
2023-09-13 22:59:25,461 [INFO] PluginManage:342 - Loaded plugin ddr (category:tool,tabindex:6)
2023-09-13 22:59:25,462 [INFO] PluginManage:292 - Check plugin filemanager
2023-09-13 22:59:25,758 [INFO] PluginManage:342 - Loaded plugin filemanager (category:base,tabindex:10)
2023-09-13 22:59:25,763 [INFO] PluginManage:292 - Check plugin ipmanager
2023-09-13 22:59:25,775 [INFO] PluginManage:342 - Loaded plugin ipmanager (category:base,tabindex:5)
2023-09-13 22:59:25,775 [INFO] PluginManage:292 - Check plugin pinoutandconfiguration
2023-09-13 22:59:25,791 [INFO] PluginManage:342 - Loaded plugin pinoutandconfiguration (category:base,tabindex:1)
2023-09-13 22:59:25,791 [INFO] PluginManage:292 - Check plugin pinoutconfig
2023-09-13 22:59:25,973 [INFO] PluginManage:342 - Loaded plugin pinoutconfig (category:base,tabindex:0)
2023-09-13 22:59:25,974 [INFO] PluginManage:292 - Check plugin power
2023-09-13 22:59:25,999 [INFO] PluginManage:342 - Loaded plugin power (category:power,tabindex:4)
2023-09-13 22:59:25,999 [INFO] PluginManage:292 - Check plugin projectmanager
2023-09-13 22:59:26,036 [INFO] PluginManage:342 - Loaded plugin projectmanager (category:projectmanager,tabindex:3)
2023-09-13 22:59:26,038 [INFO] PluginManage:292 - Check plugin thirdparty
2023-09-13 22:59:26,245 [INFO] ThirdPartyDb:333 - Open Third Party DataBase File (C:/Users/Nada/.stm32cubemx/plugins/thirdparty/db/thirdparties_db.xml) : 78 ms. number of Sw pack : 48
2023-09-13 22:59:26,255 [INFO] PluginManage:342 - Loaded plugin thirdparty (category:base,tabindex:-1)
2023-09-13 22:59:26,255 [INFO] PluginManage:292 - Check plugin tools
2023-09-13 22:59:26,260 [INFO] PluginManage:342 - Loaded plugin tools (category:base,tabindex:7)
2023-09-13 22:59:26,260 [INFO] PluginManage:292 - Check plugin tutovideos
2023-09-13 22:59:26,912 [INFO] PluginManage:342 - Loaded plugin tutovideos (category:base,tabindex:-1)
2023-09-13 22:59:26,917 [INFO] PluginManage:292 - Check plugin updater
2023-09-13 22:59:26,943 [INFO] PluginManage:342 - Loaded plugin updater (category:base,tabindex:12)
2023-09-13 22:59:26,944 [INFO] PluginManage:265 - PluginManage : Loaded plugins [13]
2023-09-13 22:59:27,200 [INFO] PinOutPanel:1418 - setPackage(No Configuration,No Configuration)
2023-09-13 22:59:27,348 [INFO] IPUIPlugin:64 - create IPUIPlugin
2023-09-13 22:59:27,349 [INFO] PluginManager:200 - loadIPPluginJar : add adc
2023-09-13 22:59:27,355 [INFO] IPUIPlugin:64 - create IPUIPlugin
2023-09-13 22:59:27,355 [INFO] PluginManager:200 - loadIPPluginJar : add aes
2023-09-13 22:59:27,361 [INFO] IPUIPlugin:64 - create IPUIPlugin
2023-09-13 22:59:27,362 [INFO] PluginManager:200 - loadIPPluginJar : add can
2023-09-13 22:59:27,366 [INFO] IPUIPlugin:64 - create IPUIPlugin
2023-09-13 22:59:27,366 [INFO] PluginManager:200 - loadIPPluginJar : add comp
2023-09-13 22:59:27,371 [INFO] IPUIPlugin:64 - create IPUIPlugin
2023-09-13 22:59:27,372 [INFO] PluginManager:200 - loadIPPluginJar : add cryp
2023-09-13 22:59:27,377 [INFO] IPUIPlugin:64 - create IPUIPlugin
2023-09-13 22:59:27,378 [INFO] PluginManager:200 - loadIPPluginJar : add dfsdm
2023-09-13 22:59:27,389 [INFO] IPUIPlugin:64 - create IPUIPlugin
2023-09-13 22:59:27,390 [INFO] PluginManager:200 - loadIPPluginJar : add dma
2023-09-13 22:59:27,393 [INFO] IPUIPlugin:64 - create IPUIPlugin
2023-09-13 22:59:27,394 [INFO] PluginManager:200 - loadIPPluginJar : add fatfs
2023-09-13 22:59:27,403 [INFO] IPUIPlugin:64 - create IPUIPlugin
2023-09-13 22:59:27,404 [INFO] PluginManager:200 - loadIPPluginJar : add fmc
2023-09-13 22:59:27,415 [INFO] IPUIPlugin:64 - create IPUIPlugin
2023-09-13 22:59:27,415 [INFO] PluginManager:200 - loadIPPluginJar : add freertos
2023-09-13 22:59:27,418 [INFO] IPUIPlugin:64 - create IPUIPlugin
2023-09-13 22:59:27,420 [INFO] PluginManager:200 - loadIPPluginJar : add genericplugin
2023-09-13 22:59:27,424 [INFO] IPUIPlugin:64 - create IPUIPlugin
2023-09-13 22:59:27,425 [INFO] PluginManager:200 - loadIPPluginJar : add gfxmmu
2023-09-13 22:59:27,434 [INFO] IPUIPlugin:64 - create IPUIPlugin
2023-09-13 22:59:27,435 [INFO] PluginManager:200 - loadIPPluginJar : add gic
2023-09-13 22:59:27,443 [INFO] IPUIPlugin:64 - create IPUIPlugin
2023-09-13 22:59:27,443 [INFO] PluginManager:200 - loadIPPluginJar : add gpio
2023-09-13 22:59:27,448 [INFO] IPUIPlugin:64 - create IPUIPlugin
2023-09-13 22:59:27,448 [INFO] PluginManager:200 - loadIPPluginJar : add gtzc
2023-09-13 22:59:27,453 [INFO] IPUIPlugin:64 - create IPUIPlugin
2023-09-13 22:59:27,453 [INFO] PluginManager:200 - loadIPPluginJar : add hash
2023-09-13 22:59:27,458 [INFO] IPUIPlugin:64 - create IPUIPlugin
2023-09-13 22:59:27,459 [INFO] PluginManager:200 - loadIPPluginJar : add i2c
2023-09-13 22:59:27,463 [INFO] IPUIPlugin:64 - create IPUIPlugin
2023-09-13 22:59:27,463 [INFO] PluginManager:200 - loadIPPluginJar : add i2s
2023-09-13 22:59:27,469 [INFO] IPUIPlugin:64 - create IPUIPlugin
2023-09-13 22:59:27,469 [INFO] PluginManager:200 - loadIPPluginJar : add ipddr
2023-09-13 22:59:27,485 [INFO] IPUIPlugin:64 - create IPUIPlugin
2023-09-13 22:59:27,485 [INFO] PluginManager:200 - loadIPPluginJar : add ltdc
2023-09-13 22:59:27,493 [INFO] IPUIPlugin:64 - create IPUIPlugin
2023-09-13 22:59:27,494 [INFO] PluginManager:200 - loadIPPluginJar : add mdma
2023-09-13 22:59:27,501 [INFO] IPUIPlugin:64 - create IPUIPlugin
2023-09-13 22:59:27,502 [INFO] PluginManager:200 - loadIPPluginJar : add nvic
2023-09-13 22:59:27,507 [INFO] IPUIPlugin:64 - create IPUIPlugin
2023-09-13 22:59:27,508 [INFO] PluginManager:200 - loadIPPluginJar : add opamp
2023-09-13 22:59:27,512 [INFO] IPUIPlugin:64 - create IPUIPlugin
2023-09-13 22:59:27,513 [INFO] PluginManager:200 - loadIPPluginJar : add openamp
2023-09-13 22:59:27,516 [INFO] IPUIPlugin:64 - create IPUIPlugin
2023-09-13 22:59:27,516 [INFO] PluginManager:200 - loadIPPluginJar : add pdm2pcm
2023-09-13 22:59:27,528 [INFO] IPUIPlugin:64 - create IPUIPlugin
2023-09-13 22:59:27,531 [INFO] PluginManager:200 - loadIPPluginJar : add plateformsettings
2023-09-13 22:59:27,534 [INFO] IPUIPlugin:64 - create IPUIPlugin
2023-09-13 22:59:27,535 [INFO] PluginManager:200 - loadIPPluginJar : add quadspi
2023-09-13 22:59:27,541 [INFO] IPUIPlugin:64 - create IPUIPlugin
2023-09-13 22:59:27,542 [INFO] PluginManager:200 - loadIPPluginJar : add resmgrutility
2023-09-13 22:59:27,546 [INFO] IPUIPlugin:64 - create IPUIPlugin
2023-09-13 22:59:27,546 [INFO] PluginManager:200 - loadIPPluginJar : add sai
2023-09-13 22:59:27,548 [INFO] IPUIPlugin:64 - create IPUIPlugin
2023-09-13 22:59:27,550 [INFO] PluginManager:200 - loadIPPluginJar : add spi
2023-09-13 22:59:27,556 [INFO] IPUIPlugin:64 - create IPUIPlugin
2023-09-13 22:59:27,556 [INFO] PluginManager:200 - loadIPPluginJar : add stm32_wpan
2023-09-13 22:59:27,559 [INFO] IPUIPlugin:64 - create IPUIPlugin
2023-09-13 22:59:27,559 [INFO] PluginManager:200 - loadIPPluginJar : add tim
2023-09-13 22:59:27,564 [INFO] IPUIPlugin:64 - create IPUIPlugin
2023-09-13 22:59:27,564 [INFO] PluginManager:200 - loadIPPluginJar : add touchsensing
2023-09-13 22:59:27,567 [INFO] IPUIPlugin:64 - create IPUIPlugin
2023-09-13 22:59:27,568 [INFO] PluginManager:200 - loadIPPluginJar : add tracer_emb
2023-09-13 22:59:27,570 [INFO] IPUIPlugin:64 - create IPUIPlugin
2023-09-13 22:59:27,570 [INFO] PluginManager:200 - loadIPPluginJar : add ts
2023-09-13 22:59:27,573 [INFO] IPUIPlugin:64 - create IPUIPlugin
2023-09-13 22:59:27,573 [INFO] PluginManager:200 - loadIPPluginJar : add tsc
2023-09-13 22:59:27,575 [INFO] IPUIPlugin:64 - create IPUIPlugin
2023-09-13 22:59:27,575 [INFO] PluginManager:200 - loadIPPluginJar : add ucpd
2023-09-13 22:59:27,578 [INFO] IPUIPlugin:64 - create IPUIPlugin
2023-09-13 22:59:27,578 [INFO] PluginManager:200 - loadIPPluginJar : add usart
2023-09-13 22:59:30,124 [INFO] CubeProgrammer:457 - [DDR PANEL] - PathOfProgrammer: null
2023-09-13 22:59:31,916 [FATAL] Updater:282 - Updater called before beeing initialized
2023-09-13 22:59:32,424 [FATAL] Updater:282 - Updater called before beeing initialized
2023-09-13 22:59:32,424 [WARN] ThirdParty:775 - waiting for thirdparty lock release [close project]
2023-09-13 22:59:32,424 [INFO] ThirdParty:777 - entering critical section [close project]
2023-09-13 22:59:32,430 [INFO] ThirdParty:790 - exiting critical section [close project]
2023-09-13 22:59:32,432 [INFO] PinOutPanel:1418 - setPackage(No Configuration,No Configuration)
2023-09-13 22:59:32,438 [FATAL] Updater:282 - Updater called before beeing initialized
2023-09-13 22:59:32,453 [ERROR] Updater:967 - MainUpdater not yet initialized. External WinMGr cannot be set.
2023-09-13 22:59:32,456 [INFO] CubeProgrammer:457 - [DDR PANEL] - PathOfProgrammer: C:\ST\STM32CubeIDE_1.4.0\STM32CubeIDE\plugins\com.st.stm32cube.ide.mcu.externaltools.cubeprogrammer.win32_1.4.0.202007081208\tools\bin
2023-09-13 22:59:32,462 [INFO] ProgrammerExecThread:148 - [ProgrammerAPI] CubeProgrammer command construction: C:\ST\STM32CubeIDE_1.4.0\STM32CubeIDE\plugins\com.st.stm32cube.ide.mcu.externaltools.cubeprogrammer.win32_1.4.0.202007081208\tools\bin\STM32_Programmer_CLI.exe -l
2023-09-13 22:59:32,897 [INFO] MainDdrPanel:49 - [DDR PANEL] SETTER - Set cubeProgrammerPath to: C:\ST\STM32CubeIDE_1.4.0\STM32CubeIDE\plugins\com.st.stm32cube.ide.mcu.externaltools.cubeprogrammer.win32_1.4.0.202007081208\tools\bin
2023-09-13 22:59:32,981 [INFO] Updater:904 - Updater Version found : 6.0.0
2023-09-13 22:59:33,025 [INFO] ApplicationProperties:181 - Using Application install path: C:\ST\STM32CubeIDE_1.4.0\STM32CubeIDE\plugins\com.st.stm32cube.common.mx_6.0.0.202007160824
2023-09-13 22:59:33,649 [INFO] MainUpdater:2268 - connection check result : 10
2023-09-13 22:59:33,650 [INFO] MainUpdater:239 - Updater Check For Update Now.
2023-09-13 22:59:33,652 [INFO] MicroXplorer:414 - Change Database Version : DB.6.0.0
2023-09-13 22:59:33,859 [INFO] CheckServerUpdateThread:102 - End of CheckServer Thread
2023-09-13 22:59:33,905 [INFO] MainUpdater:2268 - connection check result : 10
2023-09-13 22:59:34,261 [INFO] ServerAccessManage:348 - Download File mcusDocs.json._tmp_
2023-09-13 22:59:34,389 [INFO] LoadUrlFilesThread:135 - End of LoadUrlFiles Thread
2023-09-13 22:59:34,490 [INFO] ServerAccessManage:348 - Download File mcusFeaturesAndDescription.json._tmp_
2023-09-13 22:59:35,290 [WARN] IntegrityCheckThread:61 - waiting for thirdparty lock release [integrity check]
2023-09-13 22:59:35,290 [INFO] IntegrityCheckThread:63 - entering critical section [integrity check]
2023-09-13 22:59:35,291 [WARN] MainUpdater:1087 - Updater busy. Cannot search thirdparties
2023-09-13 22:59:37,190 [INFO] LoadUrlFilesThread:135 - End of LoadUrlFiles Thread
2023-09-13 22:59:37,351 [INFO] ServerAccessManage:348 - Download File boardsDocs.json._tmp_
2023-09-13 22:59:37,419 [INFO] LoadUrlFilesThread:135 - End of LoadUrlFiles Thread
2023-09-13 22:59:37,518 [INFO] ServerAccessManage:348 - Download File boards.json._tmp_
2023-09-13 22:59:37,754 [INFO] LoadUrlFilesThread:135 - End of LoadUrlFiles Thread
2023-09-13 22:59:38,217 [INFO] ServerAccessManage:348 - Download File cube-finder-db.zip
2023-09-13 22:59:38,295 [WARN] MainUpdater:1087 - Updater busy. Cannot search thirdparties
2023-09-13 22:59:41,306 [WARN] MainUpdater:1087 - Updater busy. Cannot search thirdparties
2023-09-13 22:59:44,321 [WARN] MainUpdater:1087 - Updater busy. Cannot search thirdparties
2023-09-13 22:59:47,327 [WARN] MainUpdater:1087 - Updater busy. Cannot search thirdparties
2023-09-13 22:59:48,636 [INFO] FileExtend:225 - Unzip File : cube-finder-db.zip
2023-09-13 22:59:48,639 [INFO] FileExtend:240 - Standard Zip Deflate
2023-09-13 22:59:49,462 [INFO] LoadUrlFilesThread:135 - End of LoadUrlFiles Thread
2023-09-13 22:59:50,249 [INFO] ServerAccessManage:348 - Download File crdb.zip
2023-09-13 22:59:50,341 [WARN] MainUpdater:1087 - Updater busy. Cannot search thirdparties
2023-09-13 22:59:50,939 [INFO] FileExtend:225 - Unzip File : crdb.zip
2023-09-13 22:59:50,943 [INFO] FileExtend:240 - Standard Zip Deflate
2023-09-13 22:59:51,010 [INFO] LoadUrlFilesThread:135 - End of LoadUrlFiles Thread
2023-09-13 22:59:51,526 [INFO] ServerAccessManage:348 - Download File tutoVideoDB.zip
2023-09-13 22:59:51,599 [INFO] FileExtend:225 - Unzip File : tutoVideoDB.zip
2023-09-13 22:59:51,603 [INFO] FileExtend:240 - Standard Zip Deflate
2023-09-13 22:59:51,642 [INFO] LoadUrlFilesThread:135 - End of LoadUrlFiles Thread
2023-09-13 22:59:51,727 [INFO] DbMcusDocs:145 - JSON generation date=Tue Nov 16 18:17:54 EET 2021 (1637079474)
2023-09-13 22:59:51,733 [INFO] DbMcusXml:100 - Load MCU database from C:\ST\STM32CubeIDE_1.4.0\STM32CubeIDE\plugins\com.st.stm32cube.common.mx_6.0.0.202007160824\\db\/mcu/families.xml
2023-09-13 22:59:52,549 [INFO] DbMcusJson:92 - JSON generation date=Tue Nov 16 18:17:54 EET 2021 (1637079474)
2023-09-13 22:59:53,573 [INFO] DbMcus:175 - Found 1761 MCUs (1722 are supported by CubeMX, 1911 are visible in CubeMX)
2023-09-13 22:59:53,574 [INFO] ApiDb:201 - Load user favorites file C:\Users\Nada/.stm32cubemx/favorites.mcus.txt: 0 item(s)
2023-09-13 22:59:53,574 [INFO] ApiDb:205 - User favorites MCUs=[]
2023-09-13 22:59:53,574 [INFO] DbMcus:187 - Set 0 / 0 favorites MCUs
2023-09-13 22:59:53,816 [INFO] ThirdPartyDb:299 - Save Third Party DataBase File (C:/Users/Nada/.stm32cubemx/plugins/thirdparty/db/thirdparties_db.xml) [forced]
2023-09-13 22:59:53,897 [INFO] ThirdPartyDb:299 - Save Third Party DataBase File (C:/Users/Nada/.stm32cubemx/plugins/thirdparty/db/thirdparties_db.xml) [forced]
2023-09-13 22:59:53,947 [INFO] IntegrityCheckThread:76 - exiting critical section [integrity check]
2023-09-13 22:59:53,947 [INFO] IntegrityCheckThread:79 - End integrity checks thread
2023-09-13 22:59:54,086 [INFO] DbMcusDocs:81 - Found 682 MCUs documents
2023-09-13 22:59:54,090 [INFO] ApiDb:226 - Save user favorites file C:\Users\Nada/.stm32cubemx/favorites.mcus.txt: 0 item(s)
2023-09-13 22:59:54,090 [INFO] ApiDb:230 - User favorites MCUs=[]
2023-09-13 22:59:54,090 [INFO] DbMcusXml:100 - Load MCU database from C:\ST\STM32CubeIDE_1.4.0\STM32CubeIDE\plugins\com.st.stm32cube.common.mx_6.0.0.202007160824\\db\/mcu/families.xml
2023-09-13 22:59:54,690 [INFO] DbMcusJson:92 - JSON generation date=Tue Nov 16 18:17:54 EET 2021 (1637079474)
2023-09-13 22:59:55,317 [INFO] DbMcus:175 - Found 1761 MCUs (1722 are supported by CubeMX, 1911 are visible in CubeMX)
2023-09-13 22:59:55,318 [INFO] ApiDb:201 - Load user favorites file C:\Users\Nada/.stm32cubemx/favorites.mcus.txt: 0 item(s)
2023-09-13 22:59:55,318 [INFO] ApiDb:205 - User favorites MCUs=[]
2023-09-13 22:59:55,318 [INFO] DbMcus:187 - Set 0 / 0 favorites MCUs
2023-09-13 22:59:55,331 [INFO] DbBoardsDocs:145 - JSON generation date=Tue Nov 16 18:17:54 EET 2021 (1637079474)
2023-09-13 22:59:55,354 [INFO] DbBoardsPdsc:94 - Found 23 items
2023-09-13 22:59:55,360 [INFO] DbBoardsPdsc:94 - Found 9 items
2023-09-13 22:59:55,367 [INFO] DbBoardsPdsc:94 - Found 29 items
2023-09-13 22:59:55,369 [INFO] DbBoardsPdsc:94 - Found 1 items
2023-09-13 22:59:55,405 [INFO] DbBoardsPdsc:94 - Found 44 items
2023-09-13 22:59:55,412 [INFO] DbBoardsPdsc:94 - Found 40 items
2023-09-13 22:59:55,414 [INFO] DbBoardsPdsc:94 - Found 2 items
2023-09-13 22:59:55,417 [INFO] DbBoardsPdsc:94 - Found 4 items
2023-09-13 22:59:55,426 [WARN] DbBoardsPdsc:258 - Board STM32H7B3I-DK: unknown feature type=Audio, name=, username=Audio stereo codec with Headphone Amp (CS42L51-CNZ), n=1
2023-09-13 22:59:55,427 [WARN] DbBoardsPdsc:258 - Board STM32H735G-DK: unknown feature type=Audio, name=, username=Audio stereo codec with Headphone Amp (WM8994ECS/R), n=1
2023-09-13 22:59:55,429 [WARN] DbBoardsPdsc:258 - Board STM32H7B3I-EVAL: unknown feature type=Audio, name=, username=Multi-Channel Audio Codec (CS42L51-CNZ), n=1
2023-09-13 22:59:55,430 [WARN] DbBoardsPdsc:258 - Board STM32H7B3I-EVAL: unknown feature type=Meter, name=, username=Power-metering and Temperature-monitoring with sigma-delta modulators, n=1
2023-09-13 22:59:55,430 [WARN] DbBoardsPdsc:258 - Board STM32H7B3I-EVAL: unknown feature type=Motor, name=, username=Motor Control, n=1
2023-09-13 22:59:55,445 [INFO] DbBoardsJson:85 - JSON generation date=Tue Nov 16 18:17:54 EET 2021 (1637079474)
2023-09-13 22:59:55,454 [INFO] DbBoards:117 - Found 166 boards (149 are supported by CubeMX)
2023-09-13 22:59:55,455 [INFO] DbBoardsDocs:145 - JSON generation date=Tue Nov 16 18:17:54 EET 2021 (1637079474)
2023-09-13 22:59:55,461 [INFO] DbBoardsDocs:81 - Found 209 boards documents
2023-09-13 22:59:55,463 [WARN] DbBoards:127 - board B-L475E-IOT01A2 has no document id list !
2023-09-13 22:59:55,464 [WARN] DbBoards:127 - board NUCLEO-H743ZI has no document id list !
2023-09-13 22:59:55,465 [WARN] DbBoards:127 - board P-NUCLEO-WB55-Nucleo has no document id list !
2023-09-13 22:59:55,465 [WARN] DbBoards:127 - board P-NUCLEO-WB55-USBDongle has no document id list !
2023-09-13 22:59:55,465 [WARN] DbBoards:127 - board STEVAL-BFA001V1B has no document id list !
2023-09-13 22:59:55,466 [WARN] DbBoards:127 - board STEVAL-BFA001V2B has no document id list !
2023-09-13 22:59:55,466 [WARN] DbBoards:127 - board STEVAL-IDP005V1 has no document id list !
2023-09-13 22:59:55,466 [WARN] DbBoards:127 - board STEVAL-IDP005V2 has no document id list !
2023-09-13 22:59:55,466 [WARN] DbBoards:127 - board STEVAL-MKSBOX1V1 has no document id list !
2023-09-13 22:59:55,466 [WARN] DbBoards:127 - board STEVAL-STWINKT1 has no document id list !
2023-09-13 22:59:55,466 [WARN] DbBoards:127 - board STEVAL-STWINKT1B has no document id list !
2023-09-13 22:59:55,466 [WARN] DbBoards:127 - board STM32439I-EVAL2 has no document id list !
2023-09-13 22:59:55,466 [WARN] DbBoards:127 - board STM32F401C-DISCO has no document id list !
2023-09-13 22:59:55,466 [WARN] DbBoards:127 - board STM32F769I-DISC1 has no document id list !
2023-09-13 22:59:55,466 [WARN] DbBoards:127 - board STM32G474E-EVAL1 has no document id list !
2023-09-13 22:59:55,466 [WARN] DbBoards:127 - board STM32H743I-EVAL2 has no document id list !
2023-09-13 22:59:55,466 [WARN] DbBoards:127 - board STM32H747I-DISC1 has no document id list !
2023-09-13 22:59:55,466 [WARN] DbBoards:127 - board STM32H753I-EVAL2 has no document id list !
2023-09-13 22:59:55,466 [WARN] DbBoards:127 - board STM32L-DISCOVERY has no document id list !
2023-09-13 22:59:55,574 [ERROR] DbBoards:189 - Image file not found for board B-L462E-CELL1: C:\ST\STM32CubeIDE_1.4.0\STM32CubeIDE\plugins\com.st.stm32cube.common.mx_6.0.0.202007160824\\db\/plugins/mcufinder/images/boards/B-L462E-CELL1_small.jpg
2023-09-13 22:59:55,635 [ERROR] DbBoards:189 - Image file not found for board B-U585I-IOT02A: C:\ST\STM32CubeIDE_1.4.0\STM32CubeIDE\plugins\com.st.stm32cube.common.mx_6.0.0.202007160824\\db\/plugins/mcufinder/images/boards/B-U585I-IOT02A_small.jpg
2023-09-13 22:59:55,822 [ERROR] DbBoards:189 - Image file not found for board NUCLEO-F413ZH: C:\ST\STM32CubeIDE_1.4.0\STM32CubeIDE\plugins\com.st.stm32cube.common.mx_6.0.0.202007160824\\db\/plugins/mcufinder/images/boards/nucleo-f413zh_small.jpg
2023-09-13 22:59:56,051 [ERROR] DbBoards:189 - Image file not found for board NUCLEO-L552ZE-Q: C:\ST\STM32CubeIDE_1.4.0\STM32CubeIDE\plugins\com.st.stm32cube.common.mx_6.0.0.202007160824\\db\/plugins/mcufinder/images/boards/nucleo_l552ze_q_small.jpg
2023-09-13 22:59:56,051 [ERROR] DbBoards:189 - Image file not found for board NUCLEO-U575ZI-Q: C:\ST\STM32CubeIDE_1.4.0\STM32CubeIDE\plugins\com.st.stm32cube.common.mx_6.0.0.202007160824\\db\/plugins/mcufinder/images/boards/nucleo-u575zi-q_small.jpg
2023-09-13 22:59:56,051 [ERROR] DbBoards:189 - Image file not found for board NUCLEO-WB15CC: C:\ST\STM32CubeIDE_1.4.0\STM32CubeIDE\plugins\com.st.stm32cube.common.mx_6.0.0.202007160824\\db\/plugins/mcufinder/images/boards/nucleo-wb15cc_small.jpg
2023-09-13 22:59:56,052 [ERROR] DbBoards:189 - Image file not found for board NUCLEO-WB55RG: C:\ST\STM32CubeIDE_1.4.0\STM32CubeIDE\plugins\com.st.stm32cube.common.mx_6.0.0.202007160824\\db\/plugins/mcufinder/images/boards/nucleo-wb55rg_small.jpg
2023-09-13 22:59:56,052 [ERROR] DbBoards:189 - Image file not found for board NUCLEO-WL55JC: C:\ST\STM32CubeIDE_1.4.0\STM32CubeIDE\plugins\com.st.stm32cube.common.mx_6.0.0.202007160824\\db\/plugins/mcufinder/images/boards/nucleo-wl55jc-small.jpg
2023-09-13 22:59:56,405 [ERROR] DbBoards:189 - Image file not found for board STEVAL-STWINKT1B: C:\ST\STM32CubeIDE_1.4.0\STM32CubeIDE\plugins\com.st.stm32cube.common.mx_6.0.0.202007160824\\db\/plugins/mcufinder/images/boards/steval-stwinkt1b_small.jpg
2023-09-13 22:59:57,270 [ERROR] DbBoards:189 - Image file not found for board STM32G0C1E-EV: C:\ST\STM32CubeIDE_1.4.0\STM32CubeIDE\plugins\com.st.stm32cube.common.mx_6.0.0.202007160824\\db\/plugins/mcufinder/images/boards/stm32g0c1e-eval_small.jpg
2023-09-13 22:59:57,456 [ERROR] DbBoards:189 - Image file not found for board STM32H7B3I-EVAL: C:\ST\STM32CubeIDE_1.4.0\STM32CubeIDE\plugins\com.st.stm32cube.common.mx_6.0.0.202007160824\\db\/plugins/mcufinder/images/boards/stm32h7b3ieval_small.jpg
2023-09-13 22:59:57,732 [ERROR] DbBoards:189 - Image file not found for board STM32U575I-EV: C:\ST\STM32CubeIDE_1.4.0\STM32CubeIDE\plugins\com.st.stm32cube.common.mx_6.0.0.202007160824\\db\/plugins/mcufinder/images/boards/stm32u575i-ev_small.jpg
2023-09-13 22:59:57,779 [ERROR] DbBoards:189 - Image file not found for board STM32WB5MM-DK: C:\ST\STM32CubeIDE_1.4.0\STM32CubeIDE\plugins\com.st.stm32cube.common.mx_6.0.0.202007160824\\db\/plugins/mcufinder/images/boards/STM32WB5MM-DK_small.jpg
2023-09-13 22:59:57,779 [INFO] ApiDb:201 - Load user favorites file C:\Users\Nada/.stm32cubemx/favorites.boards.txt: 0 item(s)
2023-09-13 22:59:57,779 [INFO] ApiDb:205 - User favorites Boards=[]
2023-09-13 22:59:57,779 [INFO] DbBoards:206 - Set 0 / 0 favorites Boards
2023-09-13 22:59:57,784 [INFO] DbBoardsDocs:81 - Found 418 boards documents
2023-09-13 22:59:57,785 [INFO] ApiDb:226 - Save user favorites file C:\Users\Nada/.stm32cubemx/favorites.boards.txt: 0 item(s)
2023-09-13 22:59:57,785 [INFO] ApiDb:230 - User favorites Boards=[]
2023-09-13 22:59:57,788 [INFO] DbBoardsPdsc:94 - Found 23 items
2023-09-13 22:59:57,790 [INFO] DbBoardsPdsc:94 - Found 9 items
2023-09-13 22:59:57,792 [INFO] DbBoardsPdsc:94 - Found 29 items
2023-09-13 22:59:57,795 [INFO] DbBoardsPdsc:94 - Found 1 items
2023-09-13 22:59:57,798 [INFO] DbBoardsPdsc:94 - Found 44 items
2023-09-13 22:59:57,805 [INFO] DbBoardsPdsc:94 - Found 40 items
2023-09-13 22:59:57,807 [INFO] DbBoardsPdsc:94 - Found 2 items
2023-09-13 22:59:57,809 [INFO] DbBoardsPdsc:94 - Found 4 items
2023-09-13 22:59:57,812 [WARN] DbBoardsPdsc:258 - Board STM32H7B3I-DK: unknown feature type=Audio, name=, username=Audio stereo codec with Headphone Amp (CS42L51-CNZ), n=1
2023-09-13 22:59:57,813 [WARN] DbBoardsPdsc:258 - Board STM32H735G-DK: unknown feature type=Audio, name=, username=Audio stereo codec with Headphone Amp (WM8994ECS/R), n=1
2023-09-13 22:59:57,816 [WARN] DbBoardsPdsc:258 - Board STM32H7B3I-EVAL: unknown feature type=Audio, name=, username=Multi-Channel Audio Codec (CS42L51-CNZ), n=1
2023-09-13 22:59:57,816 [WARN] DbBoardsPdsc:258 - Board STM32H7B3I-EVAL: unknown feature type=Meter, name=, username=Power-metering and Temperature-monitoring with sigma-delta modulators, n=1
2023-09-13 22:59:57,816 [WARN] DbBoardsPdsc:258 - Board STM32H7B3I-EVAL: unknown feature type=Motor, name=, username=Motor Control, n=1
2023-09-13 22:59:57,836 [INFO] DbBoardsJson:85 - JSON generation date=Tue Nov 16 18:17:54 EET 2021 (1637079474)
2023-09-13 22:59:57,841 [INFO] DbBoards:117 - Found 166 boards (149 are supported by CubeMX)
2023-09-13 22:59:57,841 [WARN] DbBoards:127 - board B-L475E-IOT01A2 has no document id list !
2023-09-13 22:59:57,841 [WARN] DbBoards:127 - board NUCLEO-H743ZI has no document id list !
2023-09-13 22:59:57,847 [WARN] DbBoards:127 - board P-NUCLEO-WB55-Nucleo has no document id list !
2023-09-13 22:59:57,847 [WARN] DbBoards:127 - board P-NUCLEO-WB55-USBDongle has no document id list !
2023-09-13 22:59:57,847 [WARN] DbBoards:127 - board STEVAL-BFA001V1B has no document id list !
2023-09-13 22:59:57,847 [WARN] DbBoards:127 - board STEVAL-BFA001V2B has no document id list !
2023-09-13 22:59:57,848 [WARN] DbBoards:127 - board STEVAL-IDP005V1 has no document id list !
2023-09-13 22:59:57,848 [WARN] DbBoards:127 - board STEVAL-IDP005V2 has no document id list !
2023-09-13 22:59:57,848 [WARN] DbBoards:127 - board STEVAL-MKSBOX1V1 has no document id list !
2023-09-13 22:59:57,848 [WARN] DbBoards:127 - board STEVAL-STWINKT1 has no document id list !
2023-09-13 22:59:57,849 [WARN] DbBoards:127 - board STEVAL-STWINKT1B has no document id list !
2023-09-13 22:59:57,849 [WARN] DbBoards:127 - board STM32439I-EVAL2 has no document id list !
2023-09-13 22:59:57,850 [WARN] DbBoards:127 - board STM32F401C-DISCO has no document id list !
2023-09-13 22:59:57,850 [WARN] DbBoards:127 - board STM32F769I-DISC1 has no document id list !
2023-09-13 22:59:57,852 [WARN] DbBoards:127 - board STM32G474E-EVAL1 has no document id list !
2023-09-13 22:59:57,853 [WARN] DbBoards:127 - board STM32H743I-EVAL2 has no document id list !
2023-09-13 22:59:57,853 [WARN] DbBoards:127 - board STM32H747I-DISC1 has no document id list !
2023-09-13 22:59:57,853 [WARN] DbBoards:127 - board STM32H753I-EVAL2 has no document id list !
2023-09-13 22:59:57,853 [WARN] DbBoards:127 - board STM32L-DISCOVERY has no document id list !
2023-09-13 22:59:57,896 [ERROR] DbBoards:189 - Image file not found for board B-L462E-CELL1: C:\ST\STM32CubeIDE_1.4.0\STM32CubeIDE\plugins\com.st.stm32cube.common.mx_6.0.0.202007160824\\db\/plugins/mcufinder/images/boards/B-L462E-CELL1_small.jpg
2023-09-13 22:59:57,939 [ERROR] DbBoards:189 - Image file not found for board B-U585I-IOT02A: C:\ST\STM32CubeIDE_1.4.0\STM32CubeIDE\plugins\com.st.stm32cube.common.mx_6.0.0.202007160824\\db\/plugins/mcufinder/images/boards/B-U585I-IOT02A_small.jpg
2023-09-13 22:59:58,012 [ERROR] DbBoards:189 - Image file not found for board NUCLEO-F413ZH: C:\ST\STM32CubeIDE_1.4.0\STM32CubeIDE\plugins\com.st.stm32cube.common.mx_6.0.0.202007160824\\db\/plugins/mcufinder/images/boards/nucleo-f413zh_small.jpg
2023-09-13 22:59:58,231 [ERROR] DbBoards:189 - Image file not found for board NUCLEO-L552ZE-Q: C:\ST\STM32CubeIDE_1.4.0\STM32CubeIDE\plugins\com.st.stm32cube.common.mx_6.0.0.202007160824\\db\/plugins/mcufinder/images/boards/nucleo_l552ze_q_small.jpg
2023-09-13 22:59:58,235 [ERROR] DbBoards:189 - Image file not found for board NUCLEO-U575ZI-Q: C:\ST\STM32CubeIDE_1.4.0\STM32CubeIDE\plugins\com.st.stm32cube.common.mx_6.0.0.202007160824\\db\/plugins/mcufinder/images/boards/nucleo-u575zi-q_small.jpg
2023-09-13 22:59:58,235 [ERROR] DbBoards:189 - Image file not found for board NUCLEO-WB15CC: C:\ST\STM32CubeIDE_1.4.0\STM32CubeIDE\plugins\com.st.stm32cube.common.mx_6.0.0.202007160824\\db\/plugins/mcufinder/images/boards/nucleo-wb15cc_small.jpg
2023-09-13 22:59:58,235 [ERROR] DbBoards:189 - Image file not found for board NUCLEO-WB55RG: C:\ST\STM32CubeIDE_1.4.0\STM32CubeIDE\plugins\com.st.stm32cube.common.mx_6.0.0.202007160824\\db\/plugins/mcufinder/images/boards/nucleo-wb55rg_small.jpg
2023-09-13 22:59:58,235 [ERROR] DbBoards:189 - Image file not found for board NUCLEO-WL55JC: C:\ST\STM32CubeIDE_1.4.0\STM32CubeIDE\plugins\com.st.stm32cube.common.mx_6.0.0.202007160824\\db\/plugins/mcufinder/images/boards/nucleo-wl55jc-small.jpg
2023-09-13 22:59:58,453 [ERROR] DbBoards:189 - Image file not found for board STEVAL-STWINKT1B: C:\ST\STM32CubeIDE_1.4.0\STM32CubeIDE\plugins\com.st.stm32cube.common.mx_6.0.0.202007160824\\db\/plugins/mcufinder/images/boards/steval-stwinkt1b_small.jpg
2023-09-13 22:59:59,032 [ERROR] DbBoards:189 - Image file not found for board STM32G0C1E-EV: C:\ST\STM32CubeIDE_1.4.0\STM32CubeIDE\plugins\com.st.stm32cube.common.mx_6.0.0.202007160824\\db\/plugins/mcufinder/images/boards/stm32g0c1e-eval_small.jpg
2023-09-13 22:59:59,111 [ERROR] DbBoards:189 - Image file not found for board STM32H7B3I-EVAL: C:\ST\STM32CubeIDE_1.4.0\STM32CubeIDE\plugins\com.st.stm32cube.common.mx_6.0.0.202007160824\\db\/plugins/mcufinder/images/boards/stm32h7b3ieval_small.jpg
2023-09-13 22:59:59,440 [ERROR] DbBoards:189 - Image file not found for board STM32U575I-EV: C:\ST\STM32CubeIDE_1.4.0\STM32CubeIDE\plugins\com.st.stm32cube.common.mx_6.0.0.202007160824\\db\/plugins/mcufinder/images/boards/stm32u575i-ev_small.jpg
2023-09-13 22:59:59,507 [ERROR] DbBoards:189 - Image file not found for board STM32WB5MM-DK: C:\ST\STM32CubeIDE_1.4.0\STM32CubeIDE\plugins\com.st.stm32cube.common.mx_6.0.0.202007160824\\db\/plugins/mcufinder/images/boards/STM32WB5MM-DK_small.jpg
2023-09-13 22:59:59,508 [INFO] ApiDb:201 - Load user favorites file C:\Users\Nada/.stm32cubemx/favorites.boards.txt: 0 item(s)
2023-09-13 22:59:59,509 [INFO] ApiDb:205 - User favorites Boards=[]
2023-09-13 22:59:59,509 [INFO] DbBoards:206 - Set 0 / 0 favorites Boards
2023-09-13 22:59:59,813 [INFO] DbExamplesSqlite:156 - SQLite db open (C:\Users\Nada\.stmcufinder\plugins\mcufinder\mcu\cube-finder-db.db)
2023-09-13 23:00:00,706 [INFO] DbExamplesSqlite:447 - Ignored 0 examples not supported by CubeIDE
2023-09-13 23:00:00,707 [INFO] DbExamplesSqlite:448 - Found 7232 examples active
2023-09-13 23:00:00,707 [INFO] DbExamplesSqlite:449 - Found 678 examples obsolete
2023-09-13 23:00:00,707 [INFO] DbExamplesSqlite:450 - Found 0 examples under development
2023-09-13 23:00:00,707 [INFO] DbExamplesSqlite:451 - Found 74 examples not building
2023-09-13 23:00:00,819 [INFO] DbExamplesSqlite:130 - SQLite Data Model version=2.1
2023-09-13 23:00:00,819 [INFO] DbExamplesSqlite:131 - SQLite Configuration version=3.0.37
2023-09-13 23:00:00,819 [INFO] DbExamplesSqlite:132 - SQLite generation date=2023-08-31 (1693470701)
2023-09-13 23:00:00,819 [INFO] DbExamplesSqlite:133 - SQLite FW Pack versions=[FP-ATR-ASTRA1_V2.0.0, FP-SNS-FLIGHT1_V5.0.1, FP-SNS-FLIGHT1_V5.0.2, FP-SNS-MOTENV1_V4.3.1, FP-SNS-MOTENV1_V4.3.2, STM32Cube_FW_C0_V1.1.0, STM32Cube_FW_F4_V1.27.1, STM32Cube_FW_F7_V1.17.0, STM32Cube_FW_G0_V1.6.1, STM32Cube_FW_G4_V1.5.1, STM32Cube_FW_H5_V0.5.1, STM32Cube_FW_H5_V1.1.1, STM32Cube_FW_H7_V1.11.0, STM32Cube_FW_L0_V1.12.2, STM32Cube_FW_L5_V1.5.0, STM32Cube_FW_U5_V1.3.0, STM32Cube_FW_U5_V1.3.0RC4, STM32Cube_FW_WBA_V1.0.0RC1, STM32Cube_FW_WBA_V1.1.0, STM32Cube_FW_WBA_V1.1.0RC1, STM32Cube_FW_WB_V1.15.0RC1, STM32Cube_FW_WB_V1.16.0, STM32Cube_FW_WB_V1.16.0RC2, STM32Cube_FW_WB_V1.17.0, STM32Cube_FW_WB_V1.17.2, STM32Cube_FW_WL_V1.3.0, X-CUBE-ALGOBUILD_V1.3.0, X-CUBE-ALS_V1.0.1, X-CUBE-AZRTOS-F4_V1.1.0, X-CUBE-AZRTOS-F7_V1.1.0, X-CUBE-AZRTOS-G0_V1.1.0, X-CUBE-AZRTOS-G4_V2.0.0, X-CUBE-AZRTOS-H7_V3.1.0, X-CUBE-AZRTOS-L4_V1.0.0, X-CUBE-AZRTOS-L4_V2.0.0, X-CUBE-AZRTOS-L5_V1.1.0, X-CUBE-AZRTOS-WB_V2.0.0, X-CUBE-AZRTOS-WL_V2.0.0, X-CUBE-BLE1_V7.0.0, X-CUBE-BLE2_V3.3.0, X-CUBE-BLEMGR_V2.0.0, X-CUBE-EEPRMA1_V4.1.0, X-CUBE-FREERTOS_V1.1.0, X-CUBE-GNSS1_V6.0.0, X-CUBE-MEMS1_V9.1.0, X-CUBE-MEMS1_V9.4.0, X-CUBE-MEMS1_V9.6.0, X-CUBE-NFC4_V3.0.0, X-CUBE-NFC7_V1.0.0, X-CUBE-SFXS2LP1_V4.0.0, X-CUBE-SUBG2_V5.0.0, X-CUBE-TOF1_V3.3.1]
2023-09-13 23:00:00,820 [INFO] DbExamples:123 - Found 7306 examples
2023-09-13 23:00:01,419 [ERROR] DbExamples:199 - Found 7306 examples with invalid data (board or MCU)
2023-09-13 23:00:01,419 [INFO] DbExamples:215 - Found 77 boards with related examples
2023-09-13 23:00:01,420 [INFO] DbExamples:228 - Found 0 MCUs with related examples
2023-09-13 23:00:01,439 [INFO] ApiDb:192 - User favorites file not found: C:\Users\Nada/.stm32cubemx/favorites.examples.txt
2023-09-13 23:00:01,439 [INFO] DbExamples:249 - Set 0 / 0 favorites Examples
2023-09-13 23:00:01,642 [INFO] McuFinderGlobals:40 - Set McuFinder mode to 2 (CubeIDE integrated)
2023-09-13 23:00:02,125 [INFO] CrossSelectorPresenter:1330 - Cross Selector saved comparison directory: C:\Users\Nada\.stmcufinder\plugins\mcufinder\mcu\cs_comparisons_mx
2023-09-13 23:00:02,141 [INFO] MultiScanPanel:193 - Auto-refresh data requested => check proxy status ongoing
2023-09-13 23:00:02,147 [INFO] FinderPluginLoader:87 - Searching for filters in installed packs
2023-09-13 23:00:02,844 [INFO] LoadUrlFilesThread:162 - End of LoadServerUrlFiles without Thread
2023-09-13 23:00:02,864 [INFO] DetailPanel:331 - Set advertising image to C:/Users/Nada/STM32Cube/Repository/\stm32cubemx-promo_image.jpg
2023-09-13 23:00:03,513 [INFO] McuFilterPanel:245 - Update 0 favorites MCUs
2023-09-13 23:00:56,108 [INFO] LogOutputStream:76 - [STDOUT_REDIRECT] withoutVersionV1.8.4
2023-09-13 23:00:56,109 [INFO] LogOutputStream:76 - [STDOUT_REDIRECT] withoutVersionV1.8.3
2023-09-13 23:00:56,111 [INFO] LogOutputStream:76 - [STDOUT_REDIRECT] withoutVersionV1.8.2
2023-09-13 23:00:56,112 [INFO] LogOutputStream:76 - [STDOUT_REDIRECT] withoutVersionV1.8.1
2023-09-13 23:00:56,114 [INFO] LogOutputStream:76 - [STDOUT_REDIRECT] withoutVersionV1.8.0
2023-09-13 23:01:00,890 [INFO] RetryExec:97 - I/O exception (org.apache.http.NoHttpResponseException) caught when processing request to {s}->https://download.eclipse.org:443: The target server failed to respond
2023-09-13 23:01:00,897 [INFO] RetryExec:113 - Retrying request to {s}->https://download.eclipse.org:443
2023-09-13 23:01:01,718 [INFO] RetryExec:97 - I/O exception (org.apache.http.NoHttpResponseException) caught when processing request to {s}->https://archive.eclipse.org:443: The target server failed to respond
2023-09-13 23:01:01,718 [INFO] RetryExec:113 - Retrying request to {s}->https://archive.eclipse.org:443
2023-09-13 23:01:01,737 [INFO] ApiDb:226 - Save user favorites file C:\Users\Nada/.stm32cubeide/favorites.mcus.txt: 0 item(s)
2023-09-13 23:01:01,737 [INFO] ApiDb:230 - User favorites MCUs=[]
2023-09-15 12:32:17,043 [INFO] Activator:178 - 


2023-09-15 12:32:17,048 [INFO] Activator:179 - !SESSION log4j initialized
