22:51:40 **** Incremental Build of configuration Debug for project transpose ****
Info: Internal Builder is used for build
gcc -o transpose.exe "src\\transpose.o" 
c:/mingw/bin/../lib/gcc/mingw32/6.3.0/../../../../mingw32/bin/ld.exe: cannot open output file transpose.exe: Permission denied
collect2.exe: error: ld returned 1 exit status
22:52:53 **** Incremental Build of configuration Debug for project transpose ****
Info: Internal Builder is used for build
gcc -o transpose.exe "src\\transpose.o" 
c:/mingw/bin/../lib/gcc/mingw32/6.3.0/../../../../mingw32/bin/ld.exe: cannot open output file transpose.exe: Permission denied
collect2.exe: error: ld returned 1 exit status
Info: Nothing to build for polynomial_values
00:11:26 **** Rebuild of configuration Debug for project string_all ****
Info: Internal Builder is used for build
gcc -O0 -g3 -Wall -c -fmessage-length=0 -o "src\\string_all.o" "..\\src\\string_all.c" 
gcc -o string_all.exe "src\\string_all.o" 
00:11:27 **** Incremental Build of configuration Debug for project transpose ****
Info: Internal Builder is used for build
gcc -o transpose.exe "src\\transpose.o" 
c:/mingw/bin/../lib/gcc/mingw32/6.3.0/../../../../mingw32/bin/ld.exe: cannot open output file transpose.exe: Permission denied
collect2.exe: error: ld returned 1 exit status
00:11:32 **** Incremental Build of configuration Debug for project string_all ****
Info: Internal Builder is used for build
gcc -O0 -g3 -Wall -c -fmessage-length=0 -o "src\\string_all.o" "..\\src\\string_all.c" 
gcc -o string_all.exe "src\\string_all.o" 
Info: Nothing to build for polynomial_values
Info: Nothing to build for string_all
00:13:28 **** Incremental Build of configuration Debug for project transpose ****
Info: Internal Builder is used for build
gcc -o transpose.exe "src\\transpose.o" 
c:/mingw/bin/../lib/gcc/mingw32/6.3.0/../../../../mingw32/bin/ld.exe: cannot open output file transpose.exe: Permission denied
collect2.exe: error: ld returned 1 exit status
00:13:30 **** Incremental Build of configuration Debug for project string_all ****
Info: Internal Builder is used for build
gcc -O0 -g3 -Wall -c -fmessage-length=0 -o "src\\string_all.o" "..\\src\\string_all.c" 
..\src\string_all.c: In function 'main':
..\src\string_all.c:18:5: warning: unused variable 'i' [-Wunused-variable]
 int i=0;
     ^
gcc -o string_all.exe "src\\string_all.o" 
00:13:55 **** Incremental Build of configuration Debug for project string_all ****
Info: Internal Builder is used for build
gcc -O0 -g3 -Wall -c -fmessage-length=0 -o "src\\string_all.o" "..\\src\\string_all.c" 
..\src\string_all.c: In function 'main':
..\src\string_all.c:18:5: warning: unused variable 'i' [-Wunused-variable]
 int i=0;
     ^
gcc -o string_all.exe "src\\string_all.o" 
Info: Nothing to build for polynomial_values
Info: Nothing to build for string_all
00:14:22 **** Incremental Build of configuration Debug for project transpose ****
Info: Internal Builder is used for build
gcc -o transpose.exe "src\\transpose.o" 
c:/mingw/bin/../lib/gcc/mingw32/6.3.0/../../../../mingw32/bin/ld.exe: cannot open output file transpose.exe: Permission denied
collect2.exe: error: ld returned 1 exit status
00:14:30 **** Incremental Build of configuration Debug for project string_all ****
Info: Internal Builder is used for build
gcc -O0 -g3 -Wall -c -fmessage-length=0 -o "src\\string_all.o" "..\\src\\string_all.c" 
gcc -o string_all.exe "src\\string_all.o" 
00:16:04 **** Incremental Build of configuration Debug for project string_all ****
Info: Internal Builder is used for build
gcc -O0 -g3 -Wall -c -fmessage-length=0 -o "src\\string_all.o" "..\\src\\string_all.c" 
gcc -o string_all.exe "src\\string_all.o" 
00:16:22 **** Incremental Build of configuration Debug for project string_all ****
Info: Internal Builder is used for build
gcc -O0 -g3 -Wall -c -fmessage-length=0 -o "src\\string_all.o" "..\\src\\string_all.c" 
gcc -o string_all.exe "src\\string_all.o" 
Info: Nothing to build for string_all
Info: Nothing to build for string_all
00:21:55 **** Incremental Build of configuration Debug for project string_all ****
Info: Internal Builder is used for build
gcc -O0 -g3 -Wall -c -fmessage-length=0 -o "src\\string_all.o" "..\\src\\string_all.c" 
..\src\string_all.c: In function 'main':
..\src\string_all.c:20:1: warning: implicit declaration of function 'srtcat' [-Wimplicit-function-declaration]
 srtcat(a,b);
 ^~~~~~
gcc -o string_all.exe "src\\string_all.o" 
src\string_all.o: In function `main':
D:\nada\Embedded Diploma Codes\First Term\unit 2\lesson 4_C array & string\lecture examples\string_all\Debug/../src/string_all.c:20: undefined reference to `srtcat'
collect2.exe: error: ld returned 1 exit status
Info: Nothing to build for polynomial_values
00:23:01 **** Incremental Build of configuration Debug for project string_all ****
Info: Internal Builder is used for build
gcc -o string_all.exe "src\\string_all.o" 
src\string_all.o: In function `main':
D:\nada\Embedded Diploma Codes\First Term\unit 2\lesson 4_C array & string\lecture examples\string_all\Debug/../src/string_all.c:20: undefined reference to `srtcat'
collect2.exe: error: ld returned 1 exit status
00:23:02 **** Incremental Build of configuration Debug for project transpose ****
Info: Internal Builder is used for build
gcc -o transpose.exe "src\\transpose.o" 
Info: Nothing to build for polynomial_values
00:23:30 **** Incremental Build of configuration Debug for project string_all ****
Info: Internal Builder is used for build
gcc -o string_all.exe "src\\string_all.o" 
src\string_all.o: In function `main':
D:\nada\Embedded Diploma Codes\First Term\unit 2\lesson 4_C array & string\lecture examples\string_all\Debug/../src/string_all.c:20: undefined reference to `srtcat'
collect2.exe: error: ld returned 1 exit status
Info: Nothing to build for transpose
00:23:34 **** Incremental Build of configuration Debug for project string_all ****
Info: Internal Builder is used for build
gcc -O0 -g3 -Wall -c -fmessage-length=0 -o "src\\string_all.o" "..\\src\\string_all.c" 
gcc -o string_all.exe "src\\string_all.o" 
00:24:08 **** Incremental Build of configuration Debug for project string_all ****
Info: Internal Builder is used for build
gcc -O0 -g3 -Wall -c -fmessage-length=0 -o "src\\string_all.o" "..\\src\\string_all.c" 
gcc -o string_all.exe "src\\string_all.o" 
00:24:35 **** Incremental Build of configuration Debug for project string_all ****
Info: Internal Builder is used for build
gcc -O0 -g3 -Wall -c -fmessage-length=0 -o "src\\string_all.o" "..\\src\\string_all.c" 
gcc -o string_all.exe "src\\string_all.o" 
00:24:46 **** Incremental Build of configuration Debug for project string_all ****
Info: Internal Builder is used for build
gcc -O0 -g3 -Wall -c -fmessage-length=0 -o "src\\string_all.o" "..\\src\\string_all.c" 
gcc -o string_all.exe "src\\string_all.o" 
00:25:24 **** Incremental Build of configuration Debug for project string_all ****
Info: Internal Builder is used for build
gcc -O0 -g3 -Wall -c -fmessage-length=0 -o "src\\string_all.o" "..\\src\\string_all.c" 
gcc -o string_all.exe "src\\string_all.o" 
00:25:40 **** Incremental Build of configuration Debug for project string_all ****
Info: Internal Builder is used for build
gcc -O0 -g3 -Wall -c -fmessage-length=0 -o "src\\string_all.o" "..\\src\\string_all.c" 
gcc -o string_all.exe "src\\string_all.o" 
00:25:52 **** Incremental Build of configuration Debug for project string_all ****
Info: Internal Builder is used for build
gcc -O0 -g3 -Wall -c -fmessage-length=0 -o "src\\string_all.o" "..\\src\\string_all.c" 
gcc -o string_all.exe "src\\string_all.o" 
00:26:30 **** Incremental Build of configuration Debug for project string_all ****
Info: Internal Builder is used for build
gcc -O0 -g3 -Wall -c -fmessage-length=0 -o "src\\string_all.o" "..\\src\\string_all.c" 
..\src\string_all.c: In function 'main':
..\src\string_all.c:20:1: error: too few arguments to function 'strcat'
 strcat();
 ^~~~~~
In file included from ..\src\string_all.c:12:0:
c:\mingw\include\string.h:75:40: note: declared here
 _CRTIMP __cdecl __MINGW_NOTHROW  char *strcat (char *, const char *);
                                        ^~~~~~
00:26:44 **** Incremental Build of configuration Debug for project string_all ****
Info: Internal Builder is used for build
gcc -O0 -g3 -Wall -c -fmessage-length=0 -o "src\\string_all.o" "..\\src\\string_all.c" 
gcc -o string_all.exe "src\\string_all.o" 
00:27:04 **** Incremental Build of configuration Debug for project string_all ****
Info: Internal Builder is used for build
gcc -O0 -g3 -Wall -c -fmessage-length=0 -o "src\\string_all.o" "..\\src\\string_all.c" 
gcc -o string_all.exe "src\\string_all.o" 
00:27:57 **** Incremental Build of configuration Debug for project string_all ****
Info: Internal Builder is used for build
gcc -O0 -g3 -Wall -c -fmessage-length=0 -o "src\\string_all.o" "..\\src\\string_all.c" 
gcc -o string_all.exe "src\\string_all.o" 
00:28:58 **** Incremental Build of configuration Debug for project string_all ****
Info: Internal Builder is used for build
gcc -O0 -g3 -Wall -c -fmessage-length=0 -o "src\\string_all.o" "..\\src\\string_all.c" 
..\src\string_all.c: In function 'main':
..\src\string_all.c:24:15: warning: implicit declaration of function 'strln' [-Wimplicit-function-declaration]
 printf("\n%d",strln(b));
               ^~~~~
gcc -o string_all.exe "src\\string_all.o" 
src\string_all.o: In function `main':
D:\nada\Embedded Diploma Codes\First Term\unit 2\lesson 4_C array & string\lecture examples\string_all\Debug/../src/string_all.c:24: undefined reference to `strln'
collect2.exe: error: ld returned 1 exit status
00:29:25 **** Incremental Build of configuration Debug for project string_all ****
Info: Internal Builder is used for build
gcc -O0 -g3 -Wall -c -fmessage-length=0 -o "src\\string_all.o" "..\\src\\string_all.c" 
gcc -o string_all.exe "src\\string_all.o" 
00:30:05 **** Incremental Build of configuration Debug for project string_all ****
Info: Internal Builder is used for build
gcc -O0 -g3 -Wall -c -fmessage-length=0 -o "src\\string_all.o" "..\\src\\string_all.c" 
gcc -o string_all.exe "src\\string_all.o" 
00:30:20 **** Incremental Build of configuration Debug for project string_all ****
Info: Internal Builder is used for build
gcc -O0 -g3 -Wall -c -fmessage-length=0 -o "src\\string_all.o" "..\\src\\string_all.c" 
..\src\string_all.c: In function 'main':
..\src\string_all.c:24:22: warning: passing argument 1 of 'strlen' makes pointer from integer without a cast [-Wint-conversion]
 printf("\n%d",strlen(b-" "));
                      ^
In file included from ..\src\string_all.c:12:0:
c:\mingw\include\string.h:83:41: note: expected 'const char *' but argument is of type 'int'
 _CRTIMP __cdecl __MINGW_NOTHROW  size_t strlen (const char *) __MINGW_ATTRIB_PURE;
                                         ^~~~~~
gcc -o string_all.exe "src\\string_all.o" 
00:30:45 **** Incremental Build of configuration Debug for project string_all ****
Info: Internal Builder is used for build
gcc -O0 -g3 -Wall -c -fmessage-length=0 -o "src\\string_all.o" "..\\src\\string_all.c" 
gcc -o string_all.exe "src\\string_all.o" 
