2023-09-09 11:28:08,771 [INFO] Activator:178 - 


2023-09-09 11:28:08,776 [INFO] Activator:179 - !SESSION log4j initialized
2023-09-09 11:28:29,474 [INFO] ApplicationProperties:181 - Using Application install path: C:\ST\STM32CubeIDE_1.4.0\STM32CubeIDE\plugins\com.st.stm32cube.common.mx_6.0.0.202007160824
2023-09-09 11:28:29,484 [INFO] DbMcusXml:70 - Set database path to: C:\ST\STM32CubeIDE_1.4.0\STM32CubeIDE\plugins\com.st.stm32cube.common.mx_6.0.0.202007160824\\db\/mcu/
2023-09-09 11:28:29,486 [INFO] DbBoardsPdsc:56 - Set plugin database path to: C:\ST\STM32CubeIDE_1.4.0\STM32CubeIDE\plugins\com.st.stm32cube.common.mx_6.0.0.202007160824\\db\/plugins/boardmanager/
2023-09-09 11:28:29,486 [INFO] DbMcus:258 - Set plugin images path to: C:\ST\STM32CubeIDE_1.4.0\STM32CubeIDE\plugins\com.st.stm32cube.common.mx_6.0.0.202007160824\\db\/plugins/mcufinder/images/
2023-09-09 11:28:29,488 [INFO] DbBoards:264 - Set plugin images path to: C:\ST\STM32CubeIDE_1.4.0\STM32CubeIDE\plugins\com.st.stm32cube.common.mx_6.0.0.202007160824\\db\/plugins/mcufinder/images/
2023-09-09 11:28:29,494 [INFO] DbExamples:326 - Set plugin images path to: C:\ST\STM32CubeIDE_1.4.0\STM32CubeIDE\plugins\com.st.stm32cube.common.mx_6.0.0.202007160824\\db\/plugins/mcufinder/images/
2023-09-09 11:28:29,504 [INFO] DbMcusDocs:112 - Set database path to: C:\Users\Nada\.stmcufinder\plugins\mcufinder//mcu/
2023-09-09 11:28:29,509 [INFO] DbMcusJson:63 - Set database path to: C:\Users\Nada\.stmcufinder\plugins\mcufinder//mcu/
2023-09-09 11:28:29,509 [INFO] DbBoardsDocs:112 - Set database path to: C:\Users\Nada\.stmcufinder\plugins\mcufinder//mcu/
2023-09-09 11:28:29,509 [INFO] DbBoardsJson:56 - Set database path to: C:\Users\Nada\.stmcufinder\plugins\mcufinder//mcu/
2023-09-09 11:28:29,672 [INFO] CrossReferenceDbSqlite:196 - Set database path to: C:\Users\Nada\.stmcufinder\plugins\mcufinder//mcu/cs/
2023-09-09 11:28:29,677 [INFO] DbExamplesSqlite:800 - Set database path to: C:\Users\Nada\.stmcufinder\plugins\mcufinder//mcu/
2023-09-09 11:28:29,769 [INFO] RulesReader:52 - Compatibility file has been processed (209 Rules)
2023-09-09 11:28:29,839 [INFO] MicroXplorer:564 - Detected Java Version = 1.8.0_252
2023-09-09 11:28:29,839 [INFO] DbMcusXml:70 - Set database path to: C:\ST\STM32CubeIDE_1.4.0\STM32CubeIDE\plugins\com.st.stm32cube.common.mx_6.0.0.202007160824\\db\/mcu/
2023-09-09 11:28:29,839 [INFO] DbBoardsPdsc:56 - Set plugin database path to: C:\ST\STM32CubeIDE_1.4.0\STM32CubeIDE\plugins\com.st.stm32cube.common.mx_6.0.0.202007160824\\db\/plugins/boardmanager/
2023-09-09 11:28:29,839 [INFO] DbMcus:258 - Set plugin images path to: C:\ST\STM32CubeIDE_1.4.0\STM32CubeIDE\plugins\com.st.stm32cube.common.mx_6.0.0.202007160824\\db\/plugins/mcufinder/images/
2023-09-09 11:28:29,839 [INFO] DbBoards:264 - Set plugin images path to: C:\ST\STM32CubeIDE_1.4.0\STM32CubeIDE\plugins\com.st.stm32cube.common.mx_6.0.0.202007160824\\db\/plugins/mcufinder/images/
2023-09-09 11:28:29,839 [INFO] DbExamples:326 - Set plugin images path to: C:\ST\STM32CubeIDE_1.4.0\STM32CubeIDE\plugins\com.st.stm32cube.common.mx_6.0.0.202007160824\\db\/plugins/mcufinder/images/
2023-09-09 11:28:29,839 [WARN] DbFile:36 - Overriding database path with different value: C:\Users\Nada\.stmcufinder\plugins\mcufinder/ => C:\Users\Nada\.stmcufinder\plugins\mcufinder
2023-09-09 11:28:29,839 [INFO] DbMcusDocs:112 - Set database path to: C:\Users\Nada\.stmcufinder\plugins\mcufinder//mcu/
2023-09-09 11:28:29,839 [WARN] DbFile:36 - Overriding database path with different value: C:\Users\Nada\.stmcufinder\plugins\mcufinder/ => C:\Users\Nada\.stmcufinder\plugins\mcufinder
2023-09-09 11:28:29,839 [INFO] DbMcusJson:63 - Set database path to: C:\Users\Nada\.stmcufinder\plugins\mcufinder//mcu/
2023-09-09 11:28:29,844 [WARN] DbFile:36 - Overriding database path with different value: C:\Users\Nada\.stmcufinder\plugins\mcufinder/ => C:\Users\Nada\.stmcufinder\plugins\mcufinder
2023-09-09 11:28:29,844 [INFO] DbBoardsDocs:112 - Set database path to: C:\Users\Nada\.stmcufinder\plugins\mcufinder//mcu/
2023-09-09 11:28:29,844 [WARN] DbFile:36 - Overriding database path with different value: C:\Users\Nada\.stmcufinder\plugins\mcufinder/ => C:\Users\Nada\.stmcufinder\plugins\mcufinder
2023-09-09 11:28:29,844 [INFO] DbBoardsJson:56 - Set database path to: C:\Users\Nada\.stmcufinder\plugins\mcufinder//mcu/
2023-09-09 11:28:29,844 [WARN] DbFile:36 - Overriding database path with different value: C:\Users\Nada\.stmcufinder\plugins\mcufinder/ => C:\Users\Nada\.stmcufinder\plugins\mcufinder
2023-09-09 11:28:29,844 [WARN] DbFile:36 - Overriding database path with different value: C:\Users\Nada\.stmcufinder\plugins\mcufinder/ => C:\Users\Nada\.stmcufinder\plugins\mcufinder
2023-09-09 11:28:29,844 [INFO] CrossReferenceDbSqlite:196 - Set database path to: C:\Users\Nada\.stmcufinder\plugins\mcufinder//mcu/cs/
2023-09-09 11:28:29,844 [WARN] DbFile:36 - Overriding database path with different value: C:\Users\Nada\.stmcufinder\plugins\mcufinder/ => C:\Users\Nada\.stmcufinder\plugins\mcufinder
2023-09-09 11:28:29,844 [INFO] DbExamplesSqlite:800 - Set database path to: C:\Users\Nada\.stmcufinder\plugins\mcufinder//mcu/
2023-09-09 11:28:29,894 [INFO] MainPanel:189 - HeapMemory: 268435456
2023-09-09 11:28:29,949 [INFO] DbMcusXml:70 - Set database path to: C:\ST\STM32CubeIDE_1.4.0\STM32CubeIDE\plugins\com.st.stm32cube.common.mx_6.0.0.202007160824\\db\/mcu/
2023-09-09 11:28:29,949 [INFO] DbBoardsPdsc:56 - Set plugin database path to: C:\ST\STM32CubeIDE_1.4.0\STM32CubeIDE\plugins\com.st.stm32cube.common.mx_6.0.0.202007160824\\db\/plugins/boardmanager/
2023-09-09 11:28:29,949 [INFO] DbMcus:258 - Set plugin images path to: C:\ST\STM32CubeIDE_1.4.0\STM32CubeIDE\plugins\com.st.stm32cube.common.mx_6.0.0.202007160824\\db\/plugins/mcufinder/images/
2023-09-09 11:28:29,949 [INFO] DbBoards:264 - Set plugin images path to: C:\ST\STM32CubeIDE_1.4.0\STM32CubeIDE\plugins\com.st.stm32cube.common.mx_6.0.0.202007160824\\db\/plugins/mcufinder/images/
2023-09-09 11:28:29,949 [INFO] DbExamples:326 - Set plugin images path to: C:\ST\STM32CubeIDE_1.4.0\STM32CubeIDE\plugins\com.st.stm32cube.common.mx_6.0.0.202007160824\\db\/plugins/mcufinder/images/
2023-09-09 11:28:29,949 [WARN] DbFile:36 - Overriding database path with different value: C:\Users\Nada\.stmcufinder\plugins\mcufinder/ => C:\Users\Nada\.stmcufinder\plugins\mcufinder
2023-09-09 11:28:29,949 [INFO] DbMcusDocs:112 - Set database path to: C:\Users\Nada\.stmcufinder\plugins\mcufinder//mcu/
2023-09-09 11:28:29,949 [WARN] DbFile:36 - Overriding database path with different value: C:\Users\Nada\.stmcufinder\plugins\mcufinder/ => C:\Users\Nada\.stmcufinder\plugins\mcufinder
2023-09-09 11:28:29,949 [INFO] DbMcusJson:63 - Set database path to: C:\Users\Nada\.stmcufinder\plugins\mcufinder//mcu/
2023-09-09 11:28:29,949 [WARN] DbFile:36 - Overriding database path with different value: C:\Users\Nada\.stmcufinder\plugins\mcufinder/ => C:\Users\Nada\.stmcufinder\plugins\mcufinder
2023-09-09 11:28:29,949 [INFO] DbBoardsDocs:112 - Set database path to: C:\Users\Nada\.stmcufinder\plugins\mcufinder//mcu/
2023-09-09 11:28:29,949 [WARN] DbFile:36 - Overriding database path with different value: C:\Users\Nada\.stmcufinder\plugins\mcufinder/ => C:\Users\Nada\.stmcufinder\plugins\mcufinder
2023-09-09 11:28:29,949 [INFO] DbBoardsJson:56 - Set database path to: C:\Users\Nada\.stmcufinder\plugins\mcufinder//mcu/
2023-09-09 11:28:29,949 [WARN] DbFile:36 - Overriding database path with different value: C:\Users\Nada\.stmcufinder\plugins\mcufinder/ => C:\Users\Nada\.stmcufinder\plugins\mcufinder
2023-09-09 11:28:29,949 [WARN] DbFile:36 - Overriding database path with different value: C:\Users\Nada\.stmcufinder\plugins\mcufinder/ => C:\Users\Nada\.stmcufinder\plugins\mcufinder
2023-09-09 11:28:29,954 [INFO] CrossReferenceDbSqlite:196 - Set database path to: C:\Users\Nada\.stmcufinder\plugins\mcufinder//mcu/cs/
2023-09-09 11:28:29,954 [WARN] DbFile:36 - Overriding database path with different value: C:\Users\Nada\.stmcufinder\plugins\mcufinder/ => C:\Users\Nada\.stmcufinder\plugins\mcufinder
2023-09-09 11:28:29,954 [INFO] DbExamplesSqlite:800 - Set database path to: C:\Users\Nada\.stmcufinder\plugins\mcufinder//mcu/
2023-09-09 11:28:29,964 [INFO] ApplicationProperties:181 - Using Application install path: C:\ST\STM32CubeIDE_1.4.0\STM32CubeIDE\plugins\com.st.stm32cube.common.mx_6.0.0.202007160824
2023-09-09 11:28:29,964 [INFO] PluginManage:178 - Search for loadable plugins [exclusion list=, ]
2023-09-09 11:28:29,969 [INFO] PluginManage:292 - Check plugin analytics
2023-09-09 11:28:30,338 [INFO] AnalyticsPlugin:203 - Accepted Software Licenses: 
2023-09-09 11:28:30,338 [INFO] AnalyticsPlugin:205 - Accepted CMSIS Pack Licenses: 
2023-09-09 11:28:30,338 [INFO] AnalyticsPlugin:207 - Accepted Firmware Licenses: 
2023-09-09 11:28:30,338 [INFO] PluginManage:342 - Loaded plugin analytics (category:tool,tabindex:-1)
2023-09-09 11:28:30,338 [INFO] PluginManage:292 - Check plugin clock
2023-09-09 11:28:30,358 [INFO] PluginManage:342 - Loaded plugin clock (category:base,tabindex:2)
2023-09-09 11:28:30,358 [INFO] PluginManage:292 - Check plugin ddr
2023-09-09 11:28:30,363 [INFO] PluginManage:342 - Loaded plugin ddr (category:tool,tabindex:6)
2023-09-09 11:28:30,363 [INFO] PluginManage:292 - Check plugin filemanager
2023-09-09 11:28:30,484 [INFO] PluginManage:342 - Loaded plugin filemanager (category:base,tabindex:10)
2023-09-09 11:28:30,484 [INFO] PluginManage:292 - Check plugin ipmanager
2023-09-09 11:28:30,489 [INFO] PluginManage:342 - Loaded plugin ipmanager (category:base,tabindex:5)
2023-09-09 11:28:30,489 [INFO] PluginManage:292 - Check plugin pinoutandconfiguration
2023-09-09 11:28:30,499 [INFO] PluginManage:342 - Loaded plugin pinoutandconfiguration (category:base,tabindex:1)
2023-09-09 11:28:30,499 [INFO] PluginManage:292 - Check plugin pinoutconfig
2023-09-09 11:28:30,529 [INFO] PluginManage:342 - Loaded plugin pinoutconfig (category:base,tabindex:0)
2023-09-09 11:28:30,529 [INFO] PluginManage:292 - Check plugin power
2023-09-09 11:28:30,544 [INFO] PluginManage:342 - Loaded plugin power (category:power,tabindex:4)
2023-09-09 11:28:30,544 [INFO] PluginManage:292 - Check plugin projectmanager
2023-09-09 11:28:30,559 [INFO] PluginManage:342 - Loaded plugin projectmanager (category:projectmanager,tabindex:3)
2023-09-09 11:28:30,559 [INFO] PluginManage:292 - Check plugin thirdparty
2023-09-09 11:28:30,648 [INFO] ThirdPartyDb:333 - Open Third Party DataBase File (C:/Users/Nada/.stm32cubemx/plugins/thirdparty/db/thirdparties_db.xml) : 35 ms. number of Sw pack : 43
2023-09-09 11:28:30,653 [INFO] PluginManage:342 - Loaded plugin thirdparty (category:base,tabindex:-1)
2023-09-09 11:28:30,653 [INFO] PluginManage:292 - Check plugin tools
2023-09-09 11:28:30,658 [INFO] PluginManage:342 - Loaded plugin tools (category:base,tabindex:7)
2023-09-09 11:28:30,658 [INFO] PluginManage:292 - Check plugin tutovideos
2023-09-09 11:28:30,838 [INFO] PluginManage:342 - Loaded plugin tutovideos (category:base,tabindex:-1)
2023-09-09 11:28:30,838 [INFO] PluginManage:292 - Check plugin updater
2023-09-09 11:28:30,853 [INFO] PluginManage:342 - Loaded plugin updater (category:base,tabindex:12)
2023-09-09 11:28:30,853 [INFO] PluginManage:265 - PluginManage : Loaded plugins [13]
2023-09-09 11:28:31,044 [INFO] PinOutPanel:1418 - setPackage(No Configuration,No Configuration)
2023-09-09 11:28:31,118 [INFO] IPUIPlugin:64 - create IPUIPlugin
2023-09-09 11:28:31,118 [INFO] PluginManager:200 - loadIPPluginJar : add adc
2023-09-09 11:28:31,118 [INFO] IPUIPlugin:64 - create IPUIPlugin
2023-09-09 11:28:31,118 [INFO] PluginManager:200 - loadIPPluginJar : add aes
2023-09-09 11:28:31,123 [INFO] IPUIPlugin:64 - create IPUIPlugin
2023-09-09 11:28:31,123 [INFO] PluginManager:200 - loadIPPluginJar : add can
2023-09-09 11:28:31,123 [INFO] IPUIPlugin:64 - create IPUIPlugin
2023-09-09 11:28:31,123 [INFO] PluginManager:200 - loadIPPluginJar : add comp
2023-09-09 11:28:31,128 [INFO] IPUIPlugin:64 - create IPUIPlugin
2023-09-09 11:28:31,128 [INFO] PluginManager:200 - loadIPPluginJar : add cryp
2023-09-09 11:28:31,131 [INFO] IPUIPlugin:64 - create IPUIPlugin
2023-09-09 11:28:31,131 [INFO] PluginManager:200 - loadIPPluginJar : add dfsdm
2023-09-09 11:28:31,136 [INFO] IPUIPlugin:64 - create IPUIPlugin
2023-09-09 11:28:31,136 [INFO] PluginManager:200 - loadIPPluginJar : add dma
2023-09-09 11:28:31,141 [INFO] IPUIPlugin:64 - create IPUIPlugin
2023-09-09 11:28:31,141 [INFO] PluginManager:200 - loadIPPluginJar : add fatfs
2023-09-09 11:28:31,143 [INFO] IPUIPlugin:64 - create IPUIPlugin
2023-09-09 11:28:31,143 [INFO] PluginManager:200 - loadIPPluginJar : add fmc
2023-09-09 11:28:31,153 [INFO] IPUIPlugin:64 - create IPUIPlugin
2023-09-09 11:28:31,153 [INFO] PluginManager:200 - loadIPPluginJar : add freertos
2023-09-09 11:28:31,156 [INFO] IPUIPlugin:64 - create IPUIPlugin
2023-09-09 11:28:31,156 [INFO] PluginManager:200 - loadIPPluginJar : add genericplugin
2023-09-09 11:28:31,156 [INFO] IPUIPlugin:64 - create IPUIPlugin
2023-09-09 11:28:31,156 [INFO] PluginManager:200 - loadIPPluginJar : add gfxmmu
2023-09-09 11:28:31,166 [INFO] IPUIPlugin:64 - create IPUIPlugin
2023-09-09 11:28:31,166 [INFO] PluginManager:200 - loadIPPluginJar : add gic
2023-09-09 11:28:31,171 [INFO] IPUIPlugin:64 - create IPUIPlugin
2023-09-09 11:28:31,171 [INFO] PluginManager:200 - loadIPPluginJar : add gpio
2023-09-09 11:28:31,171 [INFO] IPUIPlugin:64 - create IPUIPlugin
2023-09-09 11:28:31,171 [INFO] PluginManager:200 - loadIPPluginJar : add gtzc
2023-09-09 11:28:31,176 [INFO] IPUIPlugin:64 - create IPUIPlugin
2023-09-09 11:28:31,176 [INFO] PluginManager:200 - loadIPPluginJar : add hash
2023-09-09 11:28:31,176 [INFO] IPUIPlugin:64 - create IPUIPlugin
2023-09-09 11:28:31,181 [INFO] PluginManager:200 - loadIPPluginJar : add i2c
2023-09-09 11:28:31,181 [INFO] IPUIPlugin:64 - create IPUIPlugin
2023-09-09 11:28:31,181 [INFO] PluginManager:200 - loadIPPluginJar : add i2s
2023-09-09 11:28:31,186 [INFO] IPUIPlugin:64 - create IPUIPlugin
2023-09-09 11:28:31,186 [INFO] PluginManager:200 - loadIPPluginJar : add ipddr
2023-09-09 11:28:31,186 [INFO] IPUIPlugin:64 - create IPUIPlugin
2023-09-09 11:28:31,186 [INFO] PluginManager:200 - loadIPPluginJar : add ltdc
2023-09-09 11:28:31,194 [INFO] IPUIPlugin:64 - create IPUIPlugin
2023-09-09 11:28:31,194 [INFO] PluginManager:200 - loadIPPluginJar : add mdma
2023-09-09 11:28:31,196 [INFO] IPUIPlugin:64 - create IPUIPlugin
2023-09-09 11:28:31,196 [INFO] PluginManager:200 - loadIPPluginJar : add nvic
2023-09-09 11:28:31,201 [INFO] IPUIPlugin:64 - create IPUIPlugin
2023-09-09 11:28:31,201 [INFO] PluginManager:200 - loadIPPluginJar : add opamp
2023-09-09 11:28:31,206 [INFO] IPUIPlugin:64 - create IPUIPlugin
2023-09-09 11:28:31,206 [INFO] PluginManager:200 - loadIPPluginJar : add openamp
2023-09-09 11:28:31,206 [INFO] IPUIPlugin:64 - create IPUIPlugin
2023-09-09 11:28:31,206 [INFO] PluginManager:200 - loadIPPluginJar : add pdm2pcm
2023-09-09 11:28:31,216 [INFO] IPUIPlugin:64 - create IPUIPlugin
2023-09-09 11:28:31,216 [INFO] PluginManager:200 - loadIPPluginJar : add plateformsettings
2023-09-09 11:28:31,221 [INFO] IPUIPlugin:64 - create IPUIPlugin
2023-09-09 11:28:31,221 [INFO] PluginManager:200 - loadIPPluginJar : add quadspi
2023-09-09 11:28:31,221 [INFO] IPUIPlugin:64 - create IPUIPlugin
2023-09-09 11:28:31,226 [INFO] PluginManager:200 - loadIPPluginJar : add resmgrutility
2023-09-09 11:28:31,226 [INFO] IPUIPlugin:64 - create IPUIPlugin
2023-09-09 11:28:31,226 [INFO] PluginManager:200 - loadIPPluginJar : add sai
2023-09-09 11:28:31,231 [INFO] IPUIPlugin:64 - create IPUIPlugin
2023-09-09 11:28:31,231 [INFO] PluginManager:200 - loadIPPluginJar : add spi
2023-09-09 11:28:31,236 [INFO] IPUIPlugin:64 - create IPUIPlugin
2023-09-09 11:28:31,236 [INFO] PluginManager:200 - loadIPPluginJar : add stm32_wpan
2023-09-09 11:28:31,246 [INFO] IPUIPlugin:64 - create IPUIPlugin
2023-09-09 11:28:31,246 [INFO] PluginManager:200 - loadIPPluginJar : add tim
2023-09-09 11:28:31,251 [INFO] IPUIPlugin:64 - create IPUIPlugin
2023-09-09 11:28:31,251 [INFO] PluginManager:200 - loadIPPluginJar : add touchsensing
2023-09-09 11:28:31,256 [INFO] IPUIPlugin:64 - create IPUIPlugin
2023-09-09 11:28:31,256 [INFO] PluginManager:200 - loadIPPluginJar : add tracer_emb
2023-09-09 11:28:31,256 [INFO] IPUIPlugin:64 - create IPUIPlugin
2023-09-09 11:28:31,256 [INFO] PluginManager:200 - loadIPPluginJar : add ts
2023-09-09 11:28:31,256 [INFO] IPUIPlugin:64 - create IPUIPlugin
2023-09-09 11:28:31,256 [INFO] PluginManager:200 - loadIPPluginJar : add tsc
2023-09-09 11:28:31,261 [INFO] IPUIPlugin:64 - create IPUIPlugin
2023-09-09 11:28:31,261 [INFO] PluginManager:200 - loadIPPluginJar : add ucpd
2023-09-09 11:28:31,266 [INFO] IPUIPlugin:64 - create IPUIPlugin
2023-09-09 11:28:31,266 [INFO] PluginManager:200 - loadIPPluginJar : add usart
2023-09-09 11:28:32,140 [INFO] CubeProgrammer:457 - [DDR PANEL] - PathOfProgrammer: null
2023-09-09 11:28:32,826 [FATAL] Updater:282 - Updater called before beeing initialized
2023-09-09 11:28:32,971 [FATAL] Updater:282 - Updater called before beeing initialized
2023-09-09 11:28:32,971 [WARN] ThirdParty:775 - waiting for thirdparty lock release [close project]
2023-09-09 11:28:32,976 [INFO] ThirdParty:777 - entering critical section [close project]
2023-09-09 11:28:32,976 [INFO] ThirdParty:790 - exiting critical section [close project]
2023-09-09 11:28:32,976 [INFO] PinOutPanel:1418 - setPackage(No Configuration,No Configuration)
2023-09-09 11:28:32,976 [FATAL] Updater:282 - Updater called before beeing initialized
2023-09-09 11:28:32,981 [ERROR] Updater:967 - MainUpdater not yet initialized. External WinMGr cannot be set.
2023-09-09 11:28:32,981 [INFO] CubeProgrammer:457 - [DDR PANEL] - PathOfProgrammer: C:\ST\STM32CubeIDE_1.4.0\STM32CubeIDE\plugins\com.st.stm32cube.ide.mcu.externaltools.cubeprogrammer.win32_1.4.0.202007081208\tools\bin
2023-09-09 11:28:32,986 [INFO] ProgrammerExecThread:148 - [ProgrammerAPI] CubeProgrammer command construction: C:\ST\STM32CubeIDE_1.4.0\STM32CubeIDE\plugins\com.st.stm32cube.ide.mcu.externaltools.cubeprogrammer.win32_1.4.0.202007081208\tools\bin\STM32_Programmer_CLI.exe -l
2023-09-09 11:28:33,543 [INFO] MainDdrPanel:49 - [DDR PANEL] SETTER - Set cubeProgrammerPath to: C:\ST\STM32CubeIDE_1.4.0\STM32CubeIDE\plugins\com.st.stm32cube.ide.mcu.externaltools.cubeprogrammer.win32_1.4.0.202007081208\tools\bin
2023-09-09 11:28:33,574 [INFO] Updater:904 - Updater Version found : 6.0.0
2023-09-09 11:28:33,589 [INFO] ApplicationProperties:181 - Using Application install path: C:\ST\STM32CubeIDE_1.4.0\STM32CubeIDE\plugins\com.st.stm32cube.common.mx_6.0.0.202007160824
2023-09-09 11:28:34,403 [INFO] MainUpdater:2268 - connection check result : 10
2023-09-09 11:28:34,403 [INFO] MainUpdater:2935 - Updater definition file requires update
2023-09-09 11:28:34,408 [INFO] MainUpdater:239 - Updater Check For Update Now.
2023-09-09 11:28:34,408 [INFO] MicroXplorer:414 - Change Database Version : DB.6.0.0
2023-09-09 11:28:34,821 [INFO] ServerAccessManage:348 - Download File updaters.zip
2023-09-09 11:28:35,723 [INFO] FileExtend:225 - Unzip File : updaters.zip
2023-09-09 11:28:35,723 [INFO] FileExtend:240 - Standard Zip Deflate
2023-09-09 11:28:36,432 [INFO] ServerAccessManage:348 - Download File PacksControlFlags.xml
2023-09-09 11:28:36,679 [WARN] IntegrityCheckThread:61 - waiting for thirdparty lock release [integrity check]
2023-09-09 11:28:36,679 [INFO] IntegrityCheckThread:63 - entering critical section [integrity check]
2023-09-09 11:28:36,679 [WARN] MainUpdater:1087 - Updater busy. Cannot search thirdparties
2023-09-09 11:28:36,763 [INFO] ServerAccessManage:348 - Download File cubemx.pidx
2023-09-09 11:28:37,325 [INFO] ServerAccessManage:348 - Download File STMicroelectronics.FP-SNS-SMARTAG2.pdsc
2023-09-09 11:28:37,856 [INFO] ServerAccessManage:348 - Download File STMicroelectronics.X-CUBE-AI.pdsc
2023-09-09 11:28:39,682 [WARN] MainUpdater:1087 - Updater busy. Cannot search thirdparties
2023-09-09 11:28:42,352 [INFO] ServerAccessManage:348 - Download File STMicroelectronics.X-CUBE-BLE1.pdsc
2023-09-09 11:28:42,683 [WARN] MainUpdater:1087 - Updater busy. Cannot search thirdparties
2023-09-09 11:28:45,179 [INFO] MainUpdater:2268 - connection check result : 10
2023-09-09 11:28:45,688 [WARN] MainUpdater:1087 - Updater busy. Cannot search thirdparties
2023-09-09 11:28:46,192 [ERROR] ServerAccessManage:947 - Problem, file not found on Server
2023-09-09 11:28:46,559 [INFO] ServerAccessManage:348 - Download File STMicroelectronics.X-CUBE-FREERTOS.pdsc
2023-09-09 11:28:47,628 [INFO] ServerAccessManage:348 - Download File STMicroelectronics.X-CUBE-NFC6.pdsc
2023-09-09 11:28:48,599 [INFO] ServerAccessManage:348 - Download File STMicroelectronics.X-CUBE-AZRTOS-L5.pdsc
2023-09-09 11:28:48,698 [WARN] MainUpdater:1087 - Updater busy. Cannot search thirdparties
2023-09-09 11:28:50,291 [INFO] ServerAccessManage:348 - Download File STMicroelectronics.X-CUBE-AZRTOS-WB.pdsc
2023-09-09 11:28:51,699 [WARN] MainUpdater:1087 - Updater busy. Cannot search thirdparties
2023-09-09 11:28:51,976 [ERROR] ServerAccessManage:954 - Problem, Http access forbiden
2023-09-09 11:28:51,976 [ERROR] ServerAccessManage:517 - Problem, Http access forbiden : RoweBots.I-CUBE-UNISONRTOS.pdsc.
2023-09-09 11:28:52,046 [WARN] PopulateThirdPartyThread:96 - Error when creating pack: C:/Users/Nada/.stm32cubemx/thirdparties/pdsc/STMicroelectronics.FP-SNS-SMARTAG2.pdsc
2023-09-09 11:28:52,086 [INFO] CheckServerUpdateThread:102 - End of CheckServer Thread
2023-09-09 11:28:52,111 [INFO] ThirdPartyDb:299 - Save Third Party DataBase File (C:/Users/Nada/.stm32cubemx/plugins/thirdparty/db/thirdparties_db.xml) [forced]
2023-09-09 11:28:52,151 [INFO] ThirdPartyDb:299 - Save Third Party DataBase File (C:/Users/Nada/.stm32cubemx/plugins/thirdparty/db/thirdparties_db.xml) [forced]
2023-09-09 11:28:52,171 [WARN] PopulateThirdPartyThread:96 - Error when creating pack: C:/Users/Nada/.stm32cubemx/thirdparties/pdsc/STMicroelectronics.X-CUBE-FREERTOS.pdsc
2023-09-09 11:28:52,191 [INFO] ThirdPartyDb:299 - Save Third Party DataBase File (C:/Users/Nada/.stm32cubemx/plugins/thirdparty/db/thirdparties_db.xml) [forced]
2023-09-09 11:28:52,246 [ERROR] ConditionMgr:796 - Attr not supported : Dsecure
2023-09-09 11:28:52,246 [ERROR] ConditionMgr:796 - Attr not supported : Dsecure
2023-09-09 11:28:52,246 [ERROR] ConditionMgr:796 - Attr not supported : Dsecure
2023-09-09 11:28:52,246 [ERROR] ConditionMgr:796 - Attr not supported : Dsecure
2023-09-09 11:28:52,246 [ERROR] ConditionMgr:796 - Attr not supported : Dsecure
2023-09-09 11:28:52,246 [ERROR] ConditionMgr:796 - Attr not supported : Dsecure
2023-09-09 11:28:52,246 [ERROR] ConditionMgr:796 - Attr not supported : Dsecure
2023-09-09 11:28:52,246 [ERROR] ConditionMgr:796 - Attr not supported : Dsecure
2023-09-09 11:28:52,246 [ERROR] ConditionMgr:796 - Attr not supported : Dsecure
2023-09-09 11:28:52,246 [ERROR] ConditionMgr:796 - Attr not supported : Dsecure
2023-09-09 11:28:52,246 [ERROR] ConditionMgr:796 - Attr not supported : Dsecure
2023-09-09 11:28:52,246 [ERROR] ConditionMgr:796 - Attr not supported : Dsecure
2023-09-09 11:28:52,246 [ERROR] ConditionMgr:796 - Attr not supported : Dsecure
2023-09-09 11:28:52,246 [ERROR] ConditionMgr:796 - Attr not supported : Dsecure
2023-09-09 11:28:52,246 [ERROR] ConditionMgr:796 - Attr not supported : Dsecure
2023-09-09 11:28:52,246 [ERROR] ConditionMgr:796 - Attr not supported : Dsecure
2023-09-09 11:28:52,246 [ERROR] ConditionMgr:796 - Attr not supported : Dsecure
2023-09-09 11:28:52,246 [ERROR] ConditionMgr:796 - Attr not supported : Dsecure
2023-09-09 11:28:52,246 [ERROR] ConditionMgr:796 - Attr not supported : Dsecure
2023-09-09 11:28:52,246 [ERROR] ConditionMgr:796 - Attr not supported : Dsecure
2023-09-09 11:28:52,246 [ERROR] ConditionMgr:796 - Attr not supported : Dsecure
2023-09-09 11:28:52,246 [ERROR] ConditionMgr:796 - Attr not supported : Dsecure
2023-09-09 11:28:52,246 [ERROR] ConditionMgr:796 - Attr not supported : Dsecure
2023-09-09 11:28:52,246 [ERROR] ConditionMgr:796 - Attr not supported : Dsecure
2023-09-09 11:28:52,246 [ERROR] ConditionMgr:796 - Attr not supported : Dsecure
2023-09-09 11:28:52,246 [ERROR] ConditionMgr:796 - Attr not supported : Dsecure
2023-09-09 11:28:52,246 [ERROR] ConditionMgr:796 - Attr not supported : Dsecure
2023-09-09 11:28:52,246 [ERROR] ConditionMgr:796 - Attr not supported : Dsecure
2023-09-09 11:28:52,246 [ERROR] ConditionMgr:796 - Attr not supported : Dsecure
2023-09-09 11:28:52,246 [ERROR] ConditionMgr:796 - Attr not supported : Dsecure
2023-09-09 11:28:52,246 [ERROR] ConditionMgr:796 - Attr not supported : Dsecure
2023-09-09 11:28:52,246 [ERROR] ConditionMgr:796 - Attr not supported : Dsecure
2023-09-09 11:28:52,246 [ERROR] ConditionMgr:796 - Attr not supported : Dsecure
2023-09-09 11:28:52,246 [ERROR] ConditionMgr:796 - Attr not supported : Dsecure
2023-09-09 11:28:52,246 [ERROR] ConditionMgr:796 - Attr not supported : Dsecure
2023-09-09 11:28:52,246 [ERROR] ConditionMgr:796 - Attr not supported : Dsecure
2023-09-09 11:28:52,246 [ERROR] ConditionMgr:796 - Attr not supported : Dsecure
2023-09-09 11:28:52,246 [ERROR] ConditionMgr:796 - Attr not supported : Dsecure
2023-09-09 11:28:52,246 [ERROR] ConditionMgr:796 - Attr not supported : Dsecure
2023-09-09 11:28:52,246 [ERROR] ConditionMgr:796 - Attr not supported : Dsecure
2023-09-09 11:28:52,246 [ERROR] ConditionMgr:796 - Attr not supported : Dsecure
2023-09-09 11:28:52,246 [ERROR] ConditionMgr:796 - Attr not supported : Dsecure
2023-09-09 11:28:52,246 [ERROR] ConditionMgr:796 - Attr not supported : Dsecure
2023-09-09 11:28:52,246 [ERROR] ConditionMgr:796 - Attr not supported : Dsecure
2023-09-09 11:28:52,246 [ERROR] ConditionMgr:796 - Attr not supported : Dsecure
2023-09-09 11:28:52,246 [ERROR] ConditionMgr:796 - Attr not supported : Dsecure
2023-09-09 11:28:52,246 [ERROR] ConditionMgr:796 - Attr not supported : Dsecure
2023-09-09 11:28:52,246 [ERROR] ConditionMgr:796 - Attr not supported : Dsecure
2023-09-09 11:28:52,246 [ERROR] ConditionMgr:796 - Attr not supported : Dsecure
2023-09-09 11:28:52,246 [ERROR] ConditionMgr:796 - Attr not supported : Dsecure
2023-09-09 11:28:52,246 [ERROR] ConditionMgr:796 - Attr not supported : Dsecure
2023-09-09 11:28:52,251 [ERROR] ConditionMgr:796 - Attr not supported : Dsecure
2023-09-09 11:28:52,251 [ERROR] ConditionMgr:796 - Attr not supported : Dsecure
2023-09-09 11:28:52,251 [ERROR] ConditionMgr:796 - Attr not supported : Dsecure
2023-09-09 11:28:52,251 [ERROR] ConditionMgr:796 - Attr not supported : Dsecure
2023-09-09 11:28:52,251 [ERROR] ConditionMgr:796 - Attr not supported : Dsecure
2023-09-09 11:28:52,251 [ERROR] ConditionMgr:796 - Attr not supported : Dsecure
2023-09-09 11:28:52,251 [ERROR] ConditionMgr:796 - Attr not supported : Dsecure
2023-09-09 11:28:52,251 [ERROR] ConditionMgr:796 - Attr not supported : Dsecure
2023-09-09 11:28:52,251 [ERROR] ConditionMgr:796 - Attr not supported : Dsecure
2023-09-09 11:28:52,251 [ERROR] ConditionMgr:796 - Attr not supported : Dsecure
2023-09-09 11:28:52,251 [ERROR] ConditionMgr:796 - Attr not supported : Dsecure
2023-09-09 11:28:52,251 [ERROR] ConditionMgr:796 - Attr not supported : Dsecure
2023-09-09 11:28:52,251 [ERROR] ConditionMgr:796 - Attr not supported : Dsecure
2023-09-09 11:28:52,251 [ERROR] ConditionMgr:796 - Attr not supported : Dsecure
2023-09-09 11:28:52,251 [ERROR] ConditionMgr:796 - Attr not supported : Dsecure
2023-09-09 11:28:52,251 [ERROR] ConditionMgr:796 - Attr not supported : Dsecure
2023-09-09 11:28:52,251 [ERROR] ConditionMgr:796 - Attr not supported : Dsecure
2023-09-09 11:28:52,251 [ERROR] ConditionMgr:796 - Attr not supported : Dsecure
2023-09-09 11:28:52,251 [ERROR] ConditionMgr:796 - Attr not supported : Dsecure
2023-09-09 11:28:52,251 [ERROR] ConditionMgr:796 - Attr not supported : Dsecure
2023-09-09 11:28:52,251 [ERROR] ConditionMgr:796 - Attr not supported : Dsecure
2023-09-09 11:28:52,251 [ERROR] ConditionMgr:796 - Attr not supported : Dsecure
2023-09-09 11:28:52,251 [ERROR] ConditionMgr:796 - Attr not supported : Dsecure
2023-09-09 11:28:52,251 [ERROR] ConditionMgr:796 - Attr not supported : Dsecure
2023-09-09 11:28:52,251 [ERROR] ConditionMgr:796 - Attr not supported : Dsecure
2023-09-09 11:28:52,251 [ERROR] ConditionMgr:796 - Attr not supported : Dsecure
2023-09-09 11:28:52,251 [ERROR] ConditionMgr:796 - Attr not supported : Dsecure
2023-09-09 11:28:52,251 [ERROR] ConditionMgr:796 - Attr not supported : Dsecure
2023-09-09 11:28:52,251 [ERROR] ConditionMgr:796 - Attr not supported : Dsecure
2023-09-09 11:28:52,251 [ERROR] ConditionMgr:796 - Attr not supported : Dsecure
2023-09-09 11:28:52,251 [ERROR] ConditionMgr:796 - Attr not supported : Dsecure
2023-09-09 11:28:52,251 [ERROR] ConditionMgr:796 - Attr not supported : Dsecure
2023-09-09 11:28:52,251 [ERROR] ConditionMgr:796 - Attr not supported : Dsecure
2023-09-09 11:28:52,251 [ERROR] ConditionMgr:796 - Attr not supported : Dsecure
2023-09-09 11:28:52,251 [ERROR] ConditionMgr:796 - Attr not supported : Dsecure
2023-09-09 11:28:52,251 [ERROR] ConditionMgr:796 - Attr not supported : Dsecure
2023-09-09 11:28:52,251 [ERROR] ConditionMgr:796 - Attr not supported : Dsecure
2023-09-09 11:28:52,251 [ERROR] ConditionMgr:796 - Attr not supported : Dsecure
2023-09-09 11:28:52,251 [ERROR] ConditionMgr:796 - Attr not supported : Dsecure
2023-09-09 11:28:52,251 [ERROR] ConditionMgr:796 - Attr not supported : Dsecure
2023-09-09 11:28:52,251 [ERROR] ConditionMgr:796 - Attr not supported : Dsecure
2023-09-09 11:28:52,251 [ERROR] ConditionMgr:796 - Attr not supported : Dsecure
2023-09-09 11:28:52,251 [ERROR] ConditionMgr:796 - Attr not supported : Dsecure
2023-09-09 11:28:52,251 [ERROR] ConditionMgr:796 - Attr not supported : Dsecure
2023-09-09 11:28:52,251 [ERROR] ConditionMgr:796 - Attr not supported : Dsecure
2023-09-09 11:28:52,251 [ERROR] ConditionMgr:796 - Attr not supported : Dsecure
2023-09-09 11:28:52,251 [ERROR] ConditionMgr:796 - Attr not supported : Dsecure
2023-09-09 11:28:52,251 [ERROR] ConditionMgr:796 - Attr not supported : Dsecure
2023-09-09 11:28:52,251 [ERROR] ConditionMgr:796 - Attr not supported : Dsecure
2023-09-09 11:28:52,251 [ERROR] ConditionMgr:796 - Attr not supported : Dsecure
2023-09-09 11:28:52,251 [ERROR] ConditionMgr:796 - Attr not supported : Dsecure
2023-09-09 11:28:52,251 [ERROR] ConditionMgr:796 - Attr not supported : Dsecure
2023-09-09 11:28:52,251 [ERROR] ConditionMgr:796 - Attr not supported : Dsecure
2023-09-09 11:28:52,251 [ERROR] ConditionMgr:796 - Attr not supported : Dsecure
2023-09-09 11:28:52,251 [ERROR] ConditionMgr:796 - Attr not supported : Dsecure
2023-09-09 11:28:52,251 [ERROR] ConditionMgr:796 - Attr not supported : Dsecure
2023-09-09 11:28:52,251 [ERROR] ConditionMgr:796 - Attr not supported : Dsecure
2023-09-09 11:28:52,251 [ERROR] ConditionMgr:796 - Attr not supported : Dsecure
2023-09-09 11:28:52,251 [ERROR] ConditionMgr:796 - Attr not supported : Dsecure
2023-09-09 11:28:52,251 [ERROR] ConditionMgr:796 - Attr not supported : Dsecure
2023-09-09 11:28:52,251 [ERROR] ConditionMgr:796 - Attr not supported : Dsecure
2023-09-09 11:28:52,251 [ERROR] ConditionMgr:796 - Attr not supported : Dsecure
2023-09-09 11:28:52,251 [ERROR] ConditionMgr:796 - Attr not supported : Dsecure
2023-09-09 11:28:52,251 [ERROR] ConditionMgr:796 - Attr not supported : Dsecure
2023-09-09 11:28:52,251 [ERROR] ConditionMgr:796 - Attr not supported : Dsecure
2023-09-09 11:28:52,251 [ERROR] ConditionMgr:796 - Attr not supported : Dsecure
2023-09-09 11:28:52,251 [ERROR] ConditionMgr:796 - Attr not supported : Dsecure
2023-09-09 11:28:52,251 [ERROR] ConditionMgr:796 - Attr not supported : Dsecure
2023-09-09 11:28:52,251 [ERROR] ConditionMgr:796 - Attr not supported : Dsecure
2023-09-09 11:28:52,251 [ERROR] ConditionMgr:796 - Attr not supported : Dsecure
2023-09-09 11:28:52,251 [ERROR] ConditionMgr:796 - Attr not supported : Dsecure
2023-09-09 11:28:52,256 [ERROR] ConditionMgr:796 - Attr not supported : Dsecure
2023-09-09 11:28:52,256 [ERROR] ConditionMgr:796 - Attr not supported : Dsecure
2023-09-09 11:28:52,256 [ERROR] ConditionMgr:796 - Attr not supported : Dsecure
2023-09-09 11:28:52,256 [ERROR] ConditionMgr:796 - Attr not supported : Dsecure
2023-09-09 11:28:52,256 [ERROR] ConditionMgr:796 - Attr not supported : Dsecure
2023-09-09 11:28:52,256 [ERROR] ConditionMgr:796 - Attr not supported : Dsecure
2023-09-09 11:28:52,256 [ERROR] ConditionMgr:796 - Attr not supported : Dsecure
2023-09-09 11:28:52,256 [ERROR] ConditionMgr:796 - Attr not supported : Dsecure
2023-09-09 11:28:52,256 [ERROR] ConditionMgr:796 - Attr not supported : Dsecure
2023-09-09 11:28:52,256 [ERROR] ConditionMgr:796 - Attr not supported : Dsecure
2023-09-09 11:28:52,256 [ERROR] ConditionMgr:796 - Attr not supported : Dsecure
2023-09-09 11:28:52,256 [ERROR] ConditionMgr:796 - Attr not supported : Dsecure
2023-09-09 11:28:52,256 [ERROR] ConditionMgr:796 - Attr not supported : Dsecure
2023-09-09 11:28:52,256 [ERROR] ConditionMgr:796 - Attr not supported : Dsecure
2023-09-09 11:28:52,256 [ERROR] ConditionMgr:796 - Attr not supported : Dsecure
2023-09-09 11:28:52,256 [ERROR] ConditionMgr:796 - Attr not supported : Dsecure
2023-09-09 11:28:52,256 [ERROR] ConditionMgr:796 - Attr not supported : Dsecure
2023-09-09 11:28:52,256 [ERROR] ConditionMgr:796 - Attr not supported : Dsecure
2023-09-09 11:28:52,256 [ERROR] ConditionMgr:796 - Attr not supported : Dsecure
2023-09-09 11:28:52,256 [ERROR] ConditionMgr:796 - Attr not supported : Dsecure
2023-09-09 11:28:52,256 [ERROR] ConditionMgr:796 - Attr not supported : Dsecure
2023-09-09 11:28:52,256 [ERROR] ConditionMgr:796 - Attr not supported : Dsecure
2023-09-09 11:28:52,256 [ERROR] ConditionMgr:796 - Attr not supported : Dsecure
2023-09-09 11:28:52,256 [ERROR] ConditionMgr:796 - Attr not supported : Dsecure
2023-09-09 11:28:52,256 [ERROR] ConditionMgr:796 - Attr not supported : Dsecure
2023-09-09 11:28:52,256 [ERROR] ConditionMgr:796 - Attr not supported : Dsecure
2023-09-09 11:28:52,256 [ERROR] ConditionMgr:796 - Attr not supported : Dsecure
2023-09-09 11:28:52,256 [ERROR] ConditionMgr:796 - Attr not supported : Dsecure
2023-09-09 11:28:52,256 [ERROR] ConditionMgr:796 - Attr not supported : Dsecure
2023-09-09 11:28:52,256 [ERROR] ConditionMgr:796 - Attr not supported : Dsecure
2023-09-09 11:28:52,256 [ERROR] ConditionMgr:796 - Attr not supported : Dsecure
2023-09-09 11:28:52,256 [ERROR] ConditionMgr:796 - Attr not supported : Dsecure
2023-09-09 11:28:52,256 [ERROR] ConditionMgr:796 - Attr not supported : Dsecure
2023-09-09 11:28:52,256 [ERROR] ConditionMgr:796 - Attr not supported : Dsecure
2023-09-09 11:28:52,256 [ERROR] ConditionMgr:796 - Attr not supported : Dsecure
2023-09-09 11:28:52,256 [ERROR] ConditionMgr:796 - Attr not supported : Dsecure
2023-09-09 11:28:52,256 [ERROR] ConditionMgr:796 - Attr not supported : Dsecure
2023-09-09 11:28:52,256 [ERROR] ConditionMgr:796 - Attr not supported : Dsecure
2023-09-09 11:28:52,256 [ERROR] ConditionMgr:796 - Attr not supported : Dsecure
2023-09-09 11:28:52,256 [ERROR] ConditionMgr:796 - Attr not supported : Dsecure
2023-09-09 11:28:52,256 [ERROR] ConditionMgr:796 - Attr not supported : Dsecure
2023-09-09 11:28:52,256 [ERROR] ConditionMgr:796 - Attr not supported : Dsecure
2023-09-09 11:28:52,256 [ERROR] ConditionMgr:796 - Attr not supported : Dsecure
2023-09-09 11:28:52,256 [ERROR] ConditionMgr:796 - Attr not supported : Dsecure
2023-09-09 11:28:52,256 [ERROR] ConditionMgr:796 - Attr not supported : Dsecure
2023-09-09 11:28:52,256 [ERROR] ConditionMgr:796 - Attr not supported : Dsecure
2023-09-09 11:28:52,256 [ERROR] ConditionMgr:796 - Attr not supported : Dsecure
2023-09-09 11:28:52,256 [ERROR] ConditionMgr:796 - Attr not supported : Dsecure
2023-09-09 11:28:52,256 [ERROR] ConditionMgr:796 - Attr not supported : Dsecure
2023-09-09 11:28:52,256 [ERROR] ConditionMgr:796 - Attr not supported : Dsecure
2023-09-09 11:28:52,256 [ERROR] ConditionMgr:796 - Attr not supported : Dsecure
2023-09-09 11:28:52,256 [ERROR] ConditionMgr:796 - Attr not supported : Dsecure
2023-09-09 11:28:52,256 [ERROR] ConditionMgr:796 - Attr not supported : Dsecure
2023-09-09 11:28:52,256 [ERROR] ConditionMgr:796 - Attr not supported : Dsecure
2023-09-09 11:28:52,256 [ERROR] ConditionMgr:796 - Attr not supported : Dsecure
2023-09-09 11:28:52,256 [ERROR] ConditionMgr:796 - Attr not supported : Dsecure
2023-09-09 11:28:52,256 [ERROR] ConditionMgr:796 - Attr not supported : Dsecure
2023-09-09 11:28:52,256 [ERROR] ConditionMgr:796 - Attr not supported : Dsecure
2023-09-09 11:28:52,256 [ERROR] ConditionMgr:796 - Attr not supported : Dsecure
2023-09-09 11:28:52,256 [ERROR] ConditionMgr:796 - Attr not supported : Dsecure
2023-09-09 11:28:52,256 [ERROR] ConditionMgr:796 - Attr not supported : Dsecure
2023-09-09 11:28:52,256 [ERROR] ConditionMgr:796 - Attr not supported : Dsecure
2023-09-09 11:28:52,256 [ERROR] ConditionMgr:796 - Attr not supported : Dsecure
2023-09-09 11:28:52,256 [ERROR] ConditionMgr:796 - Attr not supported : Dsecure
2023-09-09 11:28:52,256 [ERROR] ConditionMgr:796 - Attr not supported : Dsecure
2023-09-09 11:28:52,256 [ERROR] ConditionMgr:796 - Attr not supported : Dsecure
2023-09-09 11:28:52,256 [ERROR] ConditionMgr:796 - Attr not supported : Dsecure
2023-09-09 11:28:52,256 [ERROR] ConditionMgr:796 - Attr not supported : Dsecure
2023-09-09 11:28:52,256 [ERROR] ConditionMgr:796 - Attr not supported : Dsecure
2023-09-09 11:28:52,256 [ERROR] ConditionMgr:796 - Attr not supported : Dsecure
2023-09-09 11:28:52,256 [ERROR] ConditionMgr:796 - Attr not supported : Dsecure
2023-09-09 11:28:52,256 [ERROR] ConditionMgr:796 - Attr not supported : Dsecure
2023-09-09 11:28:52,256 [ERROR] ConditionMgr:796 - Attr not supported : Dsecure
2023-09-09 11:28:52,256 [ERROR] ConditionMgr:796 - Attr not supported : Dsecure
2023-09-09 11:28:52,256 [ERROR] ConditionMgr:796 - Attr not supported : Dsecure
2023-09-09 11:28:52,256 [ERROR] ConditionMgr:796 - Attr not supported : Dsecure
2023-09-09 11:28:52,256 [ERROR] ConditionMgr:796 - Attr not supported : Dsecure
2023-09-09 11:28:52,256 [ERROR] ConditionMgr:796 - Attr not supported : Dsecure
2023-09-09 11:28:52,256 [ERROR] ConditionMgr:796 - Attr not supported : Dsecure
2023-09-09 11:28:52,256 [ERROR] ConditionMgr:796 - Attr not supported : Dsecure
2023-09-09 11:28:52,256 [ERROR] ConditionMgr:796 - Attr not supported : Dsecure
2023-09-09 11:28:52,256 [ERROR] ConditionMgr:796 - Attr not supported : Dsecure
2023-09-09 11:28:52,256 [ERROR] ConditionMgr:796 - Attr not supported : Dsecure
2023-09-09 11:28:52,256 [ERROR] ConditionMgr:796 - Attr not supported : Dsecure
2023-09-09 11:28:52,256 [ERROR] ConditionMgr:796 - Attr not supported : Dsecure
2023-09-09 11:28:52,256 [ERROR] ConditionMgr:796 - Attr not supported : Dsecure
2023-09-09 11:28:52,256 [ERROR] ConditionMgr:796 - Attr not supported : Dsecure
2023-09-09 11:28:52,256 [ERROR] ConditionMgr:796 - Attr not supported : Dsecure
2023-09-09 11:28:52,256 [ERROR] ConditionMgr:796 - Attr not supported : Dsecure
2023-09-09 11:28:52,256 [ERROR] ConditionMgr:796 - Attr not supported : Dsecure
2023-09-09 11:28:52,256 [ERROR] ConditionMgr:796 - Attr not supported : Dsecure
2023-09-09 11:28:52,256 [ERROR] ConditionMgr:796 - Attr not supported : Dsecure
2023-09-09 11:28:52,256 [ERROR] ConditionMgr:796 - Attr not supported : Dsecure
2023-09-09 11:28:52,256 [ERROR] ConditionMgr:796 - Attr not supported : Dsecure
2023-09-09 11:28:52,256 [ERROR] ConditionMgr:796 - Attr not supported : Dsecure
2023-09-09 11:28:52,261 [ERROR] ConditionMgr:796 - Attr not supported : Dsecure
2023-09-09 11:28:52,261 [ERROR] ConditionMgr:796 - Attr not supported : Dsecure
2023-09-09 11:28:52,261 [ERROR] ConditionMgr:796 - Attr not supported : Dsecure
2023-09-09 11:28:52,261 [ERROR] ConditionMgr:796 - Attr not supported : Dsecure
2023-09-09 11:28:52,261 [ERROR] ConditionMgr:796 - Attr not supported : Dsecure
2023-09-09 11:28:52,261 [ERROR] ConditionMgr:796 - Attr not supported : Dsecure
2023-09-09 11:28:52,261 [ERROR] ConditionMgr:796 - Attr not supported : Dsecure
2023-09-09 11:28:52,261 [ERROR] ConditionMgr:796 - Attr not supported : Dsecure
2023-09-09 11:28:52,261 [ERROR] ConditionMgr:796 - Attr not supported : Dsecure
2023-09-09 11:28:52,261 [ERROR] ConditionMgr:796 - Attr not supported : Dsecure
2023-09-09 11:28:52,261 [ERROR] ConditionMgr:796 - Attr not supported : Dsecure
2023-09-09 11:28:52,261 [ERROR] ConditionMgr:796 - Attr not supported : Dsecure
2023-09-09 11:28:52,261 [ERROR] ConditionMgr:796 - Attr not supported : Dsecure
2023-09-09 11:28:52,261 [ERROR] ConditionMgr:796 - Attr not supported : Dsecure
2023-09-09 11:28:52,261 [ERROR] ConditionMgr:796 - Attr not supported : Dsecure
2023-09-09 11:28:52,261 [ERROR] ConditionMgr:796 - Attr not supported : Dsecure
2023-09-09 11:28:52,261 [ERROR] ConditionMgr:796 - Attr not supported : Dsecure
2023-09-09 11:28:52,261 [ERROR] ConditionMgr:796 - Attr not supported : Dsecure
2023-09-09 11:28:52,261 [ERROR] ConditionMgr:796 - Attr not supported : Dsecure
2023-09-09 11:28:52,261 [ERROR] ConditionMgr:796 - Attr not supported : Dsecure
2023-09-09 11:28:52,261 [ERROR] ConditionMgr:796 - Attr not supported : Dsecure
2023-09-09 11:28:52,261 [ERROR] ConditionMgr:796 - Attr not supported : Dsecure
2023-09-09 11:28:52,261 [ERROR] ConditionMgr:796 - Attr not supported : Dsecure
2023-09-09 11:28:52,261 [ERROR] ConditionMgr:796 - Attr not supported : Dsecure
2023-09-09 11:28:52,261 [ERROR] ConditionMgr:796 - Attr not supported : Dsecure
2023-09-09 11:28:52,261 [ERROR] ConditionMgr:796 - Attr not supported : Dsecure
2023-09-09 11:28:52,261 [ERROR] ConditionMgr:796 - Attr not supported : Dsecure
2023-09-09 11:28:52,261 [ERROR] ConditionMgr:796 - Attr not supported : Dsecure
2023-09-09 11:28:52,261 [ERROR] ConditionMgr:796 - Attr not supported : Dsecure
2023-09-09 11:28:52,261 [ERROR] ConditionMgr:796 - Attr not supported : Dsecure
2023-09-09 11:28:52,261 [ERROR] ConditionMgr:796 - Attr not supported : Dsecure
2023-09-09 11:28:52,261 [ERROR] ConditionMgr:796 - Attr not supported : Dsecure
2023-09-09 11:28:52,261 [ERROR] ConditionMgr:796 - Attr not supported : Dsecure
2023-09-09 11:28:52,261 [ERROR] ConditionMgr:796 - Attr not supported : Dsecure
2023-09-09 11:28:52,261 [ERROR] ConditionMgr:796 - Attr not supported : Dsecure
2023-09-09 11:28:52,261 [ERROR] ConditionMgr:796 - Attr not supported : Dsecure
2023-09-09 11:28:52,261 [ERROR] ConditionMgr:796 - Attr not supported : Dsecure
2023-09-09 11:28:52,261 [ERROR] ConditionMgr:796 - Attr not supported : Dsecure
2023-09-09 11:28:52,261 [ERROR] ConditionMgr:796 - Attr not supported : Dsecure
2023-09-09 11:28:52,261 [ERROR] ConditionMgr:796 - Attr not supported : Dsecure
2023-09-09 11:28:52,261 [ERROR] ConditionMgr:796 - Attr not supported : Dsecure
2023-09-09 11:28:52,261 [ERROR] ConditionMgr:796 - Attr not supported : Dsecure
2023-09-09 11:28:52,261 [ERROR] ConditionMgr:796 - Attr not supported : Dsecure
2023-09-09 11:28:52,261 [ERROR] ConditionMgr:796 - Attr not supported : Dsecure
2023-09-09 11:28:52,261 [ERROR] ConditionMgr:796 - Attr not supported : Dsecure
2023-09-09 11:28:52,261 [ERROR] ConditionMgr:796 - Attr not supported : Dsecure
2023-09-09 11:28:52,261 [ERROR] ConditionMgr:796 - Attr not supported : Dsecure
2023-09-09 11:28:52,261 [ERROR] ConditionMgr:796 - Attr not supported : Dsecure
2023-09-09 11:28:52,261 [ERROR] ConditionMgr:796 - Attr not supported : Dsecure
2023-09-09 11:28:52,261 [ERROR] ConditionMgr:796 - Attr not supported : Dsecure
2023-09-09 11:28:52,261 [ERROR] ConditionMgr:796 - Attr not supported : Dsecure
2023-09-09 11:28:52,261 [ERROR] ConditionMgr:796 - Attr not supported : Dsecure
2023-09-09 11:28:52,261 [ERROR] ConditionMgr:796 - Attr not supported : Dsecure
2023-09-09 11:28:52,261 [ERROR] ConditionMgr:796 - Attr not supported : Dsecure
2023-09-09 11:28:52,261 [ERROR] ConditionMgr:796 - Attr not supported : Dsecure
2023-09-09 11:28:52,261 [ERROR] ConditionMgr:796 - Attr not supported : Dsecure
2023-09-09 11:28:52,261 [ERROR] ConditionMgr:796 - Attr not supported : Dsecure
2023-09-09 11:28:52,261 [ERROR] ConditionMgr:796 - Attr not supported : Dsecure
2023-09-09 11:28:52,261 [ERROR] ConditionMgr:796 - Attr not supported : Dsecure
2023-09-09 11:28:52,261 [ERROR] ConditionMgr:796 - Attr not supported : Dsecure
2023-09-09 11:28:52,261 [ERROR] ConditionMgr:796 - Attr not supported : Dsecure
2023-09-09 11:28:52,261 [ERROR] ConditionMgr:796 - Attr not supported : Dsecure
2023-09-09 11:28:52,261 [ERROR] ConditionMgr:796 - Attr not supported : Dsecure
2023-09-09 11:28:52,261 [ERROR] ConditionMgr:796 - Attr not supported : Dsecure
2023-09-09 11:28:52,261 [ERROR] ConditionMgr:796 - Attr not supported : Dsecure
2023-09-09 11:28:52,261 [ERROR] ConditionMgr:796 - Attr not supported : Dsecure
2023-09-09 11:28:52,261 [ERROR] ConditionMgr:796 - Attr not supported : Dsecure
2023-09-09 11:28:52,261 [ERROR] ConditionMgr:796 - Attr not supported : Dsecure
2023-09-09 11:28:52,261 [ERROR] ConditionMgr:796 - Attr not supported : Dsecure
2023-09-09 11:28:52,261 [ERROR] ConditionMgr:796 - Attr not supported : Dsecure
2023-09-09 11:28:52,261 [ERROR] ConditionMgr:796 - Attr not supported : Dsecure
2023-09-09 11:28:52,261 [ERROR] ConditionMgr:796 - Attr not supported : Dsecure
2023-09-09 11:28:52,261 [ERROR] ConditionMgr:796 - Attr not supported : Dsecure
2023-09-09 11:28:52,261 [ERROR] ConditionMgr:796 - Attr not supported : Dsecure
2023-09-09 11:28:52,261 [ERROR] ConditionMgr:796 - Attr not supported : Dsecure
2023-09-09 11:28:52,261 [ERROR] ConditionMgr:796 - Attr not supported : Dsecure
2023-09-09 11:28:52,261 [ERROR] ConditionMgr:796 - Attr not supported : Dsecure
2023-09-09 11:28:52,261 [ERROR] ConditionMgr:796 - Attr not supported : Dsecure
2023-09-09 11:28:52,261 [ERROR] ConditionMgr:796 - Attr not supported : Dsecure
2023-09-09 11:28:52,261 [ERROR] ConditionMgr:796 - Attr not supported : Dsecure
2023-09-09 11:28:52,261 [ERROR] ConditionMgr:796 - Attr not supported : Dsecure
2023-09-09 11:28:52,261 [ERROR] ConditionMgr:796 - Attr not supported : Dsecure
2023-09-09 11:28:52,261 [ERROR] ConditionMgr:796 - Attr not supported : Dsecure
2023-09-09 11:28:52,261 [ERROR] ConditionMgr:796 - Attr not supported : Dsecure
2023-09-09 11:28:52,261 [ERROR] ConditionMgr:796 - Attr not supported : Dsecure
2023-09-09 11:28:52,261 [ERROR] ConditionMgr:796 - Attr not supported : Dsecure
2023-09-09 11:28:52,261 [ERROR] ConditionMgr:796 - Attr not supported : Dsecure
2023-09-09 11:28:52,266 [ERROR] ConditionMgr:796 - Attr not supported : Dsecure
2023-09-09 11:28:52,266 [ERROR] ConditionMgr:796 - Attr not supported : Dsecure
2023-09-09 11:28:52,266 [ERROR] ConditionMgr:796 - Attr not supported : Dsecure
2023-09-09 11:28:52,266 [ERROR] ConditionMgr:796 - Attr not supported : Dsecure
2023-09-09 11:28:52,266 [ERROR] ConditionMgr:796 - Attr not supported : Dsecure
2023-09-09 11:28:52,266 [ERROR] ConditionMgr:796 - Attr not supported : Dsecure
2023-09-09 11:28:52,266 [ERROR] ConditionMgr:796 - Attr not supported : Dsecure
2023-09-09 11:28:52,266 [ERROR] ConditionMgr:796 - Attr not supported : Dsecure
2023-09-09 11:28:52,266 [ERROR] ConditionMgr:796 - Attr not supported : Dsecure
2023-09-09 11:28:52,266 [ERROR] ConditionMgr:796 - Attr not supported : Dsecure
2023-09-09 11:28:52,266 [ERROR] ConditionMgr:796 - Attr not supported : Dsecure
2023-09-09 11:28:52,266 [ERROR] ConditionMgr:796 - Attr not supported : Dsecure
2023-09-09 11:28:52,266 [INFO] ThirdPartyDb:299 - Save Third Party DataBase File (C:/Users/Nada/.stm32cubemx/plugins/thirdparty/db/thirdparties_db.xml) [forced]
2023-09-09 11:28:52,301 [ERROR] ConditionMgr:436 - getConditionDescription Invalid condition id : UX DEVICE CLASS RTOS Condition cause : null
2023-09-09 11:28:52,301 [ERROR] ConditionMgr:436 - getConditionDescription Invalid condition id : UX DEVICE CLASS RTOS Condition cause : null
2023-09-09 11:28:52,311 [ERROR] ConditionMgr:1027 - genDependencies : Invalid condition id : UX DEVICE CLASS RTOS Condition cause : null
2023-09-09 11:28:52,311 [ERROR] ConditionMgr:1027 - genDependencies : Invalid condition id : UX DEVICE CLASS RTOS Condition cause : null
2023-09-09 11:28:52,311 [ERROR] ConditionMgr:1027 - genDependencies : Invalid condition id : UX DEVICE CLASS RTOS Condition cause : null
2023-09-09 11:28:52,311 [ERROR] ConditionMgr:1027 - genDependencies : Invalid condition id : UX DEVICE CLASS RTOS Condition cause : null
2023-09-09 11:28:52,311 [ERROR] ConditionMgr:1027 - genDependencies : Invalid condition id : UX DEVICE CLASS RTOS Condition cause : null
2023-09-09 11:28:52,316 [INFO] ThirdPartyDb:299 - Save Third Party DataBase File (C:/Users/Nada/.stm32cubemx/plugins/thirdparty/db/thirdparties_db.xml) [forced]
2023-09-09 11:28:52,336 [INFO] PopulateThirdPartyThread:50 - Ending populate Thread
2023-09-09 11:28:52,336 [INFO] ThirdPartyDb:299 - Save Third Party DataBase File (C:/Users/Nada/.stm32cubemx/plugins/thirdparty/db/thirdparties_db.xml) [forced]
2023-09-09 11:28:52,356 [INFO] Engine:289 - softwarePackList size : 48
2023-09-09 11:28:52,366 [INFO] Engine:301 - compute dependency for SwPack FP-ATR-ASTRA1 have been done, and update is requested
2023-09-09 11:28:52,376 [INFO] Engine:301 - compute dependency for SwPack FP-ATR-SIGFOX1 have been done, and update is requested
2023-09-09 11:28:52,393 [INFO] Engine:301 - compute dependency for SwPack X-CUBE-AI have been done, and update is requested
2023-09-09 11:28:52,400 [INFO] Engine:301 - compute dependency for SwPack X-CUBE-ALS have been done, and update is requested
2023-09-09 11:28:52,412 [INFO] Engine:301 - compute dependency for SwPack X-CUBE-BLE1 have been done, and update is requested
2023-09-09 11:28:52,422 [INFO] Engine:301 - compute dependency for SwPack X-CUBE-BLE2 have been done, and update is requested
2023-09-09 11:28:52,436 [INFO] Engine:301 - compute dependency for SwPack X-CUBE-BLEMGR have been done, and update is requested
2023-09-09 11:28:52,456 [INFO] Engine:301 - compute dependency for SwPack X-CUBE-EEPRMA1 have been done, and update is requested
2023-09-09 11:28:52,466 [INFO] Engine:301 - compute dependency for SwPack X-CUBE-GNSS1 have been done, and update is requested
2023-09-09 11:28:52,476 [INFO] Engine:301 - compute dependency for SwPack X-CUBE-ISPU have been done, and update is requested
2023-09-09 11:28:52,479 [INFO] ServerAccessManage:348 - Download File mcusDocs.json._tmp_
2023-09-09 11:28:52,843 [INFO] LoadUrlFilesThread:135 - End of LoadUrlFiles Thread
2023-09-09 11:28:52,948 [INFO] Engine:301 - compute dependency for SwPack X-CUBE-MEMS1 have been done, and update is requested
2023-09-09 11:28:52,958 [INFO] Engine:301 - compute dependency for SwPack X-CUBE-NFC4 have been done, and update is requested
2023-09-09 11:28:52,963 [INFO] Engine:301 - compute dependency for SwPack X-CUBE-NFC7 have been done, and update is requested
2023-09-09 11:28:52,973 [INFO] Engine:301 - compute dependency for SwPack X-CUBE-SFXS2LP1 have been done, and update is requested
2023-09-09 11:28:52,988 [INFO] Engine:301 - compute dependency for SwPack X-CUBE-SUBG2 have been done, and update is requested
2023-09-09 11:28:52,993 [INFO] Engine:305 - compute dependency for SwPack X-CUBE-TOUCHGFX have been done, no update is requested
2023-09-09 11:28:52,998 [INFO] Engine:301 - compute dependency for SwPack X-CUBE-ALGOBUILD have been done, and update is requested
2023-09-09 11:28:53,008 [INFO] Engine:301 - compute dependency for SwPack X-CUBE-AZRTOS-H7 have been done, and update is requested
2023-09-09 11:28:53,018 [INFO] Engine:301 - compute dependency for SwPack X-CUBE-AZRTOS-F4 have been done, and update is requested
2023-09-09 11:28:53,023 [INFO] Engine:301 - compute dependency for SwPack X-CUBE-AZRTOS-F7 have been done, and update is requested
2023-09-09 11:28:53,033 [INFO] Engine:301 - compute dependency for SwPack X-CUBE-AZRTOS-L4 have been done, and update is requested
2023-09-09 11:28:53,038 [ERROR] DependencyParser:1297 - StateRcvOpen_Cte Bad Token : )
2023-09-09 11:28:53,038 [ERROR] DependencyParser:1297 - StateRcvOpen_Cte Bad Token : )
2023-09-09 11:28:53,038 [ERROR] DependencyParser:1297 - StateRcvOpen_Cte Bad Token : )
2023-09-09 11:28:53,038 [ERROR] DependencyParser:1297 - StateRcvOpen_Cte Bad Token : )
2023-09-09 11:28:53,038 [ERROR] DependencyParser:1297 - StateRcvOpen_Cte Bad Token : )
2023-09-09 11:28:53,038 [ERROR] DependencyParser:1297 - StateRcvOpen_Cte Bad Token : )
2023-09-09 11:28:53,038 [ERROR] DependencyParser:1297 - StateRcvOpen_Cte Bad Token : )
2023-09-09 11:28:53,038 [ERROR] DependencyParser:1297 - StateRcvOpen_Cte Bad Token : )
2023-09-09 11:28:53,038 [ERROR] DependencyParser:1297 - StateRcvOpen_Cte Bad Token : )
2023-09-09 11:28:53,038 [ERROR] DependencyParser:1297 - StateRcvOpen_Cte Bad Token : )
2023-09-09 11:28:53,038 [ERROR] DependencyParser:1297 - StateRcvOpen_Cte Bad Token : )
2023-09-09 11:28:53,038 [ERROR] DependencyParser:1297 - StateRcvOpen_Cte Bad Token : )
2023-09-09 11:28:53,038 [ERROR] DependencyParser:1297 - StateRcvOpen_Cte Bad Token : )
2023-09-09 11:28:53,038 [ERROR] DependencyParser:1297 - StateRcvOpen_Cte Bad Token : )
2023-09-09 11:28:53,038 [ERROR] DependencyParser:1297 - StateRcvOpen_Cte Bad Token : )
2023-09-09 11:28:53,038 [ERROR] DependencyParser:1297 - StateRcvOpen_Cte Bad Token : )
2023-09-09 11:28:53,038 [ERROR] DependencyParser:1297 - StateRcvOpen_Cte Bad Token : )
2023-09-09 11:28:53,038 [ERROR] DependencyParser:1297 - StateRcvOpen_Cte Bad Token : )
2023-09-09 11:28:53,038 [ERROR] DependencyParser:1297 - StateRcvOpen_Cte Bad Token : )
2023-09-09 11:28:53,038 [ERROR] DependencyParser:1297 - StateRcvOpen_Cte Bad Token : )
2023-09-09 11:28:53,038 [ERROR] DependencyParser:1297 - StateRcvOpen_Cte Bad Token : )
2023-09-09 11:28:53,038 [ERROR] DependencyParser:1297 - StateRcvOpen_Cte Bad Token : )
2023-09-09 11:28:53,038 [ERROR] DependencyParser:1297 - StateRcvOpen_Cte Bad Token : )
2023-09-09 11:28:53,038 [ERROR] DependencyParser:1297 - StateRcvOpen_Cte Bad Token : )
2023-09-09 11:28:53,038 [ERROR] DependencyParser:1297 - StateRcvOpen_Cte Bad Token : )
2023-09-09 11:28:53,038 [ERROR] DependencyParser:1297 - StateRcvOpen_Cte Bad Token : )
2023-09-09 11:28:53,038 [ERROR] DependencyParser:1297 - StateRcvOpen_Cte Bad Token : )
2023-09-09 11:28:53,038 [ERROR] DependencyParser:1297 - StateRcvOpen_Cte Bad Token : )
2023-09-09 11:28:53,038 [ERROR] DependencyParser:1297 - StateRcvOpen_Cte Bad Token : )
2023-09-09 11:28:53,038 [ERROR] DependencyParser:1297 - StateRcvOpen_Cte Bad Token : )
2023-09-09 11:28:53,038 [ERROR] DependencyParser:1297 - StateRcvOpen_Cte Bad Token : )
2023-09-09 11:28:53,038 [ERROR] DependencyParser:1297 - StateRcvOpen_Cte Bad Token : )
2023-09-09 11:28:53,038 [ERROR] DependencyParser:1297 - StateRcvOpen_Cte Bad Token : )
2023-09-09 11:28:53,038 [ERROR] DependencyParser:1297 - StateRcvOpen_Cte Bad Token : )
2023-09-09 11:28:53,038 [ERROR] DependencyParser:1297 - StateRcvOpen_Cte Bad Token : )
2023-09-09 11:28:53,038 [ERROR] DependencyParser:1297 - StateRcvOpen_Cte Bad Token : )
2023-09-09 11:28:53,038 [ERROR] DependencyParser:1297 - StateRcvOpen_Cte Bad Token : )
2023-09-09 11:28:53,038 [ERROR] DependencyParser:1297 - StateRcvOpen_Cte Bad Token : )
2023-09-09 11:28:53,038 [ERROR] DependencyParser:1297 - StateRcvOpen_Cte Bad Token : )
2023-09-09 11:28:53,038 [ERROR] DependencyParser:1297 - StateRcvOpen_Cte Bad Token : )
2023-09-09 11:28:53,038 [ERROR] DependencyParser:1297 - StateRcvOpen_Cte Bad Token : )
2023-09-09 11:28:53,038 [ERROR] DependencyParser:1297 - StateRcvOpen_Cte Bad Token : )
2023-09-09 11:28:53,038 [ERROR] DependencyParser:1297 - StateRcvOpen_Cte Bad Token : )
2023-09-09 11:28:53,038 [ERROR] DependencyParser:1297 - StateRcvOpen_Cte Bad Token : )
2023-09-09 11:28:53,038 [ERROR] DependencyParser:1297 - StateRcvOpen_Cte Bad Token : )
2023-09-09 11:28:53,038 [ERROR] DependencyParser:1297 - StateRcvOpen_Cte Bad Token : )
2023-09-09 11:28:53,038 [INFO] Engine:305 - compute dependency for SwPack X-CUBE-AZRTOS-L5 have been done, no update is requested
2023-09-09 11:28:53,043 [INFO] Engine:301 - compute dependency for SwPack X-CUBE-AZRTOS-G0 have been done, and update is requested
2023-09-09 11:28:53,053 [INFO] Engine:301 - compute dependency for SwPack X-CUBE-AZRTOS-G4 have been done, and update is requested
2023-09-09 11:28:53,058 [INFO] Engine:301 - compute dependency for SwPack X-CUBE-AZRTOS-WB have been done, and update is requested
2023-09-09 11:28:53,063 [INFO] Engine:301 - compute dependency for SwPack X-CUBE-AZRTOS-WL have been done, and update is requested
2023-09-09 11:28:53,068 [INFO] Engine:301 - compute dependency for SwPack I-CUBE-wolfSSL have been done, and update is requested
2023-09-09 11:28:53,142 [INFO] ServerAccessManage:348 - Download File mcusFeaturesAndDescription.json._tmp_
2023-09-09 11:28:53,232 [INFO] Engine:301 - compute dependency for SwPack I-CUBE-embOS have been done, and update is requested
2023-09-09 11:28:53,237 [INFO] Engine:301 - compute dependency for SwPack I-Cube-SoM-uGOAL have been done, and update is requested
2023-09-09 11:28:53,242 [INFO] Engine:301 - compute dependency for SwPack I-CUBE-Cesium have been done, and update is requested
2023-09-09 11:28:53,254 [INFO] Engine:305 - compute dependency for SwPack FreeRTOS have been done, no update is requested
2023-09-09 11:28:53,254 [INFO] Engine:305 - compute dependency for SwPack lwIP have been done, no update is requested
2023-09-09 11:28:53,254 [INFO] Engine:305 - compute dependency for SwPack lwIP have been done, no update is requested
2023-09-09 11:28:53,254 [INFO] Engine:305 - compute dependency for SwPack MBEDTLS have been done, no update is requested
2023-09-09 11:28:53,254 [INFO] Engine:305 - compute dependency for SwPack MBEDTLS have been done, no update is requested
2023-09-09 11:28:53,254 [INFO] Engine:305 - compute dependency for SwPack PDM2PCM have been done, no update is requested
2023-09-09 11:28:53,254 [INFO] Engine:305 - compute dependency for SwPack PDM2PCM have been done, no update is requested
2023-09-09 11:28:53,254 [INFO] Engine:305 - compute dependency for SwPack PDM2PCM have been done, no update is requested
2023-09-09 11:28:53,254 [INFO] Engine:305 - compute dependency for SwPack USB_DEVICE have been done, no update is requested
2023-09-09 11:28:53,254 [INFO] Engine:305 - compute dependency for SwPack USB_DEVICE have been done, no update is requested
2023-09-09 11:28:53,254 [INFO] Engine:305 - compute dependency for SwPack USB_DEVICE have been done, no update is requested
2023-09-09 11:28:53,254 [INFO] Engine:305 - compute dependency for SwPack USB_HOST have been done, no update is requested
2023-09-09 11:28:53,254 [INFO] Engine:305 - compute dependency for SwPack USB_HOST have been done, no update is requested
2023-09-09 11:28:53,254 [INFO] Engine:301 - compute dependency for SwPack X-CUBE-AI have been done, and update is requested
2023-09-09 11:28:53,267 [INFO] Engine:301 - compute dependency for SwPack X-CUBE-BLE1 have been done, and update is requested
2023-09-09 11:28:53,279 [INFO] Engine:301 - compute dependency for SwPack X-CUBE-NFC6 have been done, and update is requested
2023-09-09 11:28:53,284 [ERROR] DependencyParser:1297 - StateRcvOpen_Cte Bad Token : )
2023-09-09 11:28:53,284 [ERROR] DependencyParser:1297 - StateRcvOpen_Cte Bad Token : )
2023-09-09 11:28:53,284 [ERROR] DependencyParser:1297 - StateRcvOpen_Cte Bad Token : )
2023-09-09 11:28:53,284 [ERROR] DependencyParser:1297 - StateRcvOpen_Cte Bad Token : )
2023-09-09 11:28:53,284 [ERROR] DependencyParser:1297 - StateRcvOpen_Cte Bad Token : )
2023-09-09 11:28:53,284 [ERROR] DependencyParser:1297 - StateRcvOpen_Cte Bad Token : )
2023-09-09 11:28:53,284 [ERROR] DependencyParser:1297 - StateRcvOpen_Cte Bad Token : )
2023-09-09 11:28:53,284 [ERROR] DependencyParser:1297 - StateRcvOpen_Cte Bad Token : )
2023-09-09 11:28:53,284 [ERROR] DependencyParser:1297 - StateRcvOpen_Cte Bad Token : )
2023-09-09 11:28:53,284 [ERROR] DependencyParser:1297 - StateRcvOpen_Cte Bad Token : )
2023-09-09 11:28:53,284 [ERROR] DependencyParser:1297 - StateRcvOpen_Cte Bad Token : )
2023-09-09 11:28:53,284 [ERROR] DependencyParser:1297 - StateRcvOpen_Cte Bad Token : )
2023-09-09 11:28:53,284 [ERROR] DependencyParser:1297 - StateRcvOpen_Cte Bad Token : )
2023-09-09 11:28:53,284 [ERROR] DependencyParser:1297 - StateRcvOpen_Cte Bad Token : )
2023-09-09 11:28:53,284 [ERROR] DependencyParser:1297 - StateRcvOpen_Cte Bad Token : )
2023-09-09 11:28:53,284 [ERROR] DependencyParser:1297 - StateRcvOpen_Cte Bad Token : )
2023-09-09 11:28:53,284 [ERROR] DependencyParser:1297 - StateRcvOpen_Cte Bad Token : )
2023-09-09 11:28:53,284 [ERROR] DependencyParser:1297 - StateRcvOpen_Cte Bad Token : )
2023-09-09 11:28:53,284 [ERROR] DependencyParser:1297 - StateRcvOpen_Cte Bad Token : )
2023-09-09 11:28:53,284 [ERROR] DependencyParser:1297 - StateRcvOpen_Cte Bad Token : )
2023-09-09 11:28:53,284 [ERROR] DependencyParser:1297 - StateRcvOpen_Cte Bad Token : )
2023-09-09 11:28:53,284 [ERROR] DependencyParser:1297 - StateRcvOpen_Cte Bad Token : )
2023-09-09 11:28:53,284 [ERROR] DependencyParser:1297 - StateRcvOpen_Cte Bad Token : )
2023-09-09 11:28:53,284 [ERROR] DependencyParser:1297 - StateRcvOpen_Cte Bad Token : )
2023-09-09 11:28:53,284 [ERROR] DependencyParser:1297 - StateRcvOpen_Cte Bad Token : )
2023-09-09 11:28:53,284 [ERROR] DependencyParser:1297 - StateRcvOpen_Cte Bad Token : )
2023-09-09 11:28:53,284 [ERROR] DependencyParser:1297 - StateRcvOpen_Cte Bad Token : )
2023-09-09 11:28:53,284 [ERROR] DependencyParser:1297 - StateRcvOpen_Cte Bad Token : )
2023-09-09 11:28:53,284 [ERROR] DependencyParser:1297 - StateRcvOpen_Cte Bad Token : )
2023-09-09 11:28:53,284 [ERROR] DependencyParser:1297 - StateRcvOpen_Cte Bad Token : )
2023-09-09 11:28:53,284 [ERROR] DependencyParser:1297 - StateRcvOpen_Cte Bad Token : )
2023-09-09 11:28:53,284 [ERROR] DependencyParser:1297 - StateRcvOpen_Cte Bad Token : )
2023-09-09 11:28:53,284 [ERROR] DependencyParser:1297 - StateRcvOpen_Cte Bad Token : )
2023-09-09 11:28:53,284 [ERROR] DependencyParser:1297 - StateRcvOpen_Cte Bad Token : )
2023-09-09 11:28:53,284 [ERROR] DependencyParser:1297 - StateRcvOpen_Cte Bad Token : )
2023-09-09 11:28:53,284 [ERROR] DependencyParser:1297 - StateRcvOpen_Cte Bad Token : )
2023-09-09 11:28:53,284 [ERROR] DependencyParser:1297 - StateRcvOpen_Cte Bad Token : )
2023-09-09 11:28:53,284 [ERROR] DependencyParser:1297 - StateRcvOpen_Cte Bad Token : )
2023-09-09 11:28:53,284 [ERROR] DependencyParser:1297 - StateRcvOpen_Cte Bad Token : )
2023-09-09 11:28:53,284 [ERROR] DependencyParser:1297 - StateRcvOpen_Cte Bad Token : )
2023-09-09 11:28:53,284 [ERROR] DependencyParser:1297 - StateRcvOpen_Cte Bad Token : )
2023-09-09 11:28:53,284 [ERROR] DependencyParser:1297 - StateRcvOpen_Cte Bad Token : )
2023-09-09 11:28:53,284 [ERROR] DependencyParser:1297 - StateRcvOpen_Cte Bad Token : )
2023-09-09 11:28:53,284 [ERROR] DependencyParser:1297 - StateRcvOpen_Cte Bad Token : )
2023-09-09 11:28:53,284 [ERROR] DependencyParser:1297 - StateRcvOpen_Cte Bad Token : )
2023-09-09 11:28:53,284 [ERROR] DependencyParser:1297 - StateRcvOpen_Cte Bad Token : )
2023-09-09 11:28:53,284 [INFO] Engine:305 - compute dependency for SwPack X-CUBE-AZRTOS-L5 have been done, no update is requested
2023-09-09 11:28:53,289 [INFO] Engine:301 - compute dependency for SwPack X-CUBE-AZRTOS-WB have been done, and update is requested
2023-09-09 11:28:53,294 [INFO] ThirdPartyDb:299 - Save Third Party DataBase File (C:/Users/Nada/.stm32cubemx/plugins/thirdparty/db/thirdparties_db.xml) [forced]
2023-09-09 11:28:53,318 [INFO] LoadServerUpdatesThread:309 - End of LoadServerUpdate Thread
2023-09-09 11:28:54,705 [WARN] MainUpdater:1087 - Updater busy. Cannot search thirdparties
2023-09-09 11:28:57,717 [WARN] MainUpdater:1087 - Updater busy. Cannot search thirdparties
2023-09-09 11:29:00,725 [WARN] MainUpdater:1087 - Updater busy. Cannot search thirdparties
2023-09-09 11:29:01,022 [INFO] LoadUrlFilesThread:135 - End of LoadUrlFiles Thread
2023-09-09 11:29:01,107 [INFO] ServerAccessManage:348 - Download File boardsDocs.json._tmp_
2023-09-09 11:29:01,146 [INFO] LoadUrlFilesThread:135 - End of LoadUrlFiles Thread
2023-09-09 11:29:01,221 [INFO] ServerAccessManage:348 - Download File boards.json._tmp_
2023-09-09 11:29:01,535 [INFO] LoadUrlFilesThread:135 - End of LoadUrlFiles Thread
2023-09-09 11:29:02,388 [INFO] ServerAccessManage:348 - Download File cube-finder-db.zip
2023-09-09 11:29:03,736 [WARN] MainUpdater:1087 - Updater busy. Cannot search thirdparties
2023-09-09 11:29:06,748 [WARN] MainUpdater:1087 - Updater busy. Cannot search thirdparties
2023-09-09 11:29:09,749 [WARN] MainUpdater:1087 - Updater busy. Cannot search thirdparties
2023-09-09 11:29:12,760 [WARN] MainUpdater:1087 - Updater busy. Cannot search thirdparties
2023-09-09 11:29:15,765 [WARN] MainUpdater:1087 - Updater busy. Cannot search thirdparties
2023-09-09 11:29:18,773 [WARN] MainUpdater:1087 - Updater busy. Cannot search thirdparties
2023-09-09 11:29:21,784 [ERROR] IntegrityCheckThread:67 - Unexpected exception IntegrityCheckThread Thread:
2023-09-09 11:29:21,784 [ERROR] IntegrityCheckThread:70 - java.lang.Exception: Updater error
	at com.st.microxplorer.plugins.thirdparty.engine.IntegrityCheckThread.getUpdaterThirdPartyList(IntegrityCheckThread.java:296)
	at com.st.microxplorer.plugins.thirdparty.engine.IntegrityCheckThread.runProcess(IntegrityCheckThread.java:84)
	at com.st.microxplorer.plugins.thirdparty.engine.IntegrityCheckThread.run(IntegrityCheckThread.java:65)

2023-09-09 11:29:21,784 [INFO] ThirdPartyDb:299 - Save Third Party DataBase File (C:/Users/Nada/.stm32cubemx/plugins/thirdparty/db/thirdparties_db.xml) [forced]
2023-09-09 11:29:21,810 [INFO] IntegrityCheckThread:76 - exiting critical section [integrity check]
2023-09-09 11:29:21,810 [INFO] IntegrityCheckThread:79 - End integrity checks thread
2023-09-09 11:29:24,805 [INFO] FileExtend:225 - Unzip File : cube-finder-db.zip
2023-09-09 11:29:24,806 [INFO] FileExtend:240 - Standard Zip Deflate
2023-09-09 11:29:25,340 [INFO] LoadUrlFilesThread:135 - End of LoadUrlFiles Thread
2023-09-09 11:29:25,871 [INFO] ServerAccessManage:348 - Download File crdb.zip
2023-09-09 11:29:26,377 [INFO] FileExtend:225 - Unzip File : crdb.zip
2023-09-09 11:29:26,377 [INFO] FileExtend:240 - Standard Zip Deflate
2023-09-09 11:29:26,407 [INFO] LoadUrlFilesThread:135 - End of LoadUrlFiles Thread
2023-09-09 11:29:26,876 [INFO] ServerAccessManage:348 - Download File tutoVideoDB.zip
2023-09-09 11:29:26,935 [INFO] FileExtend:225 - Unzip File : tutoVideoDB.zip
2023-09-09 11:29:26,935 [INFO] FileExtend:240 - Standard Zip Deflate
2023-09-09 11:29:26,945 [INFO] LoadUrlFilesThread:135 - End of LoadUrlFiles Thread
2023-09-09 11:29:26,960 [INFO] DbMcusDocs:145 - JSON generation date=Tue Nov 16 18:17:54 EET 2021 (1637079474)
2023-09-09 11:29:26,960 [INFO] DbMcusXml:100 - Load MCU database from C:\ST\STM32CubeIDE_1.4.0\STM32CubeIDE\plugins\com.st.stm32cube.common.mx_6.0.0.202007160824\\db\/mcu/families.xml
2023-09-09 11:29:27,492 [INFO] DbMcusJson:92 - JSON generation date=Tue Nov 16 18:17:54 EET 2021 (1637079474)
2023-09-09 11:29:28,058 [INFO] DbMcus:175 - Found 1761 MCUs (1722 are supported by CubeMX, 1911 are visible in CubeMX)
2023-09-09 11:29:28,058 [INFO] ApiDb:201 - Load user favorites file C:\Users\Nada/.stm32cubemx/favorites.mcus.txt: 0 item(s)
2023-09-09 11:29:28,058 [INFO] ApiDb:205 - User favorites MCUs=[]
2023-09-09 11:29:28,058 [INFO] DbMcus:187 - Set 0 / 0 favorites MCUs
2023-09-09 11:29:28,255 [INFO] DbMcusDocs:81 - Found 682 MCUs documents
2023-09-09 11:29:28,260 [INFO] ApiDb:226 - Save user favorites file C:\Users\Nada/.stm32cubemx/favorites.mcus.txt: 0 item(s)
2023-09-09 11:29:28,260 [INFO] ApiDb:230 - User favorites MCUs=[]
2023-09-09 11:29:28,260 [INFO] DbMcusXml:100 - Load MCU database from C:\ST\STM32CubeIDE_1.4.0\STM32CubeIDE\plugins\com.st.stm32cube.common.mx_6.0.0.202007160824\\db\/mcu/families.xml
2023-09-09 11:29:28,677 [INFO] DbMcusJson:92 - JSON generation date=Tue Nov 16 18:17:54 EET 2021 (1637079474)
2023-09-09 11:29:29,102 [INFO] DbMcus:175 - Found 1761 MCUs (1722 are supported by CubeMX, 1911 are visible in CubeMX)
2023-09-09 11:29:29,102 [INFO] ApiDb:201 - Load user favorites file C:\Users\Nada/.stm32cubemx/favorites.mcus.txt: 0 item(s)
2023-09-09 11:29:29,102 [INFO] ApiDb:205 - User favorites MCUs=[]
2023-09-09 11:29:29,102 [INFO] DbMcus:187 - Set 0 / 0 favorites MCUs
2023-09-09 11:29:29,107 [INFO] DbBoardsDocs:145 - JSON generation date=Tue Nov 16 18:17:54 EET 2021 (1637079474)
2023-09-09 11:29:29,116 [INFO] DbBoardsPdsc:94 - Found 23 items
2023-09-09 11:29:29,119 [INFO] DbBoardsPdsc:94 - Found 9 items
2023-09-09 11:29:29,121 [INFO] DbBoardsPdsc:94 - Found 29 items
2023-09-09 11:29:29,122 [INFO] DbBoardsPdsc:94 - Found 1 items
2023-09-09 11:29:29,126 [INFO] DbBoardsPdsc:94 - Found 44 items
2023-09-09 11:29:29,130 [INFO] DbBoardsPdsc:94 - Found 40 items
2023-09-09 11:29:29,132 [INFO] DbBoardsPdsc:94 - Found 2 items
2023-09-09 11:29:29,134 [INFO] DbBoardsPdsc:94 - Found 4 items
2023-09-09 11:29:29,138 [WARN] DbBoardsPdsc:258 - Board STM32H7B3I-DK: unknown feature type=Audio, name=, username=Audio stereo codec with Headphone Amp (CS42L51-CNZ), n=1
2023-09-09 11:29:29,139 [WARN] DbBoardsPdsc:258 - Board STM32H735G-DK: unknown feature type=Audio, name=, username=Audio stereo codec with Headphone Amp (WM8994ECS/R), n=1
2023-09-09 11:29:29,140 [WARN] DbBoardsPdsc:258 - Board STM32H7B3I-EVAL: unknown feature type=Audio, name=, username=Multi-Channel Audio Codec (CS42L51-CNZ), n=1
2023-09-09 11:29:29,140 [WARN] DbBoardsPdsc:258 - Board STM32H7B3I-EVAL: unknown feature type=Meter, name=, username=Power-metering and Temperature-monitoring with sigma-delta modulators, n=1
2023-09-09 11:29:29,140 [WARN] DbBoardsPdsc:258 - Board STM32H7B3I-EVAL: unknown feature type=Motor, name=, username=Motor Control, n=1
2023-09-09 11:29:29,172 [INFO] DbBoardsJson:85 - JSON generation date=Tue Nov 16 18:17:54 EET 2021 (1637079474)
2023-09-09 11:29:29,179 [INFO] DbBoards:117 - Found 166 boards (149 are supported by CubeMX)
2023-09-09 11:29:29,180 [INFO] DbBoardsDocs:145 - JSON generation date=Tue Nov 16 18:17:54 EET 2021 (1637079474)
2023-09-09 11:29:29,183 [INFO] DbBoardsDocs:81 - Found 209 boards documents
2023-09-09 11:29:29,185 [WARN] DbBoards:127 - board B-L475E-IOT01A2 has no document id list !
2023-09-09 11:29:29,185 [WARN] DbBoards:127 - board NUCLEO-H743ZI has no document id list !
2023-09-09 11:29:29,186 [WARN] DbBoards:127 - board P-NUCLEO-WB55-Nucleo has no document id list !
2023-09-09 11:29:29,186 [WARN] DbBoards:127 - board P-NUCLEO-WB55-USBDongle has no document id list !
2023-09-09 11:29:29,186 [WARN] DbBoards:127 - board STEVAL-BFA001V1B has no document id list !
2023-09-09 11:29:29,186 [WARN] DbBoards:127 - board STEVAL-BFA001V2B has no document id list !
2023-09-09 11:29:29,186 [WARN] DbBoards:127 - board STEVAL-IDP005V1 has no document id list !
2023-09-09 11:29:29,186 [WARN] DbBoards:127 - board STEVAL-IDP005V2 has no document id list !
2023-09-09 11:29:29,186 [WARN] DbBoards:127 - board STEVAL-MKSBOX1V1 has no document id list !
2023-09-09 11:29:29,186 [WARN] DbBoards:127 - board STEVAL-STWINKT1 has no document id list !
2023-09-09 11:29:29,186 [WARN] DbBoards:127 - board STEVAL-STWINKT1B has no document id list !
2023-09-09 11:29:29,186 [WARN] DbBoards:127 - board STM32439I-EVAL2 has no document id list !
2023-09-09 11:29:29,187 [WARN] DbBoards:127 - board STM32F401C-DISCO has no document id list !
2023-09-09 11:29:29,187 [WARN] DbBoards:127 - board STM32F769I-DISC1 has no document id list !
2023-09-09 11:29:29,187 [WARN] DbBoards:127 - board STM32G474E-EVAL1 has no document id list !
2023-09-09 11:29:29,187 [WARN] DbBoards:127 - board STM32H743I-EVAL2 has no document id list !
2023-09-09 11:29:29,187 [WARN] DbBoards:127 - board STM32H747I-DISC1 has no document id list !
2023-09-09 11:29:29,187 [WARN] DbBoards:127 - board STM32H753I-EVAL2 has no document id list !
2023-09-09 11:29:29,187 [WARN] DbBoards:127 - board STM32L-DISCOVERY has no document id list !
2023-09-09 11:29:29,259 [ERROR] DbBoards:189 - Image file not found for board B-L462E-CELL1: C:\ST\STM32CubeIDE_1.4.0\STM32CubeIDE\plugins\com.st.stm32cube.common.mx_6.0.0.202007160824\\db\/plugins/mcufinder/images/boards/B-L462E-CELL1_small.jpg
2023-09-09 11:29:29,304 [ERROR] DbBoards:189 - Image file not found for board B-U585I-IOT02A: C:\ST\STM32CubeIDE_1.4.0\STM32CubeIDE\plugins\com.st.stm32cube.common.mx_6.0.0.202007160824\\db\/plugins/mcufinder/images/boards/B-U585I-IOT02A_small.jpg
2023-09-09 11:29:29,401 [ERROR] DbBoards:189 - Image file not found for board NUCLEO-F413ZH: C:\ST\STM32CubeIDE_1.4.0\STM32CubeIDE\plugins\com.st.stm32cube.common.mx_6.0.0.202007160824\\db\/plugins/mcufinder/images/boards/nucleo-f413zh_small.jpg
2023-09-09 11:29:29,516 [ERROR] DbBoards:189 - Image file not found for board NUCLEO-L552ZE-Q: C:\ST\STM32CubeIDE_1.4.0\STM32CubeIDE\plugins\com.st.stm32cube.common.mx_6.0.0.202007160824\\db\/plugins/mcufinder/images/boards/nucleo_l552ze_q_small.jpg
2023-09-09 11:29:29,516 [ERROR] DbBoards:189 - Image file not found for board NUCLEO-U575ZI-Q: C:\ST\STM32CubeIDE_1.4.0\STM32CubeIDE\plugins\com.st.stm32cube.common.mx_6.0.0.202007160824\\db\/plugins/mcufinder/images/boards/nucleo-u575zi-q_small.jpg
2023-09-09 11:29:29,516 [ERROR] DbBoards:189 - Image file not found for board NUCLEO-WB15CC: C:\ST\STM32CubeIDE_1.4.0\STM32CubeIDE\plugins\com.st.stm32cube.common.mx_6.0.0.202007160824\\db\/plugins/mcufinder/images/boards/nucleo-wb15cc_small.jpg
2023-09-09 11:29:29,516 [ERROR] DbBoards:189 - Image file not found for board NUCLEO-WB55RG: C:\ST\STM32CubeIDE_1.4.0\STM32CubeIDE\plugins\com.st.stm32cube.common.mx_6.0.0.202007160824\\db\/plugins/mcufinder/images/boards/nucleo-wb55rg_small.jpg
2023-09-09 11:29:29,516 [ERROR] DbBoards:189 - Image file not found for board NUCLEO-WL55JC: C:\ST\STM32CubeIDE_1.4.0\STM32CubeIDE\plugins\com.st.stm32cube.common.mx_6.0.0.202007160824\\db\/plugins/mcufinder/images/boards/nucleo-wl55jc-small.jpg
2023-09-09 11:29:29,661 [ERROR] DbBoards:189 - Image file not found for board STEVAL-STWINKT1B: C:\ST\STM32CubeIDE_1.4.0\STM32CubeIDE\plugins\com.st.stm32cube.common.mx_6.0.0.202007160824\\db\/plugins/mcufinder/images/boards/steval-stwinkt1b_small.jpg
2023-09-09 11:29:29,949 [ERROR] DbBoards:189 - Image file not found for board STM32G0C1E-EV: C:\ST\STM32CubeIDE_1.4.0\STM32CubeIDE\plugins\com.st.stm32cube.common.mx_6.0.0.202007160824\\db\/plugins/mcufinder/images/boards/stm32g0c1e-eval_small.jpg
2023-09-09 11:29:30,024 [ERROR] DbBoards:189 - Image file not found for board STM32H7B3I-EVAL: C:\ST\STM32CubeIDE_1.4.0\STM32CubeIDE\plugins\com.st.stm32cube.common.mx_6.0.0.202007160824\\db\/plugins/mcufinder/images/boards/stm32h7b3ieval_small.jpg
2023-09-09 11:29:30,179 [ERROR] DbBoards:189 - Image file not found for board STM32U575I-EV: C:\ST\STM32CubeIDE_1.4.0\STM32CubeIDE\plugins\com.st.stm32cube.common.mx_6.0.0.202007160824\\db\/plugins/mcufinder/images/boards/stm32u575i-ev_small.jpg
2023-09-09 11:29:30,212 [ERROR] DbBoards:189 - Image file not found for board STM32WB5MM-DK: C:\ST\STM32CubeIDE_1.4.0\STM32CubeIDE\plugins\com.st.stm32cube.common.mx_6.0.0.202007160824\\db\/plugins/mcufinder/images/boards/STM32WB5MM-DK_small.jpg
2023-09-09 11:29:30,212 [INFO] ApiDb:201 - Load user favorites file C:\Users\Nada/.stm32cubemx/favorites.boards.txt: 0 item(s)
2023-09-09 11:29:30,212 [INFO] ApiDb:205 - User favorites Boards=[]
2023-09-09 11:29:30,212 [INFO] DbBoards:206 - Set 0 / 0 favorites Boards
2023-09-09 11:29:30,212 [INFO] DbBoardsDocs:81 - Found 418 boards documents
2023-09-09 11:29:30,217 [INFO] ApiDb:226 - Save user favorites file C:\Users\Nada/.stm32cubemx/favorites.boards.txt: 0 item(s)
2023-09-09 11:29:30,217 [INFO] ApiDb:230 - User favorites Boards=[]
2023-09-09 11:29:30,217 [INFO] DbBoardsPdsc:94 - Found 23 items
2023-09-09 11:29:30,217 [INFO] DbBoardsPdsc:94 - Found 9 items
2023-09-09 11:29:30,217 [INFO] DbBoardsPdsc:94 - Found 29 items
2023-09-09 11:29:30,222 [INFO] DbBoardsPdsc:94 - Found 1 items
2023-09-09 11:29:30,222 [INFO] DbBoardsPdsc:94 - Found 44 items
2023-09-09 11:29:30,222 [INFO] DbBoardsPdsc:94 - Found 40 items
2023-09-09 11:29:30,227 [INFO] DbBoardsPdsc:94 - Found 2 items
2023-09-09 11:29:30,228 [INFO] DbBoardsPdsc:94 - Found 4 items
2023-09-09 11:29:30,229 [WARN] DbBoardsPdsc:258 - Board STM32H7B3I-DK: unknown feature type=Audio, name=, username=Audio stereo codec with Headphone Amp (CS42L51-CNZ), n=1
2023-09-09 11:29:30,229 [WARN] DbBoardsPdsc:258 - Board STM32H735G-DK: unknown feature type=Audio, name=, username=Audio stereo codec with Headphone Amp (WM8994ECS/R), n=1
2023-09-09 11:29:30,229 [WARN] DbBoardsPdsc:258 - Board STM32H7B3I-EVAL: unknown feature type=Audio, name=, username=Multi-Channel Audio Codec (CS42L51-CNZ), n=1
2023-09-09 11:29:30,229 [WARN] DbBoardsPdsc:258 - Board STM32H7B3I-EVAL: unknown feature type=Meter, name=, username=Power-metering and Temperature-monitoring with sigma-delta modulators, n=1
2023-09-09 11:29:30,229 [WARN] DbBoardsPdsc:258 - Board STM32H7B3I-EVAL: unknown feature type=Motor, name=, username=Motor Control, n=1
2023-09-09 11:29:30,244 [INFO] DbBoardsJson:85 - JSON generation date=Tue Nov 16 18:17:54 EET 2021 (1637079474)
2023-09-09 11:29:30,246 [INFO] DbBoards:117 - Found 166 boards (149 are supported by CubeMX)
2023-09-09 11:29:30,246 [WARN] DbBoards:127 - board B-L475E-IOT01A2 has no document id list !
2023-09-09 11:29:30,246 [WARN] DbBoards:127 - board NUCLEO-H743ZI has no document id list !
2023-09-09 11:29:30,251 [WARN] DbBoards:127 - board P-NUCLEO-WB55-Nucleo has no document id list !
2023-09-09 11:29:30,251 [WARN] DbBoards:127 - board P-NUCLEO-WB55-USBDongle has no document id list !
2023-09-09 11:29:30,251 [WARN] DbBoards:127 - board STEVAL-BFA001V1B has no document id list !
2023-09-09 11:29:30,251 [WARN] DbBoards:127 - board STEVAL-BFA001V2B has no document id list !
2023-09-09 11:29:30,251 [WARN] DbBoards:127 - board STEVAL-IDP005V1 has no document id list !
2023-09-09 11:29:30,251 [WARN] DbBoards:127 - board STEVAL-IDP005V2 has no document id list !
2023-09-09 11:29:30,251 [WARN] DbBoards:127 - board STEVAL-MKSBOX1V1 has no document id list !
2023-09-09 11:29:30,251 [WARN] DbBoards:127 - board STEVAL-STWINKT1 has no document id list !
2023-09-09 11:29:30,251 [WARN] DbBoards:127 - board STEVAL-STWINKT1B has no document id list !
2023-09-09 11:29:30,251 [WARN] DbBoards:127 - board STM32439I-EVAL2 has no document id list !
2023-09-09 11:29:30,251 [WARN] DbBoards:127 - board STM32F401C-DISCO has no document id list !
2023-09-09 11:29:30,251 [WARN] DbBoards:127 - board STM32F769I-DISC1 has no document id list !
2023-09-09 11:29:30,251 [WARN] DbBoards:127 - board STM32G474E-EVAL1 has no document id list !
2023-09-09 11:29:30,251 [WARN] DbBoards:127 - board STM32H743I-EVAL2 has no document id list !
2023-09-09 11:29:30,251 [WARN] DbBoards:127 - board STM32H747I-DISC1 has no document id list !
2023-09-09 11:29:30,251 [WARN] DbBoards:127 - board STM32H753I-EVAL2 has no document id list !
2023-09-09 11:29:30,251 [WARN] DbBoards:127 - board STM32L-DISCOVERY has no document id list !
2023-09-09 11:29:30,279 [ERROR] DbBoards:189 - Image file not found for board B-L462E-CELL1: C:\ST\STM32CubeIDE_1.4.0\STM32CubeIDE\plugins\com.st.stm32cube.common.mx_6.0.0.202007160824\\db\/plugins/mcufinder/images/boards/B-L462E-CELL1_small.jpg
2023-09-09 11:29:30,301 [ERROR] DbBoards:189 - Image file not found for board B-U585I-IOT02A: C:\ST\STM32CubeIDE_1.4.0\STM32CubeIDE\plugins\com.st.stm32cube.common.mx_6.0.0.202007160824\\db\/plugins/mcufinder/images/boards/B-U585I-IOT02A_small.jpg
2023-09-09 11:29:30,350 [ERROR] DbBoards:189 - Image file not found for board NUCLEO-F413ZH: C:\ST\STM32CubeIDE_1.4.0\STM32CubeIDE\plugins\com.st.stm32cube.common.mx_6.0.0.202007160824\\db\/plugins/mcufinder/images/boards/nucleo-f413zh_small.jpg
2023-09-09 11:29:30,456 [ERROR] DbBoards:189 - Image file not found for board NUCLEO-L552ZE-Q: C:\ST\STM32CubeIDE_1.4.0\STM32CubeIDE\plugins\com.st.stm32cube.common.mx_6.0.0.202007160824\\db\/plugins/mcufinder/images/boards/nucleo_l552ze_q_small.jpg
2023-09-09 11:29:30,456 [ERROR] DbBoards:189 - Image file not found for board NUCLEO-U575ZI-Q: C:\ST\STM32CubeIDE_1.4.0\STM32CubeIDE\plugins\com.st.stm32cube.common.mx_6.0.0.202007160824\\db\/plugins/mcufinder/images/boards/nucleo-u575zi-q_small.jpg
2023-09-09 11:29:30,456 [ERROR] DbBoards:189 - Image file not found for board NUCLEO-WB15CC: C:\ST\STM32CubeIDE_1.4.0\STM32CubeIDE\plugins\com.st.stm32cube.common.mx_6.0.0.202007160824\\db\/plugins/mcufinder/images/boards/nucleo-wb15cc_small.jpg
2023-09-09 11:29:30,456 [ERROR] DbBoards:189 - Image file not found for board NUCLEO-WB55RG: C:\ST\STM32CubeIDE_1.4.0\STM32CubeIDE\plugins\com.st.stm32cube.common.mx_6.0.0.202007160824\\db\/plugins/mcufinder/images/boards/nucleo-wb55rg_small.jpg
2023-09-09 11:29:30,456 [ERROR] DbBoards:189 - Image file not found for board NUCLEO-WL55JC: C:\ST\STM32CubeIDE_1.4.0\STM32CubeIDE\plugins\com.st.stm32cube.common.mx_6.0.0.202007160824\\db\/plugins/mcufinder/images/boards/nucleo-wl55jc-small.jpg
2023-09-09 11:29:30,539 [ERROR] DbBoards:189 - Image file not found for board STEVAL-STWINKT1B: C:\ST\STM32CubeIDE_1.4.0\STM32CubeIDE\plugins\com.st.stm32cube.common.mx_6.0.0.202007160824\\db\/plugins/mcufinder/images/boards/steval-stwinkt1b_small.jpg
2023-09-09 11:29:30,686 [ERROR] DbBoards:189 - Image file not found for board STM32G0C1E-EV: C:\ST\STM32CubeIDE_1.4.0\STM32CubeIDE\plugins\com.st.stm32cube.common.mx_6.0.0.202007160824\\db\/plugins/mcufinder/images/boards/stm32g0c1e-eval_small.jpg
2023-09-09 11:29:30,736 [ERROR] DbBoards:189 - Image file not found for board STM32H7B3I-EVAL: C:\ST\STM32CubeIDE_1.4.0\STM32CubeIDE\plugins\com.st.stm32cube.common.mx_6.0.0.202007160824\\db\/plugins/mcufinder/images/boards/stm32h7b3ieval_small.jpg
2023-09-09 11:29:30,834 [ERROR] DbBoards:189 - Image file not found for board STM32U575I-EV: C:\ST\STM32CubeIDE_1.4.0\STM32CubeIDE\plugins\com.st.stm32cube.common.mx_6.0.0.202007160824\\db\/plugins/mcufinder/images/boards/stm32u575i-ev_small.jpg
2023-09-09 11:29:30,849 [ERROR] DbBoards:189 - Image file not found for board STM32WB5MM-DK: C:\ST\STM32CubeIDE_1.4.0\STM32CubeIDE\plugins\com.st.stm32cube.common.mx_6.0.0.202007160824\\db\/plugins/mcufinder/images/boards/STM32WB5MM-DK_small.jpg
2023-09-09 11:29:30,849 [INFO] ApiDb:201 - Load user favorites file C:\Users\Nada/.stm32cubemx/favorites.boards.txt: 0 item(s)
2023-09-09 11:29:30,849 [INFO] ApiDb:205 - User favorites Boards=[]
2023-09-09 11:29:30,849 [INFO] DbBoards:206 - Set 0 / 0 favorites Boards
2023-09-09 11:29:30,926 [INFO] DbExamplesSqlite:156 - SQLite db open (C:\Users\Nada\.stmcufinder\plugins\mcufinder\mcu\cube-finder-db.db)
2023-09-09 11:29:31,486 [INFO] DbExamplesSqlite:447 - Ignored 0 examples not supported by CubeIDE
2023-09-09 11:29:31,486 [INFO] DbExamplesSqlite:448 - Found 7231 examples active
2023-09-09 11:29:31,486 [INFO] DbExamplesSqlite:449 - Found 677 examples obsolete
2023-09-09 11:29:31,486 [INFO] DbExamplesSqlite:450 - Found 0 examples under development
2023-09-09 11:29:31,486 [INFO] DbExamplesSqlite:451 - Found 74 examples not building
2023-09-09 11:29:31,536 [INFO] DbExamplesSqlite:130 - SQLite Data Model version=2.1
2023-09-09 11:29:31,536 [INFO] DbExamplesSqlite:131 - SQLite Configuration version=3.0.37
2023-09-09 11:29:31,536 [INFO] DbExamplesSqlite:132 - SQLite generation date=2023-08-09 (1691586011)
2023-09-09 11:29:31,536 [INFO] DbExamplesSqlite:133 - SQLite FW Pack versions=[FP-ATR-ASTRA1_V2.0.0, FP-SNS-FLIGHT1_V5.0.1, FP-SNS-FLIGHT1_V5.0.2, FP-SNS-MOTENV1_V4.3.1, FP-SNS-MOTENV1_V4.3.2, STM32Cube_FW_C0_V1.1.0, STM32Cube_FW_F4_V1.27.1, STM32Cube_FW_F7_V1.17.0, STM32Cube_FW_G0_V1.6.1, STM32Cube_FW_G4_V1.5.1, STM32Cube_FW_H5_V0.5.1, STM32Cube_FW_H5_V1.1.0, STM32Cube_FW_H7_V1.11.0, STM32Cube_FW_L0_V1.12.2, STM32Cube_FW_L5_V1.5.0, STM32Cube_FW_U5_V1.3.0, STM32Cube_FW_U5_V1.3.0RC4, STM32Cube_FW_WBA_V1.0.0RC1, STM32Cube_FW_WBA_V1.1.0, STM32Cube_FW_WBA_V1.1.0RC1, STM32Cube_FW_WB_V1.15.0RC1, STM32Cube_FW_WB_V1.16.0, STM32Cube_FW_WB_V1.16.0RC2, STM32Cube_FW_WB_V1.17.0, STM32Cube_FW_WL_V1.3.0, X-CUBE-ALGOBUILD_V1.3.0, X-CUBE-ALS_V1.0.1, X-CUBE-AZRTOS-F4_V1.1.0, X-CUBE-AZRTOS-F7_V1.1.0, X-CUBE-AZRTOS-G0_V1.1.0, X-CUBE-AZRTOS-G4_V2.0.0, X-CUBE-AZRTOS-H7_V3.1.0, X-CUBE-AZRTOS-L4_V1.0.0, X-CUBE-AZRTOS-L4_V2.0.0, X-CUBE-AZRTOS-L5_V1.1.0, X-CUBE-AZRTOS-WB_V1.1.0, X-CUBE-AZRTOS-WL_V2.0.0, X-CUBE-BLE1_V7.0.0, X-CUBE-BLE2_V3.3.0, X-CUBE-BLEMGR_V2.0.0, X-CUBE-EEPRMA1_V4.1.0, X-CUBE-FREERTOS_V1.1.0, X-CUBE-GNSS1_V6.0.0, X-CUBE-MEMS1_V9.1.0, X-CUBE-MEMS1_V9.4.0, X-CUBE-MEMS1_V9.6.0, X-CUBE-NFC4_V3.0.0, X-CUBE-NFC7_V1.0.0, X-CUBE-SFXS2LP1_V4.0.0, X-CUBE-SUBG2_V5.0.0, X-CUBE-TOF1_V3.3.1]
2023-09-09 11:29:31,536 [INFO] DbExamples:123 - Found 7305 examples
2023-09-09 11:29:31,897 [ERROR] DbExamples:199 - Found 7305 examples with invalid data (board or MCU)
2023-09-09 11:29:31,897 [INFO] DbExamples:215 - Found 77 boards with related examples
2023-09-09 11:29:31,897 [INFO] DbExamples:228 - Found 0 MCUs with related examples
2023-09-09 11:29:31,930 [INFO] ApiDb:192 - User favorites file not found: C:\Users\Nada/.stm32cubemx/favorites.examples.txt
2023-09-09 11:29:31,930 [INFO] DbExamples:249 - Set 0 / 0 favorites Examples
2023-09-09 11:29:32,029 [INFO] McuFinderGlobals:40 - Set McuFinder mode to 2 (CubeIDE integrated)
2023-09-09 11:29:32,309 [INFO] CrossSelectorPresenter:1330 - Cross Selector saved comparison directory: C:\Users\Nada\.stmcufinder\plugins\mcufinder\mcu\cs_comparisons_mx
2023-09-09 11:29:32,312 [INFO] MultiScanPanel:193 - Auto-refresh data requested => check proxy status ongoing
2023-09-09 11:29:32,312 [INFO] FinderPluginLoader:87 - Searching for filters in installed packs
2023-09-09 11:29:32,603 [INFO] LoadUrlFilesThread:162 - End of LoadServerUrlFiles without Thread
2023-09-09 11:29:32,608 [INFO] DetailPanel:331 - Set advertising image to C:/Users/Nada/STM32Cube/Repository/\stm32cubemx-promo_image.jpg
2023-09-09 11:29:32,820 [INFO] McuFilterPanel:245 - Update 0 favorites MCUs
2023-09-09 11:29:51,334 [INFO] RetryExec:97 - I/O exception (org.apache.http.NoHttpResponseException) caught when processing request to {s}->https://download.eclipse.org:443: The target server failed to respond
2023-09-09 11:29:51,338 [INFO] RetryExec:113 - Retrying request to {s}->https://download.eclipse.org:443
2023-09-09 11:29:52,071 [INFO] RetryExec:97 - I/O exception (org.apache.http.NoHttpResponseException) caught when processing request to {s}->https://archive.eclipse.org:443: The target server failed to respond
2023-09-09 11:29:52,071 [INFO] RetryExec:113 - Retrying request to {s}->https://archive.eclipse.org:443
2023-09-09 11:30:16,009 [INFO] LogOutputStream:76 - [STDOUT_REDIRECT] withoutVersionV1.8.4
2023-09-09 11:30:16,009 [INFO] LogOutputStream:76 - [STDOUT_REDIRECT] withoutVersionV1.8.3
2023-09-09 11:30:16,009 [INFO] LogOutputStream:76 - [STDOUT_REDIRECT] withoutVersionV1.8.2
2023-09-09 11:30:16,009 [INFO] LogOutputStream:76 - [STDOUT_REDIRECT] withoutVersionV1.8.1
2023-09-09 11:30:16,009 [INFO] LogOutputStream:76 - [STDOUT_REDIRECT] withoutVersionV1.8.0
2023-09-09 11:30:18,260 [INFO] ApiDb:226 - Save user favorites file C:\Users\Nada/.stm32cubeide/favorites.mcus.txt: 0 item(s)
2023-09-09 11:30:18,260 [INFO] ApiDb:230 - User favorites MCUs=[]
