20:39:55 **** Incremental Build of configuration Debug for project HW3_6s ****
Info: Internal Builder is used for build
gcc -o HW3_6s.exe "src\\HW3_6s.o" 
c:/mingw/bin/../lib/gcc/mingw32/6.3.0/../../../../mingw32/bin/ld.exe: cannot open output file HW3_6s.exe: Permission denied
collect2.exe: error: ld returned 1 exit status
20:40:14 **** Incremental Build of configuration Debug for project HW3_6s ****
Info: Internal Builder is used for build
gcc -O0 -g3 -Wall -c -fmessage-length=0 -o "src\\HW3_6s.o" "..\\src\\HW3_6s.c" 
gcc -o HW3_6s.exe "src\\HW3_6s.o" 
c:/mingw/bin/../lib/gcc/mingw32/6.3.0/../../../../mingw32/bin/ld.exe: cannot open output file HW3_6s.exe: Permission denied
collect2.exe: error: ld returned 1 exit status
Info: Nothing to build for HW3_1
Info: Nothing to build for HW3_2
Info: Nothing to build for HW3_3
Info: Nothing to build for HW3_4
Info: Nothing to build for HW3_5
20:40:38 **** Incremental Build of configuration Debug for project HW3_6s ****
Info: Internal Builder is used for build
gcc -o HW3_6s.exe "src\\HW3_6s.o" 
Info: Nothing to build for HW3_6s
20:40:57 **** Incremental Build of configuration Debug for project HW3_6s ****
Info: Internal Builder is used for build
gcc -O0 -g3 -Wall -c -fmessage-length=0 -o "src\\HW3_6s.o" "..\\src\\HW3_6s.c" 
gcc -o HW3_6s.exe "src\\HW3_6s.o" 
c:/mingw/bin/../lib/gcc/mingw32/6.3.0/../../../../mingw32/bin/ld.exe: cannot open output file HW3_6s.exe: Permission denied
collect2.exe: error: ld returned 1 exit status
20:42:56 **** Incremental Build of configuration Debug for project HW3_6s ****
Info: Internal Builder is used for build
gcc -o HW3_6s.exe "src\\HW3_6s.o" 
Info: Nothing to build for HW3_1
Info: Nothing to build for HW3_2
Info: Nothing to build for HW3_3
Info: Nothing to build for HW3_4
Info: Nothing to build for HW3_5
Info: Nothing to build for HW3_6s
20:51:33 **** Rebuild of configuration Debug for project HW3_7s ****
Info: Internal Builder is used for build
gcc -O0 -g3 -Wall -c -fmessage-length=0 -o "src\\HW3_7s.o" "..\\src\\HW3_7s.c" 
gcc -o HW3_7s.exe "src\\HW3_7s.o" 
20:51:38 **** Incremental Build of configuration Debug for project HW3_7s ****
Info: Internal Builder is used for build
gcc -O0 -g3 -Wall -c -fmessage-length=0 -o "src\\HW3_7s.o" "..\\src\\HW3_7s.c" 
gcc -o HW3_7s.exe "src\\HW3_7s.o" 
Info: Nothing to build for HW3_7s
Info: Nothing to build for HW3_7s
Info: Nothing to build for HW3_1
Info: Nothing to build for HW3_2
Info: Nothing to build for HW3_3
Info: Nothing to build for HW3_4
Info: Nothing to build for HW3_5
Info: Nothing to build for HW3_6s
Info: Nothing to build for HW3_7s
20:56:23 **** Rebuild of configuration Debug for project HW3_8s ****
Info: Internal Builder is used for build
gcc -O0 -g3 -Wall -c -fmessage-length=0 -o "src\\HW3_8s.o" "..\\src\\HW3_8s.c" 
gcc -o HW3_8s.exe "src\\HW3_8s.o" 
20:56:34 **** Incremental Build of configuration Debug for project HW3_8s ****
Info: Internal Builder is used for build
gcc -O0 -g3 -Wall -c -fmessage-length=0 -o "src\\HW3_8s.o" "..\\src\\HW3_8s.c" 
gcc -o HW3_8s.exe "src\\HW3_8s.o" 
Info: Nothing to build for HW3_1
Info: Nothing to build for HW3_2
Info: Nothing to build for HW3_3
Info: Nothing to build for HW3_4
Info: Nothing to build for HW3_5
Info: Nothing to build for HW3_6s
Info: Nothing to build for HW3_7s
Info: Nothing to build for HW3_8s
20:57:06 **** Incremental Build of configuration Debug for project HW3_8s ****
Info: Internal Builder is used for build
gcc -O0 -g3 -Wall -c -fmessage-length=0 -o "src\\HW3_8s.o" "..\\src\\HW3_8s.c" 
..\src\HW3_8s.c: In function 'main':
..\src\HW3_8s.c:15:31: warning: format '%s' expects argument of type 'char *', but argument 2 has type 'char (*)[100]' [-Wformat=]
  printf("Reverse string is : %s",&rev);
                               ^
gcc -o HW3_8s.exe "src\\HW3_8s.o" 
20:57:42 **** Incremental Build of configuration Debug for project HW3_8s ****
Info: Internal Builder is used for build
gcc -O0 -g3 -Wall -c -fmessage-length=0 -o "src\\HW3_8s.o" "..\\src\\HW3_8s.c" 
gcc -o HW3_8s.exe "src\\HW3_8s.o" 
20:57:52 **** Incremental Build of configuration Debug for project HW3_8s ****
Info: Internal Builder is used for build
gcc -O0 -g3 -Wall -c -fmessage-length=0 -o "src\\HW3_8s.o" "..\\src\\HW3_8s.c" 
..\src\HW3_8s.c: In function 'main':
..\src\HW3_8s.c:15:31: warning: format '%c' expects argument of type 'int', but argument 2 has type 'char *' [-Wformat=]
  printf("Reverse string is : %c",rev);
                               ^
gcc -o HW3_8s.exe "src\\HW3_8s.o" 
c:/mingw/bin/../lib/gcc/mingw32/6.3.0/../../../../mingw32/bin/ld.exe: cannot open output file HW3_8s.exe: Permission denied
collect2.exe: error: ld returned 1 exit status
20:58:10 **** Incremental Build of configuration Debug for project HW3_8s ****
Info: Internal Builder is used for build
gcc -O0 -g3 -Wall -c -fmessage-length=0 -o "src\\HW3_8s.o" "..\\src\\HW3_8s.c" 
gcc -o HW3_8s.exe "src\\HW3_8s.o" 
c:/mingw/bin/../lib/gcc/mingw32/6.3.0/../../../../mingw32/bin/ld.exe: cannot open output file HW3_8s.exe: Permission denied
collect2.exe: error: ld returned 1 exit status
20:58:49 **** Incremental Build of configuration Debug for project HW3_8s ****
Info: Internal Builder is used for build
gcc -o HW3_8s.exe "src\\HW3_8s.o" 
21:00:47 **** Incremental Build of configuration Debug for project HW3_8s ****
Info: Internal Builder is used for build
gcc -O0 -g3 -Wall -c -fmessage-length=0 -o "src\\HW3_8s.o" "..\\src\\HW3_8s.c" 
gcc -o HW3_8s.exe "src\\HW3_8s.o" 
21:01:53 **** Incremental Build of configuration Debug for project HW3_8s ****
Info: Internal Builder is used for build
gcc -O0 -g3 -Wall -c -fmessage-length=0 -o "src\\HW3_8s.o" "..\\src\\HW3_8s.c" 
gcc -o HW3_8s.exe "src\\HW3_8s.o" 
Info: Nothing to build for HW3_8s
21:03:54 **** Incremental Build of configuration Debug for project HW3_8s ****
Info: Internal Builder is used for build
gcc -O0 -g3 -Wall -c -fmessage-length=0 -o "src\\HW3_8s.o" "..\\src\\HW3_8s.c" 
gcc -o HW3_8s.exe "src\\HW3_8s.o" 
21:05:20 **** Incremental Build of configuration Debug for project HW3_8s ****
Info: Internal Builder is used for build
gcc -O0 -g3 -Wall -c -fmessage-length=0 -o "src\\HW3_8s.o" "..\\src\\HW3_8s.c" 
gcc -o HW3_8s.exe "src\\HW3_8s.o" 
Info: Nothing to build for HW3_1
Info: Nothing to build for HW3_2
Info: Nothing to build for HW3_3
Info: Nothing to build for HW3_4
Info: Nothing to build for HW3_5
Info: Nothing to build for HW3_6s
Info: Nothing to build for HW3_7s
Info: Nothing to build for HW3_8s
Info: Nothing to build for HW3_8s
Info: Nothing to build for HW3_8s
21:08:21 **** Incremental Build of configuration Debug for project HW3_8s ****
Info: Internal Builder is used for build
gcc -O0 -g3 -Wall -c -fmessage-length=0 -o "src\\HW3_8s.o" "..\\src\\HW3_8s.c" 
gcc -o HW3_8s.exe "src\\HW3_8s.o" 
21:08:34 **** Incremental Build of configuration Debug for project HW3_8s ****
Info: Internal Builder is used for build
gcc -O0 -g3 -Wall -c -fmessage-length=0 -o "src\\HW3_8s.o" "..\\src\\HW3_8s.c" 
gcc -o HW3_8s.exe "src\\HW3_8s.o" 
